Trial 126 finished with value: 0.8529523752295941 and parameters: {'objective': 'reg:squarederror', 'tree_method': 'gpu_hist', 'lambda': 4.75611497447834, 'alpha': 1.381140199779326, 'colsample_bytree': 0.5556201292029553, 'subsample': 0.8342128103471723, 'learning_rate': 0.030928783698509314, 'max_depth': 20, 'min_child_weight': 98, 'eval_metric': 'rmse'}. Best is trial 125 with value: 0.8428688176267208.
start listen on 192.168.1.101:40817
@tracker All of 1 nodes getting started
@tracker All nodes finishes job
Trial 127 finished with value: 0.8432409822472116 and parameters: {'objective': 'reg:squarederror', 'tree_method': 'gpu_hist', 'lambda': 3.376008165947338, 'alpha': 0.9467395741221476, 'colsample_bytree': 0.5050411514811137, 'subsample': 0.8026259701838961, 'learning_rate': 0.026491327006053028, 'max_depth': 5, 'min_child_weight': 86, 'eval_metric': 'rmse'}. Best is trial 125 with value: 0.8428688176267208.
start listen on 192.168.1.101:45139
@tracker All of 1 nodes getting started
@tracker All nodes finishes job
Trial 128 finished with value: 0.8430766666451862 and parameters: {'objective': 'reg:squarederror', 'tree_method': 'gpu_hist', 'lambda': 4.201334616712566, 'alpha': 0.40617367436084517, 'colsample_bytree': 0.536519318531169, 'subsample': 0.7831610807744871, 'learning_rate': 0.030048360208612877, 'max_depth': 5, 'min_child_weight': 110, 'eval_metric': 'rmse'}. Best is trial 125 with value: 0.8428688176267208.
start listen on 192.168.1.101:46111
@tracker All of 1 nodes getting started
@tracker All nodes finishes job
Trial 129 finished with value: 0.8430346761652736 and parameters: {'objective': 'reg:squarederror', 'tree_method': 'gpu_hist', 'lambda': 4.241345526897854, 'alpha': 0.8771284764701965, 'colsample_bytree': 0.5410474735286266, 'subsample': 0.8412287997273283, 'learning_rate': 0.029800063212001286, 'max_depth': 5, 'min_child_weight': 108, 'eval_metric': 'rmse'}. Best is trial 125 with value: 0.8428688176267208.
start listen on 192.168.1.101:58623
@tracker All of 1 nodes getting started
@tracker All nodes finishes job
Trial 130 finished with value: 0.8432645148329131 and parameters: {'objective': 'reg:squarederror', 'tree_method': 'gpu_hist', 'lambda': 2.1861788109371583, 'alpha': 1.061388629176324, 'colsample_bytree': 0.564421240965724, 'subsample': 0.8415565317846826, 'learning_rate': 0.027530628275027915, 'max_depth': 5, 'min_child_weight': 105, 'eval_metric': 'rmse'}. Best is trial 125 with value: 0.8428688176267208.
start listen on 192.168.1.101:36391
@tracker All of 1 nodes getting started
@tracker All nodes finishes job
Trial 131 finished with value: 0.8432011466993092 and parameters: {'objective': 'reg:squarederror', 'tree_method': 'gpu_hist', 'lambda': 4.337795465353173, 'alpha': 0.4654660473578305, 'colsample_bytree': 0.5310621592083947, 'subsample': 0.8289744927376036, 'learning_rate': 0.030967541044285785, 'max_depth': 5, 'min_child_weight': 111, 'eval_metric': 'rmse'}. Best is trial 125 with value: 0.8428688176267208.
start listen on 192.168.1.101:55223
@tracker All of 1 nodes getting started
@tracker All nodes finishes job
Trial 132 finished with value: 0.8428958474619007 and parameters: {'objective': 'reg:squarederror', 'tree_method': 'gpu_hist', 'lambda': 2.87151811207908, 'alpha': 0.8637959115606229, 'colsample_bytree': 0.48967157355585367, 'subsample': 0.7779756989889454, 'learning_rate': 0.028574510429357033, 'max_depth': 5, 'min_child_weight': 113, 'eval_metric': 'rmse'}. Best is trial 125 with value: 0.8428688176267208.
start listen on 192.168.1.101:47561
@tracker All of 1 nodes getting started
@tracker All nodes finishes job
Trial 133 finished with value: 0.8427890877554581 and parameters: {'objective': 'reg:squarederror', 'tree_method': 'gpu_hist', 'lambda': 2.9658203235252976, 'alpha': 0.8088447290381198, 'colsample_bytree': 0.4384235093173845, 'subsample': 0.8167761470091432, 'learning_rate': 0.041792986397399715, 'max_depth': 5, 'min_child_weight': 116, 'eval_metric': 'rmse'}. Best is trial 133 with value: 0.8427890877554581.
start listen on 192.168.1.101:54745
@tracker All of 1 nodes getting started
@tracker All nodes finishes job
Trial 134 finished with value: 0.8426972118364126 and parameters: {'objective': 'reg:squarederror', 'tree_method': 'gpu_hist', 'lambda': 3.054724922475835, 'alpha': 0.7814141455290675, 'colsample_bytree': 0.4073565201083881, 'subsample': 0.814216503833897, 'learning_rate': 0.04224629081198733, 'max_depth': 5, 'min_child_weight': 120, 'eval_metric': 'rmse'}. Best is trial 134 with value: 0.8426972118364126.
start listen on 192.168.1.101:32815
@tracker All of 1 nodes getting started
@tracker All nodes finishes job
Trial 135 finished with value: 0.8427556223676834 and parameters: {'objective': 'reg:squarederror', 'tree_method': 'gpu_hist', 'lambda': 2.927086595419956, 'alpha': 0.8187672914720632, 'colsample_bytree': 0.3748025879739838, 'subsample': 0.7599092554976796, 'learning_rate': 0.0454885125862504, 'max_depth': 5, 'min_child_weight': 118, 'eval_metric': 'rmse'}. Best is trial 134 with value: 0.8426972118364126.
start listen on 192.168.1.101:33753
@tracker All of 1 nodes getting started
@tracker All nodes finishes job
Trial 136 finished with value: 0.8566696028360424 and parameters: {'objective': 'reg:squarederror', 'tree_method': 'gpu_hist', 'lambda': 2.808055031987331, 'alpha': 1.504365217894108, 'colsample_bytree': 0.3631310832106711, 'subsample': 0.7592040078763272, 'learning_rate': 0.05631592665274953, 'max_depth': 15, 'min_child_weight': 119, 'eval_metric': 'rmse'}. Best is trial 134 with value: 0.8426972118364126.
start listen on 192.168.1.101:52071
@tracker All of 1 nodes getting started
@tracker All nodes finishes job
Trial 137 finished with value: 0.8439253353794052 and parameters: {'objective': 'reg:squarederror', 'tree_method': 'gpu_hist', 'lambda': 1.513452792351065, 'alpha': 0.7015033904188042, 'colsample_bytree': 0.43080032439137517, 'subsample': 0.8135537349113202, 'learning_rate': 0.04679478144976835, 'max_depth': 3, 'min_child_weight': 139, 'eval_metric': 'rmse'}. Best is trial 134 with value: 0.8426972118364126.
start listen on 192.168.1.101:46443
@tracker All of 1 nodes getting started
@tracker All nodes finishes job
Trial 138 finished with value: 0.8426757249373461 and parameters: {'objective': 'reg:squarederror', 'tree_method': 'gpu_hist', 'lambda': 2.0320024561200607, 'alpha': 0.7720534303453914, 'colsample_bytree': 0.4123266005352248, 'subsample': 0.7751630571902219, 'learning_rate': 0.04158347095091718, 'max_depth': 5, 'min_child_weight': 130, 'eval_metric': 'rmse'}. Best is trial 138 with value: 0.8426757249373461.
start listen on 192.168.1.101:55063
@tracker All of 1 nodes getting started
@tracker All nodes finishes job
Trial 139 finished with value: 0.8507182851558183 and parameters: {'objective': 'reg:squarederror', 'tree_method': 'gpu_hist', 'lambda': 2.076734626812235, 'alpha': 0.04444218455219492, 'colsample_bytree': 0.41919317401329265, 'subsample': 0.7543001795612458, 'learning_rate': 0.042314716640932296, 'max_depth': 13, 'min_child_weight': 126, 'eval_metric': 'rmse'}. Best is trial 138 with value: 0.8426757249373461.
start listen on 192.168.1.101:56599
@tracker All of 1 nodes getting started
@tracker All nodes finishes job
Trial 140 finished with value: 0.8428364932635309 and parameters: {'objective': 'reg:squarederror', 'tree_method': 'gpu_hist', 'lambda': 1.2986778858564856, 'alpha': 0.8126086479536921, 'colsample_bytree': 0.3921258871776882, 'subsample': 0.7829917564390584, 'learning_rate': 0.03603540354798, 'max_depth': 5, 'min_child_weight': 132, 'eval_metric': 'rmse'}. Best is trial 138 with value: 0.8426757249373461.
start listen on 192.168.1.101:40551
@tracker All of 1 nodes getting started
@tracker All nodes finishes job
Trial 141 finished with value: 0.8429846236723546 and parameters: {'objective': 'reg:squarederror', 'tree_method': 'gpu_hist', 'lambda': 1.1809095247922121, 'alpha': 0.8249427769284485, 'colsample_bytree': 0.38608289107892224, 'subsample': 0.7805018356748487, 'learning_rate': 0.047803808716817456, 'max_depth': 5, 'min_child_weight': 132, 'eval_metric': 'rmse'}. Best is trial 138 with value: 0.8426757249373461.
start listen on 192.168.1.101:36755
@tracker All of 1 nodes getting started
@tracker All nodes finishes job
Trial 142 finished with value: 0.8427318567852357 and parameters: {'objective': 'reg:squarederror', 'tree_method': 'gpu_hist', 'lambda': 1.3197753803727257, 'alpha': 0.6700043416831848, 'colsample_bytree': 0.37812000550571706, 'subsample': 0.7862245559422892, 'learning_rate': 0.04731060893291571, 'max_depth': 5, 'min_child_weight': 116, 'eval_metric': 'rmse'}. Best is trial 138 with value: 0.8426757249373461.
start listen on 192.168.1.101:58171
@tracker All of 1 nodes getting started
@tracker All nodes finishes job
Trial 143 finished with value: 0.8426213697941873 and parameters: {'objective': 'reg:squarederror', 'tree_method': 'gpu_hist', 'lambda': 1.2038729720359125, 'alpha': 0.6988248542092912, 'colsample_bytree': 0.3887959749625668, 'subsample': 0.7756194952794352, 'learning_rate': 0.04769128360028751, 'max_depth': 5, 'min_child_weight': 116, 'eval_metric': 'rmse'}. Best is trial 143 with value: 0.8426213697941873.
start listen on 192.168.1.101:54081
@tracker All of 1 nodes getting started
@tracker All nodes finishes job
Trial 144 finished with value: 0.843116337874649 and parameters: {'objective': 'reg:squarederror', 'tree_method': 'gpu_hist', 'lambda': 1.2925850930541167, 'alpha': 0.6391338271264159, 'colsample_bytree': 0.3868837981935568, 'subsample': 0.7316409962968763, 'learning_rate': 0.05872664093473875, 'max_depth': 5, 'min_child_weight': 131, 'eval_metric': 'rmse'}. Best is trial 143 with value: 0.8426213697941873.
start listen on 192.168.1.101:58911
@tracker All of 1 nodes getting started
@tracker All nodes finishes job
Trial 145 finished with value: 0.8426977063553852 and parameters: {'objective': 'reg:squarederror', 'tree_method': 'gpu_hist', 'lambda': 1.7103501302019757, 'alpha': 0.8066582137959354, 'colsample_bytree': 0.3403913443664443, 'subsample': 0.7759828066213619, 'learning_rate': 0.048017193021154404, 'max_depth': 5, 'min_child_weight': 115, 'eval_metric': 'rmse'}. Best is trial 143 with value: 0.8426213697941873.
start listen on 192.168.1.101:60805
@tracker All of 1 nodes getting started
@tracker All nodes finishes job
Trial 146 finished with value: 0.8426961574007694 and parameters: {'objective': 'reg:squarederror', 'tree_method': 'gpu_hist', 'lambda': 1.071232870077128, 'alpha': 0.8205242033815425, 'colsample_bytree': 0.31225954741787304, 'subsample': 0.7715615979853756, 'learning_rate': 0.04901791116225226, 'max_depth': 5, 'min_child_weight': 118, 'eval_metric': 'rmse'}. Best is trial 143 with value: 0.8426213697941873.
start listen on 192.168.1.101:38181
@tracker All of 1 nodes getting started
@tracker All nodes finishes job
Trial 147 finished with value: 0.8645150537548347 and parameters: {'objective': 'reg:squarederror', 'tree_method': 'gpu_hist', 'lambda': 1.681116490113555, 'alpha': 0.7902663922844375, 'colsample_bytree': 0.3050663185586267, 'subsample': 0.7759134521217883, 'learning_rate': 0.07112139206053869, 'max_depth': 17, 'min_child_weight': 121, 'eval_metric': 'rmse'}. Best is trial 143 with value: 0.8426213697941873.
start listen on 192.168.1.101:44139
@tracker All of 1 nodes getting started
@tracker All nodes finishes job
Trial 148 finished with value: 0.8427856408481452 and parameters: {'objective': 'reg:squarederror', 'tree_method': 'gpu_hist', 'lambda': 1.4838179393614288, 'alpha': 0.5526375068382092, 'colsample_bytree': 0.3362099492149905, 'subsample': 0.7464989044574327, 'learning_rate': 0.04830916613485987, 'max_depth': 5, 'min_child_weight': 131, 'eval_metric': 'rmse'}. Best is trial 143 with value: 0.8426213697941873.
start listen on 192.168.1.101:38283
@tracker All of 1 nodes getting started
@tracker All nodes finishes job
Trial 149 finished with value: 0.8431077233551824 and parameters: {'objective': 'reg:squarederror', 'tree_method': 'gpu_hist', 'lambda': 0.9399995150156775, 'alpha': 0.5325841510601276, 'colsample_bytree': 0.3306479557354611, 'subsample': 0.7519407048225651, 'learning_rate': 0.05445870581047306, 'max_depth': 5, 'min_child_weight': 114, 'eval_metric': 'rmse'}. Best is trial 143 with value: 0.8426213697941873.
start listen on 192.168.1.101:54049
@tracker All of 1 nodes getting started
@tracker All nodes finishes job
Trial 150 finished with value: 0.8430174341032117 and parameters: {'objective': 'reg:squarederror', 'tree_method': 'gpu_hist', 'lambda': 1.4199690013729895, 'alpha': 0.6817036906819111, 'colsample_bytree': 0.33978579295534783, 'subsample': 0.7398691979653006, 'learning_rate': 0.06311484446414381, 'max_depth': 5, 'min_child_weight': 121, 'eval_metric': 'rmse'}. Best is trial 143 with value: 0.8426213697941873.
start listen on 192.168.1.101:58039
@tracker All of 1 nodes getting started
@tracker All nodes finishes job
Trial 151 finished with value: 0.842898405101457 and parameters: {'objective': 'reg:squarederror', 'tree_method': 'gpu_hist', 'lambda': 1.1045591456867145, 'alpha': 0.9118005947440708, 'colsample_bytree': 0.39711264051435435, 'subsample': 0.7879042887714984, 'learning_rate': 0.04928331697032978, 'max_depth': 5, 'min_child_weight': 136, 'eval_metric': 'rmse'}. Best is trial 143 with value: 0.8426213697941873.
start listen on 192.168.1.101:44481
@tracker All of 1 nodes getting started
@tracker All nodes finishes job
Trial 152 finished with value: 0.8428103283476682 and parameters: {'objective': 'reg:squarederror', 'tree_method': 'gpu_hist', 'lambda': 1.7798713627461749, 'alpha': 0.934619608234049, 'colsample_bytree': 0.4060929061576551, 'subsample': 0.7677112990283104, 'learning_rate': 0.051962055313905145, 'max_depth': 5, 'min_child_weight': 142, 'eval_metric': 'rmse'}. Best is trial 143 with value: 0.8426213697941873.
start listen on 192.168.1.101:36501
@tracker All of 1 nodes getting started
@tracker All nodes finishes job
Trial 153 finished with value: 0.8428900821572415 and parameters: {'objective': 'reg:squarederror', 'tree_method': 'gpu_hist', 'lambda': 1.621375378277996, 'alpha': 0.9205749890268404, 'colsample_bytree': 0.4067331773444067, 'subsample': 0.7693641564063706, 'learning_rate': 0.05214928756984603, 'max_depth': 5, 'min_child_weight': 141, 'eval_metric': 'rmse'}. Best is trial 143 with value: 0.8426213697941873.
start listen on 192.168.1.101:49391
@tracker All of 1 nodes getting started
@tracker All nodes finishes job
Trial 154 finished with value: 0.8429848031901792 and parameters: {'objective': 'reg:squarederror', 'tree_method': 'gpu_hist', 'lambda': 1.7373702274394363, 'alpha': 1.034035433433716, 'colsample_bytree': 0.4051970438226168, 'subsample': 0.7173429710276882, 'learning_rate': 0.050726397796964466, 'max_depth': 5, 'min_child_weight': 143, 'eval_metric': 'rmse'}. Best is trial 143 with value: 0.8426213697941873.
start listen on 192.168.1.101:38429
@tracker All of 1 nodes getting started
@tracker All nodes finishes job
Trial 155 finished with value: 0.8625656774168212 and parameters: {'objective': 'reg:squarederror', 'tree_method': 'gpu_hist', 'lambda': 1.0477933689221979, 'alpha': 0.6389580037132627, 'colsample_bytree': 0.3662392223303667, 'subsample': 0.7653725620275673, 'learning_rate': 0.059211606737794145, 'max_depth': 20, 'min_child_weight': 137, 'eval_metric': 'rmse'}. Best is trial 143 with value: 0.8426213697941873.
start listen on 192.168.1.101:59337
@tracker All of 1 nodes getting started
@tracker All nodes finishes job
Trial 156 finished with value: 0.8428446533232512 and parameters: {'objective': 'reg:squarederror', 'tree_method': 'gpu_hist', 'lambda': 0.7996039294120485, 'alpha': 0.9199175108019593, 'colsample_bytree': 0.4536065225649242, 'subsample': 0.7888644246282088, 'learning_rate': 0.04380830255915703, 'max_depth': 5, 'min_child_weight': 129, 'eval_metric': 'rmse'}. Best is trial 143 with value: 0.8426213697941873.
start listen on 192.168.1.101:36713
@tracker All of 1 nodes getting started
@tracker All nodes finishes job
Trial 157 finished with value: 0.8429251431617494 and parameters: {'objective': 'reg:squarederror', 'tree_method': 'gpu_hist', 'lambda': 1.3604968570640654, 'alpha': 0.7551205403811355, 'colsample_bytree': 0.4501810115358129, 'subsample': 0.7272806544764385, 'learning_rate': 0.04268357322503997, 'max_depth': 5, 'min_child_weight': 129, 'eval_metric': 'rmse'}. Best is trial 143 with value: 0.8426213697941873.
start listen on 192.168.1.101:42307
@tracker All of 1 nodes getting started
@tracker All nodes finishes job
Trial 158 finished with value: 0.8428895401654589 and parameters: {'objective': 'reg:squarederror', 'tree_method': 'gpu_hist', 'lambda': 1.8038103828790166, 'alpha': 0.0029139581403786223, 'colsample_bytree': 0.35997412387760475, 'subsample': 0.7718017267386708, 'learning_rate': 0.05436890424718374, 'max_depth': 5, 'min_child_weight': 148, 'eval_metric': 'rmse'}. Best is trial 143 with value: 0.8426213697941873.
start listen on 192.168.1.101:41657
@tracker All of 1 nodes getting started
@tracker All nodes finishes job
Trial 159 finished with value: 0.8433258262492055 and parameters: {'objective': 'reg:squarederror', 'tree_method': 'gpu_hist', 'lambda': 0.8030212937768595, 'alpha': 0.0021960248783318755, 'colsample_bytree': 0.3653395274687995, 'subsample': 0.7458724602865479, 'learning_rate': 0.06686455196171076, 'max_depth': 5, 'min_child_weight': 146, 'eval_metric': 'rmse'}. Best is trial 143 with value: 0.8426213697941873.
start listen on 192.168.1.101:55551
@tracker All of 1 nodes getting started
@tracker All nodes finishes job
Trial 160 finished with value: 0.8427645057844992 and parameters: {'objective': 'reg:squarederror', 'tree_method': 'gpu_hist', 'lambda': 1.5232747024415332, 'alpha': 0.004937811586010261, 'colsample_bytree': 0.3417560372637393, 'subsample': 0.7623987749426264, 'learning_rate': 0.05659194279179157, 'max_depth': 5, 'min_child_weight': 159, 'eval_metric': 'rmse'}. Best is trial 143 with value: 0.8426213697941873.
start listen on 192.168.1.101:51995
@tracker All of 1 nodes getting started
@tracker All nodes finishes job
Trial 161 finished with value: 0.8429560724695138 and parameters: {'objective': 'reg:squarederror', 'tree_method': 'gpu_hist', 'lambda': 1.7679746961554461, 'alpha': 0.004027983392245055, 'colsample_bytree': 0.3486421854698946, 'subsample': 0.7609499203628729, 'learning_rate': 0.05431826459415907, 'max_depth': 5, 'min_child_weight': 155, 'eval_metric': 'rmse'}. Best is trial 143 with value: 0.8426213697941873.
start listen on 192.168.1.101:36501
@tracker All of 1 nodes getting started
@tracker All nodes finishes job
Trial 162 finished with value: 0.8427070956713762 and parameters: {'objective': 'reg:squarederror', 'tree_method': 'gpu_hist', 'lambda': 1.9372869348976234, 'alpha': 0.002579847018821753, 'colsample_bytree': 0.32147635976276095, 'subsample': 0.7899514123218574, 'learning_rate': 0.04781421369598598, 'max_depth': 5, 'min_child_weight': 125, 'eval_metric': 'rmse'}. Best is trial 143 with value: 0.8426213697941873.
start listen on 192.168.1.101:58669
@tracker All of 1 nodes getting started
@tracker All nodes finishes job
Trial 163 finished with value: 0.8435808159056293 and parameters: {'objective': 'reg:squarederror', 'tree_method': 'gpu_hist', 'lambda': 1.9806763330618187, 'alpha': 0.003951585660188188, 'colsample_bytree': 0.3231886633511126, 'subsample': 0.7908469692233169, 'learning_rate': 0.07502475909032366, 'max_depth': 5, 'min_child_weight': 124, 'eval_metric': 'rmse'}. Best is trial 143 with value: 0.8426213697941873.
start listen on 192.168.1.101:41709
@tracker All of 1 nodes getting started
@tracker All nodes finishes job
Trial 164 finished with value: 0.8428586238610762 and parameters: {'objective': 'reg:squarederror', 'tree_method': 'gpu_hist', 'lambda': 1.619022807592518, 'alpha': 0.002735103810901472, 'colsample_bytree': 0.37648021332936515, 'subsample': 0.7704409673042938, 'learning_rate': 0.047464557264070645, 'max_depth': 5, 'min_child_weight': 150, 'eval_metric': 'rmse'}. Best is trial 143 with value: 0.8426213697941873.
start listen on 192.168.1.101:53325
@tracker All of 1 nodes getting started
@tracker All nodes finishes job
Trial 165 finished with value: 0.8425789850193113 and parameters: {'objective': 'reg:squarederror', 'tree_method': 'gpu_hist', 'lambda': 1.2628113254814939, 'alpha': 0.0016454366537942595, 'colsample_bytree': 0.35093159161604576, 'subsample': 0.756035568097017, 'learning_rate': 0.04628072328874225, 'max_depth': 5, 'min_child_weight': 147, 'eval_metric': 'rmse'}. Best is trial 165 with value: 0.8425789850193113.
start listen on 192.168.1.101:46445
@tracker All of 1 nodes getting started
@tracker All nodes finishes job
Trial 166 finished with value: 0.8428777477039366 and parameters: {'objective': 'reg:squarederror', 'tree_method': 'gpu_hist', 'lambda': 0.8973677180760227, 'alpha': 0.0016296055934931506, 'colsample_bytree': 0.3775575824144298, 'subsample': 0.7560596141347273, 'learning_rate': 0.045695096402298026, 'max_depth': 5, 'min_child_weight': 131, 'eval_metric': 'rmse'}. Best is trial 165 with value: 0.8425789850193113.
start listen on 192.168.1.101:60199
@tracker All of 1 nodes getting started
@tracker All nodes finishes job
Trial 167 finished with value: 0.8424823479958407 and parameters: {'objective': 'reg:squarederror', 'tree_method': 'gpu_hist', 'lambda': 1.3143400664773868, 'alpha': 0.001332047209758048, 'colsample_bytree': 0.3159714224964719, 'subsample': 0.7922999258351646, 'learning_rate': 0.0423776497221591, 'max_depth': 5, 'min_child_weight': 159, 'eval_metric': 'rmse'}. Best is trial 167 with value: 0.8424823479958407.
start listen on 192.168.1.101:57421
@tracker All of 1 nodes getting started
@tracker All nodes finishes job
