number,value,params_alpha,params_colsample_bytree,params_eval_metric,params_lambda,params_learning_rate,params_max_depth,params_min_child_weight,params_objective,params_subsample,params_tree_method,state
777,0.8425560625611502,0.0035471173483073793,0.3516330666462019,rmse,0.07682207230699405,0.0521122353460576,5,178,reg:squarederror,0.7507525858671049,gpu_hist,COMPLETE
778,0.8428711258668508,0.0029964079954742156,0.38469531809009677,rmse,0.07584800056367941,0.05831177443646823,5,175,reg:squarederror,0.7367644725905385,gpu_hist,COMPLETE
779,0.8434778107035157,0.0033728888570643168,0.3720093497685685,rmse,0.04187684959434522,0.054299464447589596,3,177,reg:squarederror,0.713356185593373,gpu_hist,COMPLETE
780,0.843029935494775,0.004290936769892659,0.41004111925223813,rmse,0.0636271331696374,0.05432426431924529,5,170,reg:squarederror,0.7334205737816145,gpu_hist,COMPLETE
781,0.8432589999313596,0.003866214432531634,0.3612574286222493,rmse,0.08692907547238485,0.06724462299588126,5,180,reg:squarederror,0.7479630870366714,gpu_hist,COMPLETE
782,0.8432670138408846,0.00262447443423064,0.3485102625866761,rmse,0.050815853605731626,0.062363130114510126,5,180,reg:squarederror,0.7267654654879971,gpu_hist,COMPLETE
783,0.8439831256139474,0.003614823640254432,0.3800434716322743,rmse,0.09108758152082,0.018743818887852468,15,166,reg:squarederror,0.7471056922080402,gpu_hist,COMPLETE
784,0.8513357419911248,0.002511751586821889,0.35489866316129703,rmse,0.12796348666782753,0.05087438820179791,13,162,reg:squarederror,0.7518511263034413,gpu_hist,COMPLETE
785,0.8428314952661203,0.00240671587224864,0.3473250657882648,rmse,0.07074100319309519,0.05646818526055813,5,170,reg:squarederror,0.7599808295781473,gpu_hist,COMPLETE
786,0.8429167493625169,0.003007638552102752,0.3919454947627235,rmse,0.09998022450150158,0.05100826564352099,5,182,reg:squarederror,0.7662781940032853,gpu_hist,COMPLETE
787,0.8426834974399396,0.0022025914827062307,0.37232639886489455,rmse,0.0829293770865672,0.05134713528388403,5,174,reg:squarederror,0.7539658511997166,gpu_hist,COMPLETE
788,0.8428101035612272,0.002619581767365291,0.3396557000775854,rmse,0.06208411023395006,0.06140914756777815,5,182,reg:squarederror,0.7700933919811815,gpu_hist,COMPLETE
789,0.8548332652240088,0.0034915615886541374,0.3593230234961508,rmse,0.16128568050498948,0.04854432512678024,17,159,reg:squarederror,0.739897131754592,gpu_hist,COMPLETE
790,0.8434716336284345,0.00216538706332341,0.5480663529105883,rmse,0.12749262971431888,0.05821050584849479,5,173,reg:squarederror,0.7617329016580527,gpu_hist,COMPLETE
791,0.8425410770311702,0.0026672591044936533,0.3434197707445104,rmse,0.09997873474834948,0.0537581258049685,5,164,reg:squarederror,0.7777829269049874,gpu_hist,COMPLETE
792,0.843661589132778,0.0026748604978524804,0.33757301745524293,rmse,0.1212865624030628,0.0784049714263258,5,155,reg:squarederror,0.7805877230906382,gpu_hist,COMPLETE
793,0.842674355993027,9.884003512564666,0.3414125461568741,rmse,0.11219643180304717,0.06868254571399691,5,164,reg:squarederror,0.7757277628883212,gpu_hist,COMPLETE
794,0.84300850912994,0.0022058308008263646,0.33011357872797253,rmse,0.09929238389370486,0.05678867395189936,5,162,reg:squarederror,0.7845394437858798,gpu_hist,COMPLETE
795,0.8556461724994808,0.0019831951592320022,0.3431367557492452,rmse,0.14490527832963795,0.0477498324622497,20,158,reg:squarederror,0.7707562713888585,gpu_hist,COMPLETE
796,0.8427975365596029,0.0028185105358669023,0.3655287316162493,rmse,0.15886586248136414,0.05253212295525376,5,151,reg:squarederror,0.7907380299477759,gpu_hist,COMPLETE
797,0.8431330830765509,0.001932339710889265,0.6621041526788446,rmse,0.12976861339879864,0.045925325283261244,5,167,reg:squarederror,0.7734580004860904,gpu_hist,COMPLETE
798,0.843166387885225,0.08459626652455583,0.3236225928177752,rmse,0.0993832539260353,0.06345149034260511,5,158,reg:squarederror,0.7833503040008315,gpu_hist,COMPLETE
799,0.8425948492403239,0.3364367069279483,0.30015597560734947,rmse,0.16635282202844784,0.04843700346274826,5,167,reg:squarederror,0.7658281733402041,gpu_hist,COMPLETE
800,0.8429357081637958,0.002282838151847205,0.3523755944644125,rmse,0.11352028666091765,0.05504558600956427,5,161,reg:squarederror,0.7952333380447478,gpu_hist,COMPLETE
801,0.8435407323740646,0.004821746152542943,0.3333096526945204,rmse,0.1440583241763265,0.04622632760247106,7,172,reg:squarederror,0.7803565830346377,gpu_hist,COMPLETE
802,0.843242316054138,0.0029960316365583335,0.6007994514681647,rmse,0.08367026355263608,0.05014064601634599,5,170,reg:squarederror,0.7641352064827516,gpu_hist,COMPLETE
803,0.8428404453932283,0.0018276912093427306,0.31653562860579976,rmse,0.10809789933935372,0.04426707781447998,5,163,reg:squarederror,0.793271563110375,gpu_hist,COMPLETE
804,0.8428442842298037,0.0024931676942764416,0.34419978211244073,rmse,0.16200993502724573,0.058104006998137996,5,151,reg:squarederror,0.7754467050378516,gpu_hist,COMPLETE
805,0.8462994656909836,0.0018781929047816852,0.36569964064077853,rmse,0.17716660747098031,0.05208951470894153,9,183,reg:squarederror,0.7869989576610241,gpu_hist,COMPLETE
806,0.8426202125357496,0.0021735640227205258,0.3287849580890354,rmse,0.09419502937186161,0.012481047445840346,11,175,reg:squarederror,0.7763823098389161,gpu_hist,COMPLETE
807,1.619010237099025,0.0028825019413567443,0.3127239227695394,rmse,0.18749237744136074,0.001625024749910724,5,164,reg:squarederror,0.7595881567287938,gpu_hist,COMPLETE
808,0.8426243804665373,0.001860932265770099,0.35821639328794674,rmse,0.126640871941279,0.04465808661983128,5,171,reg:squarederror,0.7997573451230273,gpu_hist,COMPLETE
809,0.8427481269360767,0.004042112841312778,0.34205309213168056,rmse,0.1233827574445777,0.048657013688403555,5,155,reg:squarederror,0.7684094231081608,gpu_hist,COMPLETE
810,0.8429914052812332,0.002324153737894866,0.30009095939279806,rmse,0.14240930152980477,0.05417747866240337,5,180,reg:squarederror,0.9441653948257138,gpu_hist,COMPLETE
811,0.8425752026716901,0.12429965479072917,0.32359620301311226,rmse,0.19273429662620814,0.04462731126473208,5,186,reg:squarederror,0.6939283053146813,gpu_hist,COMPLETE
812,0.8581061078013662,0.0017763699212926254,0.3787523100795452,rmse,0.1730962115911315,0.05991116896467584,15,146,reg:squarederror,0.7891939092158976,gpu_hist,COMPLETE
813,0.843718556209333,0.0032954850531957316,0.33499764576186086,rmse,0.10680213226402148,0.048878555754613494,3,168,reg:squarederror,0.7794399984522213,gpu_hist,COMPLETE
814,0.8426315826155104,0.0024738177041846647,0.35316065030150556,rmse,0.07462615691216276,0.04368547812161895,5,176,reg:squarederror,0.7536046685548201,gpu_hist,COMPLETE
815,1.9696415856073,0.0018208876508244353,0.31535190500533716,rmse,0.05915510687532826,0.0013687601830037804,5,158,reg:squarederror,0.7998531098780415,gpu_hist,COMPLETE
816,0.8511005331688359,0.002127621195455876,0.3337071790549532,rmse,0.14681246168813292,0.05339233274893042,13,186,reg:squarederror,0.7670992072734407,gpu_hist,COMPLETE
817,1.2011323246246488,0.06937238971227176,0.34675753453356645,rmse,0.08682436051000868,0.0021165149267184835,5,175,reg:squarederror,0.7863165085598013,gpu_hist,COMPLETE
818,0.84251629923001,0.0016853019673172289,0.3126161628332105,rmse,0.1927032111118259,0.04864922776859655,5,164,reg:squarederror,0.7759984047266038,gpu_hist,COMPLETE
819,0.8427250364000548,0.002625921609699548,0.3157233694261855,rmse,0.1960477430933704,0.04331333573507785,5,162,reg:squarederror,0.7591621519754587,gpu_hist,COMPLETE
820,0.8427456450555847,0.002111073643568703,0.3097879864520943,rmse,0.17156931076270554,0.04652941036898011,5,157,reg:squarederror,0.7746978829376301,gpu_hist,COMPLETE
821,0.8429763490770938,0.5292753254709535,0.3095678914608067,rmse,0.13830007448113726,0.049126224263356826,5,166,reg:squarederror,0.7464976721680565,gpu_hist,COMPLETE
822,0.8427086230142151,0.0017074244527606481,0.32498470230370785,rmse,0.1940150185648815,0.04248171796664408,5,152,reg:squarederror,0.7663336008880287,gpu_hist,COMPLETE
823,0.857154612205151,0.003061934108596911,0.3005791839720622,rmse,0.16944281990754123,0.056828752037348766,17,169,reg:squarederror,0.5764365899303568,gpu_hist,COMPLETE
824,0.8426771333782207,0.002332921383355218,0.32244643425490704,rmse,0.11918306300439227,0.046342799817987494,5,162,reg:squarederror,0.796502871645929,gpu_hist,COMPLETE
825,0.8431488250614589,0.0018070684798006497,0.4297521206490127,rmse,0.1333663227572632,0.06279353583304897,5,170,reg:squarederror,0.7556850591414728,gpu_hist,COMPLETE
826,0.8426206312640327,0.002631153274157674,0.3121743537436188,rmse,0.09328623650942887,0.041451807017049355,5,156,reg:squarederror,0.774988665667847,gpu_hist,COMPLETE
827,0.8430965659039087,0.0020289266759915595,0.32644795214576516,rmse,0.20543945966511828,0.052046714948372416,5,163,reg:squarederror,0.7874715945090554,gpu_hist,COMPLETE
828,0.8572151427231524,0.0016589144278462411,0.3387121913929695,rmse,0.1553799797790238,0.048495128151093886,20,145,reg:squarederror,0.7744882605815399,gpu_hist,COMPLETE
829,0.8428190757391557,0.0034669535375476254,0.30028595060497554,rmse,0.2000373803208205,0.04214691067509113,5,177,reg:squarederror,0.7599992349896249,gpu_hist,COMPLETE
830,0.8428842134829274,2.2605502331107155,0.35978972734451276,rmse,0.1597671627075755,0.05446039590449702,5,172,reg:squarederror,0.7302600064449626,gpu_hist,COMPLETE
831,0.8427888390139484,0.002332955357263309,0.3211614397664343,rmse,0.10734265932975728,0.046314296036127446,5,164,reg:squarederror,0.7456425210352993,gpu_hist,COMPLETE
832,0.843087695192861,0.0016212079757774902,0.34513416327277224,rmse,0.2006599528113909,0.051600054237574716,5,180,reg:squarederror,0.6224468889935758,gpu_hist,COMPLETE
833,0.8489356676096688,0.05559198706532982,0.37297260789232545,rmse,0.0749408309696687,0.0083495504514574,5,149,reg:squarederror,0.7971087091532608,gpu_hist,COMPLETE
834,0.8432248400139882,0.0029386122709593094,0.31115248091651826,rmse,0.1189952623570449,0.041790487600156204,7,171,reg:squarederror,0.7831868901741884,gpu_hist,COMPLETE
835,0.8426397127207057,0.002157201192103992,0.3307919150289737,rmse,0.09502815212167924,0.0461155786735272,5,157,reg:squarederror,0.7653982121005952,gpu_hist,COMPLETE
836,0.8502996845667099,0.0017147417798820104,0.390015948067175,rmse,0.16477255617029626,0.057621454614604266,11,182,reg:squarederror,0.8003240949164102,gpu_hist,COMPLETE
837,0.8432723863784239,0.0020356665973094525,0.300585327470664,rmse,0.13518114893498212,0.06747763256298932,5,175,reg:squarederror,0.7784915575473302,gpu_hist,COMPLETE
838,0.8428056791854873,0.00452355585236462,0.35602610888201874,rmse,0.20075282160832575,0.05033775036723452,5,167,reg:squarederror,0.788783697591645,gpu_hist,COMPLETE
839,0.8430666305224087,0.002657380995632333,0.5306149102703569,rmse,3.6588382953370195,0.02073903277726616,9,160,reg:squarederror,0.6787798553238016,gpu_hist,COMPLETE
840,0.8426885672265648,0.0015859043496599572,0.3220573326929628,rmse,0.10100528215653116,0.042889149444588555,5,183,reg:squarederror,0.7601432556088786,gpu_hist,COMPLETE
841,0.8425338043618165,0.0018947728061922532,0.3339704035806427,rmse,0.22485908632124163,0.04712839522336717,5,168,reg:squarederror,0.7730853078086979,gpu_hist,COMPLETE
842,0.8425508643690972,7.713464460318331,0.31500712236155737,rmse,0.2163178498496152,0.05442882498434245,5,177,reg:squarederror,0.7382005427692461,gpu_hist,COMPLETE
843,0.843252440562873,0.0354159383183472,0.31816254008033784,rmse,0.22355563054270036,0.07081041526473475,5,177,reg:squarederror,0.7318364892538504,gpu_hist,COMPLETE
844,0.843179992743728,0.0014823162634052664,0.31110388537520645,rmse,0.21846680734119314,0.061773925403591244,5,186,reg:squarederror,0.7149609372943996,gpu_hist,COMPLETE
845,0.8430756499734344,2.051470691640904,0.3013801133649414,rmse,0.24088710529341562,0.06383554713793627,3,173,reg:squarederror,0.7393180831926632,gpu_hist,COMPLETE
846,0.8431342769209254,1.214777658816465,0.3003912962267575,rmse,0.2329724656391015,0.05782957965696641,5,180,reg:squarederror,0.4012316062356732,gpu_hist,COMPLETE
847,0.8541439509557875,1.509876297897904,0.3193345333608489,rmse,0.18809692206144643,0.05499500843892752,15,169,reg:squarederror,0.7468468203841956,gpu_hist,COMPLETE
848,0.843013873265581,3.407694871769522,0.31203091793379445,rmse,0.19159437979756952,0.059444253373537335,5,184,reg:squarederror,0.7392142223598513,gpu_hist,COMPLETE
849,0.8570171887638117,1.7363696601485505,0.32643330629650036,rmse,0.24592557538361107,0.053421199721982296,13,43,reg:squarederror,0.7285845421274781,gpu_hist,COMPLETE
850,0.8428447805518838,4.804605316185016,0.33288320830201645,rmse,0.17968300640556173,0.05015788318603566,5,175,reg:squarederror,0.5054902837151847,gpu_hist,COMPLETE
851,0.8430670905694542,0.022992389121253873,0.31315640335146117,rmse,0.22150596333451789,0.06374906521451068,5,168,reg:squarederror,0.7493730030338713,gpu_hist,COMPLETE
852,0.8428335612618242,0.0014902373987056375,0.32652068165894654,rmse,0.23609546988277474,0.05468208469684243,5,190,reg:squarederror,0.7542522668936708,gpu_hist,COMPLETE
853,0.8425752242126257,0.0017842828728542553,0.3428451300114834,rmse,0.17041725406832609,0.04898457306712415,5,179,reg:squarederror,0.7560328568267087,gpu_hist,COMPLETE
854,0.8566727071725224,0.047830281418129526,0.3121699148759541,rmse,0.21294876098562243,0.0579145095183092,17,172,reg:squarederror,0.743091124328262,gpu_hist,COMPLETE
855,0.842751071157844,0.006203142880150687,0.3307437852534287,rmse,0.04886519883356905,0.0517257584089861,5,190,reg:squarederror,0.7649754211534846,gpu_hist,COMPLETE
856,2.4063541100411467,2.58860268577354,0.34734157543099564,rmse,0.2421373843483803,0.0011309488859115207,5,166,reg:squarederror,0.7657631789273085,gpu_hist,COMPLETE
857,0.8433769175101078,0.01625178645721508,0.3192206304175589,rmse,0.19688318596175766,0.07271366482660542,5,184,reg:squarederror,0.7207534754059821,gpu_hist,COMPLETE
858,0.8426481073937544,3.0249885643785257,0.3387532203090133,rmse,0.06796584826304759,0.051327459325793176,5,291,reg:squarederror,0.7530102058249992,gpu_hist,COMPLETE
859,0.8426798805226977,0.029323615042139088,0.3005029932286299,rmse,0.1419393076434918,0.04784309800213663,5,180,reg:squarederror,0.7673384222270758,gpu_hist,COMPLETE
860,0.8747716876527062,0.0014066180723252587,0.3632110894160523,rmse,0.2522870210498844,0.0913208068309456,20,173,reg:squarederror,0.7040846402351066,gpu_hist,COMPLETE
861,0.8453965220084668,0.0017166213721973732,0.32431106095047274,rmse,0.0808585802511367,0.014243292987422138,5,155,reg:squarederror,0.7394196544645469,gpu_hist,COMPLETE
862,0.8426110387489778,6.078406102121708,0.31221492180186505,rmse,0.17555087253292317,0.04217804564593825,5,187,reg:squarederror,0.772154495590576,gpu_hist,COMPLETE
863,0.8426643861094721,0.0014037866376715577,0.3521503641183625,rmse,0.12550238640512587,0.04558589873770044,5,177,reg:squarederror,0.753768679731235,gpu_hist,COMPLETE
864,0.8433258976319781,0.004010531421497337,0.5792564150244022,rmse,0.1605682359113128,0.05664420285920555,5,166,reg:squarederror,0.7750131784393883,gpu_hist,COMPLETE
865,0.8429462273117491,8.06567733351369,0.3402630911727695,rmse,0.22783493938014915,0.03964892757647182,7,160,reg:squarederror,0.9772140866274828,gpu_hist,COMPLETE
866,0.8429684125771459,3.715114702291826,0.32623657561662744,rmse,0.2739167208202867,0.04842562034382222,5,189,reg:squarederror,0.7607731115296271,gpu_hist,COMPLETE
867,0.8431807231801524,0.0023210329907003865,0.37665218554081903,rmse,1.5039740706615594,0.06407025138597053,5,171,reg:squarederror,0.7452208429087436,gpu_hist,COMPLETE
868,0.8427182404809558,0.0019510568276969583,0.31123795184009495,rmse,0.09223869117062027,0.05349201928621236,5,141,reg:squarederror,0.771550193084365,gpu_hist,COMPLETE
869,0.8470438861224648,0.0015497780625701287,0.33556027063304095,rmse,0.06245740816303518,0.04445806840057733,11,180,reg:squarederror,0.7594489332955158,gpu_hist,COMPLETE
870,0.8444967158285733,0.00327311720427366,0.3559784994547486,rmse,0.18204643006809312,0.04066439449068326,9,165,reg:squarederror,0.7778995583386643,gpu_hist,COMPLETE
871,0.8608783283407179,0.0012390629362252369,0.30005450169253495,rmse,0.14365606118182347,0.004243881647309166,5,227,reg:squarederror,0.7303554537452538,gpu_hist,COMPLETE
872,0.8428376954073248,0.0017602710357263092,0.32146821014103055,rmse,0.11832182720431694,0.05028231196018534,5,153,reg:squarederror,0.7670547407327254,gpu_hist,COMPLETE
873,0.8425644017554332,0.002722466306600277,0.3468682580403866,rmse,0.2550455931010899,0.057852534031426914,5,191,reg:squarederror,0.7814882768841729,gpu_hist,COMPLETE
874,0.8428581871550705,5.292457206006956,0.40464198457528705,rmse,0.197878258168853,0.04570363046996024,5,175,reg:squarederror,0.7511612385875607,gpu_hist,COMPLETE
875,0.8431452004435082,0.005128857194274941,0.3294127570358676,rmse,0.2660414027998814,0.05420829402410438,5,18,reg:squarederror,0.7837965645745961,gpu_hist,COMPLETE
876,0.8441723805763831,0.0013275837726355955,0.31039517884479145,rmse,0.07836570447129952,0.04222815806005683,3,169,reg:squarederror,0.7693872944555159,gpu_hist,COMPLETE
877,0.8518942322530116,0.002066958947325637,0.3690421090864293,rmse,0.15255068237211358,0.04797777294721967,15,184,reg:squarederror,0.6054552493633224,gpu_hist,COMPLETE
878,0.842881897079198,0.001593494379751337,0.34212922524593975,rmse,0.10426252258534296,0.03958043168170286,5,161,reg:squarederror,0.794679568055184,gpu_hist,COMPLETE
879,0.8427451929115705,0.00244505201987585,0.36159846642075316,rmse,0.2186479854945046,0.06041252164815947,5,178,reg:squarederror,0.7574823804850569,gpu_hist,COMPLETE
880,0.8425432608075673,4.081074102688778,0.32089419604581304,rmse,0.26460302795769625,0.05112992478536579,5,192,reg:squarederror,0.7758489156220374,gpu_hist,COMPLETE
881,0.8485200280680929,0.0013224039223690477,0.33445218541423516,rmse,0.27897410207825246,0.044510449589773286,13,193,reg:squarederror,0.8057841053804982,gpu_hist,COMPLETE
882,0.8427376447055969,0.0019436493910889273,0.3504350458799397,rmse,2.0120172968062064,0.048636679409048963,5,198,reg:squarederror,0.7911132758167398,gpu_hist,COMPLETE
883,0.8428432534681146,0.4180178583500823,0.3827878770921832,rmse,0.26934121343894196,0.04362806260408392,5,197,reg:squarederror,0.7816867884274904,gpu_hist,COMPLETE
884,0.8427954154136283,0.0015371928082490343,0.3003695954032279,rmse,0.08415120382482091,0.03878922343761796,5,192,reg:squarederror,0.7995760421420198,gpu_hist,COMPLETE
885,0.842646872976865,0.0030688499082372326,0.32479881946174716,rmse,0.29859478880003254,0.05002463469478846,5,201,reg:squarederror,0.7763653785908856,gpu_hist,COMPLETE
886,0.8426211933071323,0.0022593172825725325,0.34004443234681947,rmse,0.06169144469998757,0.04538683985737466,5,188,reg:squarederror,0.7908622176430352,gpu_hist,COMPLETE
887,0.8505916132833894,3.9908531721008056,0.35447574449040675,rmse,0.2575311772976125,0.04161410228244025,17,196,reg:squarederror,0.8068016995017618,gpu_hist,COMPLETE
888,0.842486554173743,0.0036531531309634655,0.3677270607021379,rmse,0.12257505898085602,0.051312841856768626,5,221,reg:squarederror,0.7801995247386714,gpu_hist,COMPLETE
889,0.8427098018953161,0.0036613125222239896,0.3873450686274001,rmse,0.11919924634440704,0.047513043183939695,5,226,reg:squarederror,0.7855081410287117,gpu_hist,COMPLETE
890,0.8427208872296653,0.004073793430214413,0.36962804179789394,rmse,0.10018561657299781,0.03853163547831994,5,223,reg:squarederror,0.8013184360000762,gpu_hist,COMPLETE
891,0.8427692349746652,0.002940006345043332,0.3754108765076193,rmse,0.11147271316181774,0.05037522862997028,5,217,reg:squarederror,0.7741214773735197,gpu_hist,COMPLETE
892,0.8528256920916656,0.003636514142687795,0.38455674052517624,rmse,0.1319745988540097,0.04343552339878284,20,218,reg:squarederror,0.7886864023806341,gpu_hist,COMPLETE
893,0.8425780326256926,0.0027758111324459435,0.365088998354551,rmse,0.11664342704795959,0.05338342166752604,5,218,reg:squarederror,0.7688766936595793,gpu_hist,COMPLETE
894,0.8427999784211848,0.0026225498870825533,0.4017674674326242,rmse,0.09281218806151807,0.04612378179383598,5,241,reg:squarederror,0.7998999531385581,gpu_hist,COMPLETE
895,0.8427011561650996,0.006275222889228201,0.3632525757928381,rmse,0.12959166203640837,0.03712377225011447,5,224,reg:squarederror,0.8113038051830025,gpu_hist,COMPLETE
896,0.842666969687595,0.003443577503476068,0.3527076960336497,rmse,0.09284498765318132,0.04151245344007274,5,185,reg:squarederror,0.7834475973362156,gpu_hist,COMPLETE
897,0.8427640855748156,0.002585337429687389,0.3433462409642643,rmse,0.07493103724071541,0.04799413607743062,5,148,reg:squarederror,0.7667349932343388,gpu_hist,COMPLETE
898,0.8426535395535991,0.0023715917267281158,0.3714971573845069,rmse,0.15731167734372628,0.05151400833216122,5,156,reg:squarederror,0.7768265293993094,gpu_hist,COMPLETE
899,0.8427688431756276,0.0029701866972916867,0.355313066970427,rmse,0.14660011043527577,0.041453043649940055,5,229,reg:squarederror,0.7944968244723942,gpu_hist,COMPLETE
900,0.8448499172142835,0.004351026017440323,0.324941878002337,rmse,0.11149378366867048,0.05577904402823039,7,184,reg:squarederror,0.551908758663197,gpu_hist,COMPLETE
901,0.8464325391645336,6.674511991231812,0.33242531601296377,rmse,0.13279558450941825,0.04683544718305885,11,232,reg:squarederror,0.7617745325882574,gpu_hist,COMPLETE
902,0.8427167277613484,0.00227763784992203,0.3119990719404843,rmse,0.07070885085440037,0.03758962894500302,5,220,reg:squarederror,0.7795585538457434,gpu_hist,COMPLETE
903,0.8444546275533598,0.001951437082057687,0.34656904350709655,rmse,1.2208541980919385,0.04356500008420002,9,230,reg:squarederror,0.8120418201427454,gpu_hist,COMPLETE
904,0.8431202426376313,0.008099469170762937,0.3216542182416007,rmse,0.16361799487148082,0.05979086511948139,5,163,reg:squarederror,0.7926520510098936,gpu_hist,COMPLETE
905,0.8434796154687608,0.0031097687999001524,0.8438372103080105,rmse,0.08950163005303532,0.052746155946576175,5,247,reg:squarederror,0.7731051927847,gpu_hist,COMPLETE
