Trial 671 finished with value: 0.8427251459529334 and parameters: {'objective': 'reg:squarederror', 'tree_method': 'gpu_hist', 'lambda': 0.26453102598895256, 'alpha': 0.0011851839728130324, 'colsample_bytree': 0.31389374806297604, 'subsample': 0.786415403879524, 'learning_rate': 0.04250858052777542, 'max_depth': 5, 'min_child_weight': 213, 'eval_metric': 'rmse'}. Best is trial 600 with value: 0.8424085765440747.
start listen on 192.168.1.101:41711
@tracker All of 1 nodes getting started
@tracker All nodes finishes job
Trial 672 finished with value: 0.8502282319379405 and parameters: {'objective': 'reg:squarederror', 'tree_method': 'gpu_hist', 'lambda': 0.31156092165094396, 'alpha': 0.0018679990153203823, 'colsample_bytree': 0.30000148164114254, 'subsample': 0.7476675263244615, 'learning_rate': 0.06203456571948181, 'max_depth': 11, 'min_child_weight': 185, 'eval_metric': 'rmse'}. Best is trial 600 with value: 0.8424085765440747.
start listen on 192.168.1.101:60591
@tracker All of 1 nodes getting started
@tracker All nodes finishes job
Trial 673 finished with value: 0.8427387787705058 and parameters: {'objective': 'reg:squarederror', 'tree_method': 'gpu_hist', 'lambda': 0.5138779759841482, 'alpha': 0.0010066044058888953, 'colsample_bytree': 0.3544032619813189, 'subsample': 0.8170276019123756, 'learning_rate': 0.05003663574375413, 'max_depth': 5, 'min_child_weight': 207, 'eval_metric': 'rmse'}. Best is trial 600 with value: 0.8424085765440747.
start listen on 192.168.1.101:51289
@tracker All of 1 nodes getting started
@tracker All nodes finishes job
Trial 674 finished with value: 0.8427401100187777 and parameters: {'objective': 'reg:squarederror', 'tree_method': 'gpu_hist', 'lambda': 1.082864853035704, 'alpha': 0.0013500979236459878, 'colsample_bytree': 0.33159947875525553, 'subsample': 0.7637104807998611, 'learning_rate': 0.031964804909191034, 'max_depth': 5, 'min_child_weight': 226, 'eval_metric': 'rmse'}. Best is trial 600 with value: 0.8424085765440747.
start listen on 192.168.1.101:54285
@tracker All of 1 nodes getting started
@tracker All nodes finishes job
Trial 675 finished with value: 0.8442604748422295 and parameters: {'objective': 'reg:squarederror', 'tree_method': 'gpu_hist', 'lambda': 1.5187854643077499, 'alpha': 0.0016042236617782484, 'colsample_bytree': 0.322706488453975, 'subsample': 0.7962481567488614, 'learning_rate': 0.03828961232018095, 'max_depth': 9, 'min_child_weight': 135, 'eval_metric': 'rmse'}. Best is trial 600 with value: 0.8424085765440747.
start listen on 192.168.1.101:34049
@tracker All of 1 nodes getting started
@tracker All nodes finishes job
Trial 676 finished with value: 0.8427626662581137 and parameters: {'objective': 'reg:squarederror', 'tree_method': 'gpu_hist', 'lambda': 0.40585309940935105, 'alpha': 0.0011930482846184691, 'colsample_bytree': 0.36530121234141366, 'subsample': 0.7784500783449702, 'learning_rate': 0.04522933121934518, 'max_depth': 5, 'min_child_weight': 157, 'eval_metric': 'rmse'}. Best is trial 600 with value: 0.8424085765440747.
start listen on 192.168.1.101:42451
@tracker All of 1 nodes getting started
@tracker All nodes finishes job
Trial 677 finished with value: 0.84245767349995 and parameters: {'objective': 'reg:squarederror', 'tree_method': 'gpu_hist', 'lambda': 0.5741983003039238, 'alpha': 0.002642616681666232, 'colsample_bytree': 0.34046750288529326, 'subsample': 0.8049067381504867, 'learning_rate': 0.05334392507460292, 'max_depth': 5, 'min_child_weight': 198, 'eval_metric': 'rmse'}. Best is trial 600 with value: 0.8424085765440747.
start listen on 192.168.1.101:46523
@tracker All of 1 nodes getting started
@tracker All nodes finishes job
Trial 678 finished with value: 0.8432444552599878 and parameters: {'objective': 'reg:squarederror', 'tree_method': 'gpu_hist', 'lambda': 0.2199039764504105, 'alpha': 0.0029478644693719538, 'colsample_bytree': 0.3942550052121082, 'subsample': 0.7878331403364383, 'learning_rate': 0.06564960261468458, 'max_depth': 5, 'min_child_weight': 203, 'eval_metric': 'rmse'}. Best is trial 600 with value: 0.8424085765440747.
start listen on 192.168.1.101:43431
@tracker All of 1 nodes getting started
@tracker All nodes finishes job
Trial 679 finished with value: 0.8433727222492733 and parameters: {'objective': 'reg:squarederror', 'tree_method': 'gpu_hist', 'lambda': 0.8447387480010082, 'alpha': 0.002585576936769585, 'colsample_bytree': 0.3505704664218037, 'subsample': 0.772931122742154, 'learning_rate': 0.055906110211778354, 'max_depth': 3, 'min_child_weight': 197, 'eval_metric': 'rmse'}. Best is trial 600 with value: 0.8424085765440747.
start listen on 192.168.1.101:45553
@tracker All of 1 nodes getting started
@tracker All nodes finishes job
Trial 680 finished with value: 0.8431093936171637 and parameters: {'objective': 'reg:squarederror', 'tree_method': 'gpu_hist', 'lambda': 0.7675203308380341, 'alpha': 0.005728468921952828, 'colsample_bytree': 0.3764899730151801, 'subsample': 0.8024236681367066, 'learning_rate': 0.05916836873461135, 'max_depth': 5, 'min_child_weight': 205, 'eval_metric': 'rmse'}. Best is trial 600 with value: 0.8424085765440747.
start listen on 192.168.1.101:46271
@tracker All of 1 nodes getting started
@tracker All nodes finishes job
Trial 681 finished with value: 0.8447285169857743 and parameters: {'objective': 'reg:squarederror', 'tree_method': 'gpu_hist', 'lambda': 0.6438452906707163, 'alpha': 0.0037990961306371006, 'colsample_bytree': 0.9424188871016789, 'subsample': 0.7570049231076905, 'learning_rate': 0.0695931619047202, 'max_depth': 5, 'min_child_weight': 216, 'eval_metric': 'rmse'}. Best is trial 600 with value: 0.8424085765440747.
start listen on 192.168.1.101:38967
@tracker All of 1 nodes getting started
@tracker All nodes finishes job
Trial 682 finished with value: 0.8468798506600136 and parameters: {'objective': 'reg:squarederror', 'tree_method': 'gpu_hist', 'lambda': 0.5605507232041865, 'alpha': 0.0014491408779965696, 'colsample_bytree': 0.3121908506948603, 'subsample': 0.786401880039145, 'learning_rate': 0.011309682827000175, 'max_depth': 5, 'min_child_weight': 209, 'eval_metric': 'rmse'}. Best is trial 600 with value: 0.8424085765440747.
start listen on 192.168.1.101:51317
@tracker All of 1 nodes getting started
@tracker All nodes finishes job
Trial 683 finished with value: 0.8537591915918862 and parameters: {'objective': 'reg:squarederror', 'tree_method': 'gpu_hist', 'lambda': 0.33751728696276473, 'alpha': 0.0019518151613226147, 'colsample_bytree': 0.3409374070853871, 'subsample': 0.7754551183453416, 'learning_rate': 0.05497532552213211, 'max_depth': 15, 'min_child_weight': 198, 'eval_metric': 'rmse'}. Best is trial 600 with value: 0.8424085765440747.
start listen on 192.168.1.101:41597
@tracker All of 1 nodes getting started
@tracker All nodes finishes job
Trial 684 finished with value: 0.8426383616043474 and parameters: {'objective': 'reg:squarederror', 'tree_method': 'gpu_hist', 'lambda': 0.42440818768281285, 'alpha': 0.002361103419129903, 'colsample_bytree': 0.36218739705007363, 'subsample': 0.7954184454619649, 'learning_rate': 0.05084600427299693, 'max_depth': 5, 'min_child_weight': 173, 'eval_metric': 'rmse'}. Best is trial 600 with value: 0.8424085765440747.
start listen on 192.168.1.101:58141
@tracker All of 1 nodes getting started
@tracker All nodes finishes job
Trial 685 finished with value: 0.8430633292282709 and parameters: {'objective': 'reg:squarederror', 'tree_method': 'gpu_hist', 'lambda': 0.29124037377072814, 'alpha': 0.0010008513206679216, 'colsample_bytree': 0.322850006199076, 'subsample': 0.8233304728834752, 'learning_rate': 0.05597656019172419, 'max_depth': 5, 'min_child_weight': 144, 'eval_metric': 'rmse'}. Best is trial 600 with value: 0.8424085765440747.
start listen on 192.168.1.101:34621
@tracker All of 1 nodes getting started
@tracker All nodes finishes job
Trial 686 finished with value: 0.8504296648431423 and parameters: {'objective': 'reg:squarederror', 'tree_method': 'gpu_hist', 'lambda': 0.6264910542871983, 'alpha': 0.007389112123415564, 'colsample_bytree': 0.34593077754459806, 'subsample': 0.7636950262332894, 'learning_rate': 0.0510825319347718, 'max_depth': 13, 'min_child_weight': 191, 'eval_metric': 'rmse'}. Best is trial 600 with value: 0.8424085765440747.
start listen on 192.168.1.101:59619
@tracker All of 1 nodes getting started
@tracker All nodes finishes job
Trial 687 finished with value: 0.8430343045087368 and parameters: {'objective': 'reg:squarederror', 'tree_method': 'gpu_hist', 'lambda': 0.46406103590441833, 'alpha': 0.001696307978632594, 'colsample_bytree': 0.31167502618482773, 'subsample': 0.7399201688919818, 'learning_rate': 0.06098448971329267, 'max_depth': 5, 'min_child_weight': 178, 'eval_metric': 'rmse'}. Best is trial 600 with value: 0.8424085765440747.
start listen on 192.168.1.101:49713
@tracker All of 1 nodes getting started
@tracker All nodes finishes job
Trial 688 finished with value: 0.8426097366936823 and parameters: {'objective': 'reg:squarederror', 'tree_method': 'gpu_hist', 'lambda': 0.24535701850424532, 'alpha': 0.0013091913606440265, 'colsample_bytree': 0.32953651521107025, 'subsample': 0.8081316056196275, 'learning_rate': 0.04945928152179619, 'max_depth': 5, 'min_child_weight': 165, 'eval_metric': 'rmse'}. Best is trial 600 with value: 0.8424085765440747.
start listen on 192.168.1.101:53671
@tracker All of 1 nodes getting started
@tracker All nodes finishes job
Trial 689 finished with value: 0.8425825993312078 and parameters: {'objective': 'reg:squarederror', 'tree_method': 'gpu_hist', 'lambda': 0.38729246878171775, 'alpha': 0.024440221900164934, 'colsample_bytree': 0.3537575789692796, 'subsample': 0.7825187925296415, 'learning_rate': 0.047019954108788925, 'max_depth': 5, 'min_child_weight': 198, 'eval_metric': 'rmse'}. Best is trial 600 with value: 0.8424085765440747.
start listen on 192.168.1.101:38063
@tracker All of 1 nodes getting started
@tracker All nodes finishes job
Trial 690 finished with value: 0.8427386135105874 and parameters: {'objective': 'reg:squarederror', 'tree_method': 'gpu_hist', 'lambda': 0.34256206127709826, 'alpha': 0.013427592640252079, 'colsample_bytree': 0.33595691981025927, 'subsample': 0.7959144212650249, 'learning_rate': 0.05346154657383199, 'max_depth': 5, 'min_child_weight': 212, 'eval_metric': 'rmse'}. Best is trial 600 with value: 0.8424085765440747.
start listen on 192.168.1.101:58549
@tracker All of 1 nodes getting started
@tracker All nodes finishes job
Trial 691 finished with value: 0.8533887147941449 and parameters: {'objective': 'reg:squarederror', 'tree_method': 'gpu_hist', 'lambda': 0.5094028610003577, 'alpha': 0.0011807378070472845, 'colsample_bytree': 0.31276226278823105, 'subsample': 0.7703088426793608, 'learning_rate': 0.04622666604362825, 'max_depth': 17, 'min_child_weight': 155, 'eval_metric': 'rmse'}. Best is trial 600 with value: 0.8424085765440747.
start listen on 192.168.1.101:45683
@tracker All of 1 nodes getting started
@tracker All nodes finishes job
Trial 692 finished with value: 0.8429006850352891 and parameters: {'objective': 'reg:squarederror', 'tree_method': 'gpu_hist', 'lambda': 0.6644631803319492, 'alpha': 0.0015448810859750276, 'colsample_bytree': 0.3257238441088079, 'subsample': 0.7511088889734253, 'learning_rate': 0.053814182330024836, 'max_depth': 5, 'min_child_weight': 180, 'eval_metric': 'rmse'}. Best is trial 600 with value: 0.8424085765440747.
start listen on 192.168.1.101:42529
@tracker All of 1 nodes getting started
@tracker All nodes finishes job
Trial 693 finished with value: 0.842606971164589 and parameters: {'objective': 'reg:squarederror', 'tree_method': 'gpu_hist', 'lambda': 0.897492534612923, 'alpha': 0.0018783488388146583, 'colsample_bytree': 0.3454244464515208, 'subsample': 0.8419724962519424, 'learning_rate': 0.04255403303256418, 'max_depth': 5, 'min_child_weight': 221, 'eval_metric': 'rmse'}. Best is trial 600 with value: 0.8424085765440747.
start listen on 192.168.1.101:38283
@tracker All of 1 nodes getting started
@tracker All nodes finishes job
Trial 694 finished with value: 0.8433793588809292 and parameters: {'objective': 'reg:squarederror', 'tree_method': 'gpu_hist', 'lambda': 0.29666262096865376, 'alpha': 0.0032915697221428493, 'colsample_bytree': 0.3716557466143054, 'subsample': 0.7866109364052346, 'learning_rate': 0.07464771936949091, 'max_depth': 5, 'min_child_weight': 186, 'eval_metric': 'rmse'}. Best is trial 600 with value: 0.8424085765440747.
start listen on 192.168.1.101:49883
@tracker All of 1 nodes getting started
@tracker All nodes finishes job
Trial 695 finished with value: 0.8429441138443967 and parameters: {'objective': 'reg:squarederror', 'tree_method': 'gpu_hist', 'lambda': 0.4055190778015146, 'alpha': 0.002377598130813775, 'colsample_bytree': 0.3081713436097645, 'subsample': 0.8126313050016415, 'learning_rate': 0.06073990992764399, 'max_depth': 5, 'min_child_weight': 204, 'eval_metric': 'rmse'}. Best is trial 600 with value: 0.8424085765440747.
start listen on 192.168.1.101:45821
@tracker All of 1 nodes getting started
@tracker All nodes finishes job
Trial 696 finished with value: 0.8555556321686503 and parameters: {'objective': 'reg:squarederror', 'tree_method': 'gpu_hist', 'lambda': 0.1794298697492745, 'alpha': 0.00135471376021329, 'colsample_bytree': 0.35771030934490977, 'subsample': 0.8042065763699296, 'learning_rate': 0.04807495253854064, 'max_depth': 20, 'min_child_weight': 171, 'eval_metric': 'rmse'}. Best is trial 600 with value: 0.8424085765440747.
start listen on 192.168.1.101:60089
@tracker All of 1 nodes getting started
@tracker All nodes finishes job
Trial 697 finished with value: 0.8425832296844386 and parameters: {'objective': 'reg:squarederror', 'tree_method': 'gpu_hist', 'lambda': 0.44994667984002357, 'alpha': 0.0012258413035798855, 'colsample_bytree': 0.30015825641385263, 'subsample': 0.7755110878450846, 'learning_rate': 0.03909647056178933, 'max_depth': 5, 'min_child_weight': 194, 'eval_metric': 'rmse'}. Best is trial 600 with value: 0.8424085765440747.
start listen on 192.168.1.101:40591
@tracker All of 1 nodes getting started
@tracker All nodes finishes job
Trial 698 finished with value: 0.8427465208054995 and parameters: {'objective': 'reg:squarederror', 'tree_method': 'gpu_hist', 'lambda': 0.565688465700876, 'alpha': 0.010456156069680072, 'colsample_bytree': 0.33435738798655135, 'subsample': 0.7604815816206356, 'learning_rate': 0.04432314816494714, 'max_depth': 5, 'min_child_weight': 186, 'eval_metric': 'rmse'}. Best is trial 600 with value: 0.8424085765440747.
start listen on 192.168.1.101:32943
@tracker All of 1 nodes getting started
@tracker All nodes finishes job
Trial 699 finished with value: 0.8427586173212415 and parameters: {'objective': 'reg:squarederror', 'tree_method': 'gpu_hist', 'lambda': 0.24872170035688798, 'alpha': 0.0016443429239731038, 'colsample_bytree': 0.3194879673772278, 'subsample': 0.7921039415806562, 'learning_rate': 0.05214962843744997, 'max_depth': 5, 'min_child_weight': 199, 'eval_metric': 'rmse'}. Best is trial 600 with value: 0.8424085765440747.
start listen on 192.168.1.101:43695
@tracker All of 1 nodes getting started
@tracker All nodes finishes job
Trial 700 finished with value: 0.8428061673292664 and parameters: {'objective': 'reg:squarederror', 'tree_method': 'gpu_hist', 'lambda': 0.36366636084286325, 'alpha': 0.0011823333072413745, 'colsample_bytree': 0.34087938075530794, 'subsample': 0.7798519811012298, 'learning_rate': 0.0410313317353645, 'max_depth': 5, 'min_child_weight': 231, 'eval_metric': 'rmse'}. Best is trial 600 with value: 0.8424085765440747.
start listen on 192.168.1.101:32803
@tracker All of 1 nodes getting started
@tracker All nodes finishes job
Trial 701 finished with value: 0.8426402822571457 and parameters: {'objective': 'reg:squarederror', 'tree_method': 'gpu_hist', 'lambda': 0.2985519511234657, 'alpha': 0.002096525820265331, 'colsample_bytree': 0.3001598910132614, 'subsample': 0.8237731859019801, 'learning_rate': 0.03584268910489435, 'max_depth': 5, 'min_child_weight': 160, 'eval_metric': 'rmse'}. Best is trial 600 with value: 0.8424085765440747.
start listen on 192.168.1.101:54777
@tracker All of 1 nodes getting started
@tracker All nodes finishes job
Trial 702 finished with value: 0.8427768192506869 and parameters: {'objective': 'reg:squarederror', 'tree_method': 'gpu_hist', 'lambda': 1.8133228175450866, 'alpha': 0.28536440681600206, 'colsample_bytree': 0.38106219959201015, 'subsample': 0.8009800843910365, 'learning_rate': 0.04692674052080802, 'max_depth': 5, 'min_child_weight': 176, 'eval_metric': 'rmse'}. Best is trial 600 with value: 0.8424085765440747.
start listen on 192.168.1.101:57613
@tracker All of 1 nodes getting started
@tracker All nodes finishes job
Trial 703 finished with value: 0.8433208545434969 and parameters: {'objective': 'reg:squarederror', 'tree_method': 'gpu_hist', 'lambda': 0.7479941812255447, 'alpha': 0.0014333762191729973, 'colsample_bytree': 0.31901909093853653, 'subsample': 0.7660606701563852, 'learning_rate': 0.04331856936380216, 'max_depth': 7, 'min_child_weight': 210, 'eval_metric': 'rmse'}. Best is trial 600 with value: 0.8424085765440747.
start listen on 192.168.1.101:48223
@tracker All of 1 nodes getting started
@tracker All nodes finishes job
Trial 704 finished with value: 0.8431354320355287 and parameters: {'objective': 'reg:squarederror', 'tree_method': 'gpu_hist', 'lambda': 0.47400191614712933, 'alpha': 0.0026896653319840613, 'colsample_bytree': 0.3517798257355834, 'subsample': 0.6363753287839041, 'learning_rate': 0.056142558866943075, 'max_depth': 5, 'min_child_weight': 151, 'eval_metric': 'rmse'}. Best is trial 600 with value: 0.8424085765440747.
start listen on 192.168.1.101:60119
@tracker All of 1 nodes getting started
@tracker All nodes finishes job
Trial 705 finished with value: 0.8459057769063221 and parameters: {'objective': 'reg:squarederror', 'tree_method': 'gpu_hist', 'lambda': 0.38165532293555, 'alpha': 0.001814082116659105, 'colsample_bytree': 0.33132051601143414, 'subsample': 0.7897017207371262, 'learning_rate': 0.03923077849973649, 'max_depth': 11, 'min_child_weight': 192, 'eval_metric': 'rmse'}. Best is trial 600 with value: 0.8424085765440747.
start listen on 192.168.1.101:54953
@tracker All of 1 nodes getting started
@tracker All nodes finishes job
Trial 706 finished with value: 0.8428588140593316 and parameters: {'objective': 'reg:squarederror', 'tree_method': 'gpu_hist', 'lambda': 0.5625949977250668, 'alpha': 0.0011290953978851485, 'colsample_bytree': 0.363583781540244, 'subsample': 0.7175887870471066, 'learning_rate': 0.0487498603157747, 'max_depth': 5, 'min_child_weight': 167, 'eval_metric': 'rmse'}. Best is trial 600 with value: 0.8424085765440747.
start listen on 192.168.1.101:54675
@tracker All of 1 nodes getting started
@tracker All nodes finishes job
Trial 707 finished with value: 0.8451407318492433 and parameters: {'objective': 'reg:squarederror', 'tree_method': 'gpu_hist', 'lambda': 0.3251514407980363, 'alpha': 0.0010022291459433758, 'colsample_bytree': 0.3196942332239802, 'subsample': 0.8140344300816321, 'learning_rate': 0.04410201055897097, 'max_depth': 9, 'min_child_weight': 181, 'eval_metric': 'rmse'}. Best is trial 600 with value: 0.8424085765440747.
start listen on 192.168.1.101:50645
@tracker All of 1 nodes getting started
@tracker All nodes finishes job
Trial 708 finished with value: 0.8427864203968061 and parameters: {'objective': 'reg:squarederror', 'tree_method': 'gpu_hist', 'lambda': 0.22619847918393998, 'alpha': 0.03860346392746805, 'colsample_bytree': 0.3427678127491554, 'subsample': 0.5870906442986287, 'learning_rate': 0.05118991924146379, 'max_depth': 5, 'min_child_weight': 260, 'eval_metric': 'rmse'}. Best is trial 600 with value: 0.8424085765440747.
start listen on 192.168.1.101:39929
@tracker All of 1 nodes getting started
@tracker All nodes finishes job
Trial 709 finished with value: 0.8426707151972187 and parameters: {'objective': 'reg:squarederror', 'tree_method': 'gpu_hist', 'lambda': 0.42641643870758106, 'alpha': 0.001508229677165369, 'colsample_bytree': 0.3284184060487195, 'subsample': 0.7463465323101922, 'learning_rate': 0.0335516381440246, 'max_depth': 5, 'min_child_weight': 187, 'eval_metric': 'rmse'}. Best is trial 600 with value: 0.8424085765440747.
start listen on 192.168.1.101:55327
@tracker All of 1 nodes getting started
@tracker All nodes finishes job
Trial 710 finished with value: 0.8427083887012424 and parameters: {'objective': 'reg:squarederror', 'tree_method': 'gpu_hist', 'lambda': 0.2865458662813535, 'alpha': 0.031180486864213493, 'colsample_bytree': 0.3148894009390685, 'subsample': 0.7782194501988239, 'learning_rate': 0.039675895565294286, 'max_depth': 5, 'min_child_weight': 206, 'eval_metric': 'rmse'}. Best is trial 600 with value: 0.8424085765440747.
start listen on 192.168.1.101:58115
@tracker All of 1 nodes getting started
@tracker All nodes finishes job
Trial 711 finished with value: 0.8432180918455006 and parameters: {'objective': 'reg:squarederror', 'tree_method': 'gpu_hist', 'lambda': 1.0449934915626162, 'alpha': 0.0013314290009895852, 'colsample_bytree': 0.35365753152928414, 'subsample': 0.8002855434795952, 'learning_rate': 0.06074835677676219, 'max_depth': 3, 'min_child_weight': 193, 'eval_metric': 'rmse'}. Best is trial 600 with value: 0.8424085765440747.
start listen on 192.168.1.101:59311
@tracker All of 1 nodes getting started
@tracker All nodes finishes job
Trial 712 finished with value: 0.8424772611810429 and parameters: {'objective': 'reg:squarederror', 'tree_method': 'gpu_hist', 'lambda': 0.6411325586823748, 'alpha': 0.0022312682577240667, 'colsample_bytree': 0.3359208115191663, 'subsample': 0.7675000101824994, 'learning_rate': 0.04777422718669946, 'max_depth': 5, 'min_child_weight': 172, 'eval_metric': 'rmse'}. Best is trial 600 with value: 0.8424085765440747.
start listen on 192.168.1.101:50247
@tracker All of 1 nodes getting started
@tracker All nodes finishes job
