Trial 84 finished with value: 0.8431602820123509 and parameters: {'objective': 'reg:squarederror', 'tree_method': 'gpu_hist', 'lambda': 9.094687888108231, 'alpha': 0.5780066065659287, 'colsample_bytree': 0.7694468766427486, 'subsample': 0.844276475516004, 'learning_rate': 0.03910214279545658, 'max_depth': 5, 'min_child_weight': 92, 'eval_metric': 'rmse'}. Best is trial 80 with value: 0.842927840139206.
start listen on 192.168.1.101:56973
@tracker All of 1 nodes getting started
@tracker All nodes finishes job
Trial 85 finished with value: 0.8431482307018889 and parameters: {'objective': 'reg:squarederror', 'tree_method': 'gpu_hist', 'lambda': 8.646611791280565, 'alpha': 0.5584873230849816, 'colsample_bytree': 0.7179230347310018, 'subsample': 0.8555961098247682, 'learning_rate': 0.03855893357749637, 'max_depth': 5, 'min_child_weight': 77, 'eval_metric': 'rmse'}. Best is trial 80 with value: 0.842927840139206.
start listen on 192.168.1.101:35611
@tracker All of 1 nodes getting started
@tracker All nodes finishes job
Trial 86 finished with value: 0.8436795063945616 and parameters: {'objective': 'reg:squarederror', 'tree_method': 'gpu_hist', 'lambda': 8.472628615887487, 'alpha': 0.6052932203247454, 'colsample_bytree': 0.6914188588838407, 'subsample': 0.8441210212252122, 'learning_rate': 0.05858930312836376, 'max_depth': 5, 'min_child_weight': 80, 'eval_metric': 'rmse'}. Best is trial 80 with value: 0.842927840139206.
start listen on 192.168.1.101:35067
@tracker All of 1 nodes getting started
@tracker All nodes finishes job
Trial 87 finished with value: 0.8447458918849643 and parameters: {'objective': 'reg:squarederror', 'tree_method': 'gpu_hist', 'lambda': 6.023715041668172, 'alpha': 0.8843820150946802, 'colsample_bytree': 0.6690555258713016, 'subsample': 0.8896257345579253, 'learning_rate': 0.07686554833085492, 'max_depth': 5, 'min_child_weight': 91, 'eval_metric': 'rmse'}. Best is trial 80 with value: 0.842927840139206.
start listen on 192.168.1.101:60225
@tracker All of 1 nodes getting started
@tracker All nodes finishes job
Trial 88 finished with value: 0.8430156247066096 and parameters: {'objective': 'reg:squarederror', 'tree_method': 'gpu_hist', 'lambda': 7.771971959549343, 'alpha': 0.17881440814481242, 'colsample_bytree': 0.7633808493071336, 'subsample': 0.8370199531498329, 'learning_rate': 0.038761305630937146, 'max_depth': 5, 'min_child_weight': 68, 'eval_metric': 'rmse'}. Best is trial 80 with value: 0.842927840139206.
start listen on 192.168.1.101:47811
@tracker All of 1 nodes getting started
@tracker All nodes finishes job
Trial 89 finished with value: 0.843207510558414 and parameters: {'objective': 'reg:squarederror', 'tree_method': 'gpu_hist', 'lambda': 7.264127603803944, 'alpha': 0.34891859236073774, 'colsample_bytree': 0.7686477025233215, 'subsample': 0.9279288638839285, 'learning_rate': 0.03985568560997239, 'max_depth': 5, 'min_child_weight': 67, 'eval_metric': 'rmse'}. Best is trial 80 with value: 0.842927840139206.
start listen on 192.168.1.101:57453
@tracker All of 1 nodes getting started
@tracker All nodes finishes job
Trial 90 finished with value: 0.8434521452137467 and parameters: {'objective': 'reg:squarederror', 'tree_method': 'gpu_hist', 'lambda': 7.087658471845394, 'alpha': 0.18854427401049312, 'colsample_bytree': 0.7160760302815435, 'subsample': 0.9384140589942733, 'learning_rate': 0.039638546174628836, 'max_depth': 5, 'min_child_weight': 67, 'eval_metric': 'rmse'}. Best is trial 80 with value: 0.842927840139206.
start listen on 192.168.1.101:52359
@tracker All of 1 nodes getting started
@tracker All nodes finishes job
Trial 91 finished with value: 0.8432914354867577 and parameters: {'objective': 'reg:squarederror', 'tree_method': 'gpu_hist', 'lambda': 5.029618932222924, 'alpha': 0.3488309899708281, 'colsample_bytree': 0.7687633191977904, 'subsample': 0.8461211838853204, 'learning_rate': 0.04491520664943841, 'max_depth': 5, 'min_child_weight': 54, 'eval_metric': 'rmse'}. Best is trial 80 with value: 0.842927840139206.
start listen on 192.168.1.101:51041
@tracker All of 1 nodes getting started
@tracker All nodes finishes job
Trial 92 finished with value: 0.8432103037837674 and parameters: {'objective': 'reg:squarederror', 'tree_method': 'gpu_hist', 'lambda': 6.774230622203954, 'alpha': 0.17030179463300618, 'colsample_bytree': 0.7563063142255805, 'subsample': 0.9288614732415424, 'learning_rate': 0.0372769691902049, 'max_depth': 5, 'min_child_weight': 80, 'eval_metric': 'rmse'}. Best is trial 80 with value: 0.842927840139206.
start listen on 192.168.1.101:51927
@tracker All of 1 nodes getting started
@tracker All nodes finishes job
Trial 93 finished with value: 0.8434236336428619 and parameters: {'objective': 'reg:squarederror', 'tree_method': 'gpu_hist', 'lambda': 7.145373994295981, 'alpha': 0.16411957739248623, 'colsample_bytree': 0.754930049286627, 'subsample': 0.9334499140708452, 'learning_rate': 0.03788329085030369, 'max_depth': 5, 'min_child_weight': 78, 'eval_metric': 'rmse'}. Best is trial 80 with value: 0.842927840139206.
start listen on 192.168.1.101:59433
@tracker All of 1 nodes getting started
@tracker All nodes finishes job
Trial 94 finished with value: 0.8435430428200639 and parameters: {'objective': 'reg:squarederror', 'tree_method': 'gpu_hist', 'lambda': 9.916477681353525, 'alpha': 0.2979756483357629, 'colsample_bytree': 0.7777524791224788, 'subsample': 0.8740106585710219, 'learning_rate': 0.056344211604656115, 'max_depth': 5, 'min_child_weight': 65, 'eval_metric': 'rmse'}. Best is trial 80 with value: 0.842927840139206.
start listen on 192.168.1.101:60307
@tracker All of 1 nodes getting started
@tracker All nodes finishes job
Trial 95 finished with value: 0.8435269066655404 and parameters: {'objective': 'reg:squarederror', 'tree_method': 'gpu_hist', 'lambda': 4.645269389463953, 'alpha': 0.5713304549261065, 'colsample_bytree': 0.7166215712580739, 'subsample': 0.9150196278955277, 'learning_rate': 0.04767551884681022, 'max_depth': 5, 'min_child_weight': 92, 'eval_metric': 'rmse'}. Best is trial 80 with value: 0.842927840139206.
start listen on 192.168.1.101:40117
@tracker All of 1 nodes getting started
@tracker All nodes finishes job
Trial 96 finished with value: 0.8451330160970596 and parameters: {'objective': 'reg:squarederror', 'tree_method': 'gpu_hist', 'lambda': 3.352103585811565, 'alpha': 0.08087364441578956, 'colsample_bytree': 0.7357111350616552, 'subsample': 0.833423592446676, 'learning_rate': 0.08281517618694427, 'max_depth': 5, 'min_child_weight': 50, 'eval_metric': 'rmse'}. Best is trial 80 with value: 0.842927840139206.
start listen on 192.168.1.101:55185
@tracker All of 1 nodes getting started
@tracker All nodes finishes job
Trial 97 finished with value: 0.8432848888923997 and parameters: {'objective': 'reg:squarederror', 'tree_method': 'gpu_hist', 'lambda': 5.75052022740692, 'alpha': 0.45308397516771476, 'colsample_bytree': 0.787494826698526, 'subsample': 0.8682053625643472, 'learning_rate': 0.03694001944434159, 'max_depth': 5, 'min_child_weight': 83, 'eval_metric': 'rmse'}. Best is trial 80 with value: 0.842927840139206.
start listen on 192.168.1.101:38997
@tracker All of 1 nodes getting started
@tracker All nodes finishes job
Trial 98 finished with value: 0.8434431764438777 and parameters: {'objective': 'reg:squarederror', 'tree_method': 'gpu_hist', 'lambda': 7.013674488825099, 'alpha': 0.2584913852091014, 'colsample_bytree': 0.7509623293495853, 'subsample': 0.9774040870564669, 'learning_rate': 0.031069264180379235, 'max_depth': 5, 'min_child_weight': 69, 'eval_metric': 'rmse'}. Best is trial 80 with value: 0.842927840139206.
start listen on 192.168.1.101:52851
@tracker All of 1 nodes getting started
@tracker All nodes finishes job
Trial 99 finished with value: 0.8436360645549789 and parameters: {'objective': 'reg:squarederror', 'tree_method': 'gpu_hist', 'lambda': 2.4818082125957606, 'alpha': 0.14267685539714747, 'colsample_bytree': 0.7673480785840592, 'subsample': 0.8594945543913747, 'learning_rate': 0.05241425483932532, 'max_depth': 5, 'min_child_weight': 39, 'eval_metric': 'rmse'}. Best is trial 80 with value: 0.842927840139206.
start listen on 192.168.1.101:49899
@tracker All of 1 nodes getting started
@tracker All nodes finishes job
Trial 100 finished with value: 0.8432666991128448 and parameters: {'objective': 'reg:squarederror', 'tree_method': 'gpu_hist', 'lambda': 4.261363003850558, 'alpha': 0.7048718723621251, 'colsample_bytree': 0.7244306583448156, 'subsample': 0.7650480518869265, 'learning_rate': 0.04114481224486844, 'max_depth': 5, 'min_child_weight': 111, 'eval_metric': 'rmse'}. Best is trial 80 with value: 0.842927840139206.
start listen on 192.168.1.101:48871
@tracker All of 1 nodes getting started
@tracker All nodes finishes job
Trial 101 finished with value: 0.843118292173091 and parameters: {'objective': 'reg:squarederror', 'tree_method': 'gpu_hist', 'lambda': 8.088964786305132, 'alpha': 0.3734368709763753, 'colsample_bytree': 0.7036533486902254, 'subsample': 0.8015254026227112, 'learning_rate': 0.03424543773684961, 'max_depth': 5, 'min_child_weight': 76, 'eval_metric': 'rmse'}. Best is trial 80 with value: 0.842927840139206.
start listen on 192.168.1.101:53503
@tracker All of 1 nodes getting started
@tracker All nodes finishes job
Trial 102 finished with value: 0.8441030036069691 and parameters: {'objective': 'reg:squarederror', 'tree_method': 'gpu_hist', 'lambda': 8.725324542580495, 'alpha': 0.32363634056901935, 'colsample_bytree': 0.7066407689486752, 'subsample': 0.8045784206310127, 'learning_rate': 0.06175889141302352, 'max_depth': 5, 'min_child_weight': 91, 'eval_metric': 'rmse'}. Best is trial 80 with value: 0.842927840139206.
start listen on 192.168.1.101:47999
@tracker All of 1 nodes getting started
@tracker All nodes finishes job
Trial 103 finished with value: 0.842895044206587 and parameters: {'objective': 'reg:squarederror', 'tree_method': 'gpu_hist', 'lambda': 5.495535873958638, 'alpha': 1.132726489339379, 'colsample_bytree': 0.6817237848580492, 'subsample': 0.8362487930550251, 'learning_rate': 0.03397557101549194, 'max_depth': 5, 'min_child_weight': 73, 'eval_metric': 'rmse'}. Best is trial 103 with value: 0.842895044206587.
start listen on 192.168.1.101:55109
@tracker All of 1 nodes getting started
@tracker All nodes finishes job
Trial 104 finished with value: 0.8430393754452449 and parameters: {'objective': 'reg:squarederror', 'tree_method': 'gpu_hist', 'lambda': 5.639060855426332, 'alpha': 1.1606282854944887, 'colsample_bytree': 0.6275779137229137, 'subsample': 0.8329025359112392, 'learning_rate': 0.033590369629914935, 'max_depth': 5, 'min_child_weight': 57, 'eval_metric': 'rmse'}. Best is trial 103 with value: 0.842895044206587.
start listen on 192.168.1.101:49245
@tracker All of 1 nodes getting started
@tracker All nodes finishes job
Trial 105 finished with value: 0.842987964015199 and parameters: {'objective': 'reg:squarederror', 'tree_method': 'gpu_hist', 'lambda': 2.9025475670182685, 'alpha': 1.1538065423932453, 'colsample_bytree': 0.6572480057693759, 'subsample': 0.8327693265670656, 'learning_rate': 0.045811689379154315, 'max_depth': 5, 'min_child_weight': 56, 'eval_metric': 'rmse'}. Best is trial 103 with value: 0.842895044206587.
start listen on 192.168.1.101:53771
@tracker All of 1 nodes getting started
@tracker All nodes finishes job
Trial 106 finished with value: 0.8431609934835266 and parameters: {'objective': 'reg:squarederror', 'tree_method': 'gpu_hist', 'lambda': 2.91810746547539, 'alpha': 1.1737771918665312, 'colsample_bytree': 0.6103037873055314, 'subsample': 0.8379772424616463, 'learning_rate': 0.04514865419874402, 'max_depth': 5, 'min_child_weight': 58, 'eval_metric': 'rmse'}. Best is trial 103 with value: 0.842895044206587.
start listen on 192.168.1.101:33505
@tracker All of 1 nodes getting started
@tracker All nodes finishes job
Trial 107 finished with value: 0.8432117787981875 and parameters: {'objective': 'reg:squarederror', 'tree_method': 'gpu_hist', 'lambda': 3.9141713128296174, 'alpha': 0.6211133304515021, 'colsample_bytree': 0.6265556005945123, 'subsample': 0.7954685710081808, 'learning_rate': 0.03316796918400408, 'max_depth': 5, 'min_child_weight': 24, 'eval_metric': 'rmse'}. Best is trial 103 with value: 0.842895044206587.
start listen on 192.168.1.101:48929
@tracker All of 1 nodes getting started
@tracker All nodes finishes job
Trial 108 finished with value: 0.8433038133458933 and parameters: {'objective': 'reg:squarederror', 'tree_method': 'gpu_hist', 'lambda': 5.488290519189259, 'alpha': 0.9084530051896808, 'colsample_bytree': 0.6621816473781165, 'subsample': 0.8815949788665987, 'learning_rate': 0.029480286132623715, 'max_depth': 5, 'min_child_weight': 46, 'eval_metric': 'rmse'}. Best is trial 103 with value: 0.842895044206587.
start listen on 192.168.1.101:54545
@tracker All of 1 nodes getting started
@tracker All nodes finishes job
Trial 109 finished with value: 0.8431407141097992 and parameters: {'objective': 'reg:squarederror', 'tree_method': 'gpu_hist', 'lambda': 8.289132150769124, 'alpha': 0.515550993924363, 'colsample_bytree': 0.5826745792030502, 'subsample': 0.8542550415586899, 'learning_rate': 0.051373204308881024, 'max_depth': 5, 'min_child_weight': 73, 'eval_metric': 'rmse'}. Best is trial 103 with value: 0.842895044206587.
start listen on 192.168.1.101:54487
@tracker All of 1 nodes getting started
@tracker All nodes finishes job
Trial 110 finished with value: 0.8452529620842373 and parameters: {'objective': 'reg:squarederror', 'tree_method': 'gpu_hist', 'lambda': 3.1022709447507633, 'alpha': 1.0531771170927369, 'colsample_bytree': 0.5334486830595089, 'subsample': 0.8263359512528736, 'learning_rate': 0.09451112339857273, 'max_depth': 5, 'min_child_weight': 35, 'eval_metric': 'rmse'}. Best is trial 103 with value: 0.842895044206587.
start listen on 192.168.1.101:40915
@tracker All of 1 nodes getting started
@tracker All nodes finishes job
Trial 111 finished with value: 0.8433250887452131 and parameters: {'objective': 'reg:squarederror', 'tree_method': 'gpu_hist', 'lambda': 8.110845633484308, 'alpha': 0.8077153487153257, 'colsample_bytree': 0.5900406793203568, 'subsample': 0.8539031472926986, 'learning_rate': 0.04985390782824533, 'max_depth': 5, 'min_child_weight': 75, 'eval_metric': 'rmse'}. Best is trial 103 with value: 0.842895044206587.
start listen on 192.168.1.101:40933
@tracker All of 1 nodes getting started
@tracker All nodes finishes job
Trial 112 finished with value: 0.8429692277273897 and parameters: {'objective': 'reg:squarederror', 'tree_method': 'gpu_hist', 'lambda': 9.975987069337052, 'alpha': 0.511861524303854, 'colsample_bytree': 0.5632352470825801, 'subsample': 0.8117446340890984, 'learning_rate': 0.033032793731282206, 'max_depth': 5, 'min_child_weight': 103, 'eval_metric': 'rmse'}. Best is trial 103 with value: 0.842895044206587.
start listen on 192.168.1.101:52569
@tracker All of 1 nodes getting started
@tracker All nodes finishes job
Trial 113 finished with value: 0.8544337040725295 and parameters: {'objective': 'reg:squarederror', 'tree_method': 'gpu_hist', 'lambda': 5.4389102532569975, 'alpha': 0.4283692525031128, 'colsample_bytree': 0.5519527344837925, 'subsample': 0.8050025081436627, 'learning_rate': 0.04349845428236755, 'max_depth': 15, 'min_child_weight': 103, 'eval_metric': 'rmse'}. Best is trial 103 with value: 0.842895044206587.
start listen on 192.168.1.101:45211
@tracker All of 1 nodes getting started
@tracker All nodes finishes job
Trial 114 finished with value: 0.8450630412788807 and parameters: {'objective': 'reg:squarederror', 'tree_method': 'gpu_hist', 'lambda': 4.596309613461197, 'alpha': 0.23072504406872407, 'colsample_bytree': 0.6249839759165406, 'subsample': 0.8585887192472978, 'learning_rate': 0.0338554867523978, 'max_depth': 3, 'min_child_weight': 54, 'eval_metric': 'rmse'}. Best is trial 103 with value: 0.842895044206587.
start listen on 192.168.1.101:57189
@tracker All of 1 nodes getting started
@tracker All nodes finishes job
Trial 115 finished with value: 0.8430045517121121 and parameters: {'objective': 'reg:squarederror', 'tree_method': 'gpu_hist', 'lambda': 9.93484085616593, 'alpha': 1.2906852045394772, 'colsample_bytree': 0.5642280598593185, 'subsample': 0.8112653254440719, 'learning_rate': 0.03148693255026934, 'max_depth': 5, 'min_child_weight': 72, 'eval_metric': 'rmse'}. Best is trial 103 with value: 0.842895044206587.
start listen on 192.168.1.101:50593
@tracker All of 1 nodes getting started
@tracker All nodes finishes job
Trial 116 finished with value: 0.843901922888216 and parameters: {'objective': 'reg:squarederror', 'tree_method': 'gpu_hist', 'lambda': 6.018527421376956, 'alpha': 1.317777027663463, 'colsample_bytree': 0.5686042487888009, 'subsample': 0.7788277476708183, 'learning_rate': 0.06657667102184456, 'max_depth': 5, 'min_child_weight': 64, 'eval_metric': 'rmse'}. Best is trial 103 with value: 0.842895044206587.
start listen on 192.168.1.101:46061
@tracker All of 1 nodes getting started
@tracker All nodes finishes job
Trial 117 finished with value: 0.8433901761675666 and parameters: {'objective': 'reg:squarederror', 'tree_method': 'gpu_hist', 'lambda': 3.956136790510211, 'alpha': 1.273897717762412, 'colsample_bytree': 0.47265971084507086, 'subsample': 0.8102969741193312, 'learning_rate': 0.026630190980054917, 'max_depth': 5, 'min_child_weight': 86, 'eval_metric': 'rmse'}. Best is trial 103 with value: 0.842895044206587.
start listen on 192.168.1.101:44527
@tracker All of 1 nodes getting started
@tracker All nodes finishes job
Trial 118 finished with value: 0.848008402758863 and parameters: {'objective': 'reg:squarederror', 'tree_method': 'gpu_hist', 'lambda': 9.83950877507764, 'alpha': 0.7997943898669831, 'colsample_bytree': 0.5967376865939849, 'subsample': 0.8301376607991853, 'learning_rate': 0.0299030144433767, 'max_depth': 13, 'min_child_weight': 72, 'eval_metric': 'rmse'}. Best is trial 103 with value: 0.842895044206587.
start listen on 192.168.1.101:52077
@tracker All of 1 nodes getting started
@tracker All nodes finishes job
Trial 119 finished with value: 0.8581777208843335 and parameters: {'objective': 'reg:squarederror', 'tree_method': 'gpu_hist', 'lambda': 7.335756734193208, 'alpha': 0.7341762302015489, 'colsample_bytree': 0.5079329280018384, 'subsample': 0.8806297772345103, 'learning_rate': 0.05302218771402769, 'max_depth': 17, 'min_child_weight': 101, 'eval_metric': 'rmse'}. Best is trial 103 with value: 0.842895044206587.
start listen on 192.168.1.101:45785
@tracker All of 1 nodes getting started
@tracker All nodes finishes job
Trial 120 finished with value: 0.8431471706170749 and parameters: {'objective': 'reg:squarederror', 'tree_method': 'gpu_hist', 'lambda': 2.478076629826271, 'alpha': 1.7192460054423802, 'colsample_bytree': 0.6599967243383893, 'subsample': 0.818451178065627, 'learning_rate': 0.03518023112418892, 'max_depth': 5, 'min_child_weight': 57, 'eval_metric': 'rmse'}. Best is trial 103 with value: 0.842895044206587.
start listen on 192.168.1.101:49153
@tracker All of 1 nodes getting started
@tracker All nodes finishes job
Trial 121 finished with value: 0.8434111729850218 and parameters: {'objective': 'reg:squarederror', 'tree_method': 'gpu_hist', 'lambda': 2.5026582093314027, 'alpha': 1.7960085871713551, 'colsample_bytree': 0.6406617500244058, 'subsample': 0.7943574666610328, 'learning_rate': 0.0340202019968447, 'max_depth': 5, 'min_child_weight': 49, 'eval_metric': 'rmse'}. Best is trial 103 with value: 0.842895044206587.
start listen on 192.168.1.101:50227
@tracker All of 1 nodes getting started
@tracker All nodes finishes job
Trial 122 finished with value: 0.843278479856682 and parameters: {'objective': 'reg:squarederror', 'tree_method': 'gpu_hist', 'lambda': 6.084729491955327, 'alpha': 1.0747113501550012, 'colsample_bytree': 0.6828123209028848, 'subsample': 0.8218029193193238, 'learning_rate': 0.04438138992090137, 'max_depth': 5, 'min_child_weight': 56, 'eval_metric': 'rmse'}. Best is trial 103 with value: 0.842895044206587.
start listen on 192.168.1.101:34383
@tracker All of 1 nodes getting started
@tracker All nodes finishes job
Trial 123 finished with value: 0.8429927139000511 and parameters: {'objective': 'reg:squarederror', 'tree_method': 'gpu_hist', 'lambda': 4.893211179205155, 'alpha': 1.4519324830221791, 'colsample_bytree': 0.5512651512282799, 'subsample': 0.8314889264906274, 'learning_rate': 0.03217440167084642, 'max_depth': 5, 'min_child_weight': 72, 'eval_metric': 'rmse'}. Best is trial 103 with value: 0.842895044206587.
start listen on 192.168.1.101:58051
@tracker All of 1 nodes getting started
@tracker All nodes finishes job
Trial 124 finished with value: 0.843069627372548 and parameters: {'objective': 'reg:squarederror', 'tree_method': 'gpu_hist', 'lambda': 5.073325765056474, 'alpha': 0.4827157001410538, 'colsample_bytree': 0.5635823158870036, 'subsample': 0.8339072594834341, 'learning_rate': 0.0315625373259128, 'max_depth': 5, 'min_child_weight': 97, 'eval_metric': 'rmse'}. Best is trial 103 with value: 0.842895044206587.
start listen on 192.168.1.101:35099
@tracker All of 1 nodes getting started
@tracker All nodes finishes job
Trial 125 finished with value: 0.8428688176267208 and parameters: {'objective': 'reg:squarederror', 'tree_method': 'gpu_hist', 'lambda': 4.783003630209342, 'alpha': 0.67913195344095, 'colsample_bytree': 0.54695753678001, 'subsample': 0.8397780299042097, 'learning_rate': 0.031338422870616015, 'max_depth': 5, 'min_child_weight': 95, 'eval_metric': 'rmse'}. Best is trial 125 with value: 0.8428688176267208.
start listen on 192.168.1.101:56497
@tracker All of 1 nodes getting started
@tracker All nodes finishes job
