Trial 839 finished with value: 0.8430666305224087 and parameters: {'objective': 'reg:squarederror', 'tree_method': 'gpu_hist', 'lambda': 3.6588382953370195, 'alpha': 0.002657380995632333, 'colsample_bytree': 0.5306149102703569, 'subsample': 0.6787798553238016, 'learning_rate': 0.02073903277726616, 'max_depth': 9, 'min_child_weight': 160, 'eval_metric': 'rmse'}. Best is trial 731 with value: 0.842384087517236.
start listen on 192.168.1.101:36377
@tracker All of 1 nodes getting started
@tracker All nodes finishes job
Trial 840 finished with value: 0.8426885672265648 and parameters: {'objective': 'reg:squarederror', 'tree_method': 'gpu_hist', 'lambda': 0.10100528215653116, 'alpha': 0.0015859043496599572, 'colsample_bytree': 0.3220573326929628, 'subsample': 0.7601432556088786, 'learning_rate': 0.042889149444588555, 'max_depth': 5, 'min_child_weight': 183, 'eval_metric': 'rmse'}. Best is trial 731 with value: 0.842384087517236.
start listen on 192.168.1.101:50419
@tracker All of 1 nodes getting started
@tracker All nodes finishes job
Trial 841 finished with value: 0.8425338043618165 and parameters: {'objective': 'reg:squarederror', 'tree_method': 'gpu_hist', 'lambda': 0.22485908632124163, 'alpha': 0.0018947728061922532, 'colsample_bytree': 0.3339704035806427, 'subsample': 0.7730853078086979, 'learning_rate': 0.04712839522336717, 'max_depth': 5, 'min_child_weight': 168, 'eval_metric': 'rmse'}. Best is trial 731 with value: 0.842384087517236.
start listen on 192.168.1.101:32821
@tracker All of 1 nodes getting started
@tracker All nodes finishes job
Trial 842 finished with value: 0.8425508643690972 and parameters: {'objective': 'reg:squarederror', 'tree_method': 'gpu_hist', 'lambda': 0.2163178498496152, 'alpha': 7.713464460318331, 'colsample_bytree': 0.31500712236155737, 'subsample': 0.7382005427692461, 'learning_rate': 0.05442882498434245, 'max_depth': 5, 'min_child_weight': 177, 'eval_metric': 'rmse'}. Best is trial 731 with value: 0.842384087517236.
start listen on 192.168.1.101:35871
@tracker All of 1 nodes getting started
@tracker All nodes finishes job
Trial 843 finished with value: 0.843252440562873 and parameters: {'objective': 'reg:squarederror', 'tree_method': 'gpu_hist', 'lambda': 0.22355563054270036, 'alpha': 0.0354159383183472, 'colsample_bytree': 0.31816254008033784, 'subsample': 0.7318364892538504, 'learning_rate': 0.07081041526473475, 'max_depth': 5, 'min_child_weight': 177, 'eval_metric': 'rmse'}. Best is trial 731 with value: 0.842384087517236.
start listen on 192.168.1.101:47693
@tracker All of 1 nodes getting started
@tracker All nodes finishes job
Trial 844 finished with value: 0.843179992743728 and parameters: {'objective': 'reg:squarederror', 'tree_method': 'gpu_hist', 'lambda': 0.21846680734119314, 'alpha': 0.0014823162634052664, 'colsample_bytree': 0.31110388537520645, 'subsample': 0.7149609372943996, 'learning_rate': 0.061773925403591244, 'max_depth': 5, 'min_child_weight': 186, 'eval_metric': 'rmse'}. Best is trial 731 with value: 0.842384087517236.
start listen on 192.168.1.101:54629
@tracker All of 1 nodes getting started
@tracker All nodes finishes job
Trial 845 finished with value: 0.8430756499734344 and parameters: {'objective': 'reg:squarederror', 'tree_method': 'gpu_hist', 'lambda': 0.24088710529341562, 'alpha': 2.051470691640904, 'colsample_bytree': 0.3013801133649414, 'subsample': 0.7393180831926632, 'learning_rate': 0.06383554713793627, 'max_depth': 3, 'min_child_weight': 173, 'eval_metric': 'rmse'}. Best is trial 731 with value: 0.842384087517236.
start listen on 192.168.1.101:54981
@tracker All of 1 nodes getting started
@tracker All nodes finishes job
Trial 846 finished with value: 0.8431342769209254 and parameters: {'objective': 'reg:squarederror', 'tree_method': 'gpu_hist', 'lambda': 0.2329724656391015, 'alpha': 1.214777658816465, 'colsample_bytree': 0.3003912962267575, 'subsample': 0.4012316062356732, 'learning_rate': 0.05782957965696641, 'max_depth': 5, 'min_child_weight': 180, 'eval_metric': 'rmse'}. Best is trial 731 with value: 0.842384087517236.
start listen on 192.168.1.101:47069
@tracker All of 1 nodes getting started
@tracker All nodes finishes job
Trial 847 finished with value: 0.8541439509557875 and parameters: {'objective': 'reg:squarederror', 'tree_method': 'gpu_hist', 'lambda': 0.18809692206144643, 'alpha': 1.509876297897904, 'colsample_bytree': 0.3193345333608489, 'subsample': 0.7468468203841956, 'learning_rate': 0.05499500843892752, 'max_depth': 15, 'min_child_weight': 169, 'eval_metric': 'rmse'}. Best is trial 731 with value: 0.842384087517236.
start listen on 192.168.1.101:56107
@tracker All of 1 nodes getting started
@tracker All nodes finishes job
Trial 848 finished with value: 0.843013873265581 and parameters: {'objective': 'reg:squarederror', 'tree_method': 'gpu_hist', 'lambda': 0.19159437979756952, 'alpha': 3.407694871769522, 'colsample_bytree': 0.31203091793379445, 'subsample': 0.7392142223598513, 'learning_rate': 0.059444253373537335, 'max_depth': 5, 'min_child_weight': 184, 'eval_metric': 'rmse'}. Best is trial 731 with value: 0.842384087517236.
start listen on 192.168.1.101:49731
@tracker All of 1 nodes getting started
@tracker All nodes finishes job
Trial 849 finished with value: 0.8570171887638117 and parameters: {'objective': 'reg:squarederror', 'tree_method': 'gpu_hist', 'lambda': 0.24592557538361107, 'alpha': 1.7363696601485505, 'colsample_bytree': 0.32643330629650036, 'subsample': 0.7285845421274781, 'learning_rate': 0.053421199721982296, 'max_depth': 13, 'min_child_weight': 43, 'eval_metric': 'rmse'}. Best is trial 731 with value: 0.842384087517236.
start listen on 192.168.1.101:40779
@tracker All of 1 nodes getting started
@tracker All nodes finishes job
Trial 850 finished with value: 0.8428447805518838 and parameters: {'objective': 'reg:squarederror', 'tree_method': 'gpu_hist', 'lambda': 0.17968300640556173, 'alpha': 4.804605316185016, 'colsample_bytree': 0.33288320830201645, 'subsample': 0.5054902837151847, 'learning_rate': 0.05015788318603566, 'max_depth': 5, 'min_child_weight': 175, 'eval_metric': 'rmse'}. Best is trial 731 with value: 0.842384087517236.
start listen on 192.168.1.101:42431
@tracker All of 1 nodes getting started
@tracker All nodes finishes job
Trial 851 finished with value: 0.8430670905694542 and parameters: {'objective': 'reg:squarederror', 'tree_method': 'gpu_hist', 'lambda': 0.22150596333451789, 'alpha': 0.022992389121253873, 'colsample_bytree': 0.31315640335146117, 'subsample': 0.7493730030338713, 'learning_rate': 0.06374906521451068, 'max_depth': 5, 'min_child_weight': 168, 'eval_metric': 'rmse'}. Best is trial 731 with value: 0.842384087517236.
start listen on 192.168.1.101:59917
@tracker All of 1 nodes getting started
@tracker All nodes finishes job
Trial 852 finished with value: 0.8428335612618242 and parameters: {'objective': 'reg:squarederror', 'tree_method': 'gpu_hist', 'lambda': 0.23609546988277474, 'alpha': 0.0014902373987056375, 'colsample_bytree': 0.32652068165894654, 'subsample': 0.7542522668936708, 'learning_rate': 0.05468208469684243, 'max_depth': 5, 'min_child_weight': 190, 'eval_metric': 'rmse'}. Best is trial 731 with value: 0.842384087517236.
start listen on 192.168.1.101:60181
@tracker All of 1 nodes getting started
@tracker All nodes finishes job
Trial 853 finished with value: 0.8425752242126257 and parameters: {'objective': 'reg:squarederror', 'tree_method': 'gpu_hist', 'lambda': 0.17041725406832609, 'alpha': 0.0017842828728542553, 'colsample_bytree': 0.3428451300114834, 'subsample': 0.7560328568267087, 'learning_rate': 0.04898457306712415, 'max_depth': 5, 'min_child_weight': 179, 'eval_metric': 'rmse'}. Best is trial 731 with value: 0.842384087517236.
start listen on 192.168.1.101:54897
@tracker All of 1 nodes getting started
@tracker All nodes finishes job
Trial 854 finished with value: 0.8566727071725224 and parameters: {'objective': 'reg:squarederror', 'tree_method': 'gpu_hist', 'lambda': 0.21294876098562243, 'alpha': 0.047830281418129526, 'colsample_bytree': 0.3121699148759541, 'subsample': 0.743091124328262, 'learning_rate': 0.0579145095183092, 'max_depth': 17, 'min_child_weight': 172, 'eval_metric': 'rmse'}. Best is trial 731 with value: 0.842384087517236.
start listen on 192.168.1.101:48095
@tracker All of 1 nodes getting started
@tracker All nodes finishes job
Trial 855 finished with value: 0.842751071157844 and parameters: {'objective': 'reg:squarederror', 'tree_method': 'gpu_hist', 'lambda': 0.04886519883356905, 'alpha': 0.006203142880150687, 'colsample_bytree': 0.3307437852534287, 'subsample': 0.7649754211534846, 'learning_rate': 0.0517257584089861, 'max_depth': 5, 'min_child_weight': 190, 'eval_metric': 'rmse'}. Best is trial 731 with value: 0.842384087517236.
start listen on 192.168.1.101:57851
@tracker All of 1 nodes getting started
@tracker All nodes finishes job
Trial 856 finished with value: 2.4063541100411467 and parameters: {'objective': 'reg:squarederror', 'tree_method': 'gpu_hist', 'lambda': 0.2421373843483803, 'alpha': 2.58860268577354, 'colsample_bytree': 0.34734157543099564, 'subsample': 0.7657631789273085, 'learning_rate': 0.0011309488859115207, 'max_depth': 5, 'min_child_weight': 166, 'eval_metric': 'rmse'}. Best is trial 731 with value: 0.842384087517236.
start listen on 192.168.1.101:40697
@tracker All of 1 nodes getting started
@tracker All nodes finishes job
Trial 857 finished with value: 0.8433769175101078 and parameters: {'objective': 'reg:squarederror', 'tree_method': 'gpu_hist', 'lambda': 0.19688318596175766, 'alpha': 0.01625178645721508, 'colsample_bytree': 0.3192206304175589, 'subsample': 0.7207534754059821, 'learning_rate': 0.07271366482660542, 'max_depth': 5, 'min_child_weight': 184, 'eval_metric': 'rmse'}. Best is trial 731 with value: 0.842384087517236.
start listen on 192.168.1.101:58903
@tracker All of 1 nodes getting started
@tracker All nodes finishes job
Trial 858 finished with value: 0.8426481073937544 and parameters: {'objective': 'reg:squarederror', 'tree_method': 'gpu_hist', 'lambda': 0.06796584826304759, 'alpha': 3.0249885643785257, 'colsample_bytree': 0.3387532203090133, 'subsample': 0.7530102058249992, 'learning_rate': 0.051327459325793176, 'max_depth': 5, 'min_child_weight': 291, 'eval_metric': 'rmse'}. Best is trial 731 with value: 0.842384087517236.
start listen on 192.168.1.101:52069
@tracker All of 1 nodes getting started
@tracker All nodes finishes job
Trial 859 finished with value: 0.8426798805226977 and parameters: {'objective': 'reg:squarederror', 'tree_method': 'gpu_hist', 'lambda': 0.1419393076434918, 'alpha': 0.029323615042139088, 'colsample_bytree': 0.3005029932286299, 'subsample': 0.7673384222270758, 'learning_rate': 0.04784309800213663, 'max_depth': 5, 'min_child_weight': 180, 'eval_metric': 'rmse'}. Best is trial 731 with value: 0.842384087517236.
start listen on 192.168.1.101:53841
@tracker All of 1 nodes getting started
@tracker All nodes finishes job
Trial 860 finished with value: 0.8747716876527062 and parameters: {'objective': 'reg:squarederror', 'tree_method': 'gpu_hist', 'lambda': 0.2522870210498844, 'alpha': 0.0014066180723252587, 'colsample_bytree': 0.3632110894160523, 'subsample': 0.7040846402351066, 'learning_rate': 0.0913208068309456, 'max_depth': 20, 'min_child_weight': 173, 'eval_metric': 'rmse'}. Best is trial 731 with value: 0.842384087517236.
start listen on 192.168.1.101:51979
@tracker All of 1 nodes getting started
@tracker All nodes finishes job
Trial 861 finished with value: 0.8453965220084668 and parameters: {'objective': 'reg:squarederror', 'tree_method': 'gpu_hist', 'lambda': 0.0808585802511367, 'alpha': 0.0017166213721973732, 'colsample_bytree': 0.32431106095047274, 'subsample': 0.7394196544645469, 'learning_rate': 0.014243292987422138, 'max_depth': 5, 'min_child_weight': 155, 'eval_metric': 'rmse'}. Best is trial 731 with value: 0.842384087517236.
start listen on 192.168.1.101:35651
@tracker All of 1 nodes getting started
@tracker All nodes finishes job
Trial 862 finished with value: 0.8426110387489778 and parameters: {'objective': 'reg:squarederror', 'tree_method': 'gpu_hist', 'lambda': 0.17555087253292317, 'alpha': 6.078406102121708, 'colsample_bytree': 0.31221492180186505, 'subsample': 0.772154495590576, 'learning_rate': 0.04217804564593825, 'max_depth': 5, 'min_child_weight': 187, 'eval_metric': 'rmse'}. Best is trial 731 with value: 0.842384087517236.
start listen on 192.168.1.101:45025
@tracker All of 1 nodes getting started
@tracker All nodes finishes job
Trial 863 finished with value: 0.8426643861094721 and parameters: {'objective': 'reg:squarederror', 'tree_method': 'gpu_hist', 'lambda': 0.12550238640512587, 'alpha': 0.0014037866376715577, 'colsample_bytree': 0.3521503641183625, 'subsample': 0.753768679731235, 'learning_rate': 0.04558589873770044, 'max_depth': 5, 'min_child_weight': 177, 'eval_metric': 'rmse'}. Best is trial 731 with value: 0.842384087517236.
start listen on 192.168.1.101:45503
@tracker All of 1 nodes getting started
@tracker All nodes finishes job
Trial 864 finished with value: 0.8433258976319781 and parameters: {'objective': 'reg:squarederror', 'tree_method': 'gpu_hist', 'lambda': 0.1605682359113128, 'alpha': 0.004010531421497337, 'colsample_bytree': 0.5792564150244022, 'subsample': 0.7750131784393883, 'learning_rate': 0.05664420285920555, 'max_depth': 5, 'min_child_weight': 166, 'eval_metric': 'rmse'}. Best is trial 731 with value: 0.842384087517236.
start listen on 192.168.1.101:51521
@tracker All of 1 nodes getting started
@tracker All nodes finishes job
Trial 865 finished with value: 0.8429462273117491 and parameters: {'objective': 'reg:squarederror', 'tree_method': 'gpu_hist', 'lambda': 0.22783493938014915, 'alpha': 8.06567733351369, 'colsample_bytree': 0.3402630911727695, 'subsample': 0.9772140866274828, 'learning_rate': 0.03964892757647182, 'max_depth': 7, 'min_child_weight': 160, 'eval_metric': 'rmse'}. Best is trial 731 with value: 0.842384087517236.
start listen on 192.168.1.101:35863
@tracker All of 1 nodes getting started
@tracker All nodes finishes job
Trial 866 finished with value: 0.8429684125771459 and parameters: {'objective': 'reg:squarederror', 'tree_method': 'gpu_hist', 'lambda': 0.2739167208202867, 'alpha': 3.715114702291826, 'colsample_bytree': 0.32623657561662744, 'subsample': 0.7607731115296271, 'learning_rate': 0.04842562034382222, 'max_depth': 5, 'min_child_weight': 189, 'eval_metric': 'rmse'}. Best is trial 731 with value: 0.842384087517236.
start listen on 192.168.1.101:41313
@tracker All of 1 nodes getting started
@tracker All nodes finishes job
Trial 867 finished with value: 0.8431807231801524 and parameters: {'objective': 'reg:squarederror', 'tree_method': 'gpu_hist', 'lambda': 1.5039740706615594, 'alpha': 0.0023210329907003865, 'colsample_bytree': 0.37665218554081903, 'subsample': 0.7452208429087436, 'learning_rate': 0.06407025138597053, 'max_depth': 5, 'min_child_weight': 171, 'eval_metric': 'rmse'}. Best is trial 731 with value: 0.842384087517236.
start listen on 192.168.1.101:36187
@tracker All of 1 nodes getting started
@tracker All nodes finishes job
Trial 868 finished with value: 0.8427182404809558 and parameters: {'objective': 'reg:squarederror', 'tree_method': 'gpu_hist', 'lambda': 0.09223869117062027, 'alpha': 0.0019510568276969583, 'colsample_bytree': 0.31123795184009495, 'subsample': 0.771550193084365, 'learning_rate': 0.05349201928621236, 'max_depth': 5, 'min_child_weight': 141, 'eval_metric': 'rmse'}. Best is trial 731 with value: 0.842384087517236.
start listen on 192.168.1.101:55541
@tracker All of 1 nodes getting started
@tracker All nodes finishes job
Trial 869 finished with value: 0.8470438861224648 and parameters: {'objective': 'reg:squarederror', 'tree_method': 'gpu_hist', 'lambda': 0.06245740816303518, 'alpha': 0.0015497780625701287, 'colsample_bytree': 0.33556027063304095, 'subsample': 0.7594489332955158, 'learning_rate': 0.04445806840057733, 'max_depth': 11, 'min_child_weight': 180, 'eval_metric': 'rmse'}. Best is trial 731 with value: 0.842384087517236.
start listen on 192.168.1.101:47931
@tracker All of 1 nodes getting started
@tracker All nodes finishes job
Trial 870 finished with value: 0.8444967158285733 and parameters: {'objective': 'reg:squarederror', 'tree_method': 'gpu_hist', 'lambda': 0.18204643006809312, 'alpha': 0.00327311720427366, 'colsample_bytree': 0.3559784994547486, 'subsample': 0.7778995583386643, 'learning_rate': 0.04066439449068326, 'max_depth': 9, 'min_child_weight': 165, 'eval_metric': 'rmse'}. Best is trial 731 with value: 0.842384087517236.
start listen on 192.168.1.101:52689
@tracker All of 1 nodes getting started
@tracker All nodes finishes job
Trial 871 finished with value: 0.8608783283407179 and parameters: {'objective': 'reg:squarederror', 'tree_method': 'gpu_hist', 'lambda': 0.14365606118182347, 'alpha': 0.0012390629362252369, 'colsample_bytree': 0.30005450169253495, 'subsample': 0.7303554537452538, 'learning_rate': 0.004243881647309166, 'max_depth': 5, 'min_child_weight': 227, 'eval_metric': 'rmse'}. Best is trial 731 with value: 0.842384087517236.
start listen on 192.168.1.101:54885
@tracker All of 1 nodes getting started
@tracker All nodes finishes job
Trial 872 finished with value: 0.8428376954073248 and parameters: {'objective': 'reg:squarederror', 'tree_method': 'gpu_hist', 'lambda': 0.11832182720431694, 'alpha': 0.0017602710357263092, 'colsample_bytree': 0.32146821014103055, 'subsample': 0.7670547407327254, 'learning_rate': 0.05028231196018534, 'max_depth': 5, 'min_child_weight': 153, 'eval_metric': 'rmse'}. Best is trial 731 with value: 0.842384087517236.
start listen on 192.168.1.101:53729
@tracker All of 1 nodes getting started
@tracker All nodes finishes job
Trial 873 finished with value: 0.8425644017554332 and parameters: {'objective': 'reg:squarederror', 'tree_method': 'gpu_hist', 'lambda': 0.2550455931010899, 'alpha': 0.002722466306600277, 'colsample_bytree': 0.3468682580403866, 'subsample': 0.7814882768841729, 'learning_rate': 0.057852534031426914, 'max_depth': 5, 'min_child_weight': 191, 'eval_metric': 'rmse'}. Best is trial 731 with value: 0.842384087517236.
start listen on 192.168.1.101:47427
@tracker All of 1 nodes getting started
@tracker All nodes finishes job
Trial 874 finished with value: 0.8428581871550705 and parameters: {'objective': 'reg:squarederror', 'tree_method': 'gpu_hist', 'lambda': 0.197878258168853, 'alpha': 5.292457206006956, 'colsample_bytree': 0.40464198457528705, 'subsample': 0.7511612385875607, 'learning_rate': 0.04570363046996024, 'max_depth': 5, 'min_child_weight': 175, 'eval_metric': 'rmse'}. Best is trial 731 with value: 0.842384087517236.
start listen on 192.168.1.101:42749
@tracker All of 1 nodes getting started
@tracker All nodes finishes job
Trial 875 finished with value: 0.8431452004435082 and parameters: {'objective': 'reg:squarederror', 'tree_method': 'gpu_hist', 'lambda': 0.2660414027998814, 'alpha': 0.005128857194274941, 'colsample_bytree': 0.3294127570358676, 'subsample': 0.7837965645745961, 'learning_rate': 0.05420829402410438, 'max_depth': 5, 'min_child_weight': 18, 'eval_metric': 'rmse'}. Best is trial 731 with value: 0.842384087517236.
start listen on 192.168.1.101:37573
@tracker All of 1 nodes getting started
@tracker All nodes finishes job
Trial 876 finished with value: 0.8441723805763831 and parameters: {'objective': 'reg:squarederror', 'tree_method': 'gpu_hist', 'lambda': 0.07836570447129952, 'alpha': 0.0013275837726355955, 'colsample_bytree': 0.31039517884479145, 'subsample': 0.7693872944555159, 'learning_rate': 0.04222815806005683, 'max_depth': 3, 'min_child_weight': 169, 'eval_metric': 'rmse'}. Best is trial 731 with value: 0.842384087517236.
start listen on 192.168.1.101:53377
@tracker All of 1 nodes getting started
@tracker All nodes finishes job
Trial 877 finished with value: 0.8518942322530116 and parameters: {'objective': 'reg:squarederror', 'tree_method': 'gpu_hist', 'lambda': 0.15255068237211358, 'alpha': 0.002066958947325637, 'colsample_bytree': 0.3690421090864293, 'subsample': 0.6054552493633224, 'learning_rate': 0.04797777294721967, 'max_depth': 15, 'min_child_weight': 184, 'eval_metric': 'rmse'}. Best is trial 731 with value: 0.842384087517236.
start listen on 192.168.1.101:55471
@tracker All of 1 nodes getting started
@tracker All nodes finishes job
Trial 878 finished with value: 0.842881897079198 and parameters: {'objective': 'reg:squarederror', 'tree_method': 'gpu_hist', 'lambda': 0.10426252258534296, 'alpha': 0.001593494379751337, 'colsample_bytree': 0.34212922524593975, 'subsample': 0.794679568055184, 'learning_rate': 0.03958043168170286, 'max_depth': 5, 'min_child_weight': 161, 'eval_metric': 'rmse'}. Best is trial 731 with value: 0.842384087517236.
start listen on 192.168.1.101:56833
@tracker All of 1 nodes getting started
@tracker All nodes finishes job
Trial 879 finished with value: 0.8427451929115705 and parameters: {'objective': 'reg:squarederror', 'tree_method': 'gpu_hist', 'lambda': 0.2186479854945046, 'alpha': 0.00244505201987585, 'colsample_bytree': 0.36159846642075316, 'subsample': 0.7574823804850569, 'learning_rate': 0.06041252164815947, 'max_depth': 5, 'min_child_weight': 178, 'eval_metric': 'rmse'}. Best is trial 731 with value: 0.842384087517236.
start listen on 192.168.1.101:41319
@tracker All of 1 nodes getting started
@tracker All nodes finishes job
Trial 880 finished with value: 0.8425432608075673 and parameters: {'objective': 'reg:squarederror', 'tree_method': 'gpu_hist', 'lambda': 0.26460302795769625, 'alpha': 4.081074102688778, 'colsample_bytree': 0.32089419604581304, 'subsample': 0.7758489156220374, 'learning_rate': 0.05112992478536579, 'max_depth': 5, 'min_child_weight': 192, 'eval_metric': 'rmse'}. Best is trial 731 with value: 0.842384087517236.
start listen on 192.168.1.101:56825
@tracker All of 1 nodes getting started
@tracker All nodes finishes job
