Trial 252 finished with value: 0.8429075845425369 and parameters: {'objective': 'reg:squarederror', 'tree_method': 'gpu_hist', 'lambda': 0.3860788138433075, 'alpha': 0.00217952411506423, 'colsample_bytree': 0.32511567209023057, 'subsample': 0.7219853973474627, 'learning_rate': 0.048378801229313914, 'max_depth': 5, 'min_child_weight': 162, 'eval_metric': 'rmse'}. Best is trial 167 with value: 0.8424823479958407.
start listen on 192.168.1.101:44829
@tracker All of 1 nodes getting started
@tracker All nodes finishes job
Trial 253 finished with value: 0.8427126651393428 and parameters: {'objective': 'reg:squarederror', 'tree_method': 'gpu_hist', 'lambda': 0.5173359714545204, 'alpha': 0.0014328392973795459, 'colsample_bytree': 0.30093537669466897, 'subsample': 0.7666034089126744, 'learning_rate': 0.043003350920434336, 'max_depth': 5, 'min_child_weight': 178, 'eval_metric': 'rmse'}. Best is trial 167 with value: 0.8424823479958407.
start listen on 192.168.1.101:35635
@tracker All of 1 nodes getting started
@tracker All nodes finishes job
Trial 254 finished with value: 0.8445903441477451 and parameters: {'objective': 'reg:squarederror', 'tree_method': 'gpu_hist', 'lambda': 0.2346727357087241, 'alpha': 0.025450896489256664, 'colsample_bytree': 0.3492519975845014, 'subsample': 0.8100711935190767, 'learning_rate': 0.038929174362187194, 'max_depth': 9, 'min_child_weight': 151, 'eval_metric': 'rmse'}. Best is trial 167 with value: 0.8424823479958407.
start listen on 192.168.1.101:54209
@tracker All of 1 nodes getting started
@tracker All nodes finishes job
Trial 255 finished with value: 0.8425548934927345 and parameters: {'objective': 'reg:squarederror', 'tree_method': 'gpu_hist', 'lambda': 0.4260307102525972, 'alpha': 0.0011522603413167136, 'colsample_bytree': 0.3334748590696677, 'subsample': 0.7836082576147047, 'learning_rate': 0.05029755840044729, 'max_depth': 5, 'min_child_weight': 204, 'eval_metric': 'rmse'}. Best is trial 167 with value: 0.8424823479958407.
start listen on 192.168.1.101:45777
@tracker All of 1 nodes getting started
@tracker All nodes finishes job
Trial 256 finished with value: 0.8432547621239452 and parameters: {'objective': 'reg:squarederror', 'tree_method': 'gpu_hist', 'lambda': 0.41992126015654446, 'alpha': 0.0011586111082594326, 'colsample_bytree': 0.3310462087845294, 'subsample': 0.7823129169710166, 'learning_rate': 0.05874112283588949, 'max_depth': 5, 'min_child_weight': 211, 'eval_metric': 'rmse'}. Best is trial 167 with value: 0.8424823479958407.
start listen on 192.168.1.101:41969
@tracker All of 1 nodes getting started
@tracker All nodes finishes job
Trial 257 finished with value: 0.8429272301523743 and parameters: {'objective': 'reg:squarederror', 'tree_method': 'gpu_hist', 'lambda': 0.3078711816341776, 'alpha': 0.0010152418454814252, 'colsample_bytree': 0.3187252036130432, 'subsample': 0.796131166106257, 'learning_rate': 0.05171320570130053, 'max_depth': 5, 'min_child_weight': 199, 'eval_metric': 'rmse'}. Best is trial 167 with value: 0.8424823479958407.
start listen on 192.168.1.101:60841
@tracker All of 1 nodes getting started
@tracker All nodes finishes job
Trial 258 finished with value: 0.8426850135446345 and parameters: {'objective': 'reg:squarederror', 'tree_method': 'gpu_hist', 'lambda': 0.3517449270502588, 'alpha': 0.0016952763585348506, 'colsample_bytree': 0.3377268663767935, 'subsample': 0.7579015759282933, 'learning_rate': 0.03532578263430128, 'max_depth': 5, 'min_child_weight': 204, 'eval_metric': 'rmse'}. Best is trial 167 with value: 0.8424823479958407.
start listen on 192.168.1.101:59843
@tracker All of 1 nodes getting started
@tracker All nodes finishes job
Trial 259 finished with value: 0.8464932699236228 and parameters: {'objective': 'reg:squarederror', 'tree_method': 'gpu_hist', 'lambda': 0.589179289027466, 'alpha': 0.0014024549938969622, 'colsample_bytree': 0.3182428593874655, 'subsample': 0.8176540921756068, 'learning_rate': 0.043053260506445354, 'max_depth': 11, 'min_child_weight': 191, 'eval_metric': 'rmse'}. Best is trial 167 with value: 0.8424823479958407.
start listen on 192.168.1.101:54203
@tracker All of 1 nodes getting started
@tracker All nodes finishes job
Trial 260 finished with value: 0.8438100114276653 and parameters: {'objective': 'reg:squarederror', 'tree_method': 'gpu_hist', 'lambda': 0.46159648479895926, 'alpha': 0.0019720429812516626, 'colsample_bytree': 0.36045153246899486, 'subsample': 0.7954019055601279, 'learning_rate': 0.049810844757001836, 'max_depth': 3, 'min_child_weight': 171, 'eval_metric': 'rmse'}. Best is trial 167 with value: 0.8424823479958407.
start listen on 192.168.1.101:51903
@tracker All of 1 nodes getting started
@tracker All nodes finishes job
Trial 261 finished with value: 0.8532727610422974 and parameters: {'objective': 'reg:squarederror', 'tree_method': 'gpu_hist', 'lambda': 0.2672725609542121, 'alpha': 0.0012554241058821021, 'colsample_bytree': 0.3003431534343631, 'subsample': 0.779157371462998, 'learning_rate': 0.05687123317215308, 'max_depth': 15, 'min_child_weight': 218, 'eval_metric': 'rmse'}. Best is trial 167 with value: 0.8424823479958407.
start listen on 192.168.1.101:54793
@tracker All of 1 nodes getting started
@tracker All nodes finishes job
Trial 262 finished with value: 0.842952490616277 and parameters: {'objective': 'reg:squarederror', 'tree_method': 'gpu_hist', 'lambda': 0.38954501934558117, 'alpha': 0.002975525697735346, 'colsample_bytree': 0.34403175344771525, 'subsample': 0.8094134430400373, 'learning_rate': 0.06625863565789243, 'max_depth': 5, 'min_child_weight': 186, 'eval_metric': 'rmse'}. Best is trial 167 with value: 0.8424823479958407.
start listen on 192.168.1.101:47113
@tracker All of 1 nodes getting started
@tracker All nodes finishes job
Trial 263 finished with value: 0.8425590337600586 and parameters: {'objective': 'reg:squarederror', 'tree_method': 'gpu_hist', 'lambda': 0.7241535982648273, 'alpha': 0.0016192260605606293, 'colsample_bytree': 0.3305395024745027, 'subsample': 0.76854548524164, 'learning_rate': 0.038822688556287954, 'max_depth': 5, 'min_child_weight': 159, 'eval_metric': 'rmse'}. Best is trial 167 with value: 0.8424823479958407.
start listen on 192.168.1.101:54077
@tracker All of 1 nodes getting started
@tracker All nodes finishes job
Trial 264 finished with value: 0.8462030046774873 and parameters: {'objective': 'reg:squarederror', 'tree_method': 'gpu_hist', 'lambda': 0.6967136881723607, 'alpha': 0.0010029849397456092, 'colsample_bytree': 0.32842857437546324, 'subsample': 0.7384465054213032, 'learning_rate': 0.03385781690869117, 'max_depth': 13, 'min_child_weight': 156, 'eval_metric': 'rmse'}. Best is trial 167 with value: 0.8424823479958407.
start listen on 192.168.1.101:41769
@tracker All of 1 nodes getting started
@tracker All nodes finishes job
Trial 265 finished with value: 0.8426168952760227 and parameters: {'objective': 'reg:squarederror', 'tree_method': 'gpu_hist', 'lambda': 0.5271624735254554, 'alpha': 0.0015585158280638982, 'colsample_bytree': 0.31464883815295674, 'subsample': 0.7698992574109093, 'learning_rate': 0.03656830381367312, 'max_depth': 5, 'min_child_weight': 164, 'eval_metric': 'rmse'}. Best is trial 167 with value: 0.8424823479958407.
start listen on 192.168.1.101:59533
@tracker All of 1 nodes getting started
@tracker All nodes finishes job
Trial 266 finished with value: 0.8428450270136879 and parameters: {'objective': 'reg:squarederror', 'tree_method': 'gpu_hist', 'lambda': 0.49460073586836234, 'alpha': 0.0013504466693080679, 'colsample_bytree': 0.3137643084849999, 'subsample': 0.763588028810208, 'learning_rate': 0.03736629534589363, 'max_depth': 5, 'min_child_weight': 162, 'eval_metric': 'rmse'}. Best is trial 167 with value: 0.8424823479958407.
start listen on 192.168.1.101:45881
@tracker All of 1 nodes getting started
@tracker All nodes finishes job
Trial 267 finished with value: 0.8427493713422098 and parameters: {'objective': 'reg:squarederror', 'tree_method': 'gpu_hist', 'lambda': 0.08406592890681074, 'alpha': 0.0017103948968850641, 'colsample_bytree': 0.3128824480305796, 'subsample': 0.7506273511061791, 'learning_rate': 0.038059686710680926, 'max_depth': 5, 'min_child_weight': 149, 'eval_metric': 'rmse'}. Best is trial 167 with value: 0.8424823479958407.
start listen on 192.168.1.101:43081
@tracker All of 1 nodes getting started
@tracker All nodes finishes job
Trial 268 finished with value: 0.8427723034867307 and parameters: {'objective': 'reg:squarederror', 'tree_method': 'gpu_hist', 'lambda': 0.8621576537771756, 'alpha': 0.0011518736849068043, 'colsample_bytree': 0.3293777011977063, 'subsample': 0.7732683828351141, 'learning_rate': 0.040731140665864723, 'max_depth': 5, 'min_child_weight': 160, 'eval_metric': 'rmse'}. Best is trial 167 with value: 0.8424823479958407.
start listen on 192.168.1.101:56981
@tracker All of 1 nodes getting started
@tracker All nodes finishes job
Trial 269 finished with value: 0.842828119945724 and parameters: {'objective': 'reg:squarederror', 'tree_method': 'gpu_hist', 'lambda': 0.7279415884521031, 'alpha': 0.002122042999645612, 'colsample_bytree': 0.315488552109674, 'subsample': 0.7642503831624032, 'learning_rate': 0.03437960443405369, 'max_depth': 5, 'min_child_weight': 174, 'eval_metric': 'rmse'}. Best is trial 167 with value: 0.8424823479958407.
start listen on 192.168.1.101:48531
@tracker All of 1 nodes getting started
@tracker All nodes finishes job
Trial 270 finished with value: 0.8426496163655498 and parameters: {'objective': 'reg:squarederror', 'tree_method': 'gpu_hist', 'lambda': 0.4537832386612476, 'alpha': 0.0014784373283827157, 'colsample_bytree': 0.3400145460966118, 'subsample': 0.7840450751294105, 'learning_rate': 0.03975185950201313, 'max_depth': 5, 'min_child_weight': 209, 'eval_metric': 'rmse'}. Best is trial 167 with value: 0.8424823479958407.
start listen on 192.168.1.101:52107
@tracker All of 1 nodes getting started
@tracker All nodes finishes job
Trial 271 finished with value: 0.8507413129677432 and parameters: {'objective': 'reg:squarederror', 'tree_method': 'gpu_hist', 'lambda': 0.6401863973986526, 'alpha': 0.0012356201871827743, 'colsample_bytree': 0.32666500857466557, 'subsample': 0.7719782676751754, 'learning_rate': 0.04271909428559523, 'max_depth': 17, 'min_child_weight': 195, 'eval_metric': 'rmse'}. Best is trial 167 with value: 0.8424823479958407.
start listen on 192.168.1.101:42907
@tracker All of 1 nodes getting started
@tracker All nodes finishes job
Trial 272 finished with value: 0.8428440010313898 and parameters: {'objective': 'reg:squarederror', 'tree_method': 'gpu_hist', 'lambda': 0.3743246539187744, 'alpha': 0.0017910172396109634, 'colsample_bytree': 0.30619118699251746, 'subsample': 0.757794613073235, 'learning_rate': 0.04649439716082056, 'max_depth': 5, 'min_child_weight': 167, 'eval_metric': 'rmse'}. Best is trial 167 with value: 0.8424823479958407.
start listen on 192.168.1.101:38529
@tracker All of 1 nodes getting started
@tracker All nodes finishes job
Trial 273 finished with value: 0.8427279453962504 and parameters: {'objective': 'reg:squarederror', 'tree_method': 'gpu_hist', 'lambda': 0.5410849528555775, 'alpha': 0.001420458359508107, 'colsample_bytree': 0.33659416906492123, 'subsample': 0.7893295675430688, 'learning_rate': 0.03581565334581433, 'max_depth': 5, 'min_child_weight': 156, 'eval_metric': 'rmse'}. Best is trial 167 with value: 0.8424823479958407.
start listen on 192.168.1.101:57351
@tracker All of 1 nodes getting started
@tracker All nodes finishes job
Trial 274 finished with value: 0.8428508472343615 and parameters: {'objective': 'reg:squarederror', 'tree_method': 'gpu_hist', 'lambda': 0.32050065550559653, 'alpha': 0.001009964738242365, 'colsample_bytree': 0.3225832677494159, 'subsample': 0.7438625202595477, 'learning_rate': 0.03979127834036561, 'max_depth': 5, 'min_child_weight': 202, 'eval_metric': 'rmse'}. Best is trial 167 with value: 0.8424823479958407.
start listen on 192.168.1.101:47197
@tracker All of 1 nodes getting started
@tracker All nodes finishes job
Trial 275 finished with value: 0.8425194628014944 and parameters: {'objective': 'reg:squarederror', 'tree_method': 'gpu_hist', 'lambda': 0.4549691442539676, 'alpha': 0.0022982597182035903, 'colsample_bytree': 0.30013213247266146, 'subsample': 0.777318277618587, 'learning_rate': 0.04482209229278966, 'max_depth': 5, 'min_child_weight': 179, 'eval_metric': 'rmse'}. Best is trial 167 with value: 0.8424823479958407.
start listen on 192.168.1.101:53567
@tracker All of 1 nodes getting started
@tracker All nodes finishes job
Trial 276 finished with value: 0.8426518536647133 and parameters: {'objective': 'reg:squarederror', 'tree_method': 'gpu_hist', 'lambda': 0.44608836332581286, 'alpha': 0.0021297770619405324, 'colsample_bytree': 0.30019575943101084, 'subsample': 0.7812044283466726, 'learning_rate': 0.04689790785714176, 'max_depth': 5, 'min_child_weight': 179, 'eval_metric': 'rmse'}. Best is trial 167 with value: 0.8424823479958407.
start listen on 192.168.1.101:42767
@tracker All of 1 nodes getting started
@tracker All nodes finishes job
Trial 277 finished with value: 0.8532159034095308 and parameters: {'objective': 'reg:squarederror', 'tree_method': 'gpu_hist', 'lambda': 0.41601297228384376, 'alpha': 0.0025904448582476937, 'colsample_bytree': 0.34432310273932504, 'subsample': 0.7945412905817932, 'learning_rate': 0.04304535491518536, 'max_depth': 20, 'min_child_weight': 174, 'eval_metric': 'rmse'}. Best is trial 167 with value: 0.8424823479958407.
start listen on 192.168.1.101:55237
@tracker All of 1 nodes getting started
@tracker All nodes finishes job
Trial 278 finished with value: 0.8427761057130106 and parameters: {'objective': 'reg:squarederror', 'tree_method': 'gpu_hist', 'lambda': 0.290326361981122, 'alpha': 0.0038326338217608297, 'colsample_bytree': 0.3495854169733469, 'subsample': 0.7808400169164794, 'learning_rate': 0.046014160892064254, 'max_depth': 5, 'min_child_weight': 187, 'eval_metric': 'rmse'}. Best is trial 167 with value: 0.8424823479958407.
start listen on 192.168.1.101:44915
@tracker All of 1 nodes getting started
@tracker All nodes finishes job
Trial 279 finished with value: 0.8427404001156727 and parameters: {'objective': 'reg:squarederror', 'tree_method': 'gpu_hist', 'lambda': 0.3711315149236738, 'alpha': 0.001210880091319962, 'colsample_bytree': 0.32750520876842937, 'subsample': 0.7984598545181945, 'learning_rate': 0.05370552731335545, 'max_depth': 5, 'min_child_weight': 180, 'eval_metric': 'rmse'}. Best is trial 167 with value: 0.8424823479958407.
start listen on 192.168.1.101:55337
@tracker All of 1 nodes getting started
@tracker All nodes finishes job
Trial 280 finished with value: 0.8427761969456573 and parameters: {'objective': 'reg:squarederror', 'tree_method': 'gpu_hist', 'lambda': 0.6972715311777848, 'alpha': 0.0018221827701024238, 'colsample_bytree': 0.31057410675445185, 'subsample': 0.7604939252130648, 'learning_rate': 0.04219566433162096, 'max_depth': 5, 'min_child_weight': 191, 'eval_metric': 'rmse'}. Best is trial 167 with value: 0.8424823479958407.
start listen on 192.168.1.101:43331
@tracker All of 1 nodes getting started
@tracker All nodes finishes job
Trial 281 finished with value: 0.8425882765304282 and parameters: {'objective': 'reg:squarederror', 'tree_method': 'gpu_hist', 'lambda': 0.590942099606547, 'alpha': 0.0024698036151967603, 'colsample_bytree': 0.33548565656836443, 'subsample': 0.7870815170757502, 'learning_rate': 0.05044613615644152, 'max_depth': 5, 'min_child_weight': 172, 'eval_metric': 'rmse'}. Best is trial 167 with value: 0.8424823479958407.
start listen on 192.168.1.101:43417
@tracker All of 1 nodes getting started
@tracker All nodes finishes job
Trial 282 finished with value: 0.842611721555 and parameters: {'objective': 'reg:squarederror', 'tree_method': 'gpu_hist', 'lambda': 1.045234926344586, 'alpha': 0.0025176483590072817, 'colsample_bytree': 0.30015757053413394, 'subsample': 0.7891548705733167, 'learning_rate': 0.04738203528043539, 'max_depth': 5, 'min_child_weight': 168, 'eval_metric': 'rmse'}. Best is trial 167 with value: 0.8424823479958407.
start listen on 192.168.1.101:46975
@tracker All of 1 nodes getting started
@tracker All nodes finishes job
Trial 283 finished with value: 0.8429320193252431 and parameters: {'objective': 'reg:squarederror', 'tree_method': 'gpu_hist', 'lambda': 1.0694970473402525, 'alpha': 0.0024355876011593414, 'colsample_bytree': 0.30160338832269373, 'subsample': 0.7859369548936598, 'learning_rate': 0.04846721072464783, 'max_depth': 5, 'min_child_weight': 154, 'eval_metric': 'rmse'}. Best is trial 167 with value: 0.8424823479958407.
start listen on 192.168.1.101:47685
@tracker All of 1 nodes getting started
@tracker All nodes finishes job
Trial 284 finished with value: 0.8453371884511979 and parameters: {'objective': 'reg:squarederror', 'tree_method': 'gpu_hist', 'lambda': 0.9252718633199132, 'alpha': 0.0023833944059100756, 'colsample_bytree': 0.30049037406513374, 'subsample': 0.7777402625967387, 'learning_rate': 0.03892463474440735, 'max_depth': 11, 'min_child_weight': 196, 'eval_metric': 'rmse'}. Best is trial 167 with value: 0.8424823479958407.
start listen on 192.168.1.101:35527
@tracker All of 1 nodes getting started
@tracker All nodes finishes job
Trial 285 finished with value: 0.8428173163222868 and parameters: {'objective': 'reg:squarederror', 'tree_method': 'gpu_hist', 'lambda': 0.7906945220724954, 'alpha': 0.00282479152387367, 'colsample_bytree': 0.33412695129286824, 'subsample': 0.8042124892873576, 'learning_rate': 0.03314156424982031, 'max_depth': 5, 'min_child_weight': 186, 'eval_metric': 'rmse'}. Best is trial 167 with value: 0.8424823479958407.
start listen on 192.168.1.101:58221
@tracker All of 1 nodes getting started
@tracker All nodes finishes job
Trial 286 finished with value: 0.843160021737842 and parameters: {'objective': 'reg:squarederror', 'tree_method': 'gpu_hist', 'lambda': 1.0198165003183646, 'alpha': 0.004890934932119536, 'colsample_bytree': 0.316104558744155, 'subsample': 0.7918846280800371, 'learning_rate': 0.042222120701404985, 'max_depth': 7, 'min_child_weight': 168, 'eval_metric': 'rmse'}. Best is trial 167 with value: 0.8424823479958407.
start listen on 192.168.1.101:57221
@tracker All of 1 nodes getting started
@tracker All nodes finishes job
Trial 287 finished with value: 0.8469898353915618 and parameters: {'objective': 'reg:squarederror', 'tree_method': 'gpu_hist', 'lambda': 0.5838358286965104, 'alpha': 0.002005136118667287, 'colsample_bytree': 0.3401929481975624, 'subsample': 0.7856365361516453, 'learning_rate': 0.06078760422149716, 'max_depth': 9, 'min_child_weight': 203, 'eval_metric': 'rmse'}. Best is trial 167 with value: 0.8424823479958407.
start listen on 192.168.1.101:57049
@tracker All of 1 nodes getting started
@tracker All nodes finishes job
Trial 288 finished with value: 0.8427447807845845 and parameters: {'objective': 'reg:squarederror', 'tree_method': 'gpu_hist', 'lambda': 0.8264416441843213, 'alpha': 0.00332716994740248, 'colsample_bytree': 0.3190176600053585, 'subsample': 0.7746871319944194, 'learning_rate': 0.04696971495740183, 'max_depth': 5, 'min_child_weight': 160, 'eval_metric': 'rmse'}. Best is trial 167 with value: 0.8424823479958407.
start listen on 192.168.1.101:33445
@tracker All of 1 nodes getting started
@tracker All nodes finishes job
Trial 289 finished with value: 0.8428957522804172 and parameters: {'objective': 'reg:squarederror', 'tree_method': 'gpu_hist', 'lambda': 0.6299779050382491, 'alpha': 0.0017314501970859381, 'colsample_bytree': 0.3304373169096915, 'subsample': 0.7515628445502733, 'learning_rate': 0.05646447859252544, 'max_depth': 5, 'min_child_weight': 149, 'eval_metric': 'rmse'}. Best is trial 167 with value: 0.8424823479958407.
start listen on 192.168.1.101:49347
@tracker All of 1 nodes getting started
@tracker All nodes finishes job
Trial 290 finished with value: 0.8425655361729474 and parameters: {'objective': 'reg:squarederror', 'tree_method': 'gpu_hist', 'lambda': 0.3109857489718119, 'alpha': 0.0022078139134795046, 'colsample_bytree': 0.3735408843424333, 'subsample': 0.807548532335189, 'learning_rate': 0.05050565076798564, 'max_depth': 5, 'min_child_weight': 182, 'eval_metric': 'rmse'}. Best is trial 167 with value: 0.8424823479958407.
start listen on 192.168.1.101:52155
@tracker All of 1 nodes getting started
@tracker All nodes finishes job
Trial 291 finished with value: 0.8428670919009862 and parameters: {'objective': 'reg:squarederror', 'tree_method': 'gpu_hist', 'lambda': 0.25192020081790567, 'alpha': 0.002050825149349309, 'colsample_bytree': 0.3802284783930987, 'subsample': 0.8086329948562985, 'learning_rate': 0.051480479570596684, 'max_depth': 5, 'min_child_weight': 182, 'eval_metric': 'rmse'}. Best is trial 167 with value: 0.8424823479958407.
start listen on 192.168.1.101:48859
@tracker All of 1 nodes getting started
@tracker All nodes finishes job
Trial 292 finished with value: 0.8491317173476252 and parameters: {'objective': 'reg:squarederror', 'tree_method': 'gpu_hist', 'lambda': 0.3071130303349215, 'alpha': 0.001524500799536012, 'colsample_bytree': 0.3541456328508187, 'subsample': 0.8251357674372296, 'learning_rate': 0.03935129108104478, 'max_depth': 15, 'min_child_weight': 189, 'eval_metric': 'rmse'}. Best is trial 167 with value: 0.8424823479958407.
start listen on 192.168.1.101:41275
@tracker All of 1 nodes getting started
@tracker All nodes finishes job
Trial 293 finished with value: 0.8426374704535787 and parameters: {'objective': 'reg:squarederror', 'tree_method': 'gpu_hist', 'lambda': 0.3548808907442949, 'alpha': 0.001869085805466913, 'colsample_bytree': 0.3732802821477638, 'subsample': 0.8127692976441521, 'learning_rate': 0.044300786433270394, 'max_depth': 5, 'min_child_weight': 175, 'eval_metric': 'rmse'}. Best is trial 167 with value: 0.8424823479958407.
start listen on 192.168.1.101:48551
@tracker All of 1 nodes getting started
@tracker All nodes finishes job
