Trial 419 finished with value: 0.8428119793746833 and parameters: {'objective': 'reg:squarederror', 'tree_method': 'gpu_hist', 'lambda': 0.15398491561839447, 'alpha': 0.0018082085087076905, 'colsample_bytree': 0.39976300095020034, 'subsample': 0.7787586544347622, 'learning_rate': 0.04541088460464818, 'max_depth': 5, 'min_child_weight': 153, 'eval_metric': 'rmse'}. Best is trial 300 with value: 0.8424118081699078.
start listen on 192.168.1.101:49299
@tracker All of 1 nodes getting started
@tracker All nodes finishes job
Trial 420 finished with value: 0.8427532264457618 and parameters: {'objective': 'reg:squarederror', 'tree_method': 'gpu_hist', 'lambda': 0.001761897397065228, 'alpha': 0.001369218637025172, 'colsample_bytree': 0.3323959196501682, 'subsample': 0.8087025600034292, 'learning_rate': 0.03891513018296545, 'max_depth': 5, 'min_child_weight': 175, 'eval_metric': 'rmse'}. Best is trial 300 with value: 0.8424118081699078.
start listen on 192.168.1.101:48193
@tracker All of 1 nodes getting started
@tracker All nodes finishes job
Trial 421 finished with value: 0.8428009737069028 and parameters: {'objective': 'reg:squarederror', 'tree_method': 'gpu_hist', 'lambda': 0.7670583528757972, 'alpha': 0.0030285087922241145, 'colsample_bytree': 0.3110654462719072, 'subsample': 0.7428854073193097, 'learning_rate': 0.03198965468054534, 'max_depth': 5, 'min_child_weight': 209, 'eval_metric': 'rmse'}. Best is trial 300 with value: 0.8424118081699078.
start listen on 192.168.1.101:46795
@tracker All of 1 nodes getting started
@tracker All nodes finishes job
Trial 422 finished with value: 0.8428287071156765 and parameters: {'objective': 'reg:squarederror', 'tree_method': 'gpu_hist', 'lambda': 0.24999725967688147, 'alpha': 0.0013095107097404798, 'colsample_bytree': 0.3581919522109249, 'subsample': 0.7663909502610068, 'learning_rate': 0.05417195045913229, 'max_depth': 5, 'min_child_weight': 191, 'eval_metric': 'rmse'}. Best is trial 300 with value: 0.8424118081699078.
start listen on 192.168.1.101:41849
@tracker All of 1 nodes getting started
@tracker All nodes finishes job
Trial 423 finished with value: 0.8441653810085505 and parameters: {'objective': 'reg:squarederror', 'tree_method': 'gpu_hist', 'lambda': 0.4461374700037708, 'alpha': 0.025133384303471912, 'colsample_bytree': 0.34489955342618217, 'subsample': 0.7977349633022532, 'learning_rate': 0.04147276210837691, 'max_depth': 3, 'min_child_weight': 5, 'eval_metric': 'rmse'}. Best is trial 300 with value: 0.8424118081699078.
start listen on 192.168.1.101:43551
@tracker All of 1 nodes getting started
@tracker All nodes finishes job
Trial 424 finished with value: 0.8427083436793422 and parameters: {'objective': 'reg:squarederror', 'tree_method': 'gpu_hist', 'lambda': 0.571095004634002, 'alpha': 0.0016615487164358797, 'colsample_bytree': 0.31237736397854277, 'subsample': 0.7810036184063185, 'learning_rate': 0.04732234229360021, 'max_depth': 5, 'min_child_weight': 185, 'eval_metric': 'rmse'}. Best is trial 300 with value: 0.8424118081699078.
start listen on 192.168.1.101:35793
@tracker All of 1 nodes getting started
@tracker All nodes finishes job
Trial 425 finished with value: 0.8482769631092009 and parameters: {'objective': 'reg:squarederror', 'tree_method': 'gpu_hist', 'lambda': 0.31770010966851775, 'alpha': 0.0022522012598907735, 'colsample_bytree': 0.33133047973913476, 'subsample': 0.7567734970802318, 'learning_rate': 0.03577569388161184, 'max_depth': 15, 'min_child_weight': 143, 'eval_metric': 'rmse'}. Best is trial 300 with value: 0.8424118081699078.
start listen on 192.168.1.101:41837
@tracker All of 1 nodes getting started
@tracker All nodes finishes job
Trial 426 finished with value: 0.8426636144481365 and parameters: {'objective': 'reg:squarederror', 'tree_method': 'gpu_hist', 'lambda': 0.3875182530222653, 'alpha': 0.0011892384901775706, 'colsample_bytree': 0.36814510331061867, 'subsample': 0.8192051583580783, 'learning_rate': 0.04442032299855814, 'max_depth': 5, 'min_child_weight': 196, 'eval_metric': 'rmse'}. Best is trial 300 with value: 0.8424118081699078.
start listen on 192.168.1.101:35555
@tracker All of 1 nodes getting started
@tracker All nodes finishes job
Trial 427 finished with value: 0.8436172376018647 and parameters: {'objective': 'reg:squarederror', 'tree_method': 'gpu_hist', 'lambda': 0.5002802537215522, 'alpha': 0.00199239115540645, 'colsample_bytree': 0.5110678709362027, 'subsample': 0.7931406006023268, 'learning_rate': 0.06280428826510845, 'max_depth': 5, 'min_child_weight': 180, 'eval_metric': 'rmse'}. Best is trial 300 with value: 0.8424118081699078.
start listen on 192.168.1.101:50759
@tracker All of 1 nodes getting started
@tracker All nodes finishes job
Trial 428 finished with value: 0.849525706498309 and parameters: {'objective': 'reg:squarederror', 'tree_method': 'gpu_hist', 'lambda': 0.6604956514912337, 'alpha': 0.0010071039970890627, 'colsample_bytree': 0.3219178289948429, 'subsample': 0.8080435387481093, 'learning_rate': 0.051577458142577505, 'max_depth': 13, 'min_child_weight': 215, 'eval_metric': 'rmse'}. Best is trial 300 with value: 0.8424118081699078.
start listen on 192.168.1.101:36317
@tracker All of 1 nodes getting started
@tracker All nodes finishes job
Trial 429 finished with value: 0.8427489675198667 and parameters: {'objective': 'reg:squarederror', 'tree_method': 'gpu_hist', 'lambda': 0.27989662901877566, 'alpha': 0.13836679344044275, 'colsample_bytree': 0.34843884717122237, 'subsample': 0.8366776837495062, 'learning_rate': 0.04076831377691389, 'max_depth': 5, 'min_child_weight': 171, 'eval_metric': 'rmse'}. Best is trial 300 with value: 0.8424118081699078.
start listen on 192.168.1.101:49217
@tracker All of 1 nodes getting started
@tracker All nodes finishes job
Trial 430 finished with value: 0.8431268872413453 and parameters: {'objective': 'reg:squarederror', 'tree_method': 'gpu_hist', 'lambda': 0.9619405083038735, 'alpha': 0.0014673996289017363, 'colsample_bytree': 0.6041001771310746, 'subsample': 0.7679426530082022, 'learning_rate': 0.04792839621951602, 'max_depth': 5, 'min_child_weight': 201, 'eval_metric': 'rmse'}. Best is trial 300 with value: 0.8424118081699078.
start listen on 192.168.1.101:60767
@tracker All of 1 nodes getting started
@tracker All nodes finishes job
Trial 431 finished with value: 0.8426789955166882 and parameters: {'objective': 'reg:squarederror', 'tree_method': 'gpu_hist', 'lambda': 0.4603962508379119, 'alpha': 0.001641378187983705, 'colsample_bytree': 0.3004781192578605, 'subsample': 0.7815231978651415, 'learning_rate': 0.03776856218150135, 'max_depth': 5, 'min_child_weight': 187, 'eval_metric': 'rmse'}. Best is trial 300 with value: 0.8424118081699078.
start listen on 192.168.1.101:49683
@tracker All of 1 nodes getting started
@tracker All nodes finishes job
Trial 432 finished with value: 0.8426756458690642 and parameters: {'objective': 'reg:squarederror', 'tree_method': 'gpu_hist', 'lambda': 0.3583463769928963, 'alpha': 0.002751817779864956, 'colsample_bytree': 0.32786147480338185, 'subsample': 0.797990007866609, 'learning_rate': 0.05446216576656912, 'max_depth': 5, 'min_child_weight': 155, 'eval_metric': 'rmse'}. Best is trial 300 with value: 0.8424118081699078.
start listen on 192.168.1.101:47553
@tracker All of 1 nodes getting started
@tracker All nodes finishes job
Trial 433 finished with value: 0.8427869301725244 and parameters: {'objective': 'reg:squarederror', 'tree_method': 'gpu_hist', 'lambda': 0.23617506484228773, 'alpha': 0.001242592932115248, 'colsample_bytree': 0.3146006943755268, 'subsample': 0.7715350577861972, 'learning_rate': 0.04357382599980856, 'max_depth': 5, 'min_child_weight': 205, 'eval_metric': 'rmse'}. Best is trial 300 with value: 0.8424118081699078.
start listen on 192.168.1.101:55375
@tracker All of 1 nodes getting started
@tracker All nodes finishes job
Trial 434 finished with value: 0.8531321378329324 and parameters: {'objective': 'reg:squarederror', 'tree_method': 'gpu_hist', 'lambda': 0.31860074822296375, 'alpha': 0.011659630757671563, 'colsample_bytree': 0.3445015269984532, 'subsample': 0.7892448793707926, 'learning_rate': 0.04984706269165011, 'max_depth': 17, 'min_child_weight': 193, 'eval_metric': 'rmse'}. Best is trial 300 with value: 0.8424118081699078.
start listen on 192.168.1.101:46669
@tracker All of 1 nodes getting started
@tracker All nodes finishes job
Trial 435 finished with value: 0.8428212821625984 and parameters: {'objective': 'reg:squarederror', 'tree_method': 'gpu_hist', 'lambda': 0.4282988945173358, 'alpha': 0.0018699155815466778, 'colsample_bytree': 0.3578806755599722, 'subsample': 0.8099022839486644, 'learning_rate': 0.034384012031986516, 'max_depth': 5, 'min_child_weight': 165, 'eval_metric': 'rmse'}. Best is trial 300 with value: 0.8424118081699078.
start listen on 192.168.1.101:57787
@tracker All of 1 nodes getting started
@tracker All nodes finishes job
Trial 436 finished with value: 0.8426975727520748 and parameters: {'objective': 'reg:squarederror', 'tree_method': 'gpu_hist', 'lambda': 0.6009080035449178, 'alpha': 0.001458351501328264, 'colsample_bytree': 0.3352553409729781, 'subsample': 0.6037606338444275, 'learning_rate': 0.040477094043271954, 'max_depth': 5, 'min_child_weight': 178, 'eval_metric': 'rmse'}. Best is trial 300 with value: 0.8424118081699078.
start listen on 192.168.1.101:38297
@tracker All of 1 nodes getting started
@tracker All nodes finishes job
Trial 437 finished with value: 0.8429156210484795 and parameters: {'objective': 'reg:squarederror', 'tree_method': 'gpu_hist', 'lambda': 0.37658369493349003, 'alpha': 0.001184157914137883, 'colsample_bytree': 0.31271729651436697, 'subsample': 0.7507156250057496, 'learning_rate': 0.02833067746904032, 'max_depth': 5, 'min_child_weight': 173, 'eval_metric': 'rmse'}. Best is trial 300 with value: 0.8424118081699078.
start listen on 192.168.1.101:43295
@tracker All of 1 nodes getting started
@tracker All nodes finishes job
Trial 438 finished with value: 0.8473265656658 and parameters: {'objective': 'reg:squarederror', 'tree_method': 'gpu_hist', 'lambda': 0.4620430099193643, 'alpha': 0.0021282117090003034, 'colsample_bytree': 0.32610862072174823, 'subsample': 0.7353675678764706, 'learning_rate': 0.010345031244383046, 'max_depth': 5, 'min_child_weight': 182, 'eval_metric': 'rmse'}. Best is trial 300 with value: 0.8424118081699078.
start listen on 192.168.1.101:43307
@tracker All of 1 nodes getting started
@tracker All nodes finishes job
Trial 439 finished with value: 0.8429653076860054 and parameters: {'objective': 'reg:squarederror', 'tree_method': 'gpu_hist', 'lambda': 1.3922909224687154, 'alpha': 0.0016065969917463368, 'colsample_bytree': 0.3781269848230071, 'subsample': 0.8303925772553354, 'learning_rate': 0.04521190892015582, 'max_depth': 5, 'min_child_weight': 146, 'eval_metric': 'rmse'}. Best is trial 300 with value: 0.8424118081699078.
start listen on 192.168.1.101:57165
@tracker All of 1 nodes getting started
@tracker All nodes finishes job
Trial 440 finished with value: 0.8577313490706678 and parameters: {'objective': 'reg:squarederror', 'tree_method': 'gpu_hist', 'lambda': 0.7668588358026165, 'alpha': 0.0010008688381809747, 'colsample_bytree': 0.33878589521968855, 'subsample': 0.7825744490809085, 'learning_rate': 0.056786326185487575, 'max_depth': 20, 'min_child_weight': 196, 'eval_metric': 'rmse'}. Best is trial 300 with value: 0.8424118081699078.
start listen on 192.168.1.101:56257
@tracker All of 1 nodes getting started
@tracker All nodes finishes job
Trial 441 finished with value: 0.8426512009436307 and parameters: {'objective': 'reg:squarederror', 'tree_method': 'gpu_hist', 'lambda': 0.03208413915503831, 'alpha': 0.0013205382473410307, 'colsample_bytree': 0.35329637327294905, 'subsample': 0.8015593080363919, 'learning_rate': 0.047108474995272535, 'max_depth': 5, 'min_child_weight': 187, 'eval_metric': 'rmse'}. Best is trial 300 with value: 0.8424118081699078.
start listen on 192.168.1.101:44113
@tracker All of 1 nodes getting started
@tracker All nodes finishes job
Trial 442 finished with value: 0.8427255582153806 and parameters: {'objective': 'reg:squarederror', 'tree_method': 'gpu_hist', 'lambda': 0.3027635567361671, 'alpha': 0.002516875071220833, 'colsample_bytree': 0.3158173083414168, 'subsample': 0.7604292703401915, 'learning_rate': 0.03748878298807781, 'max_depth': 5, 'min_child_weight': 204, 'eval_metric': 'rmse'}. Best is trial 300 with value: 0.8424118081699078.
start listen on 192.168.1.101:36705
@tracker All of 1 nodes getting started
@tracker All nodes finishes job
Trial 443 finished with value: 0.8436415246009764 and parameters: {'objective': 'reg:squarederror', 'tree_method': 'gpu_hist', 'lambda': 0.18405205798533697, 'alpha': 0.0018729026363423324, 'colsample_bytree': 0.33132609017436715, 'subsample': 0.8215680472550813, 'learning_rate': 0.021146411064112358, 'max_depth': 5, 'min_child_weight': 159, 'eval_metric': 'rmse'}. Best is trial 300 with value: 0.8424118081699078.
start listen on 192.168.1.101:48551
@tracker All of 1 nodes getting started
@tracker All nodes finishes job
Trial 444 finished with value: 0.8425993274241923 and parameters: {'objective': 'reg:squarederror', 'tree_method': 'gpu_hist', 'lambda': 0.5650562166236714, 'alpha': 0.0012001243112777717, 'colsample_bytree': 0.3114033039773067, 'subsample': 0.7908002216146376, 'learning_rate': 0.04229100341394228, 'max_depth': 5, 'min_child_weight': 210, 'eval_metric': 'rmse'}. Best is trial 300 with value: 0.8424118081699078.
start listen on 192.168.1.101:51803
@tracker All of 1 nodes getting started
@tracker All nodes finishes job
Trial 445 finished with value: 0.8427536769298408 and parameters: {'objective': 'reg:squarederror', 'tree_method': 'gpu_hist', 'lambda': 0.38440436747812684, 'alpha': 0.001599931720936574, 'colsample_bytree': 0.3639339663814426, 'subsample': 0.9938977193955792, 'learning_rate': 0.05189469487499182, 'max_depth': 5, 'min_child_weight': 226, 'eval_metric': 'rmse'}. Best is trial 300 with value: 0.8424118081699078.
start listen on 192.168.1.101:52533
@tracker All of 1 nodes getting started
@tracker All nodes finishes job
Trial 446 finished with value: 0.8434987787800983 and parameters: {'objective': 'reg:squarederror', 'tree_method': 'gpu_hist', 'lambda': 0.2346294893595687, 'alpha': 0.0035150522895986353, 'colsample_bytree': 0.34118776570495063, 'subsample': 0.8508497039562695, 'learning_rate': 0.045461553287166334, 'max_depth': 7, 'min_child_weight': 190, 'eval_metric': 'rmse'}. Best is trial 300 with value: 0.8424118081699078.
start listen on 192.168.1.101:44345
@tracker All of 1 nodes getting started
@tracker All nodes finishes job
Trial 447 finished with value: 0.8431249752986139 and parameters: {'objective': 'reg:squarederror', 'tree_method': 'gpu_hist', 'lambda': 0.4988981820002384, 'alpha': 0.001450386117741649, 'colsample_bytree': 0.3252177859590783, 'subsample': 0.7767295272022724, 'learning_rate': 0.06748737191205824, 'max_depth': 5, 'min_child_weight': 181, 'eval_metric': 'rmse'}. Best is trial 300 with value: 0.8424118081699078.
start listen on 192.168.1.101:51975
@tracker All of 1 nodes getting started
@tracker All nodes finishes job
Trial 448 finished with value: 0.8587467353114235 and parameters: {'objective': 'reg:squarederror', 'tree_method': 'gpu_hist', 'lambda': 0.3347442733874601, 'alpha': 0.0020405883634713132, 'colsample_bytree': 0.31032414826898247, 'subsample': 0.806102029599615, 'learning_rate': 0.09857238542124877, 'max_depth': 11, 'min_child_weight': 172, 'eval_metric': 'rmse'}. Best is trial 300 with value: 0.8424118081699078.
start listen on 192.168.1.101:42161
@tracker All of 1 nodes getting started
@tracker All nodes finishes job
Trial 449 finished with value: 0.8426140181361826 and parameters: {'objective': 'reg:squarederror', 'tree_method': 'gpu_hist', 'lambda': 0.43240355844033374, 'alpha': 0.0011755634065845537, 'colsample_bytree': 0.3001947504584469, 'subsample': 0.7690694854687491, 'learning_rate': 0.04072080269070167, 'max_depth': 5, 'min_child_weight': 299, 'eval_metric': 'rmse'}. Best is trial 300 with value: 0.8424118081699078.
start listen on 192.168.1.101:57947
@tracker All of 1 nodes getting started
@tracker All nodes finishes job
Trial 450 finished with value: 0.8462644330487112 and parameters: {'objective': 'reg:squarederror', 'tree_method': 'gpu_hist', 'lambda': 0.12361289845161784, 'alpha': 0.0017522216887397963, 'colsample_bytree': 0.35013833420488927, 'subsample': 0.7933263474824562, 'learning_rate': 0.06026803899898146, 'max_depth': 9, 'min_child_weight': 257, 'eval_metric': 'rmse'}. Best is trial 300 with value: 0.8424118081699078.
start listen on 192.168.1.101:51391
@tracker All of 1 nodes getting started
@tracker All nodes finishes job
Trial 451 finished with value: 0.8427725307054815 and parameters: {'objective': 'reg:squarederror', 'tree_method': 'gpu_hist', 'lambda': 0.2729519451399279, 'alpha': 0.001378170945217623, 'colsample_bytree': 0.32552466996954127, 'subsample': 0.8160684840735072, 'learning_rate': 0.04947751639032182, 'max_depth': 5, 'min_child_weight': 199, 'eval_metric': 'rmse'}. Best is trial 300 with value: 0.8424118081699078.
start listen on 192.168.1.101:59185
@tracker All of 1 nodes getting started
@tracker All nodes finishes job
Trial 452 finished with value: 0.8429195272860888 and parameters: {'objective': 'reg:squarederror', 'tree_method': 'gpu_hist', 'lambda': 0.5982642513436996, 'alpha': 0.002393381965377439, 'colsample_bytree': 0.46261116630609916, 'subsample': 0.7785395441270997, 'learning_rate': 0.03702565778281563, 'max_depth': 5, 'min_child_weight': 138, 'eval_metric': 'rmse'}. Best is trial 300 with value: 0.8424118081699078.
start listen on 192.168.1.101:40731
@tracker All of 1 nodes getting started
@tracker All nodes finishes job
Trial 453 finished with value: 0.8444692584653638 and parameters: {'objective': 'reg:squarederror', 'tree_method': 'gpu_hist', 'lambda': 0.3696436459805886, 'alpha': 0.001130793277077039, 'colsample_bytree': 0.33713837272024844, 'subsample': 0.5673168554043502, 'learning_rate': 0.0829508660370699, 'max_depth': 5, 'min_child_weight': 164, 'eval_metric': 'rmse'}. Best is trial 300 with value: 0.8424118081699078.
start listen on 192.168.1.101:53183
@tracker All of 1 nodes getting started
@tracker All nodes finishes job
Trial 454 finished with value: 0.8426574788400607 and parameters: {'objective': 'reg:squarederror', 'tree_method': 'gpu_hist', 'lambda': 0.9041426312107306, 'alpha': 0.0010065138697687946, 'colsample_bytree': 0.36498543094347985, 'subsample': 0.7622555833531666, 'learning_rate': 0.04349333753288263, 'max_depth': 5, 'min_child_weight': 150, 'eval_metric': 'rmse'}. Best is trial 300 with value: 0.8424118081699078.
start listen on 192.168.1.101:32983
@tracker All of 1 nodes getting started
@tracker All nodes finishes job
Trial 455 finished with value: 0.8427417903016589 and parameters: {'objective': 'reg:squarederror', 'tree_method': 'gpu_hist', 'lambda': 0.5072334522945285, 'alpha': 0.0016156831822400578, 'colsample_bytree': 0.31928027179936064, 'subsample': 0.7471083737195254, 'learning_rate': 0.03395361929211628, 'max_depth': 5, 'min_child_weight': 193, 'eval_metric': 'rmse'}. Best is trial 300 with value: 0.8424118081699078.
start listen on 192.168.1.101:36251
@tracker All of 1 nodes getting started
@tracker All nodes finishes job
Trial 456 finished with value: 0.8435844990647556 and parameters: {'objective': 'reg:squarederror', 'tree_method': 'gpu_hist', 'lambda': 0.004784107866154916, 'alpha': 0.021345760719149186, 'colsample_bytree': 0.30001647440527074, 'subsample': 0.7971791284809737, 'learning_rate': 0.05178458931640622, 'max_depth': 3, 'min_child_weight': 186, 'eval_metric': 'rmse'}. Best is trial 300 with value: 0.8424118081699078.
start listen on 192.168.1.101:56795
@tracker All of 1 nodes getting started
@tracker All nodes finishes job
Trial 457 finished with value: 0.8427627036504673 and parameters: {'objective': 'reg:squarederror', 'tree_method': 'gpu_hist', 'lambda': 0.326740978645869, 'alpha': 0.0029151500036308244, 'colsample_bytree': 0.3813983180907242, 'subsample': 0.7864889711915489, 'learning_rate': 0.046782326569677915, 'max_depth': 5, 'min_child_weight': 175, 'eval_metric': 'rmse'}. Best is trial 300 with value: 0.8424118081699078.
start listen on 192.168.1.101:40913
@tracker All of 1 nodes getting started
@tracker All nodes finishes job
Trial 458 finished with value: 0.8425286151585087 and parameters: {'objective': 'reg:squarederror', 'tree_method': 'gpu_hist', 'lambda': 0.6820621229859112, 'alpha': 0.001352395258376294, 'colsample_bytree': 0.34774364553820075, 'subsample': 0.7722662880218877, 'learning_rate': 0.04032275258440473, 'max_depth': 5, 'min_child_weight': 181, 'eval_metric': 'rmse'}. Best is trial 300 with value: 0.8424118081699078.
start listen on 192.168.1.101:39525
@tracker All of 1 nodes getting started
@tracker All nodes finishes job
Trial 459 finished with value: 0.8434835168571903 and parameters: {'objective': 'reg:squarederror', 'tree_method': 'gpu_hist', 'lambda': 0.7796164602917514, 'alpha': 0.001297740776685025, 'colsample_bytree': 0.9779088822717023, 'subsample': 0.9562981026259834, 'learning_rate': 0.030792850586534082, 'max_depth': 5, 'min_child_weight': 180, 'eval_metric': 'rmse'}. Best is trial 300 with value: 0.8424118081699078.
start listen on 192.168.1.101:36495
@tracker All of 1 nodes getting started
@tracker All nodes finishes job
Trial 460 finished with value: 0.847391537368848 and parameters: {'objective': 'reg:squarederror', 'tree_method': 'gpu_hist', 'lambda': 0.6610890844513615, 'alpha': 0.0013568435370029074, 'colsample_bytree': 0.3385804050107682, 'subsample': 0.8047164293946371, 'learning_rate': 0.0395521835004033, 'max_depth': 13, 'min_child_weight': 185, 'eval_metric': 'rmse'}. Best is trial 300 with value: 0.8424118081699078.
start listen on 192.168.1.101:50535
@tracker All of 1 nodes getting started
@tracker All nodes finishes job
