Trial 168 finished with value: 0.8426627091230129 and parameters: {'objective': 'reg:squarederror', 'tree_method': 'gpu_hist', 'lambda': 0.6633671137679306, 'alpha': 0.0013152199747061217, 'colsample_bytree': 0.30710018398550787, 'subsample': 0.7874715481517933, 'learning_rate': 0.04369243507566996, 'max_depth': 5, 'min_child_weight': 118, 'eval_metric': 'rmse'}. Best is trial 167 with value: 0.8424823479958407.
start listen on 192.168.1.101:54865
@tracker All of 1 nodes getting started
@tracker All nodes finishes job
Trial 169 finished with value: 0.8442041009866037 and parameters: {'objective': 'reg:squarederror', 'tree_method': 'gpu_hist', 'lambda': 0.5702068666925786, 'alpha': 0.0013082065748873945, 'colsample_bytree': 0.311052386867213, 'subsample': 0.7937648770191886, 'learning_rate': 0.042565830824408485, 'max_depth': 3, 'min_child_weight': 117, 'eval_metric': 'rmse'}. Best is trial 167 with value: 0.8424823479958407.
start listen on 192.168.1.101:50197
@tracker All of 1 nodes getting started
@tracker All nodes finishes job
Trial 170 finished with value: 0.843096245401821 and parameters: {'objective': 'reg:squarederror', 'tree_method': 'gpu_hist', 'lambda': 1.227282226756075, 'alpha': 0.001162502760708293, 'colsample_bytree': 0.3419339568834534, 'subsample': 0.7074623925385597, 'learning_rate': 0.057909829065042606, 'max_depth': 5, 'min_child_weight': 123, 'eval_metric': 'rmse'}. Best is trial 167 with value: 0.8424823479958407.
start listen on 192.168.1.101:48845
@tracker All of 1 nodes getting started
@tracker All nodes finishes job
Trial 171 finished with value: 0.8427483724316803 and parameters: {'objective': 'reg:squarederror', 'tree_method': 'gpu_hist', 'lambda': 0.7056448882951504, 'alpha': 0.0015495384516620455, 'colsample_bytree': 0.32581949327918847, 'subsample': 0.7849359624707856, 'learning_rate': 0.048105640399086685, 'max_depth': 5, 'min_child_weight': 162, 'eval_metric': 'rmse'}. Best is trial 167 with value: 0.8424823479958407.
start listen on 192.168.1.101:54101
@tracker All of 1 nodes getting started
@tracker All nodes finishes job
Trial 172 finished with value: 0.8425884045585642 and parameters: {'objective': 'reg:squarederror', 'tree_method': 'gpu_hist', 'lambda': 0.6267695519026535, 'alpha': 0.0016236307055204262, 'colsample_bytree': 0.3290965346250638, 'subsample': 0.7851156065564519, 'learning_rate': 0.042740776529570035, 'max_depth': 5, 'min_child_weight': 163, 'eval_metric': 'rmse'}. Best is trial 167 with value: 0.8424823479958407.
start listen on 192.168.1.101:40221
@tracker All of 1 nodes getting started
@tracker All nodes finishes job
Trial 173 finished with value: 0.8428390318858116 and parameters: {'objective': 'reg:squarederror', 'tree_method': 'gpu_hist', 'lambda': 0.6630106858363799, 'alpha': 0.0015325271651933656, 'colsample_bytree': 0.3177346952949341, 'subsample': 0.7405853005883763, 'learning_rate': 0.04912483523074356, 'max_depth': 5, 'min_child_weight': 160, 'eval_metric': 'rmse'}. Best is trial 167 with value: 0.8424823479958407.
start listen on 192.168.1.101:59531
@tracker All of 1 nodes getting started
@tracker All nodes finishes job
Trial 174 finished with value: 0.842610786800807 and parameters: {'objective': 'reg:squarederror', 'tree_method': 'gpu_hist', 'lambda': 1.3129424869664161, 'alpha': 0.0016821024068013736, 'colsample_bytree': 0.3016126427344388, 'subsample': 0.7826010786373366, 'learning_rate': 0.041107027224818064, 'max_depth': 5, 'min_child_weight': 166, 'eval_metric': 'rmse'}. Best is trial 167 with value: 0.8424823479958407.
start listen on 192.168.1.101:36629
@tracker All of 1 nodes getting started
@tracker All nodes finishes job
Trial 175 finished with value: 0.8568442145915702 and parameters: {'objective': 'reg:squarederror', 'tree_method': 'gpu_hist', 'lambda': 0.982642099076576, 'alpha': 0.001742340541013805, 'colsample_bytree': 0.3509726310572907, 'subsample': 0.7515775878208464, 'learning_rate': 0.062150874424589525, 'max_depth': 15, 'min_child_weight': 165, 'eval_metric': 'rmse'}. Best is trial 167 with value: 0.8424823479958407.
start listen on 192.168.1.101:45643
@tracker All of 1 nodes getting started
@tracker All nodes finishes job
Trial 176 finished with value: 0.842530048865557 and parameters: {'objective': 'reg:squarederror', 'tree_method': 'gpu_hist', 'lambda': 0.47799588283799926, 'alpha': 0.001019494413849835, 'colsample_bytree': 0.3001533612281145, 'subsample': 0.7989137940328334, 'learning_rate': 0.043499302710514116, 'max_depth': 5, 'min_child_weight': 181, 'eval_metric': 'rmse'}. Best is trial 167 with value: 0.8424823479958407.
start listen on 192.168.1.101:48345
@tracker All of 1 nodes getting started
@tracker All nodes finishes job
Trial 177 finished with value: 0.847906992629719 and parameters: {'objective': 'reg:squarederror', 'tree_method': 'gpu_hist', 'lambda': 0.5612653579031066, 'alpha': 0.002146794436514836, 'colsample_bytree': 0.30044829425247527, 'subsample': 0.8011958400736847, 'learning_rate': 0.04127651660564663, 'max_depth': 13, 'min_child_weight': 176, 'eval_metric': 'rmse'}. Best is trial 167 with value: 0.8424823479958407.
start listen on 192.168.1.101:43519
@tracker All of 1 nodes getting started
@tracker All nodes finishes job
Trial 178 finished with value: 0.8426145943826785 and parameters: {'objective': 'reg:squarederror', 'tree_method': 'gpu_hist', 'lambda': 0.42445626210409954, 'alpha': 0.0011092076430013348, 'colsample_bytree': 0.3245291879612114, 'subsample': 0.796536530775108, 'learning_rate': 0.04495803672494979, 'max_depth': 5, 'min_child_weight': 170, 'eval_metric': 'rmse'}. Best is trial 167 with value: 0.8424823479958407.
start listen on 192.168.1.101:57461
@tracker All of 1 nodes getting started
@tracker All nodes finishes job
Trial 179 finished with value: 0.8427333940485106 and parameters: {'objective': 'reg:squarederror', 'tree_method': 'gpu_hist', 'lambda': 0.44710396385266044, 'alpha': 0.0011560903533389614, 'colsample_bytree': 0.3257621177019252, 'subsample': 0.7976768729637744, 'learning_rate': 0.04616693134616011, 'max_depth': 5, 'min_child_weight': 186, 'eval_metric': 'rmse'}. Best is trial 167 with value: 0.8424823479958407.
start listen on 192.168.1.101:39689
@tracker All of 1 nodes getting started
@tracker All nodes finishes job
Trial 180 finished with value: 0.8428652622549265 and parameters: {'objective': 'reg:squarederror', 'tree_method': 'gpu_hist', 'lambda': 0.5064283559200482, 'alpha': 0.001055899428096648, 'colsample_bytree': 0.3223632666329656, 'subsample': 0.7985436938115013, 'learning_rate': 0.045405064204228754, 'max_depth': 5, 'min_child_weight': 190, 'eval_metric': 'rmse'}. Best is trial 167 with value: 0.8424823479958407.
start listen on 192.168.1.101:46303
@tracker All of 1 nodes getting started
@tracker All nodes finishes job
Trial 181 finished with value: 0.8425633982394587 and parameters: {'objective': 'reg:squarederror', 'tree_method': 'gpu_hist', 'lambda': 0.37337879534033425, 'alpha': 0.001297690446509386, 'colsample_bytree': 0.3291308780100993, 'subsample': 0.7870355018688096, 'learning_rate': 0.04823337529853581, 'max_depth': 5, 'min_child_weight': 177, 'eval_metric': 'rmse'}. Best is trial 167 with value: 0.8424823479958407.
start listen on 192.168.1.101:36517
@tracker All of 1 nodes getting started
@tracker All nodes finishes job
Trial 182 finished with value: 0.8426792869168341 and parameters: {'objective': 'reg:squarederror', 'tree_method': 'gpu_hist', 'lambda': 0.4189731973930899, 'alpha': 0.0013394834365741963, 'colsample_bytree': 0.32148851878090223, 'subsample': 0.7844892342971719, 'learning_rate': 0.04131438428270036, 'max_depth': 5, 'min_child_weight': 180, 'eval_metric': 'rmse'}. Best is trial 167 with value: 0.8424823479958407.
start listen on 192.168.1.101:52881
@tracker All of 1 nodes getting started
@tracker All nodes finishes job
Trial 183 finished with value: 0.8427658328290629 and parameters: {'objective': 'reg:squarederror', 'tree_method': 'gpu_hist', 'lambda': 0.34959529512853615, 'alpha': 0.001356690607747067, 'colsample_bytree': 0.31376981600075704, 'subsample': 0.786863303907503, 'learning_rate': 0.040638899802942614, 'max_depth': 5, 'min_child_weight': 182, 'eval_metric': 'rmse'}. Best is trial 167 with value: 0.8424823479958407.
start listen on 192.168.1.101:56893
@tracker All of 1 nodes getting started
@tracker All nodes finishes job
Trial 184 finished with value: 0.8426516258780506 and parameters: {'objective': 'reg:squarederror', 'tree_method': 'gpu_hist', 'lambda': 0.43617682657005596, 'alpha': 0.0018742195676367747, 'colsample_bytree': 0.3269561213560937, 'subsample': 0.778987634191291, 'learning_rate': 0.045556017177627584, 'max_depth': 5, 'min_child_weight': 176, 'eval_metric': 'rmse'}. Best is trial 167 with value: 0.8424823479958407.
start listen on 192.168.1.101:48005
@tracker All of 1 nodes getting started
@tracker All nodes finishes job
Trial 185 finished with value: 0.8426647069841527 and parameters: {'objective': 'reg:squarederror', 'tree_method': 'gpu_hist', 'lambda': 0.40884929428069094, 'alpha': 0.0019911190573697344, 'colsample_bytree': 0.32940871925381776, 'subsample': 0.7961801392959583, 'learning_rate': 0.03674345484993338, 'max_depth': 5, 'min_child_weight': 174, 'eval_metric': 'rmse'}. Best is trial 167 with value: 0.8424823479958407.
start listen on 192.168.1.101:38795
@tracker All of 1 nodes getting started
@tracker All nodes finishes job
Trial 186 finished with value: 0.8426632824565912 and parameters: {'objective': 'reg:squarederror', 'tree_method': 'gpu_hist', 'lambda': 0.43527665525092185, 'alpha': 0.002035488782382681, 'colsample_bytree': 0.30453518323105266, 'subsample': 0.8023757903007789, 'learning_rate': 0.03685809459486793, 'max_depth': 5, 'min_child_weight': 176, 'eval_metric': 'rmse'}. Best is trial 167 with value: 0.8424823479958407.
start listen on 192.168.1.101:43365
@tracker All of 1 nodes getting started
@tracker All nodes finishes job
Trial 187 finished with value: 0.8492909000844833 and parameters: {'objective': 'reg:squarederror', 'tree_method': 'gpu_hist', 'lambda': 0.27847687819099814, 'alpha': 0.001912864278847703, 'colsample_bytree': 0.3000103730431795, 'subsample': 0.7776097868563504, 'learning_rate': 0.03684164996823005, 'max_depth': 17, 'min_child_weight': 173, 'eval_metric': 'rmse'}. Best is trial 167 with value: 0.8424823479958407.
start listen on 192.168.1.101:35845
@tracker All of 1 nodes getting started
@tracker All nodes finishes job
Trial 188 finished with value: 0.8427358572156122 and parameters: {'objective': 'reg:squarederror', 'tree_method': 'gpu_hist', 'lambda': 0.37514765574217596, 'alpha': 0.0024648987784554686, 'colsample_bytree': 0.35146424945761034, 'subsample': 0.802443266280619, 'learning_rate': 0.03977209631265998, 'max_depth': 5, 'min_child_weight': 179, 'eval_metric': 'rmse'}. Best is trial 167 with value: 0.8424823479958407.
start listen on 192.168.1.101:53943
@tracker All of 1 nodes getting started
@tracker All nodes finishes job
Trial 189 finished with value: 0.8427694435405629 and parameters: {'objective': 'reg:squarederror', 'tree_method': 'gpu_hist', 'lambda': 0.19312893431047246, 'alpha': 0.0013365439787082353, 'colsample_bytree': 0.31343348560735407, 'subsample': 0.8079772559448516, 'learning_rate': 0.03706669626828692, 'max_depth': 5, 'min_child_weight': 170, 'eval_metric': 'rmse'}. Best is trial 167 with value: 0.8424823479958407.
start listen on 192.168.1.101:50053
@tracker All of 1 nodes getting started
@tracker All nodes finishes job
Trial 190 finished with value: 0.842558126706568 and parameters: {'objective': 'reg:squarederror', 'tree_method': 'gpu_hist', 'lambda': 0.4400556605477617, 'alpha': 0.001011823554696493, 'colsample_bytree': 0.33061857286754104, 'subsample': 0.7784447795428062, 'learning_rate': 0.042276062685917166, 'max_depth': 5, 'min_child_weight': 189, 'eval_metric': 'rmse'}. Best is trial 167 with value: 0.8424823479958407.
start listen on 192.168.1.101:54809
@tracker All of 1 nodes getting started
@tracker All nodes finishes job
Trial 191 finished with value: 0.8425357998274814 and parameters: {'objective': 'reg:squarederror', 'tree_method': 'gpu_hist', 'lambda': 0.44372170648697506, 'alpha': 0.0019260741662140892, 'colsample_bytree': 0.33191574717757566, 'subsample': 0.7786666383826836, 'learning_rate': 0.04203134564444922, 'max_depth': 5, 'min_child_weight': 193, 'eval_metric': 'rmse'}. Best is trial 167 with value: 0.8424823479958407.
start listen on 192.168.1.101:58817
@tracker All of 1 nodes getting started
@tracker All nodes finishes job
Trial 192 finished with value: 0.8426962972635063 and parameters: {'objective': 'reg:squarederror', 'tree_method': 'gpu_hist', 'lambda': 0.5000757231223587, 'alpha': 0.001926602548956756, 'colsample_bytree': 0.332662603645076, 'subsample': 0.7777448455614049, 'learning_rate': 0.04224586395249457, 'max_depth': 5, 'min_child_weight': 200, 'eval_metric': 'rmse'}. Best is trial 167 with value: 0.8424823479958407.
start listen on 192.168.1.101:36173
@tracker All of 1 nodes getting started
@tracker All nodes finishes job
Trial 193 finished with value: 1.874200650327996 and parameters: {'objective': 'reg:squarederror', 'tree_method': 'gpu_hist', 'lambda': 0.4240782887793622, 'alpha': 0.0019217249835738648, 'colsample_bytree': 0.332705170856709, 'subsample': 0.7758854397093488, 'learning_rate': 0.0014310199029911083, 'max_depth': 5, 'min_child_weight': 201, 'eval_metric': 'rmse'}. Best is trial 167 with value: 0.8424823479958407.
start listen on 192.168.1.101:40315
@tracker All of 1 nodes getting started
@tracker All nodes finishes job
Trial 194 finished with value: 0.8426040076689195 and parameters: {'objective': 'reg:squarederror', 'tree_method': 'gpu_hist', 'lambda': 0.3187194527038805, 'alpha': 0.001019897185942933, 'colsample_bytree': 0.30037042397963165, 'subsample': 0.7749022180199122, 'learning_rate': 0.04195640418574694, 'max_depth': 5, 'min_child_weight': 192, 'eval_metric': 'rmse'}. Best is trial 167 with value: 0.8424823479958407.
start listen on 192.168.1.101:37839
@tracker All of 1 nodes getting started
@tracker All nodes finishes job
Trial 195 finished with value: 0.8425812904383634 and parameters: {'objective': 'reg:squarederror', 'tree_method': 'gpu_hist', 'lambda': 0.32050862928661483, 'alpha': 0.0010114960925724345, 'colsample_bytree': 0.30080927675093644, 'subsample': 0.7968387252711309, 'learning_rate': 0.041050950771310074, 'max_depth': 5, 'min_child_weight': 192, 'eval_metric': 'rmse'}. Best is trial 167 with value: 0.8424823479958407.
start listen on 192.168.1.101:48811
@tracker All of 1 nodes getting started
@tracker All nodes finishes job
Trial 196 finished with value: 0.8427514361887343 and parameters: {'objective': 'reg:squarederror', 'tree_method': 'gpu_hist', 'lambda': 0.2432894630789568, 'alpha': 0.0010070435611710133, 'colsample_bytree': 0.30135474736108914, 'subsample': 0.7918509211287189, 'learning_rate': 0.03962392844398523, 'max_depth': 5, 'min_child_weight': 192, 'eval_metric': 'rmse'}. Best is trial 167 with value: 0.8424823479958407.
start listen on 192.168.1.101:33769
@tracker All of 1 nodes getting started
@tracker All nodes finishes job
Trial 197 finished with value: 0.8426821639311125 and parameters: {'objective': 'reg:squarederror', 'tree_method': 'gpu_hist', 'lambda': 0.3008815970052176, 'alpha': 0.0010052539524613873, 'colsample_bytree': 0.3125750437588834, 'subsample': 0.8010023920987974, 'learning_rate': 0.03568179954694713, 'max_depth': 5, 'min_child_weight': 196, 'eval_metric': 'rmse'}. Best is trial 167 with value: 0.8424823479958407.
start listen on 192.168.1.101:60223
@tracker All of 1 nodes getting started
@tracker All nodes finishes job
Trial 198 finished with value: 0.8500469569792339 and parameters: {'objective': 'reg:squarederror', 'tree_method': 'gpu_hist', 'lambda': 0.31767061973156474, 'alpha': 0.001308398124235973, 'colsample_bytree': 0.312460362997235, 'subsample': 0.8004885102350714, 'learning_rate': 0.03614586448895014, 'max_depth': 20, 'min_child_weight': 183, 'eval_metric': 'rmse'}. Best is trial 167 with value: 0.8424823479958407.
start listen on 192.168.1.101:59009
@tracker All of 1 nodes getting started
@tracker All nodes finishes job
Trial 199 finished with value: 0.8426324040917031 and parameters: {'objective': 'reg:squarederror', 'tree_method': 'gpu_hist', 'lambda': 0.2807640283883889, 'alpha': 0.001472599419406241, 'colsample_bytree': 0.3116875087423618, 'subsample': 0.8060249207871961, 'learning_rate': 0.03744774129082543, 'max_depth': 5, 'min_child_weight': 192, 'eval_metric': 'rmse'}. Best is trial 167 with value: 0.8424823479958407.
start listen on 192.168.1.101:57817
@tracker All of 1 nodes getting started
@tracker All nodes finishes job
Trial 200 finished with value: 0.84269061947464 and parameters: {'objective': 'reg:squarederror', 'tree_method': 'gpu_hist', 'lambda': 0.411961708424478, 'alpha': 0.0010122805701314927, 'colsample_bytree': 0.35122926849062924, 'subsample': 0.8067414679697533, 'learning_rate': 0.03745690215482181, 'max_depth': 5, 'min_child_weight': 213, 'eval_metric': 'rmse'}. Best is trial 167 with value: 0.8424823479958407.
start listen on 192.168.1.101:40547
@tracker All of 1 nodes getting started
@tracker All nodes finishes job
Trial 201 finished with value: 0.8427175601838394 and parameters: {'objective': 'reg:squarederror', 'tree_method': 'gpu_hist', 'lambda': 0.29311631091774865, 'alpha': 0.0010174020926293854, 'colsample_bytree': 0.30006502327640194, 'subsample': 0.8103489842351838, 'learning_rate': 0.036768355381566975, 'max_depth': 5, 'min_child_weight': 216, 'eval_metric': 'rmse'}. Best is trial 167 with value: 0.8424823479958407.
start listen on 192.168.1.101:50741
@tracker All of 1 nodes getting started
@tracker All nodes finishes job
Trial 202 finished with value: 0.8425580292169924 and parameters: {'objective': 'reg:squarederror', 'tree_method': 'gpu_hist', 'lambda': 0.38446940936439644, 'alpha': 0.001455766208638362, 'colsample_bytree': 0.32446448800878563, 'subsample': 0.798264704766288, 'learning_rate': 0.03900703514909452, 'max_depth': 5, 'min_child_weight': 209, 'eval_metric': 'rmse'}. Best is trial 167 with value: 0.8424823479958407.
start listen on 192.168.1.101:36767
@tracker All of 1 nodes getting started
@tracker All nodes finishes job
Trial 203 finished with value: 0.84257624775215 and parameters: {'objective': 'reg:squarederror', 'tree_method': 'gpu_hist', 'lambda': 0.3692709985550588, 'alpha': 0.0014764292181326522, 'colsample_bytree': 0.3261877930757208, 'subsample': 0.7936498499924128, 'learning_rate': 0.041468957502173436, 'max_depth': 5, 'min_child_weight': 192, 'eval_metric': 'rmse'}. Best is trial 167 with value: 0.8424823479958407.
start listen on 192.168.1.101:45017
@tracker All of 1 nodes getting started
@tracker All nodes finishes job
Trial 204 finished with value: 0.8427960270114662 and parameters: {'objective': 'reg:squarederror', 'tree_method': 'gpu_hist', 'lambda': 0.3461842975916171, 'alpha': 0.001478886450531285, 'colsample_bytree': 0.32877843892585545, 'subsample': 0.7860107724438379, 'learning_rate': 0.04191202534854735, 'max_depth': 5, 'min_child_weight': 207, 'eval_metric': 'rmse'}. Best is trial 167 with value: 0.8424823479958407.
start listen on 192.168.1.101:60225
@tracker All of 1 nodes getting started
@tracker All nodes finishes job
Trial 205 finished with value: 0.8427493301914626 and parameters: {'objective': 'reg:squarederror', 'tree_method': 'gpu_hist', 'lambda': 0.2394832244616891, 'alpha': 0.0012636253177802064, 'colsample_bytree': 0.3243836190243085, 'subsample': 0.7929224434075545, 'learning_rate': 0.03947339386571278, 'max_depth': 5, 'min_child_weight': 191, 'eval_metric': 'rmse'}. Best is trial 167 with value: 0.8424823479958407.
start listen on 192.168.1.101:39751
@tracker All of 1 nodes getting started
@tracker All nodes finishes job
Trial 206 finished with value: 0.8425984805243772 and parameters: {'objective': 'reg:squarederror', 'tree_method': 'gpu_hist', 'lambda': 0.43719663744954285, 'alpha': 0.0016561197405228216, 'colsample_bytree': 0.35459358672216734, 'subsample': 0.7659972367475513, 'learning_rate': 0.044151660372587616, 'max_depth': 5, 'min_child_weight': 178, 'eval_metric': 'rmse'}. Best is trial 167 with value: 0.8424823479958407.
start listen on 192.168.1.101:56817
@tracker All of 1 nodes getting started
@tracker All nodes finishes job
Trial 207 finished with value: 0.8425942180401779 and parameters: {'objective': 'reg:squarederror', 'tree_method': 'gpu_hist', 'lambda': 0.5023509694229026, 'alpha': 0.001587357678138254, 'colsample_bytree': 0.3577953529822433, 'subsample': 0.8180377162871331, 'learning_rate': 0.04379103598053929, 'max_depth': 5, 'min_child_weight': 175, 'eval_metric': 'rmse'}. Best is trial 167 with value: 0.8424823479958407.
start listen on 192.168.1.101:40021
@tracker All of 1 nodes getting started
@tracker All nodes finishes job
Trial 208 finished with value: 0.8469585476086311 and parameters: {'objective': 'reg:squarederror', 'tree_method': 'gpu_hist', 'lambda': 0.5103829050884408, 'alpha': 0.0017552414622334324, 'colsample_bytree': 0.3517647123408282, 'subsample': 0.8203687570570308, 'learning_rate': 0.04458926229438473, 'max_depth': 11, 'min_child_weight': 175, 'eval_metric': 'rmse'}. Best is trial 167 with value: 0.8424823479958407.
start listen on 192.168.1.101:37889
@tracker All of 1 nodes getting started
@tracker All nodes finishes job
Trial 209 finished with value: 0.8426032948623616 and parameters: {'objective': 'reg:squarederror', 'tree_method': 'gpu_hist', 'lambda': 0.6627055193943717, 'alpha': 0.0016011936894394167, 'colsample_bytree': 0.3408131986238267, 'subsample': 0.816506950273077, 'learning_rate': 0.05235044501018708, 'max_depth': 5, 'min_child_weight': 168, 'eval_metric': 'rmse'}. Best is trial 167 with value: 0.8424823479958407.
start listen on 192.168.1.101:36395
@tracker All of 1 nodes getting started
@tracker All nodes finishes job
