Trial 210 finished with value: 0.8427077173677773 and parameters: {'objective': 'reg:squarederror', 'tree_method': 'gpu_hist', 'lambda': 0.6697769934872488, 'alpha': 0.0015673377680408653, 'colsample_bytree': 0.338972171502597, 'subsample': 0.8144515871456717, 'learning_rate': 0.05132854163564981, 'max_depth': 5, 'min_child_weight': 195, 'eval_metric': 'rmse'}. Best is trial 167 with value: 0.8424823479958407.
start listen on 192.168.1.101:48355
@tracker All of 1 nodes getting started
@tracker All nodes finishes job
Trial 211 finished with value: 0.8426314732826405 and parameters: {'objective': 'reg:squarederror', 'tree_method': 'gpu_hist', 'lambda': 0.47675538613466933, 'alpha': 0.002249989162484356, 'colsample_bytree': 0.3358905130624433, 'subsample': 0.8004800284579552, 'learning_rate': 0.044224739781859625, 'max_depth': 5, 'min_child_weight': 168, 'eval_metric': 'rmse'}. Best is trial 167 with value: 0.8424823479958407.
start listen on 192.168.1.101:46103
@tracker All of 1 nodes getting started
@tracker All nodes finishes job
Trial 212 finished with value: 0.8426176441268299 and parameters: {'objective': 'reg:squarederror', 'tree_method': 'gpu_hist', 'lambda': 0.5685346408634977, 'alpha': 0.0015754902021550947, 'colsample_bytree': 0.35869882618288595, 'subsample': 0.823050508102448, 'learning_rate': 0.044389564984753806, 'max_depth': 5, 'min_child_weight': 167, 'eval_metric': 'rmse'}. Best is trial 167 with value: 0.8424823479958407.
start listen on 192.168.1.101:37837
@tracker All of 1 nodes getting started
@tracker All nodes finishes job
Trial 213 finished with value: 0.8426588426058655 and parameters: {'objective': 'reg:squarederror', 'tree_method': 'gpu_hist', 'lambda': 0.6235980899766782, 'alpha': 0.001548619075571437, 'colsample_bytree': 0.3583022950011545, 'subsample': 0.8208893886667106, 'learning_rate': 0.04475975300740443, 'max_depth': 5, 'min_child_weight': 167, 'eval_metric': 'rmse'}. Best is trial 167 with value: 0.8424823479958407.
start listen on 192.168.1.101:39653
@tracker All of 1 nodes getting started
@tracker All nodes finishes job
Trial 214 finished with value: 0.8427697684868954 and parameters: {'objective': 'reg:squarederror', 'tree_method': 'gpu_hist', 'lambda': 0.557905137038503, 'alpha': 0.0016640282002489688, 'colsample_bytree': 0.35500012998497904, 'subsample': 0.8190124232056952, 'learning_rate': 0.05338351414341108, 'max_depth': 5, 'min_child_weight': 166, 'eval_metric': 'rmse'}. Best is trial 167 with value: 0.8424823479958407.
start listen on 192.168.1.101:46043
@tracker All of 1 nodes getting started
@tracker All nodes finishes job
Trial 215 finished with value: 0.8426692028248244 and parameters: {'objective': 'reg:squarederror', 'tree_method': 'gpu_hist', 'lambda': 0.5004835368999281, 'alpha': 0.0022617499396360226, 'colsample_bytree': 0.3637526685334507, 'subsample': 0.820070151006176, 'learning_rate': 0.04466251531262395, 'max_depth': 5, 'min_child_weight': 187, 'eval_metric': 'rmse'}. Best is trial 167 with value: 0.8424823479958407.
start listen on 192.168.1.101:54827
@tracker All of 1 nodes getting started
@tracker All nodes finishes job
Trial 216 finished with value: 0.9294502957934379 and parameters: {'objective': 'reg:squarederror', 'tree_method': 'gpu_hist', 'lambda': 0.33279961746382103, 'alpha': 0.0015050569168193514, 'colsample_bytree': 0.34192840397145907, 'subsample': 0.7650388144377961, 'learning_rate': 0.0029694687018729845, 'max_depth': 5, 'min_child_weight': 169, 'eval_metric': 'rmse'}. Best is trial 167 with value: 0.8424823479958407.
start listen on 192.168.1.101:36729
@tracker All of 1 nodes getting started
@tracker All nodes finishes job
Trial 217 finished with value: 0.8426195990235567 and parameters: {'objective': 'reg:squarederror', 'tree_method': 'gpu_hist', 'lambda': 0.20587642079896132, 'alpha': 0.003002282707429951, 'colsample_bytree': 0.36271041421834677, 'subsample': 0.8072578531820567, 'learning_rate': 0.05114003142904248, 'max_depth': 5, 'min_child_weight': 183, 'eval_metric': 'rmse'}. Best is trial 167 with value: 0.8424823479958407.
start listen on 192.168.1.101:58897
@tracker All of 1 nodes getting started
@tracker All nodes finishes job
Trial 218 finished with value: 0.8530548649014534 and parameters: {'objective': 'reg:squarederror', 'tree_method': 'gpu_hist', 'lambda': 0.21942931844670205, 'alpha': 0.003190940809809643, 'colsample_bytree': 0.3384453317293337, 'subsample': 0.8060650467258411, 'learning_rate': 0.054326001542964464, 'max_depth': 15, 'min_child_weight': 183, 'eval_metric': 'rmse'}. Best is trial 167 with value: 0.8424823479958407.
start listen on 192.168.1.101:55915
@tracker All of 1 nodes getting started
@tracker All nodes finishes job
Trial 219 finished with value: 0.8436953211591584 and parameters: {'objective': 'reg:squarederror', 'tree_method': 'gpu_hist', 'lambda': 0.3703258464041958, 'alpha': 0.0011792683487625935, 'colsample_bytree': 0.3453037759066316, 'subsample': 0.7971648906496546, 'learning_rate': 0.04964979196588085, 'max_depth': 3, 'min_child_weight': 155, 'eval_metric': 'rmse'}. Best is trial 167 with value: 0.8424823479958407.
start listen on 192.168.1.101:33339
@tracker All of 1 nodes getting started
@tracker All nodes finishes job
Trial 220 finished with value: 0.8426784268408802 and parameters: {'objective': 'reg:squarederror', 'tree_method': 'gpu_hist', 'lambda': 0.2617719929843609, 'alpha': 0.0017954108404045703, 'colsample_bytree': 0.369511509136383, 'subsample': 0.7608489787618515, 'learning_rate': 0.051926525007007646, 'max_depth': 5, 'min_child_weight': 206, 'eval_metric': 'rmse'}. Best is trial 167 with value: 0.8424823479958407.
start listen on 192.168.1.101:35297
@tracker All of 1 nodes getting started
@tracker All nodes finishes job
Trial 221 finished with value: 0.842690719646038 and parameters: {'objective': 'reg:squarederror', 'tree_method': 'gpu_hist', 'lambda': 0.6226276629221843, 'alpha': 0.0014888568245985075, 'colsample_bytree': 0.3583596647592632, 'subsample': 0.8184658898514032, 'learning_rate': 0.044753419891019545, 'max_depth': 5, 'min_child_weight': 170, 'eval_metric': 'rmse'}. Best is trial 167 with value: 0.8424823479958407.
start listen on 192.168.1.101:55845
@tracker All of 1 nodes getting started
@tracker All nodes finishes job
Trial 222 finished with value: 0.8428643407257612 and parameters: {'objective': 'reg:squarederror', 'tree_method': 'gpu_hist', 'lambda': 0.476252503577161, 'alpha': 0.001212571367752584, 'colsample_bytree': 0.3204931034224025, 'subsample': 0.8243991888740807, 'learning_rate': 0.04065381170161349, 'max_depth': 5, 'min_child_weight': 164, 'eval_metric': 'rmse'}. Best is trial 167 with value: 0.8424823479958407.
start listen on 192.168.1.101:55603
@tracker All of 1 nodes getting started
@tracker All nodes finishes job
Trial 223 finished with value: 0.8425669588434362 and parameters: {'objective': 'reg:squarederror', 'tree_method': 'gpu_hist', 'lambda': 0.3332690542361134, 'alpha': 0.009485889390836747, 'colsample_bytree': 0.3345919324037937, 'subsample': 0.8099567003739193, 'learning_rate': 0.04498414511314547, 'max_depth': 5, 'min_child_weight': 180, 'eval_metric': 'rmse'}. Best is trial 167 with value: 0.8424823479958407.
start listen on 192.168.1.101:42787
@tracker All of 1 nodes getting started
@tracker All nodes finishes job
Trial 224 finished with value: 0.8426867039642452 and parameters: {'objective': 'reg:squarederror', 'tree_method': 'gpu_hist', 'lambda': 0.3380159347220307, 'alpha': 0.017319442352873533, 'colsample_bytree': 0.33267384120169624, 'subsample': 0.7796871992739812, 'learning_rate': 0.04964221620986735, 'max_depth': 5, 'min_child_weight': 187, 'eval_metric': 'rmse'}. Best is trial 167 with value: 0.8424823479958407.
start listen on 192.168.1.101:35787
@tracker All of 1 nodes getting started
@tracker All nodes finishes job
Trial 225 finished with value: 0.8482636069743371 and parameters: {'objective': 'reg:squarederror', 'tree_method': 'gpu_hist', 'lambda': 0.18072891382826303, 'alpha': 0.0011971728772070846, 'colsample_bytree': 0.31353578203295945, 'subsample': 0.8074700220616882, 'learning_rate': 0.044087007488429475, 'max_depth': 13, 'min_child_weight': 193, 'eval_metric': 'rmse'}. Best is trial 167 with value: 0.8424823479958407.
start listen on 192.168.1.101:37655
@tracker All of 1 nodes getting started
@tracker All nodes finishes job
Trial 226 finished with value: 0.8428750589046736 and parameters: {'objective': 'reg:squarederror', 'tree_method': 'gpu_hist', 'lambda': 0.14010595838136222, 'alpha': 0.0017800125644132315, 'colsample_bytree': 0.3322514157428933, 'subsample': 0.7938445481721733, 'learning_rate': 0.05743335176779305, 'max_depth': 5, 'min_child_weight': 181, 'eval_metric': 'rmse'}. Best is trial 167 with value: 0.8424823479958407.
start listen on 192.168.1.101:53935
@tracker All of 1 nodes getting started
@tracker All nodes finishes job
Trial 227 finished with value: 0.8425811029063167 and parameters: {'objective': 'reg:squarederror', 'tree_method': 'gpu_hist', 'lambda': 0.28507532411497105, 'alpha': 0.002373758677537943, 'colsample_bytree': 0.34660800414834125, 'subsample': 0.7767633455937648, 'learning_rate': 0.03911495397968348, 'max_depth': 5, 'min_child_weight': 178, 'eval_metric': 'rmse'}. Best is trial 167 with value: 0.8424823479958407.
start listen on 192.168.1.101:52405
@tracker All of 1 nodes getting started
@tracker All nodes finishes job
Trial 228 finished with value: 0.8427210758638619 and parameters: {'objective': 'reg:squarederror', 'tree_method': 'gpu_hist', 'lambda': 0.26819780112109165, 'alpha': 0.009767812814764461, 'colsample_bytree': 0.3482278978553555, 'subsample': 0.7688351896994146, 'learning_rate': 0.039752273058556026, 'max_depth': 5, 'min_child_weight': 187, 'eval_metric': 'rmse'}. Best is trial 167 with value: 0.8424823479958407.
start listen on 192.168.1.101:36913
@tracker All of 1 nodes getting started
@tracker All nodes finishes job
Trial 229 finished with value: 0.8427488288743604 and parameters: {'objective': 'reg:squarederror', 'tree_method': 'gpu_hist', 'lambda': 0.3744151464797928, 'alpha': 0.002505513583303318, 'colsample_bytree': 0.3695818279939602, 'subsample': 0.8052056344902107, 'learning_rate': 0.03998642366193649, 'max_depth': 5, 'min_child_weight': 199, 'eval_metric': 'rmse'}. Best is trial 167 with value: 0.8424823479958407.
start listen on 192.168.1.101:39471
@tracker All of 1 nodes getting started
@tracker All nodes finishes job
Trial 230 finished with value: 0.8481412317009993 and parameters: {'objective': 'reg:squarederror', 'tree_method': 'gpu_hist', 'lambda': 0.2907839655513243, 'alpha': 0.003362463533045931, 'colsample_bytree': 0.31704439403100615, 'subsample': 0.7923845473290597, 'learning_rate': 0.03433933842024883, 'max_depth': 17, 'min_child_weight': 181, 'eval_metric': 'rmse'}. Best is trial 167 with value: 0.8424823479958407.
start listen on 192.168.1.101:40885
@tracker All of 1 nodes getting started
@tracker All nodes finishes job
Trial 231 finished with value: 0.8425512088220792 and parameters: {'objective': 'reg:squarederror', 'tree_method': 'gpu_hist', 'lambda': 0.440660854913651, 'alpha': 0.002275121112303324, 'colsample_bytree': 0.3393868345837375, 'subsample': 0.7796572455150478, 'learning_rate': 0.04562615457450516, 'max_depth': 5, 'min_child_weight': 176, 'eval_metric': 'rmse'}. Best is trial 167 with value: 0.8424823479958407.
start listen on 192.168.1.101:33663
@tracker All of 1 nodes getting started
@tracker All nodes finishes job
Trial 232 finished with value: 0.8426397216984705 and parameters: {'objective': 'reg:squarederror', 'tree_method': 'gpu_hist', 'lambda': 0.20979131698870232, 'alpha': 0.002157182799094883, 'colsample_bytree': 0.3396710252649425, 'subsample': 0.7833809478109427, 'learning_rate': 0.049061114990215066, 'max_depth': 5, 'min_child_weight': 172, 'eval_metric': 'rmse'}. Best is trial 167 with value: 0.8424823479958407.
start listen on 192.168.1.101:50879
@tracker All of 1 nodes getting started
@tracker All nodes finishes job
Trial 233 finished with value: 0.8424855087043159 and parameters: {'objective': 'reg:squarederror', 'tree_method': 'gpu_hist', 'lambda': 0.366988816263959, 'alpha': 0.0014145780570814911, 'colsample_bytree': 0.3490123966039721, 'subsample': 0.7697728767260394, 'learning_rate': 0.04246848912762436, 'max_depth': 5, 'min_child_weight': 157, 'eval_metric': 'rmse'}. Best is trial 167 with value: 0.8424823479958407.
start listen on 192.168.1.101:40051
@tracker All of 1 nodes getting started
@tracker All nodes finishes job
Trial 234 finished with value: 0.8425868864300229 and parameters: {'objective': 'reg:squarederror', 'tree_method': 'gpu_hist', 'lambda': 0.5536450034277767, 'alpha': 0.0011994557826815733, 'colsample_bytree': 0.3500023653359523, 'subsample': 0.7541922385021388, 'learning_rate': 0.04298378830408792, 'max_depth': 5, 'min_child_weight': 159, 'eval_metric': 'rmse'}. Best is trial 167 with value: 0.8424823479958407.
start listen on 192.168.1.101:47601
@tracker All of 1 nodes getting started
@tracker All nodes finishes job
Trial 235 finished with value: 0.8540205962662999 and parameters: {'objective': 'reg:squarederror', 'tree_method': 'gpu_hist', 'lambda': 0.3757658389441703, 'alpha': 0.0012000491651751241, 'colsample_bytree': 0.3708136811277051, 'subsample': 0.756248765230171, 'learning_rate': 0.005173907735259601, 'max_depth': 5, 'min_child_weight': 158, 'eval_metric': 'rmse'}. Best is trial 167 with value: 0.8424823479958407.
start listen on 192.168.1.101:35693
@tracker All of 1 nodes getting started
@tracker All nodes finishes job
Trial 236 finished with value: 0.8427274470009706 and parameters: {'objective': 'reg:squarederror', 'tree_method': 'gpu_hist', 'lambda': 0.8024397058449656, 'alpha': 0.001405382789072533, 'colsample_bytree': 0.349193492467793, 'subsample': 0.7516278684876956, 'learning_rate': 0.04300673843722869, 'max_depth': 5, 'min_child_weight': 162, 'eval_metric': 'rmse'}. Best is trial 167 with value: 0.8424823479958407.
start listen on 192.168.1.101:34711
@tracker All of 1 nodes getting started
@tracker All nodes finishes job
Trial 237 finished with value: 0.8426149082337062 and parameters: {'objective': 'reg:squarederror', 'tree_method': 'gpu_hist', 'lambda': 0.5129144019283268, 'alpha': 0.001145357641399201, 'colsample_bytree': 0.359135265122526, 'subsample': 0.7684356169524368, 'learning_rate': 0.051930846907672926, 'max_depth': 5, 'min_child_weight': 177, 'eval_metric': 'rmse'}. Best is trial 167 with value: 0.8424823479958407.
start listen on 192.168.1.101:60413
@tracker All of 1 nodes getting started
@tracker All nodes finishes job
Trial 238 finished with value: 0.8427350053693909 and parameters: {'objective': 'reg:squarederror', 'tree_method': 'gpu_hist', 'lambda': 0.5714845636741417, 'alpha': 0.0010278071716697604, 'colsample_bytree': 0.36324915261334195, 'subsample': 0.7628299062449523, 'learning_rate': 0.05104438182736753, 'max_depth': 5, 'min_child_weight': 154, 'eval_metric': 'rmse'}. Best is trial 167 with value: 0.8424823479958407.
start listen on 192.168.1.101:57283
@tracker All of 1 nodes getting started
@tracker All nodes finishes job
Trial 239 finished with value: 0.8428526989745734 and parameters: {'objective': 'reg:squarederror', 'tree_method': 'gpu_hist', 'lambda': 0.5012345122350421, 'alpha': 0.0012246206209396262, 'colsample_bytree': 0.35536884803618884, 'subsample': 0.7662497373422379, 'learning_rate': 0.06069234338219699, 'max_depth': 5, 'min_child_weight': 178, 'eval_metric': 'rmse'}. Best is trial 167 with value: 0.8424823479958407.
start listen on 192.168.1.101:33637
@tracker All of 1 nodes getting started
@tracker All nodes finishes job
Trial 240 finished with value: 0.8428532692411724 and parameters: {'objective': 'reg:squarederror', 'tree_method': 'gpu_hist', 'lambda': 0.39172459863324144, 'alpha': 0.0016325174776709208, 'colsample_bytree': 0.30013581688407875, 'subsample': 0.7481516596642862, 'learning_rate': 0.040543990865942785, 'max_depth': 5, 'min_child_weight': 176, 'eval_metric': 'rmse'}. Best is trial 167 with value: 0.8424823479958407.
start listen on 192.168.1.101:56157
@tracker All of 1 nodes getting started
@tracker All nodes finishes job
Trial 241 finished with value: 0.8428857172825213 and parameters: {'objective': 'reg:squarederror', 'tree_method': 'gpu_hist', 'lambda': 0.5578030650470187, 'alpha': 0.0012860049155038389, 'colsample_bytree': 0.378922453831163, 'subsample': 0.772899126670253, 'learning_rate': 0.047873134446479906, 'max_depth': 5, 'min_child_weight': 184, 'eval_metric': 'rmse'}. Best is trial 167 with value: 0.8424823479958407.
start listen on 192.168.1.101:37009
@tracker All of 1 nodes getting started
@tracker All nodes finishes job
Trial 242 finished with value: 0.8427437880052006 and parameters: {'objective': 'reg:squarederror', 'tree_method': 'gpu_hist', 'lambda': 0.34548339330527017, 'alpha': 0.0010044478876964343, 'colsample_bytree': 0.3479583266696297, 'subsample': 0.7793744278204618, 'learning_rate': 0.05405754184936061, 'max_depth': 5, 'min_child_weight': 163, 'eval_metric': 'rmse'}. Best is trial 167 with value: 0.8424823479958407.
start listen on 192.168.1.101:58155
@tracker All of 1 nodes getting started
@tracker All nodes finishes job
Trial 243 finished with value: 0.8428570928867919 and parameters: {'objective': 'reg:squarederror', 'tree_method': 'gpu_hist', 'lambda': 0.4512677022250014, 'alpha': 0.0016640478609726275, 'colsample_bytree': 0.3259383469898081, 'subsample': 0.7353230862609749, 'learning_rate': 0.04422650575403989, 'max_depth': 5, 'min_child_weight': 171, 'eval_metric': 'rmse'}. Best is trial 167 with value: 0.8424823479958407.
start listen on 192.168.1.101:39307
@tracker All of 1 nodes getting started
@tracker All nodes finishes job
Trial 244 finished with value: 0.8426542865591361 and parameters: {'objective': 'reg:squarederror', 'tree_method': 'gpu_hist', 'lambda': 0.7194874961171805, 'alpha': 0.007474220540043157, 'colsample_bytree': 0.3392872697048965, 'subsample': 0.7869295819703076, 'learning_rate': 0.04724070142032535, 'max_depth': 5, 'min_child_weight': 179, 'eval_metric': 'rmse'}. Best is trial 167 with value: 0.8424823479958407.
start listen on 192.168.1.101:36801
@tracker All of 1 nodes getting started
@tracker All nodes finishes job
Trial 245 finished with value: 0.8515187015845254 and parameters: {'objective': 'reg:squarederror', 'tree_method': 'gpu_hist', 'lambda': 0.31902578586410746, 'alpha': 0.0014197893658242056, 'colsample_bytree': 0.3200225069781949, 'subsample': 0.7708624922985534, 'learning_rate': 0.040602360544528565, 'max_depth': 20, 'min_child_weight': 189, 'eval_metric': 'rmse'}. Best is trial 167 with value: 0.8424823479958407.
start listen on 192.168.1.101:57029
@tracker All of 1 nodes getting started
@tracker All nodes finishes job
Trial 246 finished with value: 0.8427236628041126 and parameters: {'objective': 'reg:squarederror', 'tree_method': 'gpu_hist', 'lambda': 0.4156446029174493, 'alpha': 0.00115539851083792, 'colsample_bytree': 0.35401529988902053, 'subsample': 0.7831149537342887, 'learning_rate': 0.05178329749400686, 'max_depth': 5, 'min_child_weight': 157, 'eval_metric': 'rmse'}. Best is trial 167 with value: 0.8424823479958407.
start listen on 192.168.1.101:38939
@tracker All of 1 nodes getting started
@tracker All nodes finishes job
Trial 247 finished with value: 0.8428687698121871 and parameters: {'objective': 'reg:squarederror', 'tree_method': 'gpu_hist', 'lambda': 0.5632485550885904, 'alpha': 0.0019093339477359835, 'colsample_bytree': 0.33144709778247067, 'subsample': 0.7577224215742475, 'learning_rate': 0.04655840330389093, 'max_depth': 5, 'min_child_weight': 167, 'eval_metric': 'rmse'}. Best is trial 167 with value: 0.8424823479958407.
start listen on 192.168.1.101:41253
@tracker All of 1 nodes getting started
@tracker All nodes finishes job
Trial 248 finished with value: 0.842646570766756 and parameters: {'objective': 'reg:squarederror', 'tree_method': 'gpu_hist', 'lambda': 0.4648894305443357, 'alpha': 0.0025482870854834144, 'colsample_bytree': 0.3140933683360063, 'subsample': 0.7730692249054535, 'learning_rate': 0.04142079527066234, 'max_depth': 5, 'min_child_weight': 184, 'eval_metric': 'rmse'}. Best is trial 167 with value: 0.8424823479958407.
start listen on 192.168.1.101:42731
@tracker All of 1 nodes getting started
@tracker All nodes finishes job
Trial 249 finished with value: 0.8428541131115491 and parameters: {'objective': 'reg:squarederror', 'tree_method': 'gpu_hist', 'lambda': 0.3253353632793215, 'alpha': 0.0013786436027292052, 'colsample_bytree': 0.3866499017954894, 'subsample': 0.7912180388897603, 'learning_rate': 0.05472316348027143, 'max_depth': 5, 'min_child_weight': 173, 'eval_metric': 'rmse'}. Best is trial 167 with value: 0.8424823479958407.
start listen on 192.168.1.101:54547
@tracker All of 1 nodes getting started
@tracker All nodes finishes job
Trial 250 finished with value: 0.8428447662267412 and parameters: {'objective': 'reg:squarederror', 'tree_method': 'gpu_hist', 'lambda': 0.8594823293008141, 'alpha': 0.0016960139069342477, 'colsample_bytree': 0.3629976571121619, 'subsample': 0.7927313548861087, 'learning_rate': 0.038563852471491696, 'max_depth': 5, 'min_child_weight': 227, 'eval_metric': 'rmse'}. Best is trial 167 with value: 0.8424823479958407.
start listen on 192.168.1.101:58785
@tracker All of 1 nodes getting started
@tracker All nodes finishes job
Trial 251 finished with value: 0.8427113457293803 and parameters: {'objective': 'reg:squarederror', 'tree_method': 'gpu_hist', 'lambda': 0.6536548336297296, 'alpha': 0.0011635893216146442, 'colsample_bytree': 0.3421861218710421, 'subsample': 0.7473522449980968, 'learning_rate': 0.044773590475306387, 'max_depth': 5, 'min_child_weight': 196, 'eval_metric': 'rmse'}. Best is trial 167 with value: 0.8424823479958407.
start listen on 192.168.1.101:55321
@tracker All of 1 nodes getting started
@tracker All nodes finishes job
