Trial 503 finished with value: 0.8426928626197981 and parameters: {'objective': 'reg:squarederror', 'tree_method': 'gpu_hist', 'lambda': 0.7188829828155034, 'alpha': 0.001573155860719169, 'colsample_bytree': 0.3001892821897129, 'subsample': 0.6796963627814564, 'learning_rate': 0.04071970632829663, 'max_depth': 5, 'min_child_weight': 202, 'eval_metric': 'rmse'}. Best is trial 300 with value: 0.8424118081699078.
start listen on 192.168.1.101:37403
@tracker All of 1 nodes getting started
@tracker All nodes finishes job
Trial 504 finished with value: 0.8427746173395683 and parameters: {'objective': 'reg:squarederror', 'tree_method': 'gpu_hist', 'lambda': 0.39195634496274856, 'alpha': 0.0018648454075390864, 'colsample_bytree': 0.3232390278788167, 'subsample': 0.7308502554175818, 'learning_rate': 0.044149845433316987, 'max_depth': 5, 'min_child_weight': 181, 'eval_metric': 'rmse'}. Best is trial 300 with value: 0.8424118081699078.
start listen on 192.168.1.101:48321
@tracker All of 1 nodes getting started
@tracker All nodes finishes job
Trial 505 finished with value: 0.8587219839596845 and parameters: {'objective': 'reg:squarederror', 'tree_method': 'gpu_hist', 'lambda': 0.9099545906028931, 'alpha': 0.0013517567300335436, 'colsample_bytree': 0.3505379144169121, 'subsample': 0.797368237288112, 'learning_rate': 0.05699013716563717, 'max_depth': 20, 'min_child_weight': 195, 'eval_metric': 'rmse'}. Best is trial 300 with value: 0.8424118081699078.
start listen on 192.168.1.101:34217
@tracker All of 1 nodes getting started
@tracker All nodes finishes job
Trial 506 finished with value: 0.8428156789920991 and parameters: {'objective': 'reg:squarederror', 'tree_method': 'gpu_hist', 'lambda': 0.530071603818177, 'alpha': 0.006965168142848575, 'colsample_bytree': 0.3884102025411545, 'subsample': 0.819592429037873, 'learning_rate': 0.04926985371498381, 'max_depth': 5, 'min_child_weight': 170, 'eval_metric': 'rmse'}. Best is trial 300 with value: 0.8424118081699078.
start listen on 192.168.1.101:55271
@tracker All of 1 nodes getting started
@tracker All nodes finishes job
Trial 507 finished with value: 0.8425710736085825 and parameters: {'objective': 'reg:squarederror', 'tree_method': 'gpu_hist', 'lambda': 0.24437905085204872, 'alpha': 0.0028270227448555433, 'colsample_bytree': 0.33871022616836144, 'subsample': 0.7688521848531823, 'learning_rate': 0.039981549713241145, 'max_depth': 5, 'min_child_weight': 185, 'eval_metric': 'rmse'}. Best is trial 300 with value: 0.8424118081699078.
start listen on 192.168.1.101:59347
@tracker All of 1 nodes getting started
@tracker All nodes finishes job
Trial 508 finished with value: 0.8428408901379698 and parameters: {'objective': 'reg:squarederror', 'tree_method': 'gpu_hist', 'lambda': 0.18963093668019107, 'alpha': 0.0034941893888286234, 'colsample_bytree': 0.3706723202387818, 'subsample': 0.7526992018607523, 'learning_rate': 0.02866916031822662, 'max_depth': 5, 'min_child_weight': 166, 'eval_metric': 'rmse'}. Best is trial 300 with value: 0.8424118081699078.
start listen on 192.168.1.101:39487
@tracker All of 1 nodes getting started
@tracker All nodes finishes job
Trial 509 finished with value: 0.8426600071859145 and parameters: {'objective': 'reg:squarederror', 'tree_method': 'gpu_hist', 'lambda': 0.2499939445439252, 'alpha': 0.0029846657624306707, 'colsample_bytree': 0.3433782113226375, 'subsample': 0.7678695312929807, 'learning_rate': 0.03511396053068089, 'max_depth': 5, 'min_child_weight': 178, 'eval_metric': 'rmse'}. Best is trial 300 with value: 0.8424118081699078.
start listen on 192.168.1.101:56081
@tracker All of 1 nodes getting started
@tracker All nodes finishes job
Trial 510 finished with value: 0.8431263968589526 and parameters: {'objective': 'reg:squarederror', 'tree_method': 'gpu_hist', 'lambda': 0.2228189115596122, 'alpha': 0.0025900383296146605, 'colsample_bytree': 0.3368367357949798, 'subsample': 0.7438285866700906, 'learning_rate': 0.038314988489077245, 'max_depth': 7, 'min_child_weight': 184, 'eval_metric': 'rmse'}. Best is trial 300 with value: 0.8424118081699078.
start listen on 192.168.1.101:56543
@tracker All of 1 nodes getting started
@tracker All nodes finishes job
Trial 511 finished with value: 0.8427280555082821 and parameters: {'objective': 'reg:squarederror', 'tree_method': 'gpu_hist', 'lambda': 0.29394896846746643, 'alpha': 0.0023301873430205777, 'colsample_bytree': 0.3579458810303589, 'subsample': 0.7033512617150335, 'learning_rate': 0.03302322499793282, 'max_depth': 5, 'min_child_weight': 154, 'eval_metric': 'rmse'}. Best is trial 300 with value: 0.8424118081699078.
start listen on 192.168.1.101:53681
@tracker All of 1 nodes getting started
@tracker All nodes finishes job
Trial 512 finished with value: 0.8528400252568187 and parameters: {'objective': 'reg:squarederror', 'tree_method': 'gpu_hist', 'lambda': 0.17416724347577076, 'alpha': 0.011265575572769701, 'colsample_bytree': 0.33400858867678607, 'subsample': 0.7899332469323738, 'learning_rate': 0.005567491424914056, 'max_depth': 5, 'min_child_weight': 176, 'eval_metric': 'rmse'}. Best is trial 300 with value: 0.8424118081699078.
start listen on 192.168.1.101:41965
@tracker All of 1 nodes getting started
@tracker All nodes finishes job
Trial 513 finished with value: 0.8451247398893095 and parameters: {'objective': 'reg:squarederror', 'tree_method': 'gpu_hist', 'lambda': 0.07078416287301056, 'alpha': 0.0021791159996892677, 'colsample_bytree': 0.3464899273862385, 'subsample': 0.8096407470506297, 'learning_rate': 0.015084590258666484, 'max_depth': 5, 'min_child_weight': 188, 'eval_metric': 'rmse'}. Best is trial 300 with value: 0.8424118081699078.
start listen on 192.168.1.101:43839
@tracker All of 1 nodes getting started
@tracker All nodes finishes job
Trial 514 finished with value: 0.8459381773741697 and parameters: {'objective': 'reg:squarederror', 'tree_method': 'gpu_hist', 'lambda': 0.2465241597410362, 'alpha': 0.004219530841266089, 'colsample_bytree': 0.32240176930513703, 'subsample': 0.765420187112589, 'learning_rate': 0.0415256123732621, 'max_depth': 11, 'min_child_weight': 183, 'eval_metric': 'rmse'}. Best is trial 300 with value: 0.8424118081699078.
start listen on 192.168.1.101:47255
@tracker All of 1 nodes getting started
@tracker All nodes finishes job
Trial 515 finished with value: 0.8428133824435662 and parameters: {'objective': 'reg:squarederror', 'tree_method': 'gpu_hist', 'lambda': 0.3340859928110647, 'alpha': 0.0029262856499739213, 'colsample_bytree': 0.3801283479327872, 'subsample': 0.5118859913594931, 'learning_rate': 0.03752076287854402, 'max_depth': 5, 'min_child_weight': 199, 'eval_metric': 'rmse'}. Best is trial 300 with value: 0.8424118081699078.
start listen on 192.168.1.101:42359
@tracker All of 1 nodes getting started
@tracker All nodes finishes job
Trial 516 finished with value: 0.8426551861084491 and parameters: {'objective': 'reg:squarederror', 'tree_method': 'gpu_hist', 'lambda': 0.282788164253615, 'alpha': 0.008640411901858432, 'colsample_bytree': 0.3558321453406959, 'subsample': 0.781377990304857, 'learning_rate': 0.041367250065497775, 'max_depth': 5, 'min_child_weight': 161, 'eval_metric': 'rmse'}. Best is trial 300 with value: 0.8424118081699078.
start listen on 192.168.1.101:32969
@tracker All of 1 nodes getting started
@tracker All nodes finishes job
Trial 517 finished with value: 0.8451424025874342 and parameters: {'objective': 'reg:squarederror', 'tree_method': 'gpu_hist', 'lambda': 0.21601613620082802, 'alpha': 0.002066104860129328, 'colsample_bytree': 0.30000730945380444, 'subsample': 0.7545335074442819, 'learning_rate': 0.0443856360376237, 'max_depth': 9, 'min_child_weight': 171, 'eval_metric': 'rmse'}. Best is trial 300 with value: 0.8424118081699078.
start listen on 192.168.1.101:57509
@tracker All of 1 nodes getting started
@tracker All nodes finishes job
Trial 518 finished with value: 0.8425932876164742 and parameters: {'objective': 'reg:squarederror', 'tree_method': 'gpu_hist', 'lambda': 0.33617744481002537, 'alpha': 0.0017931682864656576, 'colsample_bytree': 0.3175642899900141, 'subsample': 0.7989628984268258, 'learning_rate': 0.0374101746129823, 'max_depth': 5, 'min_child_weight': 207, 'eval_metric': 'rmse'}. Best is trial 300 with value: 0.8424118081699078.
start listen on 192.168.1.101:57969
@tracker All of 1 nodes getting started
@tracker All nodes finishes job
Trial 519 finished with value: 0.8426908449567733 and parameters: {'objective': 'reg:squarederror', 'tree_method': 'gpu_hist', 'lambda': 0.3958094446711724, 'alpha': 0.002367260879838102, 'colsample_bytree': 0.3411329562134157, 'subsample': 0.774330991469833, 'learning_rate': 0.03391903997141762, 'max_depth': 5, 'min_child_weight': 181, 'eval_metric': 'rmse'}. Best is trial 300 with value: 0.8424118081699078.
start listen on 192.168.1.101:44719
@tracker All of 1 nodes getting started
@tracker All nodes finishes job
Trial 520 finished with value: 0.8497574340034382 and parameters: {'objective': 'reg:squarederror', 'tree_method': 'gpu_hist', 'lambda': 0.5672457693878726, 'alpha': 0.0015808078363226015, 'colsample_bytree': 0.3250381250852629, 'subsample': 0.8186723910751955, 'learning_rate': 0.04519151395392519, 'max_depth': 15, 'min_child_weight': 194, 'eval_metric': 'rmse'}. Best is trial 300 with value: 0.8424118081699078.
start listen on 192.168.1.101:60157
@tracker All of 1 nodes getting started
@tracker All nodes finishes job
Trial 521 finished with value: 0.844295740684129 and parameters: {'objective': 'reg:squarederror', 'tree_method': 'gpu_hist', 'lambda': 0.26801171763879145, 'alpha': 0.003603762810597245, 'colsample_bytree': 0.36428026199857155, 'subsample': 0.7896597834504295, 'learning_rate': 0.0406313727093353, 'max_depth': 3, 'min_child_weight': 188, 'eval_metric': 'rmse'}. Best is trial 300 with value: 0.8424118081699078.
start listen on 192.168.1.101:41251
@tracker All of 1 nodes getting started
@tracker All nodes finishes job
Trial 522 finished with value: 0.8426045915160384 and parameters: {'objective': 'reg:squarederror', 'tree_method': 'gpu_hist', 'lambda': 0.31894421962110175, 'alpha': 0.0026689734322575256, 'colsample_bytree': 0.3325286188867413, 'subsample': 0.8049300988632533, 'learning_rate': 0.04564668648983169, 'max_depth': 5, 'min_child_weight': 176, 'eval_metric': 'rmse'}. Best is trial 300 with value: 0.8424118081699078.
start listen on 192.168.1.101:37395
@tracker All of 1 nodes getting started
@tracker All nodes finishes job
Trial 523 finished with value: 0.8427036874642438 and parameters: {'objective': 'reg:squarederror', 'tree_method': 'gpu_hist', 'lambda': 0.450888834782414, 'alpha': 0.0016916960709569906, 'colsample_bytree': 0.31341920464969253, 'subsample': 0.8358339941448008, 'learning_rate': 0.03995123597898055, 'max_depth': 5, 'min_child_weight': 167, 'eval_metric': 'rmse'}. Best is trial 300 with value: 0.8424118081699078.
start listen on 192.168.1.101:40643
@tracker All of 1 nodes getting started
@tracker All nodes finishes job
Trial 524 finished with value: 0.8424748645650146 and parameters: {'objective': 'reg:squarederror', 'tree_method': 'gpu_hist', 'lambda': 0.37079592035872344, 'alpha': 0.01673287756307702, 'colsample_bytree': 0.3468276238798569, 'subsample': 0.7691190885206132, 'learning_rate': 0.043099402261240705, 'max_depth': 5, 'min_child_weight': 216, 'eval_metric': 'rmse'}. Best is trial 300 with value: 0.8424118081699078.
start listen on 192.168.1.101:50477
@tracker All of 1 nodes getting started
@tracker All nodes finishes job
Trial 525 finished with value: 0.8428517821419332 and parameters: {'objective': 'reg:squarederror', 'tree_method': 'gpu_hist', 'lambda': 0.3600399663280468, 'alpha': 0.008238658168228503, 'colsample_bytree': 0.3318302742576595, 'subsample': 0.7563000784000576, 'learning_rate': 0.03564740136979252, 'max_depth': 5, 'min_child_weight': 222, 'eval_metric': 'rmse'}. Best is trial 300 with value: 0.8424118081699078.
start listen on 192.168.1.101:54281
@tracker All of 1 nodes getting started
@tracker All nodes finishes job
Trial 526 finished with value: 0.8427304159537021 and parameters: {'objective': 'reg:squarederror', 'tree_method': 'gpu_hist', 'lambda': 0.4044125214050989, 'alpha': 0.005504452810520266, 'colsample_bytree': 0.3465382444206211, 'subsample': 0.5458256275967935, 'learning_rate': 0.03827070606666644, 'max_depth': 5, 'min_child_weight': 228, 'eval_metric': 'rmse'}. Best is trial 300 with value: 0.8424118081699078.
start listen on 192.168.1.101:46323
@tracker All of 1 nodes getting started
@tracker All nodes finishes job
Trial 527 finished with value: 0.8428424674312662 and parameters: {'objective': 'reg:squarederror', 'tree_method': 'gpu_hist', 'lambda': 0.30562585081365273, 'alpha': 0.02086567543498986, 'colsample_bytree': 0.31507748394028173, 'subsample': 0.7400201803486334, 'learning_rate': 0.04261378096651708, 'max_depth': 5, 'min_child_weight': 220, 'eval_metric': 'rmse'}. Best is trial 300 with value: 0.8424118081699078.
start listen on 192.168.1.101:40935
@tracker All of 1 nodes getting started
@tracker All nodes finishes job
Trial 528 finished with value: 0.8491116314354249 and parameters: {'objective': 'reg:squarederror', 'tree_method': 'gpu_hist', 'lambda': 0.49226059462894706, 'alpha': 0.029218003617119417, 'colsample_bytree': 0.36742920415334496, 'subsample': 0.7633993651006697, 'learning_rate': 0.048451634254352144, 'max_depth': 13, 'min_child_weight': 236, 'eval_metric': 'rmse'}. Best is trial 300 with value: 0.8424118081699078.
start listen on 192.168.1.101:44207
@tracker All of 1 nodes getting started
@tracker All nodes finishes job
Trial 529 finished with value: 0.8427814656060967 and parameters: {'objective': 'reg:squarederror', 'tree_method': 'gpu_hist', 'lambda': 0.2395479066254956, 'alpha': 0.006653575611854026, 'colsample_bytree': 0.3285755969831878, 'subsample': 0.7709575119053509, 'learning_rate': 0.034888374874265805, 'max_depth': 5, 'min_child_weight': 213, 'eval_metric': 'rmse'}. Best is trial 300 with value: 0.8424118081699078.
start listen on 192.168.1.101:54495
@tracker All of 1 nodes getting started
@tracker All nodes finishes job
Trial 530 finished with value: 0.8508033756636417 and parameters: {'objective': 'reg:squarederror', 'tree_method': 'gpu_hist', 'lambda': 0.658910274326675, 'alpha': 0.01640525891725834, 'colsample_bytree': 0.3537578015228994, 'subsample': 0.7779895290062412, 'learning_rate': 0.042036081219782355, 'max_depth': 17, 'min_child_weight': 213, 'eval_metric': 'rmse'}. Best is trial 300 with value: 0.8424118081699078.
start listen on 192.168.1.101:33871
@tracker All of 1 nodes getting started
@tracker All nodes finishes job
Trial 531 finished with value: 0.8428507141827831 and parameters: {'objective': 'reg:squarederror', 'tree_method': 'gpu_hist', 'lambda': 0.35869695648825817, 'alpha': 0.0010009230581667302, 'colsample_bytree': 0.31250909625013884, 'subsample': 0.7219614040474981, 'learning_rate': 0.03021037928131277, 'max_depth': 5, 'min_child_weight': 217, 'eval_metric': 'rmse'}. Best is trial 300 with value: 0.8424118081699078.
start listen on 192.168.1.101:56887
@tracker All of 1 nodes getting started
@tracker All nodes finishes job
Trial 532 finished with value: 0.842816883773014 and parameters: {'objective': 'reg:squarederror', 'tree_method': 'gpu_hist', 'lambda': 0.4604729495730388, 'alpha': 0.01180315371255703, 'colsample_bytree': 0.3006047464664694, 'subsample': 0.7593381638657725, 'learning_rate': 0.03935301097704697, 'max_depth': 5, 'min_child_weight': 161, 'eval_metric': 'rmse'}. Best is trial 300 with value: 0.8424118081699078.
start listen on 192.168.1.101:58079
@tracker All of 1 nodes getting started
@tracker All nodes finishes job
Trial 533 finished with value: 0.8426476882162748 and parameters: {'objective': 'reg:squarederror', 'tree_method': 'gpu_hist', 'lambda': 0.5621486752866306, 'alpha': 0.00920665731088971, 'colsample_bytree': 0.3422752611523374, 'subsample': 0.7504471620878695, 'learning_rate': 0.04752231603968623, 'max_depth': 5, 'min_child_weight': 154, 'eval_metric': 'rmse'}. Best is trial 300 with value: 0.8424118081699078.
start listen on 192.168.1.101:42865
@tracker All of 1 nodes getting started
@tracker All nodes finishes job
Trial 534 finished with value: 0.8428993753052841 and parameters: {'objective': 'reg:squarederror', 'tree_method': 'gpu_hist', 'lambda': 0.2656033459290708, 'alpha': 0.0013476305349350037, 'colsample_bytree': 0.32293010579490555, 'subsample': 0.7841751350223719, 'learning_rate': 0.053242592738740054, 'max_depth': 5, 'min_child_weight': 174, 'eval_metric': 'rmse'}. Best is trial 300 with value: 0.8424118081699078.
start listen on 192.168.1.101:49535
@tracker All of 1 nodes getting started
@tracker All nodes finishes job
Trial 535 finished with value: 0.8426437454078763 and parameters: {'objective': 'reg:squarederror', 'tree_method': 'gpu_hist', 'lambda': 0.38587066286416305, 'alpha': 0.0013492351278461033, 'colsample_bytree': 0.33621912832624157, 'subsample': 0.7715169154160697, 'learning_rate': 0.04224966090609566, 'max_depth': 5, 'min_child_weight': 184, 'eval_metric': 'rmse'}. Best is trial 300 with value: 0.8424118081699078.
start listen on 192.168.1.101:40789
@tracker All of 1 nodes getting started
@tracker All nodes finishes job
Trial 536 finished with value: 0.8430590491284885 and parameters: {'objective': 'reg:squarederror', 'tree_method': 'gpu_hist', 'lambda': 0.3065343281141528, 'alpha': 0.012947088882896016, 'colsample_bytree': 0.35920982102212734, 'subsample': 0.8585231479959162, 'learning_rate': 0.026715790521309284, 'max_depth': 5, 'min_child_weight': 205, 'eval_metric': 'rmse'}. Best is trial 300 with value: 0.8424118081699078.
start listen on 192.168.1.101:46089
@tracker All of 1 nodes getting started
@tracker All nodes finishes job
Trial 537 finished with value: 0.8508701407285054 and parameters: {'objective': 'reg:squarederror', 'tree_method': 'gpu_hist', 'lambda': 0.19333243894727947, 'alpha': 0.015060388731305047, 'colsample_bytree': 0.3167365469387927, 'subsample': 0.7858185537466367, 'learning_rate': 0.03783869447776453, 'max_depth': 20, 'min_child_weight': 167, 'eval_metric': 'rmse'}. Best is trial 300 with value: 0.8424118081699078.
start listen on 192.168.1.101:40425
@tracker All of 1 nodes getting started
@tracker All nodes finishes job
Trial 538 finished with value: 0.8433988080604344 and parameters: {'objective': 'reg:squarederror', 'tree_method': 'gpu_hist', 'lambda': 0.7657333358400948, 'alpha': 0.0012411318254810808, 'colsample_bytree': 0.3717344403007832, 'subsample': 0.7680489856480648, 'learning_rate': 0.07120882024779888, 'max_depth': 5, 'min_child_weight': 180, 'eval_metric': 'rmse'}. Best is trial 300 with value: 0.8424118081699078.
start listen on 192.168.1.101:37207
@tracker All of 1 nodes getting started
@tracker All nodes finishes job
Trial 539 finished with value: 0.8430822929227749 and parameters: {'objective': 'reg:squarederror', 'tree_method': 'gpu_hist', 'lambda': 0.44247733843059434, 'alpha': 0.001524282902472754, 'colsample_bytree': 0.6352380187983654, 'subsample': 0.794072291314998, 'learning_rate': 0.04617300762544693, 'max_depth': 5, 'min_child_weight': 191, 'eval_metric': 'rmse'}. Best is trial 300 with value: 0.8424118081699078.
start listen on 192.168.1.101:33365
@tracker All of 1 nodes getting started
@tracker All nodes finishes job
Trial 540 finished with value: 0.8427428853114387 and parameters: {'objective': 'reg:squarederror', 'tree_method': 'gpu_hist', 'lambda': 1.072236278493735, 'alpha': 0.0011712398692123101, 'colsample_bytree': 0.33258362629210025, 'subsample': 0.7775390513332171, 'learning_rate': 0.05116646532782606, 'max_depth': 5, 'min_child_weight': 183, 'eval_metric': 'rmse'}. Best is trial 300 with value: 0.8424118081699078.
start listen on 192.168.1.101:46477
@tracker All of 1 nodes getting started
@tracker All nodes finishes job
Trial 541 finished with value: 0.8427602255695213 and parameters: {'objective': 'reg:squarederror', 'tree_method': 'gpu_hist', 'lambda': 0.5770358614216822, 'alpha': 0.001956622570975774, 'colsample_bytree': 0.34586419969699256, 'subsample': 0.7391926956771874, 'learning_rate': 0.03171500512385591, 'max_depth': 5, 'min_child_weight': 208, 'eval_metric': 'rmse'}. Best is trial 300 with value: 0.8424118081699078.
start listen on 192.168.1.101:52349
@tracker All of 1 nodes getting started
@tracker All nodes finishes job
Trial 542 finished with value: 0.8430295694327498 and parameters: {'objective': 'reg:squarederror', 'tree_method': 'gpu_hist', 'lambda': 0.34690128159194045, 'alpha': 0.0010011204759725147, 'colsample_bytree': 0.3838765815413061, 'subsample': 0.7581831306627647, 'learning_rate': 0.04369713339621022, 'max_depth': 5, 'min_child_weight': 173, 'eval_metric': 'rmse'}. Best is trial 300 with value: 0.8424118081699078.
start listen on 192.168.1.101:43175
@tracker All of 1 nodes getting started
@tracker All nodes finishes job
Trial 543 finished with value: 0.8428471778513413 and parameters: {'objective': 'reg:squarederror', 'tree_method': 'gpu_hist', 'lambda': 0.40928386304905845, 'alpha': 0.001490344689679288, 'colsample_bytree': 0.31167234807222205, 'subsample': 0.7848344809843439, 'learning_rate': 0.035679024746788315, 'max_depth': 7, 'min_child_weight': 158, 'eval_metric': 'rmse'}. Best is trial 300 with value: 0.8424118081699078.
start listen on 192.168.1.101:52001
@tracker All of 1 nodes getting started
@tracker All nodes finishes job
Trial 544 finished with value: 0.842722098062705 and parameters: {'objective': 'reg:squarederror', 'tree_method': 'gpu_hist', 'lambda': 0.49998185693923186, 'alpha': 0.003014425198622851, 'colsample_bytree': 0.32437042645958925, 'subsample': 0.79679695369197, 'learning_rate': 0.040116457400344224, 'max_depth': 5, 'min_child_weight': 187, 'eval_metric': 'rmse'}. Best is trial 300 with value: 0.8424118081699078.
start listen on 192.168.1.101:34701
@tracker All of 1 nodes getting started
@tracker All nodes finishes job
