number,value,params_alpha,params_colsample_bytree,params_eval_metric,params_lambda,params_learning_rate,params_max_depth,params_min_child_weight,params_objective,params_subsample,params_tree_method,state
906,0.8426702112797906,0.002191150906037391,0.3626775964804876,rmse,0.1098424539587667,0.04543719364126286,5,236,reg:squarederror,0.7624169875141485,gpu_hist,COMPLETE
907,0.8427923607664962,0.0019109109407079825,0.3005842382968679,rmse,0.1780734301637692,0.04110003977373591,5,189,reg:squarederror,0.7841749592159725,gpu_hist,COMPLETE
908,0.8438925528848147,0.0054059197292226045,0.39393893031392563,rmse,0.08214586299711205,0.04860544236313446,3,170,reg:squarederror,0.8044052418457107,gpu_hist,COMPLETE
909,0.8427532789582955,0.0022439812901282733,0.3386421535915186,rmse,0.05289419234570737,0.036687473119908116,5,182,reg:squarederror,0.7904277271220214,gpu_hist,COMPLETE
910,0.8428568513293223,0.0026041263208883376,0.31980800388631664,rmse,0.10253616057061986,0.055640646292512905,5,134,reg:squarederror,0.7737669221752208,gpu_hist,COMPLETE
911,0.8535880695686581,0.003438885796442667,0.35308719632429547,rmse,0.9053728313123927,0.0504258577303986,15,151,reg:squarederror,0.7590502388561243,gpu_hist,COMPLETE
912,0.843742913216455,0.001860615684044171,0.3322972187940968,rmse,0.1380521944573477,0.06604147098790743,5,159,reg:squarederror,0.6438661005912365,gpu_hist,COMPLETE
913,0.8490138414585543,0.0017264460312441038,0.37697627836827613,rmse,2.7963242414338456,0.044541887611575154,13,168,reg:squarederror,0.7964941410992593,gpu_hist,COMPLETE
914,0.8427543556859245,0.002492491220556921,0.3138469798878732,rmse,0.1794687037398531,0.040049608469292466,5,176,reg:squarederror,0.7821841273129501,gpu_hist,COMPLETE
915,0.8429779878591609,0.0029557631663273127,0.4176349418865865,rmse,0.14827668916610467,0.046614296016189896,5,214,reg:squarederror,0.8148361070845217,gpu_hist,COMPLETE
916,0.8427186992523229,0.0020311349069790595,0.3440076764217411,rmse,0.20004615202367576,0.05230269409238357,5,190,reg:squarederror,0.7683632444321772,gpu_hist,COMPLETE
917,0.8431334543588116,0.0016850133834321677,0.3314438806195359,rmse,0.12071932889104996,0.059470978425437616,5,182,reg:squarederror,0.7507600090652209,gpu_hist,COMPLETE
918,0.8522915879339564,0.011859353143377774,0.36075645646957893,rmse,0.2076861875725145,0.04229251646732946,17,165,reg:squarederror,0.7834682453812072,gpu_hist,COMPLETE
919,0.8427963789980392,0.004575019907682932,0.3138054600923912,rmse,0.06918511930332362,0.049325470479679834,5,176,reg:squarederror,0.8011971066852441,gpu_hist,COMPLETE
920,0.8427494508374271,0.0023759218570867215,0.3003758307427526,rmse,0.0021839998034502693,0.03513098903991264,5,171,reg:squarederror,0.7692418049636935,gpu_hist,COMPLETE
921,0.8427242242484814,0.0016718158259048232,0.3497313270416865,rmse,0.3189327302350068,0.04581714056990063,5,222,reg:squarederror,0.7549116290571091,gpu_hist,COMPLETE
922,0.8427350370434799,0.002987574638086315,0.32874262700742674,rmse,0.09424316278704917,0.03939309564375548,5,193,reg:squarederror,0.7874987687249626,gpu_hist,COMPLETE
923,0.8427552363564342,0.003884305285085409,0.36821624241706025,rmse,1.0138439645990218,0.05497542019896603,5,186,reg:squarederror,0.8202017791923345,gpu_hist,COMPLETE
924,0.8430080604145527,0.002015294511214166,0.3433321032300866,rmse,0.16672724385969145,0.009852474912398317,20,157,reg:squarederror,0.7749899759757509,gpu_hist,COMPLETE
925,0.8425097122600604,0.001477512836394798,0.3184415390787784,rmse,0.28864185128213293,0.04424958824069944,5,210,reg:squarederror,0.8048491788167331,gpu_hist,COMPLETE
926,0.8850135681687382,0.0019088870916659716,0.3343661936584123,rmse,0.2931241136615279,0.003447160410335285,5,213,reg:squarederror,0.825329023678284,gpu_hist,COMPLETE
927,0.8513933681386128,0.002358543466977314,0.3561625597076747,rmse,0.6511788225558311,0.006343601910800626,5,209,reg:squarederror,0.8149334993438921,gpu_hist,COMPLETE
928,0.8426611891558312,0.001608928732699205,0.38021939777619,rmse,0.2488876416135691,0.03883848187603277,5,214,reg:squarederror,0.8059951596079381,gpu_hist,COMPLETE
929,0.8447970935806645,0.0026458676835399283,0.9042139621376983,rmse,0.3065510535040327,0.04157562088124911,7,223,reg:squarederror,0.6571169149646454,gpu_hist,COMPLETE
930,0.8424793941630982,0.0021104961214232112,0.32587658869839187,rmse,0.24766775799524648,0.03691101117374691,5,221,reg:squarederror,0.8112114569633797,gpu_hist,COMPLETE
931,0.842901059994291,0.002101783041597448,0.349098008091607,rmse,0.23832931715767292,0.030181189825071418,5,231,reg:squarederror,0.8376596871068754,gpu_hist,COMPLETE
932,0.8427017287655166,0.002417011771129689,0.3363438667543876,rmse,1.7237885720241315,0.031556776868884716,5,226,reg:squarederror,0.8214547320698261,gpu_hist,COMPLETE
933,0.8447047920318387,0.002107770653779216,0.3641908972270107,rmse,0.22521449106477753,0.03372111764537893,11,217,reg:squarederror,0.8291482349063283,gpu_hist,COMPLETE
934,0.8435432341354073,0.0030154402364292003,0.3247277280301877,rmse,0.3234231645402504,0.03653328221591843,9,223,reg:squarederror,0.8445423265444227,gpu_hist,COMPLETE
935,0.8428072566151826,0.001656513161584005,0.34413810056811284,rmse,0.03505337677993619,0.0339268113262799,5,221,reg:squarederror,0.8142410190711385,gpu_hist,COMPLETE
936,0.8426714418963922,0.0019465697407977005,0.3565139914155919,rmse,0.04424532397958156,0.03659698080317592,5,216,reg:squarederror,0.8250513226920759,gpu_hist,COMPLETE
937,0.8426970567914652,0.002690865899343322,0.33456447888535573,rmse,0.30048006043780695,0.03383188516502321,5,236,reg:squarederror,0.8079337769304337,gpu_hist,COMPLETE
938,0.8428341526928017,0.0035736616106877674,0.4781602471268436,rmse,0.023164618440741934,0.03786616990011765,5,225,reg:squarederror,0.8550498476225731,gpu_hist,COMPLETE
939,0.8425297458330244,0.00154783148238271,0.32076156088299773,rmse,0.34106066898037096,0.04011326003673898,5,237,reg:squarederror,0.8173084423292423,gpu_hist,COMPLETE
940,0.845090686432308,0.0014740483248737585,0.3156803545048427,rmse,0.34036971579450026,0.034440760184542576,3,257,reg:squarederror,0.8283734792022154,gpu_hist,COMPLETE
941,0.8426241874134529,0.15895850212080279,0.3123616969548848,rmse,0.28363213345909116,0.0363102277176377,5,241,reg:squarederror,0.8213503008811097,gpu_hist,COMPLETE
942,0.8477442800252581,0.0014664140293807737,0.3222456190772878,rmse,0.33385722317885913,0.038667651100139665,15,239,reg:squarederror,0.8427347192945924,gpu_hist,COMPLETE
943,0.8427529823788116,0.0016139369033550438,0.31209216476025614,rmse,0.3410347327960827,0.032111316815459444,5,227,reg:squarederror,0.8331882678674328,gpu_hist,COMPLETE
944,0.843012552498546,0.0018222944412526747,0.30021065990887147,rmse,0.2573288191662295,0.027100174999281492,5,233,reg:squarederror,0.8166162463258477,gpu_hist,COMPLETE
945,0.8467533686938024,0.2553503231830642,0.3275321798704838,rmse,0.35944897882811166,0.03929207000488125,13,211,reg:squarederror,0.8188885845862611,gpu_hist,COMPLETE
946,0.8426100041556792,0.0013599291734547052,0.3226338915478618,rmse,0.2905698001357094,0.040755371978269464,5,220,reg:squarederror,0.8562267829088931,gpu_hist,COMPLETE
947,0.842730637338769,0.001785697657022487,0.31350211087990454,rmse,0.5280160336717824,0.035410023420469894,5,233,reg:squarederror,0.8075274436499436,gpu_hist,COMPLETE
948,0.8431140465759924,0.00140439747979484,0.8726459590410065,rmse,0.22835053471456848,0.04128506679160562,5,261,reg:squarederror,0.8344156278323629,gpu_hist,COMPLETE
949,0.8426051723751267,0.0016039756964411646,0.33096115736598936,rmse,0.40139917889171856,0.0379537235187146,5,265,reg:squarederror,0.8113052517910386,gpu_hist,COMPLETE
950,0.8429507962054876,0.0019364584515451574,0.7526430449165797,rmse,0.2665881350097436,0.03181543904512525,5,250,reg:squarederror,0.8261587951684898,gpu_hist,COMPLETE
951,0.8496391867806835,0.0015009343202201254,0.3010761760595884,rmse,0.4509167818712484,0.04246276307450897,17,231,reg:squarederror,0.804495507927329,gpu_hist,COMPLETE
952,0.842610323321642,0.0020594533282575337,0.30000737595922083,rmse,0.37009423732817276,0.03656292054163687,5,246,reg:squarederror,0.8140053037732028,gpu_hist,COMPLETE
953,0.8429057378002265,0.001403037657406204,0.5015586429920263,rmse,0.31199462671097616,0.04289863733143717,5,230,reg:squarederror,0.8018697914711337,gpu_hist,COMPLETE
954,0.8427543453520983,0.0017259473482451125,0.3367335674985408,rmse,0.8284845196653745,0.040749987836192804,5,226,reg:squarederror,0.7998538405192519,gpu_hist,COMPLETE
955,0.8425395590194508,0.001194743065516923,0.3189359596621832,rmse,0.6157915586496404,0.04365390013928868,5,210,reg:squarederror,0.8168079745579355,gpu_hist,COMPLETE
956,0.8428540902997622,0.0021213712201873488,0.4463054214654526,rmse,0.21169559536523685,0.0387492874859696,5,255,reg:squarederror,0.8439606753878313,gpu_hist,COMPLETE
957,0.848452789787113,0.0013365415715732778,0.3305384929958872,rmse,0.43905840606166563,0.03457315103144294,20,216,reg:squarederror,0.8012515811460058,gpu_hist,COMPLETE
958,0.8427036144096614,0.0017355550411032187,0.3472206716617292,rmse,0.5252827280360806,0.04232742581749049,5,249,reg:squarederror,0.8283576809218706,gpu_hist,COMPLETE
959,0.8427446982718585,0.002259044465249778,0.31365280957309605,rmse,0.2468496794636487,0.044232415527574745,5,208,reg:squarederror,0.8118508446569539,gpu_hist,COMPLETE
960,0.8562874363127781,0.0015599894622677396,0.3387875991487277,rmse,0.34087856302801306,0.004708870649162211,5,209,reg:squarederror,0.797230583226476,gpu_hist,COMPLETE
961,0.8426947362610746,0.1089604743883816,0.3684785553187857,rmse,0.2763259492405676,0.039405681589465516,5,219,reg:squarederror,0.7962471346358361,gpu_hist,COMPLETE
962,0.842819649108325,0.001841273214451894,0.3255222154005367,rmse,0.20715551917294914,0.02932611785076665,5,207,reg:squarederror,0.6707353968235226,gpu_hist,COMPLETE
963,0.8425757240944419,0.2219255788688297,0.3117339246311986,rmse,0.3781273674484395,0.04452475854672639,5,235,reg:squarederror,0.8088932478343799,gpu_hist,COMPLETE
964,0.8436444578785284,0.0012516216946788208,0.3590076714534689,rmse,0.49642818058718463,0.03602221268428736,9,242,reg:squarederror,0.7949156581602693,gpu_hist,COMPLETE
965,0.8427252407317323,0.0022784149288469177,0.34800405435292986,rmse,0.6545202005706794,0.045142927790637194,5,204,reg:squarederror,0.8218843852094159,gpu_hist,COMPLETE
966,0.844112950326277,0.0014975945642835067,0.7096435959362646,rmse,0.30093725958312006,0.03979739153319469,7,218,reg:squarederror,0.8081768339640103,gpu_hist,COMPLETE
967,0.8465232368694483,0.0018813291699681799,0.32401479633438285,rmse,0.3939534666043116,0.04495169428026125,11,202,reg:squarederror,0.8375043230758386,gpu_hist,COMPLETE
968,0.8429817327009446,0.0023614749030457546,0.6271336497692749,rmse,0.21112347872242007,0.03722228204021415,5,216,reg:squarederror,0.7953479364875482,gpu_hist,COMPLETE
969,0.8430045374694701,0.0013094066421983181,0.3785761885073872,rmse,0.45943153248330554,0.03297017976609676,5,234,reg:squarederror,0.7912589616292613,gpu_hist,COMPLETE
970,0.8427668330745675,0.0018487146271189924,0.3360861718568496,rmse,0.010980964987523474,0.04086211111632825,5,212,reg:squarederror,0.8211188786805175,gpu_hist,COMPLETE
971,0.8429111891997659,0.0016049291059445474,0.31243091810754203,rmse,0.5540775266596584,0.04740871881573938,5,35,reg:squarederror,0.8013819304648574,gpu_hist,COMPLETE
972,0.8438057953163164,0.0012043445125013885,0.34634032201130494,rmse,0.7607181515226435,0.047784583511542404,3,244,reg:squarederror,0.7863338474529676,gpu_hist,COMPLETE
973,0.8499634526953953,0.002256171249359247,0.391537561283757,rmse,2.2825032744980094,0.043597345978596797,15,224,reg:squarederror,0.8072190129269666,gpu_hist,COMPLETE
974,0.8427802662835948,0.0011563194397105092,0.32492446680859144,rmse,0.2501551225120366,0.03807318421341633,5,202,reg:squarederror,0.7578570889060517,gpu_hist,COMPLETE
975,0.8428332502673966,0.0015565958582421772,0.35965045824366954,rmse,0.33386189142845696,0.04191124753262134,5,208,reg:squarederror,0.7460452446319729,gpu_hist,COMPLETE
976,0.8429905638665585,0.0018825985167613133,0.3340991455935068,rmse,0.3994616807953918,0.04767110553509892,5,213,reg:squarederror,0.5419994958151477,gpu_hist,COMPLETE
977,0.8452085302314012,0.00274603895677119,0.3133406893258616,rmse,0.18562881945814058,0.03519978042364545,13,275,reg:squarederror,0.7904963970094263,gpu_hist,COMPLETE
978,0.8432553451876726,0.0021268892763392088,0.3485349458431874,rmse,0.2839445103393284,0.02502122574236773,5,250,reg:squarederror,0.8313350689660599,gpu_hist,COMPLETE
979,0.8426092557047618,0.0013680589215950968,0.30105116262911963,rmse,1.314777403621337,0.04117097325159487,5,223,reg:squarederror,0.8852049503476005,gpu_hist,COMPLETE
980,0.8428387194486013,0.001685692717316405,0.32499957249187517,rmse,0.5037610044365732,0.04825026456091006,5,205,reg:squarederror,0.7635557522271756,gpu_hist,COMPLETE
981,0.8425478355738986,0.0032640466319146942,0.3707724156730438,rmse,0.33980300900718097,0.043865445386619434,5,239,reg:squarederror,0.7820554874008147,gpu_hist,COMPLETE
982,0.8426319171386434,0.0023859542027755924,0.336623144167545,rmse,0.23392836673795797,0.03831171648266476,5,198,reg:squarederror,0.8035650020020643,gpu_hist,COMPLETE
983,0.8427460928567332,0.0011686842215719853,0.3545590207272147,rmse,0.6182206311444624,0.032711966865096156,5,228,reg:squarederror,0.817390958454168,gpu_hist,COMPLETE
984,0.8428394398380676,0.0013962751240391997,0.3126439692046422,rmse,0.40415251903625615,0.04912117278174773,5,214,reg:squarederror,0.7910999119283512,gpu_hist,COMPLETE
985,0.8510292370390476,0.001836044917522759,0.32361253711067645,rmse,0.28248729659848726,0.04473765369187057,17,212,reg:squarederror,0.5952676556215887,gpu_hist,COMPLETE
986,0.8426362998368214,0.0028139797458754446,0.3001547430201502,rmse,0.1916046353695197,0.03959868925402032,5,204,reg:squarederror,0.7689459912698561,gpu_hist,COMPLETE
987,0.8427812905202843,0.3063880774250931,0.3426994761109065,rmse,0.4408522216242854,0.04970090798001982,5,196,reg:squarederror,0.6900930111801294,gpu_hist,COMPLETE
988,0.8427479572688251,0.0010005847954614193,0.3332829087867806,rmse,0.35174688169083645,0.0454304221037009,5,219,reg:squarederror,0.8700743070241924,gpu_hist,COMPLETE
989,0.852391571054167,0.0022072688706777847,0.36411366987408367,rmse,0.7453295367572693,0.03583574639587753,20,140,reg:squarederror,0.7812963165410614,gpu_hist,COMPLETE
990,0.8426464555443848,0.0014117212571862713,0.32094961574466674,rmse,0.22434136146579492,0.04180796296401912,5,200,reg:squarederror,0.7523382254213563,gpu_hist,COMPLETE
991,0.8429762183636371,0.0016022033581266878,0.3499088695636661,rmse,1.0232078734011798,0.05101564220662742,5,207,reg:squarederror,0.6313902409651801,gpu_hist,COMPLETE
992,0.8431106458734333,0.002001847412536305,0.8207957928302648,rmse,0.5655019352836962,0.0290301053107549,5,185,reg:squarederror,0.796220845619245,gpu_hist,COMPLETE
993,0.8426696265517148,0.5994425443953821,0.33587012867667204,rmse,0.28699030316582425,0.04424457058894467,5,147,reg:squarederror,0.8137863233871385,gpu_hist,COMPLETE
994,0.8431204230715192,0.002528462560587667,0.3110610804693086,rmse,0.45057578389470354,0.03885622214211628,7,196,reg:squarederror,0.48313404598116017,gpu_hist,COMPLETE
995,0.8427369872031107,0.0011746685414351962,0.3244542189451274,rmse,0.33808023844476787,0.04707425777128321,5,222,reg:squarederror,0.7652551276323453,gpu_hist,COMPLETE
996,0.8481316036424865,0.0017100258137668588,0.3747634410924806,rmse,0.177359648532021,0.05107118937601919,11,191,reg:squarederror,0.7798475723023109,gpu_hist,COMPLETE
997,0.842871456333754,0.0013719839262269428,0.39006612407616587,rmse,0.24606891651391843,0.041635320290109364,5,237,reg:squarederror,0.8060025897849077,gpu_hist,COMPLETE
998,0.8463677323215631,0.0034296453964819677,0.35275499008205136,rmse,0.6480940121164919,0.035951674912085,9,7,reg:squarederror,0.7454376803682448,gpu_hist,COMPLETE
999,0.8426685584223553,0.0018761519508139425,0.30018315684526936,rmse,0.49650244422460216,0.046082932824326704,5,183,reg:squarederror,0.7908842622335825,gpu_hist,COMPLETE
