Trial 713 finished with value: 0.8426870994907664 and parameters: {'objective': 'reg:squarederror', 'tree_method': 'gpu_hist', 'lambda': 1.301360193930026, 'alpha': 0.0024068825527036103, 'colsample_bytree': 0.3651824853346531, 'subsample': 0.7502026553906633, 'learning_rate': 0.036082158945951445, 'max_depth': 5, 'min_child_weight': 160, 'eval_metric': 'rmse'}. Best is trial 600 with value: 0.8424085765440747.
start listen on 192.168.1.101:53103
@tracker All of 1 nodes getting started
@tracker All nodes finishes job
Trial 714 finished with value: 0.854611168226467 and parameters: {'objective': 'reg:squarederror', 'tree_method': 'gpu_hist', 'lambda': 0.9380950645199222, 'alpha': 0.0023598324697895142, 'colsample_bytree': 0.3827604465119497, 'subsample': 0.7344047139083266, 'learning_rate': 0.05313523188424616, 'max_depth': 15, 'min_child_weight': 168, 'eval_metric': 'rmse'}. Best is trial 600 with value: 0.8424085765440747.
start listen on 192.168.1.101:53409
@tracker All of 1 nodes getting started
@tracker All nodes finishes job
Trial 715 finished with value: 0.844115411035976 and parameters: {'objective': 'reg:squarederror', 'tree_method': 'gpu_hist', 'lambda': 0.7197441647480247, 'alpha': 0.0031482120966044094, 'colsample_bytree': 0.34399358542634784, 'subsample': 0.7608625118253141, 'learning_rate': 0.0873661041932014, 'max_depth': 5, 'min_child_weight': 171, 'eval_metric': 'rmse'}. Best is trial 600 with value: 0.8424085765440747.
start listen on 192.168.1.101:33637
@tracker All of 1 nodes getting started
@tracker All nodes finishes job
Trial 716 finished with value: 0.8430397938628226 and parameters: {'objective': 'reg:squarederror', 'tree_method': 'gpu_hist', 'lambda': 0.7742010114021365, 'alpha': 0.00428765994308776, 'colsample_bytree': 0.4624675728278034, 'subsample': 0.7662469603406284, 'learning_rate': 0.04274053088711356, 'max_depth': 5, 'min_child_weight': 165, 'eval_metric': 'rmse'}. Best is trial 600 with value: 0.8424085765440747.
start listen on 192.168.1.101:37097
@tracker All of 1 nodes getting started
@tracker All nodes finishes job
Trial 717 finished with value: 0.8426636414967646 and parameters: {'objective': 'reg:squarederror', 'tree_method': 'gpu_hist', 'lambda': 0.6310608772737445, 'alpha': 0.0026116147066930252, 'colsample_bytree': 0.35653179910159444, 'subsample': 0.7535196519929698, 'learning_rate': 0.047820200904935085, 'max_depth': 5, 'min_child_weight': 156, 'eval_metric': 'rmse'}. Best is trial 600 with value: 0.8424085765440747.
start listen on 192.168.1.101:41559
@tracker All of 1 nodes getting started
@tracker All nodes finishes job
Trial 718 finished with value: 0.8428556828407635 and parameters: {'objective': 'reg:squarederror', 'tree_method': 'gpu_hist', 'lambda': 0.8811825089433567, 'alpha': 0.002885930025485841, 'colsample_bytree': 0.33693896019906855, 'subsample': 0.7700854752221225, 'learning_rate': 0.029300431573256795, 'max_depth': 5, 'min_child_weight': 176, 'eval_metric': 'rmse'}. Best is trial 600 with value: 0.8424085765440747.
start listen on 192.168.1.101:47753
@tracker All of 1 nodes getting started
@tracker All nodes finishes job
Trial 719 finished with value: 0.8563483141639696 and parameters: {'objective': 'reg:squarederror', 'tree_method': 'gpu_hist', 'lambda': 0.6266191079213848, 'alpha': 0.002137377215330732, 'colsample_bytree': 0.3669310842215252, 'subsample': 0.7405115226417203, 'learning_rate': 0.06568429528482136, 'max_depth': 13, 'min_child_weight': 163, 'eval_metric': 'rmse'}. Best is trial 600 with value: 0.8424085765440747.
start listen on 192.168.1.101:52909
@tracker All of 1 nodes getting started
@tracker All nodes finishes job
Trial 720 finished with value: 0.8425876992348905 and parameters: {'objective': 'reg:squarederror', 'tree_method': 'gpu_hist', 'lambda': 0.5128369149662542, 'alpha': 0.018864132182847757, 'colsample_bytree': 0.34289496143484643, 'subsample': 0.7773561769413043, 'learning_rate': 0.037465964790233966, 'max_depth': 5, 'min_child_weight': 172, 'eval_metric': 'rmse'}. Best is trial 600 with value: 0.8424085765440747.
start listen on 192.168.1.101:43985
@tracker All of 1 nodes getting started
@tracker All nodes finishes job
Trial 721 finished with value: 0.8429243429981653 and parameters: {'objective': 'reg:squarederror', 'tree_method': 'gpu_hist', 'lambda': 0.565872647472737, 'alpha': 0.0034682050595028126, 'colsample_bytree': 0.3332190138693596, 'subsample': 0.7583901359047472, 'learning_rate': 0.04500546020121598, 'max_depth': 5, 'min_child_weight': 213, 'eval_metric': 'rmse'}. Best is trial 600 with value: 0.8424085765440747.
start listen on 192.168.1.101:49433
@tracker All of 1 nodes getting started
@tracker All nodes finishes job
Trial 722 finished with value: 0.8439079115628945 and parameters: {'objective': 'reg:squarederror', 'tree_method': 'gpu_hist', 'lambda': 0.7447398840108035, 'alpha': 0.002052435621201644, 'colsample_bytree': 0.9212628761820791, 'subsample': 0.7036478947987735, 'learning_rate': 0.05754252922130431, 'max_depth': 5, 'min_child_weight': 174, 'eval_metric': 'rmse'}. Best is trial 600 with value: 0.8424085765440747.
start listen on 192.168.1.101:48719
@tracker All of 1 nodes getting started
@tracker All nodes finishes job
Trial 723 finished with value: 0.8432082785855525 and parameters: {'objective': 'reg:squarederror', 'tree_method': 'gpu_hist', 'lambda': 0.2092675690594768, 'alpha': 0.0018277392173814782, 'colsample_bytree': 0.35198464769918925, 'subsample': 0.45659948567190656, 'learning_rate': 0.05033057806399237, 'max_depth': 5, 'min_child_weight': 241, 'eval_metric': 'rmse'}. Best is trial 600 with value: 0.8424085765440747.
start listen on 192.168.1.101:52419
@tracker All of 1 nodes getting started
@tracker All nodes finishes job
Trial 724 finished with value: 0.8427538378133818 and parameters: {'objective': 'reg:squarederror', 'tree_method': 'gpu_hist', 'lambda': 0.007109646635279114, 'alpha': 0.0018430260676068012, 'colsample_bytree': 0.326283021761684, 'subsample': 0.7692963164583824, 'learning_rate': 0.04148903347236079, 'max_depth': 5, 'min_child_weight': 221, 'eval_metric': 'rmse'}. Best is trial 600 with value: 0.8424085765440747.
start listen on 192.168.1.101:48853
@tracker All of 1 nodes getting started
@tracker All nodes finishes job
Trial 725 finished with value: 0.8545493085291755 and parameters: {'objective': 'reg:squarederror', 'tree_method': 'gpu_hist', 'lambda': 0.35387911334918193, 'alpha': 0.002268518929273293, 'colsample_bytree': 0.4009698335962373, 'subsample': 0.7834894575340158, 'learning_rate': 0.04659899731661442, 'max_depth': 17, 'min_child_weight': 150, 'eval_metric': 'rmse'}. Best is trial 600 with value: 0.8424085765440747.
start listen on 192.168.1.101:47993
@tracker All of 1 nodes getting started
@tracker All nodes finishes job
Trial 726 finished with value: 0.8426741348572669 and parameters: {'objective': 'reg:squarederror', 'tree_method': 'gpu_hist', 'lambda': 0.48446759741327544, 'alpha': 0.003020182009129611, 'colsample_bytree': 0.368807449862411, 'subsample': 0.753441144864018, 'learning_rate': 0.03942322923625154, 'max_depth': 5, 'min_child_weight': 167, 'eval_metric': 'rmse'}. Best is trial 600 with value: 0.8424085765440747.
start listen on 192.168.1.101:52987
@tracker All of 1 nodes getting started
@tracker All nodes finishes job
Trial 727 finished with value: 0.8428079460349203 and parameters: {'objective': 'reg:squarederror', 'tree_method': 'gpu_hist', 'lambda': 0.2618700736698397, 'alpha': 0.0016702403629470011, 'colsample_bytree': 0.33376442864486294, 'subsample': 0.7884592685052713, 'learning_rate': 0.053453485562835704, 'max_depth': 5, 'min_child_weight': 181, 'eval_metric': 'rmse'}. Best is trial 600 with value: 0.8424085765440747.
start listen on 192.168.1.101:56031
@tracker All of 1 nodes getting started
@tracker All nodes finishes job
Trial 728 finished with value: 0.8537813429739696 and parameters: {'objective': 'reg:squarederror', 'tree_method': 'gpu_hist', 'lambda': 2.480058948496907, 'alpha': 0.00516147926748357, 'colsample_bytree': 0.3483848210261519, 'subsample': 0.8365127392487167, 'learning_rate': 0.04343954813733418, 'max_depth': 20, 'min_child_weight': 159, 'eval_metric': 'rmse'}. Best is trial 600 with value: 0.8424085765440747.
start listen on 192.168.1.101:44927
@tracker All of 1 nodes getting started
@tracker All nodes finishes job
Trial 729 finished with value: 0.8426474748974994 and parameters: {'objective': 'reg:squarederror', 'tree_method': 'gpu_hist', 'lambda': 0.3994131613551553, 'alpha': 0.2172928347877215, 'colsample_bytree': 0.32334445433498543, 'subsample': 0.7279074478985033, 'learning_rate': 0.03595958487943113, 'max_depth': 5, 'min_child_weight': 203, 'eval_metric': 'rmse'}. Best is trial 600 with value: 0.8424085765440747.
start listen on 192.168.1.101:50501
@tracker All of 1 nodes getting started
@tracker All nodes finishes job
Trial 730 finished with value: 0.8502310347133804 and parameters: {'objective': 'reg:squarederror', 'tree_method': 'gpu_hist', 'lambda': 0.5906202110839198, 'alpha': 0.0020549369197161945, 'colsample_bytree': 0.3552534740436548, 'subsample': 0.6567245735622204, 'learning_rate': 0.007119989567956728, 'max_depth': 5, 'min_child_weight': 176, 'eval_metric': 'rmse'}. Best is trial 600 with value: 0.8424085765440747.
start listen on 192.168.1.101:56843
@tracker All of 1 nodes getting started
@tracker All nodes finishes job
Trial 731 finished with value: 0.842384087517236 and parameters: {'objective': 'reg:squarederror', 'tree_method': 'gpu_hist', 'lambda': 0.14765589857161646, 'alpha': 0.0025610611531711827, 'colsample_bytree': 0.3118392900680015, 'subsample': 0.7759465711556811, 'learning_rate': 0.04924513281110614, 'max_depth': 5, 'min_child_weight': 182, 'eval_metric': 'rmse'}. Best is trial 731 with value: 0.842384087517236.
start listen on 192.168.1.101:44383
@tracker All of 1 nodes getting started
@tracker All nodes finishes job
Trial 732 finished with value: 0.8439886990347162 and parameters: {'objective': 'reg:squarederror', 'tree_method': 'gpu_hist', 'lambda': 0.12796386177413674, 'alpha': 0.002794522272390447, 'colsample_bytree': 0.8053777457821013, 'subsample': 0.7628615390343967, 'learning_rate': 0.057640332706162964, 'max_depth': 5, 'min_child_weight': 199, 'eval_metric': 'rmse'}. Best is trial 731 with value: 0.842384087517236.
start listen on 192.168.1.101:37563
@tracker All of 1 nodes getting started
@tracker All nodes finishes job
Trial 733 finished with value: 0.8429348528918518 and parameters: {'objective': 'reg:squarederror', 'tree_method': 'gpu_hist', 'lambda': 1.1226264324844455, 'alpha': 0.003276751730815646, 'colsample_bytree': 0.30807080927044844, 'subsample': 0.7732560844510826, 'learning_rate': 0.0634192337411502, 'max_depth': 5, 'min_child_weight': 215, 'eval_metric': 'rmse'}. Best is trial 731 with value: 0.842384087517236.
start listen on 192.168.1.101:44811
@tracker All of 1 nodes getting started
@tracker All nodes finishes job
Trial 734 finished with value: 0.8438579559249305 and parameters: {'objective': 'reg:squarederror', 'tree_method': 'gpu_hist', 'lambda': 0.1795705588566724, 'alpha': 0.0030996972441149364, 'colsample_bytree': 0.7396432625198216, 'subsample': 0.7463641165233897, 'learning_rate': 0.05138872726382533, 'max_depth': 5, 'min_child_weight': 184, 'eval_metric': 'rmse'}. Best is trial 731 with value: 0.842384087517236.
start listen on 192.168.1.101:46585
@tracker All of 1 nodes getting started
@tracker All nodes finishes job
Trial 735 finished with value: 0.8427035306574776 and parameters: {'objective': 'reg:squarederror', 'tree_method': 'gpu_hist', 'lambda': 0.22167480257584524, 'alpha': 0.002438268491583953, 'colsample_bytree': 0.30036755451677405, 'subsample': 0.7657145089654467, 'learning_rate': 0.055479297411743546, 'max_depth': 5, 'min_child_weight': 169, 'eval_metric': 'rmse'}. Best is trial 731 with value: 0.842384087517236.
start listen on 192.168.1.101:50299
@tracker All of 1 nodes getting started
@tracker All nodes finishes job
Trial 736 finished with value: 0.843917265561814 and parameters: {'objective': 'reg:squarederror', 'tree_method': 'gpu_hist', 'lambda': 0.14606564099378497, 'alpha': 0.003953981939563414, 'colsample_bytree': 0.31289863778743776, 'subsample': 0.7728027631429732, 'learning_rate': 0.04914432008916522, 'max_depth': 7, 'min_child_weight': 146, 'eval_metric': 'rmse'}. Best is trial 731 with value: 0.842384087517236.
start listen on 192.168.1.101:50113
@tracker All of 1 nodes getting started
@tracker All nodes finishes job
Trial 737 finished with value: 0.8470424332063173 and parameters: {'objective': 'reg:squarederror', 'tree_method': 'gpu_hist', 'lambda': 0.1547852941088093, 'alpha': 0.0026972802751121356, 'colsample_bytree': 0.3208842370243608, 'subsample': 0.7810495141581746, 'learning_rate': 0.04720862048585777, 'max_depth': 11, 'min_child_weight': 210, 'eval_metric': 'rmse'}. Best is trial 731 with value: 0.842384087517236.
start listen on 192.168.1.101:53087
@tracker All of 1 nodes getting started
@tracker All nodes finishes job
Trial 738 finished with value: 0.8427992982259385 and parameters: {'objective': 'reg:squarederror', 'tree_method': 'gpu_hist', 'lambda': 0.11670915972597379, 'alpha': 0.002074784196032372, 'colsample_bytree': 0.31126964850614186, 'subsample': 0.7558487009121759, 'learning_rate': 0.03136568902752781, 'max_depth': 5, 'min_child_weight': 196, 'eval_metric': 'rmse'}. Best is trial 731 with value: 0.842384087517236.
start listen on 192.168.1.101:34057
@tracker All of 1 nodes getting started
@tracker All nodes finishes job
Trial 739 finished with value: 0.8443433883323656 and parameters: {'objective': 'reg:squarederror', 'tree_method': 'gpu_hist', 'lambda': 0.09414594523538451, 'alpha': 0.0016584071409611113, 'colsample_bytree': 0.3008267557289856, 'subsample': 0.7816288551693591, 'learning_rate': 0.0412292964700374, 'max_depth': 9, 'min_child_weight': 188, 'eval_metric': 'rmse'}. Best is trial 731 with value: 0.842384087517236.
start listen on 192.168.1.101:36005
@tracker All of 1 nodes getting started
@tracker All nodes finishes job
Trial 740 finished with value: 0.8427563641811806 and parameters: {'objective': 'reg:squarederror', 'tree_method': 'gpu_hist', 'lambda': 0.1853753701660664, 'alpha': 0.0025333828899714765, 'colsample_bytree': 0.32611156050096834, 'subsample': 0.7648353695113019, 'learning_rate': 0.05333673115324242, 'max_depth': 5, 'min_child_weight': 205, 'eval_metric': 'rmse'}. Best is trial 731 with value: 0.842384087517236.
start listen on 192.168.1.101:54573
@tracker All of 1 nodes getting started
@tracker All nodes finishes job
Trial 741 finished with value: 0.8425530751546086 and parameters: {'objective': 'reg:squarederror', 'tree_method': 'gpu_hist', 'lambda': 0.15051287397849009, 'alpha': 0.0019624031453875463, 'colsample_bytree': 0.3364236287193035, 'subsample': 0.7891470304263242, 'learning_rate': 0.04584498658442672, 'max_depth': 5, 'min_child_weight': 162, 'eval_metric': 'rmse'}. Best is trial 731 with value: 0.842384087517236.
start listen on 192.168.1.101:58571
@tracker All of 1 nodes getting started
@tracker All nodes finishes job
Trial 742 finished with value: 0.8428323986084142 and parameters: {'objective': 'reg:squarederror', 'tree_method': 'gpu_hist', 'lambda': 0.14639043183966913, 'alpha': 0.1632331939734691, 'colsample_bytree': 0.3241793910653828, 'subsample': 0.7431769225635393, 'learning_rate': 0.03799298199085985, 'max_depth': 5, 'min_child_weight': 160, 'eval_metric': 'rmse'}. Best is trial 731 with value: 0.842384087517236.
start listen on 192.168.1.101:58105
@tracker All of 1 nodes getting started
@tracker All nodes finishes job
Trial 743 finished with value: 0.8427110766030455 and parameters: {'objective': 'reg:squarederror', 'tree_method': 'gpu_hist', 'lambda': 0.1401987690569969, 'alpha': 0.0018293045241211442, 'colsample_bytree': 0.311834394617419, 'subsample': 0.7735736848113374, 'learning_rate': 0.04381743531598622, 'max_depth': 5, 'min_child_weight': 154, 'eval_metric': 'rmse'}. Best is trial 731 with value: 0.842384087517236.
start listen on 192.168.1.101:33615
@tracker All of 1 nodes getting started
@tracker All nodes finishes job
Trial 744 finished with value: 0.8428049686240193 and parameters: {'objective': 'reg:squarederror', 'tree_method': 'gpu_hist', 'lambda': 0.11122186787773139, 'alpha': 0.001549602663602325, 'colsample_bytree': 0.3356965114868782, 'subsample': 0.7858459000978985, 'learning_rate': 0.033694612817838705, 'max_depth': 5, 'min_child_weight': 161, 'eval_metric': 'rmse'}. Best is trial 731 with value: 0.842384087517236.
start listen on 192.168.1.101:53095
@tracker All of 1 nodes getting started
@tracker All nodes finishes job
Trial 745 finished with value: 0.849208345011341 and parameters: {'objective': 'reg:squarederror', 'tree_method': 'gpu_hist', 'lambda': 0.7255054335657685, 'alpha': 0.0019734358220614857, 'colsample_bytree': 0.325142586980113, 'subsample': 0.7635607583727386, 'learning_rate': 0.04094525665262322, 'max_depth': 15, 'min_child_weight': 163, 'eval_metric': 'rmse'}. Best is trial 731 with value: 0.842384087517236.
start listen on 192.168.1.101:59139
@tracker All of 1 nodes getting started
@tracker All nodes finishes job
Trial 746 finished with value: 0.8438730597555273 and parameters: {'objective': 'reg:squarederror', 'tree_method': 'gpu_hist', 'lambda': 0.1226709625777363, 'alpha': 0.0014810021217092448, 'colsample_bytree': 0.4911164535945654, 'subsample': 0.7763539164578276, 'learning_rate': 0.0463915188355053, 'max_depth': 3, 'min_child_weight': 165, 'eval_metric': 'rmse'}. Best is trial 731 with value: 0.842384087517236.
start listen on 192.168.1.101:47241
@tracker All of 1 nodes getting started
@tracker All nodes finishes job
Trial 747 finished with value: 0.8427932083936889 and parameters: {'objective': 'reg:squarederror', 'tree_method': 'gpu_hist', 'lambda': 0.16690215940507086, 'alpha': 0.001648739995675335, 'colsample_bytree': 0.3385743926168821, 'subsample': 0.7905631694179293, 'learning_rate': 0.03837785057017559, 'max_depth': 5, 'min_child_weight': 155, 'eval_metric': 'rmse'}. Best is trial 731 with value: 0.842384087517236.
start listen on 192.168.1.101:42249
@tracker All of 1 nodes getting started
@tracker All nodes finishes job
Trial 748 finished with value: 0.8430457291651406 and parameters: {'objective': 'reg:squarederror', 'tree_method': 'gpu_hist', 'lambda': 0.09291242361045407, 'alpha': 0.0013710846892741166, 'colsample_bytree': 0.31221188922188137, 'subsample': 0.7602378615077926, 'learning_rate': 0.0259541232574758, 'max_depth': 5, 'min_child_weight': 152, 'eval_metric': 'rmse'}. Best is trial 731 with value: 0.842384087517236.
start listen on 192.168.1.101:45149
@tracker All of 1 nodes getting started
@tracker All nodes finishes job
Trial 749 finished with value: 0.8486714811690438 and parameters: {'objective': 'reg:squarederror', 'tree_method': 'gpu_hist', 'lambda': 0.17112781268157803, 'alpha': 0.0021937031388224422, 'colsample_bytree': 0.3006399829508694, 'subsample': 0.7783385797229505, 'learning_rate': 0.0445364706917984, 'max_depth': 13, 'min_child_weight': 169, 'eval_metric': 'rmse'}. Best is trial 731 with value: 0.842384087517236.
start listen on 192.168.1.101:59153
@tracker All of 1 nodes getting started
@tracker All nodes finishes job
Trial 750 finished with value: 0.8428890889635958 and parameters: {'objective': 'reg:squarederror', 'tree_method': 'gpu_hist', 'lambda': 0.10656415452084692, 'alpha': 0.0018110854656836909, 'colsample_bytree': 0.322889620154644, 'subsample': 0.753510480409122, 'learning_rate': 0.049253227163171084, 'max_depth': 5, 'min_child_weight': 159, 'eval_metric': 'rmse'}. Best is trial 731 with value: 0.842384087517236.
start listen on 192.168.1.101:60567
@tracker All of 1 nodes getting started
@tracker All nodes finishes job
Trial 751 finished with value: 0.8427562905616224 and parameters: {'objective': 'reg:squarederror', 'tree_method': 'gpu_hist', 'lambda': 0.216376850184486, 'alpha': 0.0013236866306301676, 'colsample_bytree': 0.3353668674721651, 'subsample': 0.7940897754390789, 'learning_rate': 0.04305237189596105, 'max_depth': 5, 'min_child_weight': 140, 'eval_metric': 'rmse'}. Best is trial 731 with value: 0.842384087517236.
start listen on 192.168.1.101:59885
@tracker All of 1 nodes getting started
@tracker All nodes finishes job
Trial 752 finished with value: 0.8426666693509959 and parameters: {'objective': 'reg:squarederror', 'tree_method': 'gpu_hist', 'lambda': 0.15293638214433167, 'alpha': 0.0023999933354838412, 'colsample_bytree': 0.3428805392078924, 'subsample': 0.738636926909721, 'learning_rate': 0.03574466290378971, 'max_depth': 5, 'min_child_weight': 166, 'eval_metric': 'rmse'}. Best is trial 731 with value: 0.842384087517236.
start listen on 192.168.1.101:36409
@tracker All of 1 nodes getting started
@tracker All nodes finishes job
Trial 753 finished with value: 0.8426756996900933 and parameters: {'objective': 'reg:squarederror', 'tree_method': 'gpu_hist', 'lambda': 0.13387419855815189, 'alpha': 0.0015809475633942463, 'colsample_bytree': 0.31856534307452433, 'subsample': 0.7742720195668528, 'learning_rate': 0.04040757351323131, 'max_depth': 5, 'min_child_weight': 147, 'eval_metric': 'rmse'}. Best is trial 731 with value: 0.842384087517236.
start listen on 192.168.1.101:37753
@tracker All of 1 nodes getting started
@tracker All nodes finishes job
Trial 754 finished with value: 0.8425432811828265 and parameters: {'objective': 'reg:squarederror', 'tree_method': 'gpu_hist', 'lambda': 0.12545523315888532, 'alpha': 0.0012014827560915175, 'colsample_bytree': 0.3114562900148139, 'subsample': 0.7874882040507886, 'learning_rate': 0.04664460418013449, 'max_depth': 5, 'min_child_weight': 173, 'eval_metric': 'rmse'}. Best is trial 731 with value: 0.842384087517236.
start listen on 192.168.1.101:37925
@tracker All of 1 nodes getting started
@tracker All nodes finishes job
