Trial 42 finished with value: 0.843969290187367 and parameters: {'objective': 'reg:squarederror', 'tree_method': 'gpu_hist', 'lambda': 0.7235935070939215, 'alpha': 5.872317380269275, 'colsample_bytree': 0.7074386038011509, 'subsample': 0.4515766451605244, 'learning_rate': 0.011048603758845725, 'max_depth': 9, 'min_child_weight': 111, 'eval_metric': 'rmse'}. Best is trial 9 with value: 0.8432564684807332.
start listen on 192.168.1.101:44501
@tracker All of 1 nodes getting started
@tracker All nodes finishes job
Trial 43 finished with value: 0.8433944455590879 and parameters: {'objective': 'reg:squarederror', 'tree_method': 'gpu_hist', 'lambda': 0.3917030802521668, 'alpha': 3.159632645638944, 'colsample_bytree': 0.8749737773043719, 'subsample': 0.48591592540538187, 'learning_rate': 0.01382809091253569, 'max_depth': 9, 'min_child_weight': 125, 'eval_metric': 'rmse'}. Best is trial 9 with value: 0.8432564684807332.
start listen on 192.168.1.101:60275
@tracker All of 1 nodes getting started
@tracker All nodes finishes job
Trial 44 finished with value: 0.8436575252162265 and parameters: {'objective': 'reg:squarederror', 'tree_method': 'gpu_hist', 'lambda': 0.4486032580850376, 'alpha': 0.42057845777249414, 'colsample_bytree': 0.8573869390108464, 'subsample': 0.48508677925923793, 'learning_rate': 0.0194333285339294, 'max_depth': 9, 'min_child_weight': 126, 'eval_metric': 'rmse'}. Best is trial 9 with value: 0.8432564684807332.
start listen on 192.168.1.101:45593
@tracker All of 1 nodes getting started
@tracker All nodes finishes job
Trial 45 finished with value: 0.844418777179319 and parameters: {'objective': 'reg:squarederror', 'tree_method': 'gpu_hist', 'lambda': 3.014915505501275, 'alpha': 2.2436853354619064, 'colsample_bytree': 0.8968248500595, 'subsample': 0.432356061479014, 'learning_rate': 0.009562016432444762, 'max_depth': 9, 'min_child_weight': 86, 'eval_metric': 'rmse'}. Best is trial 9 with value: 0.8432564684807332.
start listen on 192.168.1.101:45505
@tracker All of 1 nodes getting started
@tracker All nodes finishes job
Trial 46 finished with value: 0.8457772041475414 and parameters: {'objective': 'reg:squarederror', 'tree_method': 'gpu_hist', 'lambda': 0.17922403569552633, 'alpha': 1.2243002521975854, 'colsample_bytree': 0.9588278707991831, 'subsample': 0.40129729345367665, 'learning_rate': 0.025865626748599747, 'max_depth': 9, 'min_child_weight': 61, 'eval_metric': 'rmse'}. Best is trial 9 with value: 0.8432564684807332.
start listen on 192.168.1.101:50823
@tracker All of 1 nodes getting started
@tracker All nodes finishes job
Trial 47 finished with value: 0.845414885728452 and parameters: {'objective': 'reg:squarederror', 'tree_method': 'gpu_hist', 'lambda': 0.9311122410357433, 'alpha': 3.5850823152989495, 'colsample_bytree': 0.38974900845370625, 'subsample': 0.5318270355768807, 'learning_rate': 0.00748677078451858, 'max_depth': 9, 'min_child_weight': 145, 'eval_metric': 'rmse'}. Best is trial 9 with value: 0.8432564684807332.
start listen on 192.168.1.101:40583
@tracker All of 1 nodes getting started
@tracker All nodes finishes job
Trial 48 finished with value: 0.8461919189504368 and parameters: {'objective': 'reg:squarederror', 'tree_method': 'gpu_hist', 'lambda': 0.3705853772586351, 'alpha': 6.120551278423713, 'colsample_bytree': 0.7772319494293874, 'subsample': 0.9054416609357963, 'learning_rate': 0.013504487195694805, 'max_depth': 5, 'min_child_weight': 75, 'eval_metric': 'rmse'}. Best is trial 9 with value: 0.8432564684807332.
start listen on 192.168.1.101:58243
@tracker All of 1 nodes getting started
@tracker All nodes finishes job
Trial 49 finished with value: 0.8491215957097015 and parameters: {'objective': 'reg:squarederror', 'tree_method': 'gpu_hist', 'lambda': 0.06883472999918541, 'alpha': 1.7736859659510285, 'colsample_bytree': 0.8574185065220719, 'subsample': 0.43836495279279625, 'learning_rate': 0.019230782176550044, 'max_depth': 20, 'min_child_weight': 117, 'eval_metric': 'rmse'}. Best is trial 9 with value: 0.8432564684807332.
start listen on 192.168.1.101:59811
@tracker All of 1 nodes getting started
@tracker All nodes finishes job
Trial 50 finished with value: 0.8447073557610189 and parameters: {'objective': 'reg:squarederror', 'tree_method': 'gpu_hist', 'lambda': 0.6180848316128735, 'alpha': 0.11943745134738086, 'colsample_bytree': 0.7442975161406473, 'subsample': 0.4752747904479677, 'learning_rate': 0.03516937233067746, 'max_depth': 7, 'min_child_weight': 27, 'eval_metric': 'rmse'}. Best is trial 9 with value: 0.8432564684807332.
start listen on 192.168.1.101:46323
@tracker All of 1 nodes getting started
@tracker All nodes finishes job
Trial 51 finished with value: 0.8442528187809091 and parameters: {'objective': 'reg:squarederror', 'tree_method': 'gpu_hist', 'lambda': 0.1550010566611179, 'alpha': 6.217773437571611, 'colsample_bytree': 0.6987071310409568, 'subsample': 0.4964438484653625, 'learning_rate': 0.012831620487419523, 'max_depth': 17, 'min_child_weight': 97, 'eval_metric': 'rmse'}. Best is trial 9 with value: 0.8432564684807332.
start listen on 192.168.1.101:50893
@tracker All of 1 nodes getting started
@tracker All nodes finishes job
Trial 52 finished with value: 0.8465728636740365 and parameters: {'objective': 'reg:squarederror', 'tree_method': 'gpu_hist', 'lambda': 0.29079468674681336, 'alpha': 3.3396350728251005, 'colsample_bytree': 0.8211847071724474, 'subsample': 0.5185711773083572, 'learning_rate': 0.006293327068903053, 'max_depth': 9, 'min_child_weight': 135, 'eval_metric': 'rmse'}. Best is trial 9 with value: 0.8432564684807332.
start listen on 192.168.1.101:53911
@tracker All of 1 nodes getting started
@tracker All nodes finishes job
Trial 53 finished with value: 0.8447844317387995 and parameters: {'objective': 'reg:squarederror', 'tree_method': 'gpu_hist', 'lambda': 1.045310470796662, 'alpha': 9.90427093810497, 'colsample_bytree': 0.8921602326133071, 'subsample': 0.4571344927721268, 'learning_rate': 0.015924812853003078, 'max_depth': 5, 'min_child_weight': 59, 'eval_metric': 'rmse'}. Best is trial 9 with value: 0.8432564684807332.
start listen on 192.168.1.101:50101
@tracker All of 1 nodes getting started
@tracker All nodes finishes job
Trial 54 finished with value: 0.8449301152219676 and parameters: {'objective': 'reg:squarederror', 'tree_method': 'gpu_hist', 'lambda': 0.44583746178924516, 'alpha': 4.995955657204153, 'colsample_bytree': 0.812017928915961, 'subsample': 0.5714473304780534, 'learning_rate': 0.008476747703890593, 'max_depth': 9, 'min_child_weight': 119, 'eval_metric': 'rmse'}. Best is trial 9 with value: 0.8432564684807332.
start listen on 192.168.1.101:43533
@tracker All of 1 nodes getting started
@tracker All nodes finishes job
Trial 55 finished with value: 0.8441452607890386 and parameters: {'objective': 'reg:squarederror', 'tree_method': 'gpu_hist', 'lambda': 0.0780626609139946, 'alpha': 1.9175022640425587, 'colsample_bytree': 0.785485239504445, 'subsample': 0.43223098343682, 'learning_rate': 0.014037424296030821, 'max_depth': 15, 'min_child_weight': 158, 'eval_metric': 'rmse'}. Best is trial 9 with value: 0.8432564684807332.
start listen on 192.168.1.101:40063
@tracker All of 1 nodes getting started
@tracker All nodes finishes job
Trial 56 finished with value: 0.8529437770606361 and parameters: {'objective': 'reg:squarederror', 'tree_method': 'gpu_hist', 'lambda': 1.4518368401232267, 'alpha': 7.167449665029431, 'colsample_bytree': 0.8558835742828507, 'subsample': 0.4685130079436973, 'learning_rate': 0.010049678944515226, 'max_depth': 3, 'min_child_weight': 100, 'eval_metric': 'rmse'}. Best is trial 9 with value: 0.8432564684807332.
start listen on 192.168.1.101:43351
@tracker All of 1 nodes getting started
@tracker All nodes finishes job
Trial 57 finished with value: 0.8550982417400119 and parameters: {'objective': 'reg:squarederror', 'tree_method': 'gpu_hist', 'lambda': 0.031112465105614915, 'alpha': 3.0672949525095374, 'colsample_bytree': 0.9610101394667742, 'subsample': 0.5196541807591488, 'learning_rate': 0.004167079280032046, 'max_depth': 13, 'min_child_weight': 87, 'eval_metric': 'rmse'}. Best is trial 9 with value: 0.8432564684807332.
start listen on 192.168.1.101:51201
@tracker All of 1 nodes getting started
@tracker All nodes finishes job
Trial 58 finished with value: 0.8435691658610927 and parameters: {'objective': 'reg:squarederror', 'tree_method': 'gpu_hist', 'lambda': 0.0070736609112279835, 'alpha': 4.5816225456839215, 'colsample_bytree': 0.6460095932832886, 'subsample': 0.4852789514851085, 'learning_rate': 0.018763116517555335, 'max_depth': 9, 'min_child_weight': 42, 'eval_metric': 'rmse'}. Best is trial 9 with value: 0.8432564684807332.
start listen on 192.168.1.101:49585
@tracker All of 1 nodes getting started
@tracker All nodes finishes job
Trial 59 finished with value: 0.8533964870276552 and parameters: {'objective': 'reg:squarederror', 'tree_method': 'gpu_hist', 'lambda': 2.4910127761294745, 'alpha': 0.9680075028294617, 'colsample_bytree': 0.7491534066699608, 'subsample': 0.44919546297785723, 'learning_rate': 0.04355296298446228, 'max_depth': 17, 'min_child_weight': 270, 'eval_metric': 'rmse'}. Best is trial 9 with value: 0.8432564684807332.
start listen on 192.168.1.101:39371
@tracker All of 1 nodes getting started
@tracker All nodes finishes job
Trial 60 finished with value: 0.8437042479273391 and parameters: {'objective': 'reg:squarederror', 'tree_method': 'gpu_hist', 'lambda': 0.0024376018025136204, 'alpha': 0.062367149302802925, 'colsample_bytree': 0.7278493757095914, 'subsample': 0.5542512934058754, 'learning_rate': 0.021550223939866806, 'max_depth': 5, 'min_child_weight': 136, 'eval_metric': 'rmse'}. Best is trial 9 with value: 0.8432564684807332.
start listen on 192.168.1.101:51151
@tracker All of 1 nodes getting started
@tracker All nodes finishes job
Trial 61 finished with value: 0.8435662860627131 and parameters: {'objective': 'reg:squarederror', 'tree_method': 'gpu_hist', 'lambda': 0.006024694869463988, 'alpha': 7.504534845498663, 'colsample_bytree': 0.826248990479241, 'subsample': 0.7102477514701617, 'learning_rate': 0.014952336548025509, 'max_depth': 11, 'min_child_weight': 185, 'eval_metric': 'rmse'}. Best is trial 9 with value: 0.8432564684807332.
start listen on 192.168.1.101:49027
@tracker All of 1 nodes getting started
@tracker All nodes finishes job
Trial 62 finished with value: 0.8442992444096442 and parameters: {'objective': 'reg:squarederror', 'tree_method': 'gpu_hist', 'lambda': 0.010584548276979366, 'alpha': 7.685902192067128, 'colsample_bytree': 0.7949294891345186, 'subsample': 0.9985619382833016, 'learning_rate': 0.011558220367702075, 'max_depth': 11, 'min_child_weight': 71, 'eval_metric': 'rmse'}. Best is trial 9 with value: 0.8432564684807332.
start listen on 192.168.1.101:33191
@tracker All of 1 nodes getting started
@tracker All nodes finishes job
Trial 63 finished with value: 0.8442861006437865 and parameters: {'objective': 'reg:squarederror', 'tree_method': 'gpu_hist', 'lambda': 0.0034414975453896414, 'alpha': 4.803245213172983, 'colsample_bytree': 0.8022053769961982, 'subsample': 0.746751057876814, 'learning_rate': 0.017030389550895326, 'max_depth': 11, 'min_child_weight': 108, 'eval_metric': 'rmse'}. Best is trial 9 with value: 0.8432564684807332.
start listen on 192.168.1.101:47103
@tracker All of 1 nodes getting started
@tracker All nodes finishes job
Trial 64 finished with value: 0.8434142657273296 and parameters: {'objective': 'reg:squarederror', 'tree_method': 'gpu_hist', 'lambda': 0.023489369016354348, 'alpha': 3.5678808530047004, 'colsample_bytree': 0.9044403887705948, 'subsample': 0.6829218083624248, 'learning_rate': 0.023725026531137165, 'max_depth': 7, 'min_child_weight': 172, 'eval_metric': 'rmse'}. Best is trial 9 with value: 0.8432564684807332.
start listen on 192.168.1.101:40987
@tracker All of 1 nodes getting started
@tracker All nodes finishes job
Trial 65 finished with value: 0.843341513263868 and parameters: {'objective': 'reg:squarederror', 'tree_method': 'gpu_hist', 'lambda': 0.7860000729146928, 'alpha': 1.539371221311844, 'colsample_bytree': 0.9108081907290806, 'subsample': 0.6730299517334245, 'learning_rate': 0.024190765591986532, 'max_depth': 7, 'min_child_weight': 150, 'eval_metric': 'rmse'}. Best is trial 9 with value: 0.8432564684807332.
start listen on 192.168.1.101:54699
@tracker All of 1 nodes getting started
@tracker All nodes finishes job
Trial 66 finished with value: 0.8437075310905597 and parameters: {'objective': 'reg:squarederror', 'tree_method': 'gpu_hist', 'lambda': 0.7498733707212194, 'alpha': 1.5638702364980963, 'colsample_bytree': 0.9125543012424786, 'subsample': 0.676657408525432, 'learning_rate': 0.031900727957315585, 'max_depth': 7, 'min_child_weight': 154, 'eval_metric': 'rmse'}. Best is trial 9 with value: 0.8432564684807332.
start listen on 192.168.1.101:41323
@tracker All of 1 nodes getting started
@tracker All nodes finishes job
Trial 67 finished with value: 0.8438815859596491 and parameters: {'objective': 'reg:squarederror', 'tree_method': 'gpu_hist', 'lambda': 0.24260581787917743, 'alpha': 3.2396320835361307, 'colsample_bytree': 0.9996632495180834, 'subsample': 0.7390471312712854, 'learning_rate': 0.02714673197300996, 'max_depth': 7, 'min_child_weight': 145, 'eval_metric': 'rmse'}. Best is trial 9 with value: 0.8432564684807332.
start listen on 192.168.1.101:42007
@tracker All of 1 nodes getting started
@tracker All nodes finishes job
Trial 68 finished with value: 0.8434039645102831 and parameters: {'objective': 'reg:squarederror', 'tree_method': 'gpu_hist', 'lambda': 3.699491013637212, 'alpha': 2.2325198503514883, 'colsample_bytree': 0.9529619506916572, 'subsample': 0.8143976276676277, 'learning_rate': 0.023564445828187335, 'max_depth': 7, 'min_child_weight': 168, 'eval_metric': 'rmse'}. Best is trial 9 with value: 0.8432564684807332.
start listen on 192.168.1.101:50605
@tracker All of 1 nodes getting started
@tracker All nodes finishes job
Trial 69 finished with value: 0.843556187992392 and parameters: {'objective': 'reg:squarederror', 'tree_method': 'gpu_hist', 'lambda': 9.17407761416759, 'alpha': 0.5009676688691009, 'colsample_bytree': 0.9498856134270347, 'subsample': 0.8216194740323342, 'learning_rate': 0.03448089818267398, 'max_depth': 7, 'min_child_weight': 163, 'eval_metric': 'rmse'}. Best is trial 9 with value: 0.8432564684807332.
start listen on 192.168.1.101:51619
@tracker All of 1 nodes getting started
@tracker All nodes finishes job
Trial 70 finished with value: 0.8435431245179134 and parameters: {'objective': 'reg:squarederror', 'tree_method': 'gpu_hist', 'lambda': 3.751477891976679, 'alpha': 0.9643650203937713, 'colsample_bytree': 0.9400620596545772, 'subsample': 0.8193478833177538, 'learning_rate': 0.020664404602262456, 'max_depth': 7, 'min_child_weight': 130, 'eval_metric': 'rmse'}. Best is trial 9 with value: 0.8432564684807332.
start listen on 192.168.1.101:52831
@tracker All of 1 nodes getting started
@tracker All nodes finishes job
Trial 71 finished with value: 0.8435938079407965 and parameters: {'objective': 'reg:squarederror', 'tree_method': 'gpu_hist', 'lambda': 1.638140708196718, 'alpha': 2.2359718984576715, 'colsample_bytree': 0.901606064966833, 'subsample': 0.8967848869409702, 'learning_rate': 0.024410228501105302, 'max_depth': 7, 'min_child_weight': 172, 'eval_metric': 'rmse'}. Best is trial 9 with value: 0.8432564684807332.
start listen on 192.168.1.101:55053
@tracker All of 1 nodes getting started
@tracker All nodes finishes job
Trial 72 finished with value: 0.8467814261596728 and parameters: {'objective': 'reg:squarederror', 'tree_method': 'gpu_hist', 'lambda': 0.5083145478253526, 'alpha': 3.465461383861085, 'colsample_bytree': 0.8844447630115666, 'subsample': 0.6909293525688377, 'learning_rate': 0.06371519002645812, 'max_depth': 7, 'min_child_weight': 188, 'eval_metric': 'rmse'}. Best is trial 9 with value: 0.8432564684807332.
start listen on 192.168.1.101:60287
@tracker All of 1 nodes getting started
@tracker All nodes finishes job
Trial 73 finished with value: 0.843499052829681 and parameters: {'objective': 'reg:squarederror', 'tree_method': 'gpu_hist', 'lambda': 0.3340808713414402, 'alpha': 2.0804413100187373, 'colsample_bytree': 0.937740950802463, 'subsample': 0.650939385033582, 'learning_rate': 0.023237523305484155, 'max_depth': 7, 'min_child_weight': 206, 'eval_metric': 'rmse'}. Best is trial 9 with value: 0.8432564684807332.
start listen on 192.168.1.101:36489
@tracker All of 1 nodes getting started
@tracker All nodes finishes job
Trial 74 finished with value: 0.843678838473198 and parameters: {'objective': 'reg:squarederror', 'tree_method': 'gpu_hist', 'lambda': 0.9027223592752691, 'alpha': 4.1045947980185025, 'colsample_bytree': 0.9772548277331621, 'subsample': 0.6305827493249813, 'learning_rate': 0.027984156324165586, 'max_depth': 7, 'min_child_weight': 167, 'eval_metric': 'rmse'}. Best is trial 9 with value: 0.8432564684807332.
start listen on 192.168.1.101:50041
@tracker All of 1 nodes getting started
@tracker All nodes finishes job
Trial 75 finished with value: 0.8475246633625965 and parameters: {'objective': 'reg:squarederror', 'tree_method': 'gpu_hist', 'lambda': 0.12082549498662813, 'alpha': 0.267795352367304, 'colsample_bytree': 0.8403964691563276, 'subsample': 0.7901812944186801, 'learning_rate': 0.016906655741699656, 'max_depth': 20, 'min_child_weight': 150, 'eval_metric': 'rmse'}. Best is trial 9 with value: 0.8432564684807332.
start listen on 192.168.1.101:59295
@tracker All of 1 nodes getting started
@tracker All nodes finishes job
Trial 76 finished with value: 0.844913699949777 and parameters: {'objective': 'reg:squarederror', 'tree_method': 'gpu_hist', 'lambda': 4.788989422018054, 'alpha': 1.4944634345217094, 'colsample_bytree': 0.8687933791040681, 'subsample': 0.8692418598297045, 'learning_rate': 0.04815508641731527, 'max_depth': 7, 'min_child_weight': 179, 'eval_metric': 'rmse'}. Best is trial 9 with value: 0.8432564684807332.
start listen on 192.168.1.101:45395
@tracker All of 1 nodes getting started
@tracker All nodes finishes job
Trial 77 finished with value: 0.8436568534876892 and parameters: {'objective': 'reg:squarederror', 'tree_method': 'gpu_hist', 'lambda': 1.220502905837864, 'alpha': 0.016436642071858455, 'colsample_bytree': 0.9173938946626577, 'subsample': 0.7320637771220554, 'learning_rate': 0.018538772242904525, 'max_depth': 9, 'min_child_weight': 225, 'eval_metric': 'rmse'}. Best is trial 9 with value: 0.8432564684807332.
start listen on 192.168.1.101:48089
@tracker All of 1 nodes getting started
@tracker All nodes finishes job
Trial 78 finished with value: 0.8431663102413479 and parameters: {'objective': 'reg:squarederror', 'tree_method': 'gpu_hist', 'lambda': 1.9615404810679224, 'alpha': 2.813443187528417, 'colsample_bytree': 0.8729429277407456, 'subsample': 0.7667392477901565, 'learning_rate': 0.03784506763754725, 'max_depth': 5, 'min_child_weight': 125, 'eval_metric': 'rmse'}. Best is trial 78 with value: 0.8431663102413479.
start listen on 192.168.1.101:53409
@tracker All of 1 nodes getting started
@tracker All nodes finishes job
Trial 79 finished with value: 1.1736158809268884 and parameters: {'objective': 'reg:squarederror', 'tree_method': 'gpu_hist', 'lambda': 1.9671947498199664, 'alpha': 2.7940370346222934, 'colsample_bytree': 0.875752375231278, 'subsample': 0.7713083493357205, 'learning_rate': 0.002166121346289127, 'max_depth': 5, 'min_child_weight': 116, 'eval_metric': 'rmse'}. Best is trial 78 with value: 0.8431663102413479.
start listen on 192.168.1.101:42107
@tracker All of 1 nodes getting started
@tracker All nodes finishes job
Trial 80 finished with value: 0.842927840139206 and parameters: {'objective': 'reg:squarederror', 'tree_method': 'gpu_hist', 'lambda': 2.1887254956386597, 'alpha': 0.934115032605473, 'colsample_bytree': 0.7696532212540781, 'subsample': 0.8488351294981322, 'learning_rate': 0.0378320131339744, 'max_depth': 5, 'min_child_weight': 94, 'eval_metric': 'rmse'}. Best is trial 80 with value: 0.842927840139206.
start listen on 192.168.1.101:55601
@tracker All of 1 nodes getting started
@tracker All nodes finishes job
Trial 81 finished with value: 0.8430268045027023 and parameters: {'objective': 'reg:squarederror', 'tree_method': 'gpu_hist', 'lambda': 6.01910872673792, 'alpha': 1.422436790654823, 'colsample_bytree': 0.781258641847168, 'subsample': 0.8300825977570919, 'learning_rate': 0.040642252525932634, 'max_depth': 5, 'min_child_weight': 91, 'eval_metric': 'rmse'}. Best is trial 80 with value: 0.842927840139206.
start listen on 192.168.1.101:58533
@tracker All of 1 nodes getting started
@tracker All nodes finishes job
Trial 82 finished with value: 0.8431376742265465 and parameters: {'objective': 'reg:squarederror', 'tree_method': 'gpu_hist', 'lambda': 6.192926456719011, 'alpha': 0.654400276625471, 'colsample_bytree': 0.7739971767611837, 'subsample': 0.8658137698473398, 'learning_rate': 0.03857840587136677, 'max_depth': 5, 'min_child_weight': 92, 'eval_metric': 'rmse'}. Best is trial 80 with value: 0.842927840139206.
start listen on 192.168.1.101:34961
@tracker All of 1 nodes getting started
@tracker All nodes finishes job
Trial 83 finished with value: 0.8430195590199419 and parameters: {'objective': 'reg:squarederror', 'tree_method': 'gpu_hist', 'lambda': 6.748459869268924, 'alpha': 0.7929314706039221, 'colsample_bytree': 0.7645969137467407, 'subsample': 0.847095738719839, 'learning_rate': 0.03911786002052201, 'max_depth': 5, 'min_child_weight': 93, 'eval_metric': 'rmse'}. Best is trial 80 with value: 0.842927840139206.
start listen on 192.168.1.101:56079
@tracker All of 1 nodes getting started
@tracker All nodes finishes job
