Trial 797 finished with value: 0.8431330830765509 and parameters: {'objective': 'reg:squarederror', 'tree_method': 'gpu_hist', 'lambda': 0.12976861339879864, 'alpha': 0.001932339710889265, 'colsample_bytree': 0.6621041526788446, 'subsample': 0.7734580004860904, 'learning_rate': 0.045925325283261244, 'max_depth': 5, 'min_child_weight': 167, 'eval_metric': 'rmse'}. Best is trial 731 with value: 0.842384087517236.
start listen on 192.168.1.101:50013
@tracker All of 1 nodes getting started
@tracker All nodes finishes job
Trial 798 finished with value: 0.843166387885225 and parameters: {'objective': 'reg:squarederror', 'tree_method': 'gpu_hist', 'lambda': 0.0993832539260353, 'alpha': 0.08459626652455583, 'colsample_bytree': 0.3236225928177752, 'subsample': 0.7833503040008315, 'learning_rate': 0.06345149034260511, 'max_depth': 5, 'min_child_weight': 158, 'eval_metric': 'rmse'}. Best is trial 731 with value: 0.842384087517236.
start listen on 192.168.1.101:43197
@tracker All of 1 nodes getting started
@tracker All nodes finishes job
Trial 799 finished with value: 0.8425948492403239 and parameters: {'objective': 'reg:squarederror', 'tree_method': 'gpu_hist', 'lambda': 0.16635282202844784, 'alpha': 0.3364367069279483, 'colsample_bytree': 0.30015597560734947, 'subsample': 0.7658281733402041, 'learning_rate': 0.04843700346274826, 'max_depth': 5, 'min_child_weight': 167, 'eval_metric': 'rmse'}. Best is trial 731 with value: 0.842384087517236.
start listen on 192.168.1.101:53661
@tracker All of 1 nodes getting started
@tracker All nodes finishes job
Trial 800 finished with value: 0.8429357081637958 and parameters: {'objective': 'reg:squarederror', 'tree_method': 'gpu_hist', 'lambda': 0.11352028666091765, 'alpha': 0.002282838151847205, 'colsample_bytree': 0.3523755944644125, 'subsample': 0.7952333380447478, 'learning_rate': 0.05504558600956427, 'max_depth': 5, 'min_child_weight': 161, 'eval_metric': 'rmse'}. Best is trial 731 with value: 0.842384087517236.
start listen on 192.168.1.101:49971
@tracker All of 1 nodes getting started
@tracker All nodes finishes job
Trial 801 finished with value: 0.8435407323740646 and parameters: {'objective': 'reg:squarederror', 'tree_method': 'gpu_hist', 'lambda': 0.1440583241763265, 'alpha': 0.004821746152542943, 'colsample_bytree': 0.3333096526945204, 'subsample': 0.7803565830346377, 'learning_rate': 0.04622632760247106, 'max_depth': 7, 'min_child_weight': 172, 'eval_metric': 'rmse'}. Best is trial 731 with value: 0.842384087517236.
start listen on 192.168.1.101:60955
@tracker All of 1 nodes getting started
@tracker All nodes finishes job
Trial 802 finished with value: 0.843242316054138 and parameters: {'objective': 'reg:squarederror', 'tree_method': 'gpu_hist', 'lambda': 0.08367026355263608, 'alpha': 0.0029960316365583335, 'colsample_bytree': 0.6007994514681647, 'subsample': 0.7641352064827516, 'learning_rate': 0.05014064601634599, 'max_depth': 5, 'min_child_weight': 170, 'eval_metric': 'rmse'}. Best is trial 731 with value: 0.842384087517236.
start listen on 192.168.1.101:42521
@tracker All of 1 nodes getting started
@tracker All nodes finishes job
Trial 803 finished with value: 0.8428404453932283 and parameters: {'objective': 'reg:squarederror', 'tree_method': 'gpu_hist', 'lambda': 0.10809789933935372, 'alpha': 0.0018276912093427306, 'colsample_bytree': 0.31653562860579976, 'subsample': 0.793271563110375, 'learning_rate': 0.04426707781447998, 'max_depth': 5, 'min_child_weight': 163, 'eval_metric': 'rmse'}. Best is trial 731 with value: 0.842384087517236.
start listen on 192.168.1.101:58105
@tracker All of 1 nodes getting started
@tracker All nodes finishes job
Trial 804 finished with value: 0.8428442842298037 and parameters: {'objective': 'reg:squarederror', 'tree_method': 'gpu_hist', 'lambda': 0.16200993502724573, 'alpha': 0.0024931676942764416, 'colsample_bytree': 0.34419978211244073, 'subsample': 0.7754467050378516, 'learning_rate': 0.058104006998137996, 'max_depth': 5, 'min_child_weight': 151, 'eval_metric': 'rmse'}. Best is trial 731 with value: 0.842384087517236.
start listen on 192.168.1.101:58175
@tracker All of 1 nodes getting started
@tracker All nodes finishes job
Trial 805 finished with value: 0.8462994656909836 and parameters: {'objective': 'reg:squarederror', 'tree_method': 'gpu_hist', 'lambda': 0.17716660747098031, 'alpha': 0.0018781929047816852, 'colsample_bytree': 0.36569964064077853, 'subsample': 0.7869989576610241, 'learning_rate': 0.05208951470894153, 'max_depth': 9, 'min_child_weight': 183, 'eval_metric': 'rmse'}. Best is trial 731 with value: 0.842384087517236.
start listen on 192.168.1.101:49639
@tracker All of 1 nodes getting started
@tracker All nodes finishes job
Trial 806 finished with value: 0.8426202125357496 and parameters: {'objective': 'reg:squarederror', 'tree_method': 'gpu_hist', 'lambda': 0.09419502937186161, 'alpha': 0.0021735640227205258, 'colsample_bytree': 0.3287849580890354, 'subsample': 0.7763823098389161, 'learning_rate': 0.012481047445840346, 'max_depth': 11, 'min_child_weight': 175, 'eval_metric': 'rmse'}. Best is trial 731 with value: 0.842384087517236.
start listen on 192.168.1.101:37065
@tracker All of 1 nodes getting started
@tracker All nodes finishes job
Trial 807 finished with value: 1.619010237099025 and parameters: {'objective': 'reg:squarederror', 'tree_method': 'gpu_hist', 'lambda': 0.18749237744136074, 'alpha': 0.0028825019413567443, 'colsample_bytree': 0.3127239227695394, 'subsample': 0.7595881567287938, 'learning_rate': 0.001625024749910724, 'max_depth': 5, 'min_child_weight': 164, 'eval_metric': 'rmse'}. Best is trial 731 with value: 0.842384087517236.
start listen on 192.168.1.101:54765
@tracker All of 1 nodes getting started
@tracker All nodes finishes job
Trial 808 finished with value: 0.8426243804665373 and parameters: {'objective': 'reg:squarederror', 'tree_method': 'gpu_hist', 'lambda': 0.126640871941279, 'alpha': 0.001860932265770099, 'colsample_bytree': 0.35821639328794674, 'subsample': 0.7997573451230273, 'learning_rate': 0.04465808661983128, 'max_depth': 5, 'min_child_weight': 171, 'eval_metric': 'rmse'}. Best is trial 731 with value: 0.842384087517236.
start listen on 192.168.1.101:35853
@tracker All of 1 nodes getting started
@tracker All nodes finishes job
Trial 809 finished with value: 0.8427481269360767 and parameters: {'objective': 'reg:squarederror', 'tree_method': 'gpu_hist', 'lambda': 0.1233827574445777, 'alpha': 0.004042112841312778, 'colsample_bytree': 0.34205309213168056, 'subsample': 0.7684094231081608, 'learning_rate': 0.048657013688403555, 'max_depth': 5, 'min_child_weight': 155, 'eval_metric': 'rmse'}. Best is trial 731 with value: 0.842384087517236.
start listen on 192.168.1.101:32945
@tracker All of 1 nodes getting started
@tracker All nodes finishes job
Trial 810 finished with value: 0.8429914052812332 and parameters: {'objective': 'reg:squarederror', 'tree_method': 'gpu_hist', 'lambda': 0.14240930152980477, 'alpha': 0.002324153737894866, 'colsample_bytree': 0.30009095939279806, 'subsample': 0.9441653948257138, 'learning_rate': 0.05417747866240337, 'max_depth': 5, 'min_child_weight': 180, 'eval_metric': 'rmse'}. Best is trial 731 with value: 0.842384087517236.
start listen on 192.168.1.101:59185
@tracker All of 1 nodes getting started
@tracker All nodes finishes job
Trial 811 finished with value: 0.8425752026716901 and parameters: {'objective': 'reg:squarederror', 'tree_method': 'gpu_hist', 'lambda': 0.19273429662620814, 'alpha': 0.12429965479072917, 'colsample_bytree': 0.32359620301311226, 'subsample': 0.6939283053146813, 'learning_rate': 0.04462731126473208, 'max_depth': 5, 'min_child_weight': 186, 'eval_metric': 'rmse'}. Best is trial 731 with value: 0.842384087517236.
start listen on 192.168.1.101:58509
@tracker All of 1 nodes getting started
@tracker All nodes finishes job
Trial 812 finished with value: 0.8581061078013662 and parameters: {'objective': 'reg:squarederror', 'tree_method': 'gpu_hist', 'lambda': 0.1730962115911315, 'alpha': 0.0017763699212926254, 'colsample_bytree': 0.3787523100795452, 'subsample': 0.7891939092158976, 'learning_rate': 0.05991116896467584, 'max_depth': 15, 'min_child_weight': 146, 'eval_metric': 'rmse'}. Best is trial 731 with value: 0.842384087517236.
start listen on 192.168.1.101:51341
@tracker All of 1 nodes getting started
@tracker All nodes finishes job
Trial 813 finished with value: 0.843718556209333 and parameters: {'objective': 'reg:squarederror', 'tree_method': 'gpu_hist', 'lambda': 0.10680213226402148, 'alpha': 0.0032954850531957316, 'colsample_bytree': 0.33499764576186086, 'subsample': 0.7794399984522213, 'learning_rate': 0.048878555754613494, 'max_depth': 3, 'min_child_weight': 168, 'eval_metric': 'rmse'}. Best is trial 731 with value: 0.842384087517236.
start listen on 192.168.1.101:60001
@tracker All of 1 nodes getting started
@tracker All nodes finishes job
Trial 814 finished with value: 0.8426315826155104 and parameters: {'objective': 'reg:squarederror', 'tree_method': 'gpu_hist', 'lambda': 0.07462615691216276, 'alpha': 0.0024738177041846647, 'colsample_bytree': 0.35316065030150556, 'subsample': 0.7536046685548201, 'learning_rate': 0.04368547812161895, 'max_depth': 5, 'min_child_weight': 176, 'eval_metric': 'rmse'}. Best is trial 731 with value: 0.842384087517236.
start listen on 192.168.1.101:34567
@tracker All of 1 nodes getting started
@tracker All nodes finishes job
Trial 815 finished with value: 1.9696415856073 and parameters: {'objective': 'reg:squarederror', 'tree_method': 'gpu_hist', 'lambda': 0.05915510687532826, 'alpha': 0.0018208876508244353, 'colsample_bytree': 0.31535190500533716, 'subsample': 0.7998531098780415, 'learning_rate': 0.0013687601830037804, 'max_depth': 5, 'min_child_weight': 158, 'eval_metric': 'rmse'}. Best is trial 731 with value: 0.842384087517236.
start listen on 192.168.1.101:55561
@tracker All of 1 nodes getting started
@tracker All nodes finishes job
Trial 816 finished with value: 0.8511005331688359 and parameters: {'objective': 'reg:squarederror', 'tree_method': 'gpu_hist', 'lambda': 0.14681246168813292, 'alpha': 0.002127621195455876, 'colsample_bytree': 0.3337071790549532, 'subsample': 0.7670992072734407, 'learning_rate': 0.05339233274893042, 'max_depth': 13, 'min_child_weight': 186, 'eval_metric': 'rmse'}. Best is trial 731 with value: 0.842384087517236.
start listen on 192.168.1.101:58833
@tracker All of 1 nodes getting started
@tracker All nodes finishes job
Trial 817 finished with value: 1.2011323246246488 and parameters: {'objective': 'reg:squarederror', 'tree_method': 'gpu_hist', 'lambda': 0.08682436051000868, 'alpha': 0.06937238971227176, 'colsample_bytree': 0.34675753453356645, 'subsample': 0.7863165085598013, 'learning_rate': 0.0021165149267184835, 'max_depth': 5, 'min_child_weight': 175, 'eval_metric': 'rmse'}. Best is trial 731 with value: 0.842384087517236.
start listen on 192.168.1.101:44997
@tracker All of 1 nodes getting started
@tracker All nodes finishes job
Trial 818 finished with value: 0.84251629923001 and parameters: {'objective': 'reg:squarederror', 'tree_method': 'gpu_hist', 'lambda': 0.1927032111118259, 'alpha': 0.0016853019673172289, 'colsample_bytree': 0.3126161628332105, 'subsample': 0.7759984047266038, 'learning_rate': 0.04864922776859655, 'max_depth': 5, 'min_child_weight': 164, 'eval_metric': 'rmse'}. Best is trial 731 with value: 0.842384087517236.
start listen on 192.168.1.101:58429
@tracker All of 1 nodes getting started
@tracker All nodes finishes job
Trial 819 finished with value: 0.8427250364000548 and parameters: {'objective': 'reg:squarederror', 'tree_method': 'gpu_hist', 'lambda': 0.1960477430933704, 'alpha': 0.002625921609699548, 'colsample_bytree': 0.3157233694261855, 'subsample': 0.7591621519754587, 'learning_rate': 0.04331333573507785, 'max_depth': 5, 'min_child_weight': 162, 'eval_metric': 'rmse'}. Best is trial 731 with value: 0.842384087517236.
start listen on 192.168.1.101:55327
@tracker All of 1 nodes getting started
@tracker All nodes finishes job
Trial 820 finished with value: 0.8427456450555847 and parameters: {'objective': 'reg:squarederror', 'tree_method': 'gpu_hist', 'lambda': 0.17156931076270554, 'alpha': 0.002111073643568703, 'colsample_bytree': 0.3097879864520943, 'subsample': 0.7746978829376301, 'learning_rate': 0.04652941036898011, 'max_depth': 5, 'min_child_weight': 157, 'eval_metric': 'rmse'}. Best is trial 731 with value: 0.842384087517236.
start listen on 192.168.1.101:36369
@tracker All of 1 nodes getting started
@tracker All nodes finishes job
Trial 821 finished with value: 0.8429763490770938 and parameters: {'objective': 'reg:squarederror', 'tree_method': 'gpu_hist', 'lambda': 0.13830007448113726, 'alpha': 0.5292753254709535, 'colsample_bytree': 0.3095678914608067, 'subsample': 0.7464976721680565, 'learning_rate': 0.049126224263356826, 'max_depth': 5, 'min_child_weight': 166, 'eval_metric': 'rmse'}. Best is trial 731 with value: 0.842384087517236.
start listen on 192.168.1.101:38263
@tracker All of 1 nodes getting started
@tracker All nodes finishes job
Trial 822 finished with value: 0.8427086230142151 and parameters: {'objective': 'reg:squarederror', 'tree_method': 'gpu_hist', 'lambda': 0.1940150185648815, 'alpha': 0.0017074244527606481, 'colsample_bytree': 0.32498470230370785, 'subsample': 0.7663336008880287, 'learning_rate': 0.04248171796664408, 'max_depth': 5, 'min_child_weight': 152, 'eval_metric': 'rmse'}. Best is trial 731 with value: 0.842384087517236.
start listen on 192.168.1.101:36187
@tracker All of 1 nodes getting started
@tracker All nodes finishes job
Trial 823 finished with value: 0.857154612205151 and parameters: {'objective': 'reg:squarederror', 'tree_method': 'gpu_hist', 'lambda': 0.16944281990754123, 'alpha': 0.003061934108596911, 'colsample_bytree': 0.3005791839720622, 'subsample': 0.5764365899303568, 'learning_rate': 0.056828752037348766, 'max_depth': 17, 'min_child_weight': 169, 'eval_metric': 'rmse'}. Best is trial 731 with value: 0.842384087517236.
start listen on 192.168.1.101:56267
@tracker All of 1 nodes getting started
@tracker All nodes finishes job
Trial 824 finished with value: 0.8426771333782207 and parameters: {'objective': 'reg:squarederror', 'tree_method': 'gpu_hist', 'lambda': 0.11918306300439227, 'alpha': 0.002332921383355218, 'colsample_bytree': 0.32244643425490704, 'subsample': 0.796502871645929, 'learning_rate': 0.046342799817987494, 'max_depth': 5, 'min_child_weight': 162, 'eval_metric': 'rmse'}. Best is trial 731 with value: 0.842384087517236.
start listen on 192.168.1.101:53541
@tracker All of 1 nodes getting started
@tracker All nodes finishes job
Trial 825 finished with value: 0.8431488250614589 and parameters: {'objective': 'reg:squarederror', 'tree_method': 'gpu_hist', 'lambda': 0.1333663227572632, 'alpha': 0.0018070684798006497, 'colsample_bytree': 0.4297521206490127, 'subsample': 0.7556850591414728, 'learning_rate': 0.06279353583304897, 'max_depth': 5, 'min_child_weight': 170, 'eval_metric': 'rmse'}. Best is trial 731 with value: 0.842384087517236.
start listen on 192.168.1.101:59725
@tracker All of 1 nodes getting started
@tracker All nodes finishes job
Trial 826 finished with value: 0.8426206312640327 and parameters: {'objective': 'reg:squarederror', 'tree_method': 'gpu_hist', 'lambda': 0.09328623650942887, 'alpha': 0.002631153274157674, 'colsample_bytree': 0.3121743537436188, 'subsample': 0.774988665667847, 'learning_rate': 0.041451807017049355, 'max_depth': 5, 'min_child_weight': 156, 'eval_metric': 'rmse'}. Best is trial 731 with value: 0.842384087517236.
start listen on 192.168.1.101:54403
@tracker All of 1 nodes getting started
@tracker All nodes finishes job
Trial 827 finished with value: 0.8430965659039087 and parameters: {'objective': 'reg:squarederror', 'tree_method': 'gpu_hist', 'lambda': 0.20543945966511828, 'alpha': 0.0020289266759915595, 'colsample_bytree': 0.32644795214576516, 'subsample': 0.7874715945090554, 'learning_rate': 0.052046714948372416, 'max_depth': 5, 'min_child_weight': 163, 'eval_metric': 'rmse'}. Best is trial 731 with value: 0.842384087517236.
start listen on 192.168.1.101:45469
@tracker All of 1 nodes getting started
@tracker All nodes finishes job
Trial 828 finished with value: 0.8572151427231524 and parameters: {'objective': 'reg:squarederror', 'tree_method': 'gpu_hist', 'lambda': 0.1553799797790238, 'alpha': 0.0016589144278462411, 'colsample_bytree': 0.3387121913929695, 'subsample': 0.7744882605815399, 'learning_rate': 0.048495128151093886, 'max_depth': 20, 'min_child_weight': 145, 'eval_metric': 'rmse'}. Best is trial 731 with value: 0.842384087517236.
start listen on 192.168.1.101:34487
@tracker All of 1 nodes getting started
@tracker All nodes finishes job
Trial 829 finished with value: 0.8428190757391557 and parameters: {'objective': 'reg:squarederror', 'tree_method': 'gpu_hist', 'lambda': 0.2000373803208205, 'alpha': 0.0034669535375476254, 'colsample_bytree': 0.30028595060497554, 'subsample': 0.7599992349896249, 'learning_rate': 0.04214691067509113, 'max_depth': 5, 'min_child_weight': 177, 'eval_metric': 'rmse'}. Best is trial 731 with value: 0.842384087517236.
start listen on 192.168.1.101:52029
@tracker All of 1 nodes getting started
@tracker All nodes finishes job
Trial 830 finished with value: 0.8428842134829274 and parameters: {'objective': 'reg:squarederror', 'tree_method': 'gpu_hist', 'lambda': 0.1597671627075755, 'alpha': 2.2605502331107155, 'colsample_bytree': 0.35978972734451276, 'subsample': 0.7302600064449626, 'learning_rate': 0.05446039590449702, 'max_depth': 5, 'min_child_weight': 172, 'eval_metric': 'rmse'}. Best is trial 731 with value: 0.842384087517236.
start listen on 192.168.1.101:52697
@tracker All of 1 nodes getting started
@tracker All nodes finishes job
Trial 831 finished with value: 0.8427888390139484 and parameters: {'objective': 'reg:squarederror', 'tree_method': 'gpu_hist', 'lambda': 0.10734265932975728, 'alpha': 0.002332955357263309, 'colsample_bytree': 0.3211614397664343, 'subsample': 0.7456425210352993, 'learning_rate': 0.046314296036127446, 'max_depth': 5, 'min_child_weight': 164, 'eval_metric': 'rmse'}. Best is trial 731 with value: 0.842384087517236.
start listen on 192.168.1.101:51723
@tracker All of 1 nodes getting started
@tracker All nodes finishes job
Trial 832 finished with value: 0.843087695192861 and parameters: {'objective': 'reg:squarederror', 'tree_method': 'gpu_hist', 'lambda': 0.2006599528113909, 'alpha': 0.0016212079757774902, 'colsample_bytree': 0.34513416327277224, 'subsample': 0.6224468889935758, 'learning_rate': 0.051600054237574716, 'max_depth': 5, 'min_child_weight': 180, 'eval_metric': 'rmse'}. Best is trial 731 with value: 0.842384087517236.
start listen on 192.168.1.101:44229
@tracker All of 1 nodes getting started
@tracker All nodes finishes job
Trial 833 finished with value: 0.8489356676096688 and parameters: {'objective': 'reg:squarederror', 'tree_method': 'gpu_hist', 'lambda': 0.0749408309696687, 'alpha': 0.05559198706532982, 'colsample_bytree': 0.37297260789232545, 'subsample': 0.7971087091532608, 'learning_rate': 0.0083495504514574, 'max_depth': 5, 'min_child_weight': 149, 'eval_metric': 'rmse'}. Best is trial 731 with value: 0.842384087517236.
start listen on 192.168.1.101:45413
@tracker All of 1 nodes getting started
@tracker All nodes finishes job
Trial 834 finished with value: 0.8432248400139882 and parameters: {'objective': 'reg:squarederror', 'tree_method': 'gpu_hist', 'lambda': 0.1189952623570449, 'alpha': 0.0029386122709593094, 'colsample_bytree': 0.31115248091651826, 'subsample': 0.7831868901741884, 'learning_rate': 0.041790487600156204, 'max_depth': 7, 'min_child_weight': 171, 'eval_metric': 'rmse'}. Best is trial 731 with value: 0.842384087517236.
start listen on 192.168.1.101:35169
@tracker All of 1 nodes getting started
@tracker All nodes finishes job
Trial 835 finished with value: 0.8426397127207057 and parameters: {'objective': 'reg:squarederror', 'tree_method': 'gpu_hist', 'lambda': 0.09502815212167924, 'alpha': 0.002157201192103992, 'colsample_bytree': 0.3307919150289737, 'subsample': 0.7653982121005952, 'learning_rate': 0.0461155786735272, 'max_depth': 5, 'min_child_weight': 157, 'eval_metric': 'rmse'}. Best is trial 731 with value: 0.842384087517236.
start listen on 192.168.1.101:46629
@tracker All of 1 nodes getting started
@tracker All nodes finishes job
Trial 836 finished with value: 0.8502996845667099 and parameters: {'objective': 'reg:squarederror', 'tree_method': 'gpu_hist', 'lambda': 0.16477255617029626, 'alpha': 0.0017147417798820104, 'colsample_bytree': 0.390015948067175, 'subsample': 0.8003240949164102, 'learning_rate': 0.057621454614604266, 'max_depth': 11, 'min_child_weight': 182, 'eval_metric': 'rmse'}. Best is trial 731 with value: 0.842384087517236.
start listen on 192.168.1.101:58811
@tracker All of 1 nodes getting started
@tracker All nodes finishes job
Trial 837 finished with value: 0.8432723863784239 and parameters: {'objective': 'reg:squarederror', 'tree_method': 'gpu_hist', 'lambda': 0.13518114893498212, 'alpha': 0.0020356665973094525, 'colsample_bytree': 0.300585327470664, 'subsample': 0.7784915575473302, 'learning_rate': 0.06747763256298932, 'max_depth': 5, 'min_child_weight': 175, 'eval_metric': 'rmse'}. Best is trial 731 with value: 0.842384087517236.
start listen on 192.168.1.101:53747
@tracker All of 1 nodes getting started
@tracker All nodes finishes job
Trial 838 finished with value: 0.8428056791854873 and parameters: {'objective': 'reg:squarederror', 'tree_method': 'gpu_hist', 'lambda': 0.20075282160832575, 'alpha': 0.00452355585236462, 'colsample_bytree': 0.35602610888201874, 'subsample': 0.788783697591645, 'learning_rate': 0.05033775036723452, 'max_depth': 5, 'min_child_weight': 167, 'eval_metric': 'rmse'}. Best is trial 731 with value: 0.842384087517236.
start listen on 192.168.1.101:36557
@tracker All of 1 nodes getting started
@tracker All nodes finishes job
