Trial 755 finished with value: 0.8565387221547704 and parameters: {'objective': 'reg:squarederror', 'tree_method': 'gpu_hist', 'lambda': 0.10993169070616146, 'alpha': 0.0014353284076163706, 'colsample_bytree': 0.33373362872651025, 'subsample': 0.7828093043311211, 'learning_rate': 0.05608570216763762, 'max_depth': 17, 'min_child_weight': 171, 'eval_metric': 'rmse'}. Best is trial 731 with value: 0.842384087517236.
start listen on 192.168.1.101:58559
@tracker All of 1 nodes getting started
@tracker All nodes finishes job
Trial 756 finished with value: 0.8425154888817651 and parameters: {'objective': 'reg:squarederror', 'tree_method': 'gpu_hist', 'lambda': 0.08116325897628689, 'alpha': 0.001984229054320106, 'colsample_bytree': 0.3472466536760991, 'subsample': 0.7660046814891988, 'learning_rate': 0.04921177906985845, 'max_depth': 5, 'min_child_weight': 172, 'eval_metric': 'rmse'}. Best is trial 731 with value: 0.842384087517236.
start listen on 192.168.1.101:51709
@tracker All of 1 nodes getting started
@tracker All nodes finishes job
Trial 757 finished with value: 0.8434202848965943 and parameters: {'objective': 'reg:squarederror', 'tree_method': 'gpu_hist', 'lambda': 0.09147261831414369, 'alpha': 0.002566764487034243, 'colsample_bytree': 0.6462950008403182, 'subsample': 0.7475071204686329, 'learning_rate': 0.04988982939325537, 'max_depth': 5, 'min_child_weight': 162, 'eval_metric': 'rmse'}. Best is trial 731 with value: 0.842384087517236.
start listen on 192.168.1.101:50221
@tracker All of 1 nodes getting started
@tracker All nodes finishes job
Trial 758 finished with value: 0.8440822285740777 and parameters: {'objective': 'reg:squarederror', 'tree_method': 'gpu_hist', 'lambda': 0.06714305742068011, 'alpha': 0.002120370240155533, 'colsample_bytree': 0.9650415768845036, 'subsample': 0.7587294412539096, 'learning_rate': 0.059467884168357785, 'max_depth': 5, 'min_child_weight': 155, 'eval_metric': 'rmse'}. Best is trial 731 with value: 0.842384087517236.
start listen on 192.168.1.101:37585
@tracker All of 1 nodes getting started
@tracker All nodes finishes job
Trial 759 finished with value: 0.8426618137359749 and parameters: {'objective': 'reg:squarederror', 'tree_method': 'gpu_hist', 'lambda': 0.08487118157207135, 'alpha': 0.0034457009964292003, 'colsample_bytree': 0.3511912857263736, 'subsample': 0.7363183868770329, 'learning_rate': 0.05197088147494536, 'max_depth': 5, 'min_child_weight': 167, 'eval_metric': 'rmse'}. Best is trial 731 with value: 0.842384087517236.
start listen on 192.168.1.101:33443
@tracker All of 1 nodes getting started
@tracker All nodes finishes job
Trial 760 finished with value: 0.842470339564867 and parameters: {'objective': 'reg:squarederror', 'tree_method': 'gpu_hist', 'lambda': 0.08171179166252249, 'alpha': 0.002518887206892213, 'colsample_bytree': 0.3592532325023554, 'subsample': 0.7671507808174993, 'learning_rate': 0.04694809596055341, 'max_depth': 5, 'min_child_weight': 173, 'eval_metric': 'rmse'}. Best is trial 731 with value: 0.842384087517236.
start listen on 192.168.1.101:56627
@tracker All of 1 nodes getting started
@tracker All nodes finishes job
Trial 761 finished with value: 0.8429236232744357 and parameters: {'objective': 'reg:squarederror', 'tree_method': 'gpu_hist', 'lambda': 0.054699460558223764, 'alpha': 0.0029297352187500967, 'colsample_bytree': 0.37509329371002664, 'subsample': 0.7534855368942295, 'learning_rate': 0.055959789471842374, 'max_depth': 5, 'min_child_weight': 174, 'eval_metric': 'rmse'}. Best is trial 731 with value: 0.842384087517236.
start listen on 192.168.1.101:40139
@tracker All of 1 nodes getting started
@tracker All nodes finishes job
Trial 762 finished with value: 0.8667380563408695 and parameters: {'objective': 'reg:squarederror', 'tree_method': 'gpu_hist', 'lambda': 0.07682738397461658, 'alpha': 0.003732128407405638, 'colsample_bytree': 0.39473854220580007, 'subsample': 0.4389477837795631, 'learning_rate': 0.06674635278728999, 'max_depth': 20, 'min_child_weight': 174, 'eval_metric': 'rmse'}. Best is trial 731 with value: 0.842384087517236.
start listen on 192.168.1.101:52125
@tracker All of 1 nodes getting started
@tracker All nodes finishes job
Trial 763 finished with value: 0.8427548561790662 and parameters: {'objective': 'reg:squarederror', 'tree_method': 'gpu_hist', 'lambda': 0.0644122417122468, 'alpha': 0.0029103973222349418, 'colsample_bytree': 0.36661925758737307, 'subsample': 0.7222859888314173, 'learning_rate': 0.0481028907311515, 'max_depth': 5, 'min_child_weight': 170, 'eval_metric': 'rmse'}. Best is trial 731 with value: 0.842384087517236.
start listen on 192.168.1.101:40069
@tracker All of 1 nodes getting started
@tracker All nodes finishes job
Trial 764 finished with value: 0.842926282754471 and parameters: {'objective': 'reg:squarederror', 'tree_method': 'gpu_hist', 'lambda': 0.1427503082292647, 'alpha': 0.00267627183225772, 'colsample_bytree': 0.3889574401723612, 'subsample': 0.7674441435140288, 'learning_rate': 0.05316310756974602, 'max_depth': 5, 'min_child_weight': 175, 'eval_metric': 'rmse'}. Best is trial 731 with value: 0.842384087517236.
start listen on 192.168.1.101:49907
@tracker All of 1 nodes getting started
@tracker All nodes finishes job
Trial 765 finished with value: 0.8425959826482449 and parameters: {'objective': 'reg:squarederror', 'tree_method': 'gpu_hist', 'lambda': 0.08710917552483184, 'alpha': 0.0036965987742009726, 'colsample_bytree': 0.3606916389592437, 'subsample': 0.7709961058622499, 'learning_rate': 0.04691539271079462, 'max_depth': 5, 'min_child_weight': 169, 'eval_metric': 'rmse'}. Best is trial 731 with value: 0.842384087517236.
start listen on 192.168.1.101:46503
@tracker All of 1 nodes getting started
@tracker All nodes finishes job
Trial 766 finished with value: 0.843189732045575 and parameters: {'objective': 'reg:squarederror', 'tree_method': 'gpu_hist', 'lambda': 0.07893258113961335, 'alpha': 0.0022392620426459533, 'colsample_bytree': 0.38118521385985665, 'subsample': 0.7592843076735322, 'learning_rate': 0.0599906528290841, 'max_depth': 5, 'min_child_weight': 177, 'eval_metric': 'rmse'}. Best is trial 731 with value: 0.842384087517236.
start listen on 192.168.1.101:52741
@tracker All of 1 nodes getting started
@tracker All nodes finishes job
Trial 767 finished with value: 0.8426115013473888 and parameters: {'objective': 'reg:squarederror', 'tree_method': 'gpu_hist', 'lambda': 0.07337052625336465, 'alpha': 0.002650690122364845, 'colsample_bytree': 0.35445606429809157, 'subsample': 0.769102959860241, 'learning_rate': 0.05068297082787096, 'max_depth': 5, 'min_child_weight': 167, 'eval_metric': 'rmse'}. Best is trial 731 with value: 0.842384087517236.
start listen on 192.168.1.101:41663
@tracker All of 1 nodes getting started
@tracker All nodes finishes job
Trial 768 finished with value: 0.8434078594490336 and parameters: {'objective': 'reg:squarederror', 'tree_method': 'gpu_hist', 'lambda': 0.10725348080402637, 'alpha': 0.0032446940242240436, 'colsample_bytree': 0.7209783372466743, 'subsample': 0.752012671710413, 'learning_rate': 0.04805528661195085, 'max_depth': 5, 'min_child_weight': 178, 'eval_metric': 'rmse'}. Best is trial 731 with value: 0.842384087517236.
start listen on 192.168.1.101:50253
@tracker All of 1 nodes getting started
@tracker All nodes finishes job
Trial 769 finished with value: 0.8431633448507815 and parameters: {'objective': 'reg:squarederror', 'tree_method': 'gpu_hist', 'lambda': 0.10248021403653677, 'alpha': 0.0023280432707468023, 'colsample_bytree': 0.3447139706298668, 'subsample': 0.7825219632135049, 'learning_rate': 0.04440820256206181, 'max_depth': 7, 'min_child_weight': 172, 'eval_metric': 'rmse'}. Best is trial 731 with value: 0.842384087517236.
start listen on 192.168.1.101:58939
@tracker All of 1 nodes getting started
@tracker All nodes finishes job
Trial 770 finished with value: 1.0054543819027688 and parameters: {'objective': 'reg:squarederror', 'tree_method': 'gpu_hist', 'lambda': 0.06871377098514954, 'alpha': 0.004454320582515915, 'colsample_bytree': 0.3626251417730592, 'subsample': 0.7423411848793569, 'learning_rate': 0.0025891480026620866, 'max_depth': 5, 'min_child_weight': 164, 'eval_metric': 'rmse'}. Best is trial 731 with value: 0.842384087517236.
start listen on 192.168.1.101:60685
@tracker All of 1 nodes getting started
@tracker All nodes finishes job
Trial 771 finished with value: 0.8428110856289024 and parameters: {'objective': 'reg:squarederror', 'tree_method': 'gpu_hist', 'lambda': 0.11211582084040045, 'alpha': 0.0020184174603031534, 'colsample_bytree': 0.3499442044978413, 'subsample': 0.7670811362409572, 'learning_rate': 0.05402270915684791, 'max_depth': 5, 'min_child_weight': 181, 'eval_metric': 'rmse'}. Best is trial 731 with value: 0.842384087517236.
start listen on 192.168.1.101:35923
@tracker All of 1 nodes getting started
@tracker All nodes finishes job
Trial 772 finished with value: 0.8473563576339488 and parameters: {'objective': 'reg:squarederror', 'tree_method': 'gpu_hist', 'lambda': 0.05803986091698187, 'alpha': 0.0019929677493797787, 'colsample_bytree': 0.3685874875776667, 'subsample': 0.7867604778491372, 'learning_rate': 0.046254004463787135, 'max_depth': 11, 'min_child_weight': 173, 'eval_metric': 'rmse'}. Best is trial 731 with value: 0.842384087517236.
start listen on 192.168.1.101:35859
@tracker All of 1 nodes getting started
@tracker All nodes finishes job
Trial 773 finished with value: 0.8424887649967544 and parameters: {'objective': 'reg:squarederror', 'tree_method': 'gpu_hist', 'lambda': 0.14557203396895607, 'alpha': 0.0024883638422187417, 'colsample_bytree': 0.34683637432433134, 'subsample': 0.7746803347289394, 'learning_rate': 0.05083905587949275, 'max_depth': 5, 'min_child_weight': 179, 'eval_metric': 'rmse'}. Best is trial 731 with value: 0.842384087517236.
start listen on 192.168.1.101:52141
@tracker All of 1 nodes getting started
@tracker All nodes finishes job
Trial 774 finished with value: 0.8495921766813919 and parameters: {'objective': 'reg:squarederror', 'tree_method': 'gpu_hist', 'lambda': 0.13900465809347212, 'alpha': 0.0029531835651228733, 'colsample_bytree': 0.374701747526113, 'subsample': 0.7594170816702596, 'learning_rate': 0.07231219618949224, 'max_depth': 9, 'min_child_weight': 170, 'eval_metric': 'rmse'}. Best is trial 731 with value: 0.842384087517236.
start listen on 192.168.1.101:40397
@tracker All of 1 nodes getting started
@tracker All nodes finishes job
Trial 775 finished with value: 0.8432397028469849 and parameters: {'objective': 'reg:squarederror', 'tree_method': 'gpu_hist', 'lambda': 0.12652846887612035, 'alpha': 0.0025467890341446878, 'colsample_bytree': 0.3593818446666893, 'subsample': 0.7770520018113394, 'learning_rate': 0.06267195226675612, 'max_depth': 5, 'min_child_weight': 177, 'eval_metric': 'rmse'}. Best is trial 731 with value: 0.842384087517236.
start listen on 192.168.1.101:50459
@tracker All of 1 nodes getting started
@tracker All nodes finishes job
Trial 776 finished with value: 0.84364613238734 and parameters: {'objective': 'reg:squarederror', 'tree_method': 'gpu_hist', 'lambda': 0.11342672769332321, 'alpha': 0.003161859406103244, 'colsample_bytree': 0.7908595923485005, 'subsample': 0.7922702741668223, 'learning_rate': 0.05799261504593849, 'max_depth': 5, 'min_child_weight': 165, 'eval_metric': 'rmse'}. Best is trial 731 with value: 0.842384087517236.
start listen on 192.168.1.101:55083
@tracker All of 1 nodes getting started
@tracker All nodes finishes job
Trial 777 finished with value: 0.8425560625611502 and parameters: {'objective': 'reg:squarederror', 'tree_method': 'gpu_hist', 'lambda': 0.07682207230699405, 'alpha': 0.0035471173483073793, 'colsample_bytree': 0.3516330666462019, 'subsample': 0.7507525858671049, 'learning_rate': 0.0521122353460576, 'max_depth': 5, 'min_child_weight': 178, 'eval_metric': 'rmse'}. Best is trial 731 with value: 0.842384087517236.
start listen on 192.168.1.101:42939
@tracker All of 1 nodes getting started
@tracker All nodes finishes job
Trial 778 finished with value: 0.8428711258668508 and parameters: {'objective': 'reg:squarederror', 'tree_method': 'gpu_hist', 'lambda': 0.07584800056367941, 'alpha': 0.0029964079954742156, 'colsample_bytree': 0.38469531809009677, 'subsample': 0.7367644725905385, 'learning_rate': 0.05831177443646823, 'max_depth': 5, 'min_child_weight': 175, 'eval_metric': 'rmse'}. Best is trial 731 with value: 0.842384087517236.
start listen on 192.168.1.101:37591
@tracker All of 1 nodes getting started
@tracker All nodes finishes job
Trial 779 finished with value: 0.8434778107035157 and parameters: {'objective': 'reg:squarederror', 'tree_method': 'gpu_hist', 'lambda': 0.04187684959434522, 'alpha': 0.0033728888570643168, 'colsample_bytree': 0.3720093497685685, 'subsample': 0.713356185593373, 'learning_rate': 0.054299464447589596, 'max_depth': 3, 'min_child_weight': 177, 'eval_metric': 'rmse'}. Best is trial 731 with value: 0.842384087517236.
start listen on 192.168.1.101:34389
@tracker All of 1 nodes getting started
@tracker All nodes finishes job
Trial 780 finished with value: 0.843029935494775 and parameters: {'objective': 'reg:squarederror', 'tree_method': 'gpu_hist', 'lambda': 0.0636271331696374, 'alpha': 0.004290936769892659, 'colsample_bytree': 0.41004111925223813, 'subsample': 0.7334205737816145, 'learning_rate': 0.05432426431924529, 'max_depth': 5, 'min_child_weight': 170, 'eval_metric': 'rmse'}. Best is trial 731 with value: 0.842384087517236.
start listen on 192.168.1.101:58679
@tracker All of 1 nodes getting started
@tracker All nodes finishes job
Trial 781 finished with value: 0.8432589999313596 and parameters: {'objective': 'reg:squarederror', 'tree_method': 'gpu_hist', 'lambda': 0.08692907547238485, 'alpha': 0.003866214432531634, 'colsample_bytree': 0.3612574286222493, 'subsample': 0.7479630870366714, 'learning_rate': 0.06724462299588126, 'max_depth': 5, 'min_child_weight': 180, 'eval_metric': 'rmse'}. Best is trial 731 with value: 0.842384087517236.
start listen on 192.168.1.101:38461
@tracker All of 1 nodes getting started
@tracker All nodes finishes job
Trial 782 finished with value: 0.8432670138408846 and parameters: {'objective': 'reg:squarederror', 'tree_method': 'gpu_hist', 'lambda': 0.050815853605731626, 'alpha': 0.00262447443423064, 'colsample_bytree': 0.3485102625866761, 'subsample': 0.7267654654879971, 'learning_rate': 0.062363130114510126, 'max_depth': 5, 'min_child_weight': 180, 'eval_metric': 'rmse'}. Best is trial 731 with value: 0.842384087517236.
start listen on 192.168.1.101:44721
@tracker All of 1 nodes getting started
@tracker All nodes finishes job
Trial 783 finished with value: 0.8439831256139474 and parameters: {'objective': 'reg:squarederror', 'tree_method': 'gpu_hist', 'lambda': 0.09108758152082, 'alpha': 0.003614823640254432, 'colsample_bytree': 0.3800434716322743, 'subsample': 0.7471056922080402, 'learning_rate': 0.018743818887852468, 'max_depth': 15, 'min_child_weight': 166, 'eval_metric': 'rmse'}. Best is trial 731 with value: 0.842384087517236.
start listen on 192.168.1.101:37911
@tracker All of 1 nodes getting started
@tracker All nodes finishes job
Trial 784 finished with value: 0.8513357419911248 and parameters: {'objective': 'reg:squarederror', 'tree_method': 'gpu_hist', 'lambda': 0.12796348666782753, 'alpha': 0.002511751586821889, 'colsample_bytree': 0.35489866316129703, 'subsample': 0.7518511263034413, 'learning_rate': 0.05087438820179791, 'max_depth': 13, 'min_child_weight': 162, 'eval_metric': 'rmse'}. Best is trial 731 with value: 0.842384087517236.
start listen on 192.168.1.101:42773
@tracker All of 1 nodes getting started
@tracker All nodes finishes job
Trial 785 finished with value: 0.8428314952661203 and parameters: {'objective': 'reg:squarederror', 'tree_method': 'gpu_hist', 'lambda': 0.07074100319309519, 'alpha': 0.00240671587224864, 'colsample_bytree': 0.3473250657882648, 'subsample': 0.7599808295781473, 'learning_rate': 0.05646818526055813, 'max_depth': 5, 'min_child_weight': 170, 'eval_metric': 'rmse'}. Best is trial 731 with value: 0.842384087517236.
start listen on 192.168.1.101:53445
@tracker All of 1 nodes getting started
@tracker All nodes finishes job
Trial 786 finished with value: 0.8429167493625169 and parameters: {'objective': 'reg:squarederror', 'tree_method': 'gpu_hist', 'lambda': 0.09998022450150158, 'alpha': 0.003007638552102752, 'colsample_bytree': 0.3919454947627235, 'subsample': 0.7662781940032853, 'learning_rate': 0.05100826564352099, 'max_depth': 5, 'min_child_weight': 182, 'eval_metric': 'rmse'}. Best is trial 731 with value: 0.842384087517236.
start listen on 192.168.1.101:36127
@tracker All of 1 nodes getting started
@tracker All nodes finishes job
Trial 787 finished with value: 0.8426834974399396 and parameters: {'objective': 'reg:squarederror', 'tree_method': 'gpu_hist', 'lambda': 0.0829293770865672, 'alpha': 0.0022025914827062307, 'colsample_bytree': 0.37232639886489455, 'subsample': 0.7539658511997166, 'learning_rate': 0.05134713528388403, 'max_depth': 5, 'min_child_weight': 174, 'eval_metric': 'rmse'}. Best is trial 731 with value: 0.842384087517236.
start listen on 192.168.1.101:41837
@tracker All of 1 nodes getting started
@tracker All nodes finishes job
Trial 788 finished with value: 0.8428101035612272 and parameters: {'objective': 'reg:squarederror', 'tree_method': 'gpu_hist', 'lambda': 0.06208411023395006, 'alpha': 0.002619581767365291, 'colsample_bytree': 0.3396557000775854, 'subsample': 0.7700933919811815, 'learning_rate': 0.06140914756777815, 'max_depth': 5, 'min_child_weight': 182, 'eval_metric': 'rmse'}. Best is trial 731 with value: 0.842384087517236.
start listen on 192.168.1.101:59889
@tracker All of 1 nodes getting started
@tracker All nodes finishes job
Trial 789 finished with value: 0.8548332652240088 and parameters: {'objective': 'reg:squarederror', 'tree_method': 'gpu_hist', 'lambda': 0.16128568050498948, 'alpha': 0.0034915615886541374, 'colsample_bytree': 0.3593230234961508, 'subsample': 0.739897131754592, 'learning_rate': 0.04854432512678024, 'max_depth': 17, 'min_child_weight': 159, 'eval_metric': 'rmse'}. Best is trial 731 with value: 0.842384087517236.
start listen on 192.168.1.101:47127
@tracker All of 1 nodes getting started
@tracker All nodes finishes job
Trial 790 finished with value: 0.8434716336284345 and parameters: {'objective': 'reg:squarederror', 'tree_method': 'gpu_hist', 'lambda': 0.12749262971431888, 'alpha': 0.00216538706332341, 'colsample_bytree': 0.5480663529105883, 'subsample': 0.7617329016580527, 'learning_rate': 0.05821050584849479, 'max_depth': 5, 'min_child_weight': 173, 'eval_metric': 'rmse'}. Best is trial 731 with value: 0.842384087517236.
start listen on 192.168.1.101:58717
@tracker All of 1 nodes getting started
@tracker All nodes finishes job
Trial 791 finished with value: 0.8425410770311702 and parameters: {'objective': 'reg:squarederror', 'tree_method': 'gpu_hist', 'lambda': 0.09997873474834948, 'alpha': 0.0026672591044936533, 'colsample_bytree': 0.3434197707445104, 'subsample': 0.7777829269049874, 'learning_rate': 0.0537581258049685, 'max_depth': 5, 'min_child_weight': 164, 'eval_metric': 'rmse'}. Best is trial 731 with value: 0.842384087517236.
start listen on 192.168.1.101:56991
@tracker All of 1 nodes getting started
@tracker All nodes finishes job
Trial 792 finished with value: 0.843661589132778 and parameters: {'objective': 'reg:squarederror', 'tree_method': 'gpu_hist', 'lambda': 0.1212865624030628, 'alpha': 0.0026748604978524804, 'colsample_bytree': 0.33757301745524293, 'subsample': 0.7805877230906382, 'learning_rate': 0.0784049714263258, 'max_depth': 5, 'min_child_weight': 155, 'eval_metric': 'rmse'}. Best is trial 731 with value: 0.842384087517236.
start listen on 192.168.1.101:51725
@tracker All of 1 nodes getting started
@tracker All nodes finishes job
Trial 793 finished with value: 0.842674355993027 and parameters: {'objective': 'reg:squarederror', 'tree_method': 'gpu_hist', 'lambda': 0.11219643180304717, 'alpha': 9.884003512564666, 'colsample_bytree': 0.3414125461568741, 'subsample': 0.7757277628883212, 'learning_rate': 0.06868254571399691, 'max_depth': 5, 'min_child_weight': 164, 'eval_metric': 'rmse'}. Best is trial 731 with value: 0.842384087517236.
start listen on 192.168.1.101:47301
@tracker All of 1 nodes getting started
@tracker All nodes finishes job
Trial 794 finished with value: 0.84300850912994 and parameters: {'objective': 'reg:squarederror', 'tree_method': 'gpu_hist', 'lambda': 0.09929238389370486, 'alpha': 0.0022058308008263646, 'colsample_bytree': 0.33011357872797253, 'subsample': 0.7845394437858798, 'learning_rate': 0.05678867395189936, 'max_depth': 5, 'min_child_weight': 162, 'eval_metric': 'rmse'}. Best is trial 731 with value: 0.842384087517236.
start listen on 192.168.1.101:51585
@tracker All of 1 nodes getting started
@tracker All nodes finishes job
Trial 795 finished with value: 0.8556461724994808 and parameters: {'objective': 'reg:squarederror', 'tree_method': 'gpu_hist', 'lambda': 0.14490527832963795, 'alpha': 0.0019831951592320022, 'colsample_bytree': 0.3431367557492452, 'subsample': 0.7707562713888585, 'learning_rate': 0.0477498324622497, 'max_depth': 20, 'min_child_weight': 158, 'eval_metric': 'rmse'}. Best is trial 731 with value: 0.842384087517236.
start listen on 192.168.1.101:60445
@tracker All of 1 nodes getting started
@tracker All nodes finishes job
Trial 796 finished with value: 0.8427975365596029 and parameters: {'objective': 'reg:squarederror', 'tree_method': 'gpu_hist', 'lambda': 0.15886586248136414, 'alpha': 0.0028185105358669023, 'colsample_bytree': 0.3655287316162493, 'subsample': 0.7907380299477759, 'learning_rate': 0.05253212295525376, 'max_depth': 5, 'min_child_weight': 151, 'eval_metric': 'rmse'}. Best is trial 731 with value: 0.842384087517236.
start listen on 192.168.1.101:42029
@tracker All of 1 nodes getting started
@tracker All nodes finishes job
