Trial 377 finished with value: 0.8555373723749152 and parameters: {'objective': 'reg:squarederror', 'tree_method': 'gpu_hist', 'lambda': 0.4631208021890183, 'alpha': 0.0018798935512411357, 'colsample_bytree': 0.33287217011777176, 'subsample': 0.6669001254878224, 'learning_rate': 0.04994458206194099, 'max_depth': 20, 'min_child_weight': 184, 'eval_metric': 'rmse'}. Best is trial 300 with value: 0.8424118081699078.
start listen on 192.168.1.101:55589
@tracker All of 1 nodes getting started
@tracker All nodes finishes job
Trial 378 finished with value: 0.8425109930600969 and parameters: {'objective': 'reg:squarederror', 'tree_method': 'gpu_hist', 'lambda': 0.3461268838094453, 'alpha': 0.0015682521964779002, 'colsample_bytree': 0.3177124018610599, 'subsample': 0.8077094192450825, 'learning_rate': 0.04622246657640729, 'max_depth': 5, 'min_child_weight': 207, 'eval_metric': 'rmse'}. Best is trial 300 with value: 0.8424118081699078.
start listen on 192.168.1.101:54487
@tracker All of 1 nodes getting started
@tracker All nodes finishes job
Trial 379 finished with value: 0.8427461657994217 and parameters: {'objective': 'reg:squarederror', 'tree_method': 'gpu_hist', 'lambda': 0.5066499725831138, 'alpha': 0.0026247515091144774, 'colsample_bytree': 0.3403403098027068, 'subsample': 0.8306868455925706, 'learning_rate': 0.055520514109829944, 'max_depth': 5, 'min_child_weight': 219, 'eval_metric': 'rmse'}. Best is trial 300 with value: 0.8424118081699078.
start listen on 192.168.1.101:57679
@tracker All of 1 nodes getting started
@tracker All nodes finishes job
Trial 380 finished with value: 0.8426115029992252 and parameters: {'objective': 'reg:squarederror', 'tree_method': 'gpu_hist', 'lambda': 0.003721198187979303, 'alpha': 0.0016373905844919146, 'colsample_bytree': 0.3240000182585091, 'subsample': 0.8096091178878704, 'learning_rate': 0.0462258573047584, 'max_depth': 5, 'min_child_weight': 208, 'eval_metric': 'rmse'}. Best is trial 300 with value: 0.8424118081699078.
start listen on 192.168.1.101:41925
@tracker All of 1 nodes getting started
@tracker All nodes finishes job
Trial 381 finished with value: 0.8427319722118487 and parameters: {'objective': 'reg:squarederror', 'tree_method': 'gpu_hist', 'lambda': 0.3659261414734717, 'alpha': 0.001997674577032667, 'colsample_bytree': 0.34843139865997, 'subsample': 0.8208256344891521, 'learning_rate': 0.051415813678117886, 'max_depth': 5, 'min_child_weight': 212, 'eval_metric': 'rmse'}. Best is trial 300 with value: 0.8424118081699078.
start listen on 192.168.1.101:43001
@tracker All of 1 nodes getting started
@tracker All nodes finishes job
Trial 382 finished with value: 0.8426313646113579 and parameters: {'objective': 'reg:squarederror', 'tree_method': 'gpu_hist', 'lambda': 0.27826998013711357, 'alpha': 0.0030758248923145465, 'colsample_bytree': 0.3362883152295766, 'subsample': 0.8049284816989601, 'learning_rate': 0.04700334624910242, 'max_depth': 5, 'min_child_weight': 207, 'eval_metric': 'rmse'}. Best is trial 300 with value: 0.8424118081699078.
start listen on 192.168.1.101:44609
@tracker All of 1 nodes getting started
@tracker All nodes finishes job
Trial 383 finished with value: 0.8517873695158907 and parameters: {'objective': 'reg:squarederror', 'tree_method': 'gpu_hist', 'lambda': 0.4177652971662439, 'alpha': 0.0015690712930383883, 'colsample_bytree': 0.36205373023971527, 'subsample': 0.789172964941121, 'learning_rate': 0.004380872250087378, 'max_depth': 11, 'min_child_weight': 203, 'eval_metric': 'rmse'}. Best is trial 300 with value: 0.8424118081699078.
start listen on 192.168.1.101:51887
@tracker All of 1 nodes getting started
@tracker All nodes finishes job
Trial 384 finished with value: 2.1764619799531513 and parameters: {'objective': 'reg:squarederror', 'tree_method': 'gpu_hist', 'lambda': 0.336861171260214, 'alpha': 0.0022334937481386877, 'colsample_bytree': 0.3185270659438921, 'subsample': 0.799408387591098, 'learning_rate': 0.0012474820239828167, 'max_depth': 7, 'min_child_weight': 216, 'eval_metric': 'rmse'}. Best is trial 300 with value: 0.8424118081699078.
start listen on 192.168.1.101:37443
@tracker All of 1 nodes getting started
@tracker All nodes finishes job
Trial 385 finished with value: 0.8429846914535736 and parameters: {'objective': 'reg:squarederror', 'tree_method': 'gpu_hist', 'lambda': 0.018819935213147714, 'alpha': 0.0018493234369952513, 'colsample_bytree': 0.47651869483459364, 'subsample': 0.5785338684725341, 'learning_rate': 0.04165783096463477, 'max_depth': 5, 'min_child_weight': 179, 'eval_metric': 'rmse'}. Best is trial 300 with value: 0.8424118081699078.
start listen on 192.168.1.101:54967
@tracker All of 1 nodes getting started
@tracker All nodes finishes job
Trial 386 finished with value: 0.8434607649603337 and parameters: {'objective': 'reg:squarederror', 'tree_method': 'gpu_hist', 'lambda': 0.005734335565330303, 'alpha': 0.058834323686540506, 'colsample_bytree': 0.33132845863907473, 'subsample': 0.8126991777073215, 'learning_rate': 0.07253631343487478, 'max_depth': 5, 'min_child_weight': 197, 'eval_metric': 'rmse'}. Best is trial 300 with value: 0.8424118081699078.
start listen on 192.168.1.101:45483
@tracker All of 1 nodes getting started
@tracker All nodes finishes job
Trial 387 finished with value: 0.8429190397591276 and parameters: {'objective': 'reg:squarederror', 'tree_method': 'gpu_hist', 'lambda': 0.49479111686190647, 'alpha': 0.0014539671549257795, 'colsample_bytree': 0.3508227095279606, 'subsample': 0.8451573366374575, 'learning_rate': 0.059181001003948776, 'max_depth': 5, 'min_child_weight': 189, 'eval_metric': 'rmse'}. Best is trial 300 with value: 0.8424118081699078.
start listen on 192.168.1.101:40295
@tracker All of 1 nodes getting started
@tracker All nodes finishes job
Trial 388 finished with value: 0.8456172014671073 and parameters: {'objective': 'reg:squarederror', 'tree_method': 'gpu_hist', 'lambda': 0.2399094261272949, 'alpha': 0.0026164433876104385, 'colsample_bytree': 0.31898911022431514, 'subsample': 0.7826543792323074, 'learning_rate': 0.049590654137521444, 'max_depth': 9, 'min_child_weight': 223, 'eval_metric': 'rmse'}. Best is trial 300 with value: 0.8424118081699078.
start listen on 192.168.1.101:47893
@tracker All of 1 nodes getting started
@tracker All nodes finishes job
Trial 389 finished with value: 0.8426889498208009 and parameters: {'objective': 'reg:squarederror', 'tree_method': 'gpu_hist', 'lambda': 0.302726395693879, 'alpha': 0.0017266341546861282, 'colsample_bytree': 0.33830930724867275, 'subsample': 0.7964807935487069, 'learning_rate': 0.04511965543660542, 'max_depth': 5, 'min_child_weight': 184, 'eval_metric': 'rmse'}. Best is trial 300 with value: 0.8424118081699078.
start listen on 192.168.1.101:35419
@tracker All of 1 nodes getting started
@tracker All nodes finishes job
Trial 390 finished with value: 0.8425143184063418 and parameters: {'objective': 'reg:squarederror', 'tree_method': 'gpu_hist', 'lambda': 0.3933572815652292, 'alpha': 0.0013969162121411846, 'colsample_bytree': 0.31034539282097345, 'subsample': 0.6337711924137244, 'learning_rate': 0.036025716464989546, 'max_depth': 5, 'min_child_weight': 193, 'eval_metric': 'rmse'}. Best is trial 300 with value: 0.8424118081699078.
start listen on 192.168.1.101:58965
@tracker All of 1 nodes getting started
@tracker All nodes finishes job
Trial 391 finished with value: 0.8426708090250293 and parameters: {'objective': 'reg:squarederror', 'tree_method': 'gpu_hist', 'lambda': 0.4190106649940713, 'alpha': 0.001364908468447415, 'colsample_bytree': 0.3117629686470473, 'subsample': 0.5852407948648869, 'learning_rate': 0.03730807714100408, 'max_depth': 5, 'min_child_weight': 206, 'eval_metric': 'rmse'}. Best is trial 300 with value: 0.8424118081699078.
start listen on 192.168.1.101:44613
@tracker All of 1 nodes getting started
@tracker All nodes finishes job
Trial 392 finished with value: 0.8440854925108904 and parameters: {'objective': 'reg:squarederror', 'tree_method': 'gpu_hist', 'lambda': 0.528795693227142, 'alpha': 0.001382809929749634, 'colsample_bytree': 0.31005254302104684, 'subsample': 0.824668580342701, 'learning_rate': 0.04335365350262754, 'max_depth': 3, 'min_child_weight': 202, 'eval_metric': 'rmse'}. Best is trial 300 with value: 0.8424118081699078.
start listen on 192.168.1.101:33871
@tracker All of 1 nodes getting started
@tracker All nodes finishes job
Trial 393 finished with value: 1.0772195899723684 and parameters: {'objective': 'reg:squarederror', 'tree_method': 'gpu_hist', 'lambda': 0.37155192053238384, 'alpha': 0.0012192530500261135, 'colsample_bytree': 0.3212085081731396, 'subsample': 0.8073781065775297, 'learning_rate': 0.0023731981681771324, 'max_depth': 5, 'min_child_weight': 197, 'eval_metric': 'rmse'}. Best is trial 300 with value: 0.8424118081699078.
start listen on 192.168.1.101:53905
@tracker All of 1 nodes getting started
@tracker All nodes finishes job
Trial 394 finished with value: 0.8429572427166728 and parameters: {'objective': 'reg:squarederror', 'tree_method': 'gpu_hist', 'lambda': 0.5639141042563299, 'alpha': 0.0015092854758998542, 'colsample_bytree': 0.3004864194530784, 'subsample': 0.6923425994519652, 'learning_rate': 0.05323923066584822, 'max_depth': 5, 'min_child_weight': 189, 'eval_metric': 'rmse'}. Best is trial 300 with value: 0.8424118081699078.
start listen on 192.168.1.101:53573
@tracker All of 1 nodes getting started
@tracker All nodes finishes job
Trial 395 finished with value: 0.8508999187572368 and parameters: {'objective': 'reg:squarederror', 'tree_method': 'gpu_hist', 'lambda': 0.46499489886793854, 'alpha': 0.0017830642015538016, 'colsample_bytree': 0.32504302965720544, 'subsample': 0.63245870269026, 'learning_rate': 0.04898877677155935, 'max_depth': 15, 'min_child_weight': 192, 'eval_metric': 'rmse'}. Best is trial 300 with value: 0.8424118081699078.
start listen on 192.168.1.101:46417
@tracker All of 1 nodes getting started
@tracker All nodes finishes job
Trial 396 finished with value: 0.8457410273807017 and parameters: {'objective': 'reg:squarederror', 'tree_method': 'gpu_hist', 'lambda': 0.6979082115038067, 'alpha': 0.0011289740319212252, 'colsample_bytree': 0.3152330528056118, 'subsample': 0.5247095835060851, 'learning_rate': 0.03202413292862084, 'max_depth': 13, 'min_child_weight': 200, 'eval_metric': 'rmse'}. Best is trial 300 with value: 0.8424118081699078.
start listen on 192.168.1.101:49873
@tracker All of 1 nodes getting started
@tracker All nodes finishes job
Trial 397 finished with value: 0.8427234805875518 and parameters: {'objective': 'reg:squarederror', 'tree_method': 'gpu_hist', 'lambda': 0.3745775906623031, 'alpha': 0.01712011470135554, 'colsample_bytree': 0.3311257154542168, 'subsample': 0.6181568058102623, 'learning_rate': 0.041261512013500694, 'max_depth': 5, 'min_child_weight': 211, 'eval_metric': 'rmse'}. Best is trial 300 with value: 0.8424118081699078.
start listen on 192.168.1.101:44699
@tracker All of 1 nodes getting started
@tracker All nodes finishes job
Trial 398 finished with value: 0.8427902464356906 and parameters: {'objective': 'reg:squarederror', 'tree_method': 'gpu_hist', 'lambda': 0.4721309150985645, 'alpha': 0.0015164198365194893, 'colsample_bytree': 0.31136674851127866, 'subsample': 0.5964103885877741, 'learning_rate': 0.035559141248373255, 'max_depth': 5, 'min_child_weight': 194, 'eval_metric': 'rmse'}. Best is trial 300 with value: 0.8424118081699078.
start listen on 192.168.1.101:44451
@tracker All of 1 nodes getting started
@tracker All nodes finishes job
Trial 399 finished with value: 0.8435760694469956 and parameters: {'objective': 'reg:squarederror', 'tree_method': 'gpu_hist', 'lambda': 0.8511614978107438, 'alpha': 0.0012284658113769003, 'colsample_bytree': 0.3380678545878314, 'subsample': 0.6431888020824966, 'learning_rate': 0.06537112680280269, 'max_depth': 5, 'min_child_weight': 182, 'eval_metric': 'rmse'}. Best is trial 300 with value: 0.8424118081699078.
start listen on 192.168.1.101:49893
@tracker All of 1 nodes getting started
@tracker All nodes finishes job
Trial 400 finished with value: 0.8428098010322531 and parameters: {'objective': 'reg:squarederror', 'tree_method': 'gpu_hist', 'lambda': 0.3308398866492587, 'alpha': 0.0020636860972438973, 'colsample_bytree': 0.35655420654204584, 'subsample': 0.7965360733624947, 'learning_rate': 0.045876195170533644, 'max_depth': 5, 'min_child_weight': 142, 'eval_metric': 'rmse'}. Best is trial 300 with value: 0.8424118081699078.
start listen on 192.168.1.101:55737
@tracker All of 1 nodes getting started
@tracker All nodes finishes job
Trial 401 finished with value: 0.8428496440531478 and parameters: {'objective': 'reg:squarederror', 'tree_method': 'gpu_hist', 'lambda': 0.6053163584332799, 'alpha': 0.001647810709148241, 'colsample_bytree': 0.3246054082491363, 'subsample': 0.7866302132105163, 'learning_rate': 0.05608081117992249, 'max_depth': 5, 'min_child_weight': 233, 'eval_metric': 'rmse'}. Best is trial 300 with value: 0.8424118081699078.
start listen on 192.168.1.101:45779
@tracker All of 1 nodes getting started
@tracker All nodes finishes job
Trial 402 finished with value: 0.8501521300362386 and parameters: {'objective': 'reg:squarederror', 'tree_method': 'gpu_hist', 'lambda': 0.41538608803969257, 'alpha': 0.0012472321074020745, 'colsample_bytree': 0.3116750308335929, 'subsample': 0.8126402030243561, 'learning_rate': 0.0423497885229242, 'max_depth': 17, 'min_child_weight': 192, 'eval_metric': 'rmse'}. Best is trial 300 with value: 0.8424118081699078.
start listen on 192.168.1.101:47535
@tracker All of 1 nodes getting started
@tracker All nodes finishes job
Trial 403 finished with value: 0.8431694643827689 and parameters: {'objective': 'reg:squarederror', 'tree_method': 'gpu_hist', 'lambda': 0.5393375901335277, 'alpha': 0.0019259006365805438, 'colsample_bytree': 0.3681189008026776, 'subsample': 0.5543930422345196, 'learning_rate': 0.05223669890688593, 'max_depth': 5, 'min_child_weight': 201, 'eval_metric': 'rmse'}. Best is trial 300 with value: 0.8424118081699078.
start listen on 192.168.1.101:57811
@tracker All of 1 nodes getting started
@tracker All nodes finishes job
Trial 404 finished with value: 0.842780314429503 and parameters: {'objective': 'reg:squarederror', 'tree_method': 'gpu_hist', 'lambda': 0.33172754519980363, 'alpha': 0.0014053082761596352, 'colsample_bytree': 0.34329791187263864, 'subsample': 0.8340231247998613, 'learning_rate': 0.03856627149723926, 'max_depth': 5, 'min_child_weight': 184, 'eval_metric': 'rmse'}. Best is trial 300 with value: 0.8424118081699078.
start listen on 192.168.1.101:35687
@tracker All of 1 nodes getting started
@tracker All nodes finishes job
Trial 405 finished with value: 0.8426221462861954 and parameters: {'objective': 'reg:squarederror', 'tree_method': 'gpu_hist', 'lambda': 0.408858706336356, 'alpha': 0.001163218953113888, 'colsample_bytree': 0.333595648139341, 'subsample': 0.7726024997012643, 'learning_rate': 0.047078608878110224, 'max_depth': 5, 'min_child_weight': 177, 'eval_metric': 'rmse'}. Best is trial 300 with value: 0.8424118081699078.
start listen on 192.168.1.101:58139
@tracker All of 1 nodes getting started
@tracker All nodes finishes job
Trial 406 finished with value: 0.84271390380668 and parameters: {'objective': 'reg:squarederror', 'tree_method': 'gpu_hist', 'lambda': 0.2687949388741869, 'alpha': 0.008110236290346823, 'colsample_bytree': 0.32369319170186023, 'subsample': 0.7084963876039847, 'learning_rate': 0.04367554836377319, 'max_depth': 5, 'min_child_weight': 191, 'eval_metric': 'rmse'}. Best is trial 300 with value: 0.8424118081699078.
start listen on 192.168.1.101:40887
@tracker All of 1 nodes getting started
@tracker All nodes finishes job
Trial 407 finished with value: 0.842665419654534 and parameters: {'objective': 'reg:squarederror', 'tree_method': 'gpu_hist', 'lambda': 0.0028397779509441103, 'alpha': 0.0016142883011905837, 'colsample_bytree': 0.35610930485433995, 'subsample': 0.7863637432069609, 'learning_rate': 0.03441695139491634, 'max_depth': 5, 'min_child_weight': 215, 'eval_metric': 'rmse'}. Best is trial 300 with value: 0.8424118081699078.
start listen on 192.168.1.101:59045
@tracker All of 1 nodes getting started
@tracker All nodes finishes job
Trial 408 finished with value: 0.8426942829413356 and parameters: {'objective': 'reg:squarederror', 'tree_method': 'gpu_hist', 'lambda': 0.4925734547745706, 'alpha': 0.0014153697738493094, 'colsample_bytree': 0.3008201720621644, 'subsample': 0.8015270741357106, 'learning_rate': 0.04918856751438297, 'max_depth': 5, 'min_child_weight': 150, 'eval_metric': 'rmse'}. Best is trial 300 with value: 0.8424118081699078.
start listen on 192.168.1.101:37875
@tracker All of 1 nodes getting started
@tracker All nodes finishes job
Trial 409 finished with value: 0.8426671482952875 and parameters: {'objective': 'reg:squarederror', 'tree_method': 'gpu_hist', 'lambda': 0.6707349052483781, 'alpha': 0.0010155639656880973, 'colsample_bytree': 0.3000235648788222, 'subsample': 0.6592196001718157, 'learning_rate': 0.03879393023627069, 'max_depth': 5, 'min_child_weight': 208, 'eval_metric': 'rmse'}. Best is trial 300 with value: 0.8424118081699078.
start listen on 192.168.1.101:39475
@tracker All of 1 nodes getting started
@tracker All nodes finishes job
Trial 410 finished with value: 0.8598863360143705 and parameters: {'objective': 'reg:squarederror', 'tree_method': 'gpu_hist', 'lambda': 0.01078056357796603, 'alpha': 0.002145065045230692, 'colsample_bytree': 0.3420099664777397, 'subsample': 0.7704772741146075, 'learning_rate': 0.057888173646351904, 'max_depth': 20, 'min_child_weight': 183, 'eval_metric': 'rmse'}. Best is trial 300 with value: 0.8424118081699078.
start listen on 192.168.1.101:47353
@tracker All of 1 nodes getting started
@tracker All nodes finishes job
Trial 411 finished with value: 0.8430477713251844 and parameters: {'objective': 'reg:squarederror', 'tree_method': 'gpu_hist', 'lambda': 0.3426578018429333, 'alpha': 0.0018403230543093604, 'colsample_bytree': 0.38476161336387776, 'subsample': 0.8170241249750656, 'learning_rate': 0.0451066436994001, 'max_depth': 5, 'min_child_weight': 197, 'eval_metric': 'rmse'}. Best is trial 300 with value: 0.8424118081699078.
start listen on 192.168.1.101:50077
@tracker All of 1 nodes getting started
@tracker All nodes finishes job
Trial 412 finished with value: 0.8427552878956767 and parameters: {'objective': 'reg:squarederror', 'tree_method': 'gpu_hist', 'lambda': 0.41691363138412524, 'alpha': 0.0011848863067699632, 'colsample_bytree': 0.324198444224295, 'subsample': 0.7889587516442939, 'learning_rate': 0.052776330328127743, 'max_depth': 5, 'min_child_weight': 186, 'eval_metric': 'rmse'}. Best is trial 300 with value: 0.8424118081699078.
start listen on 192.168.1.101:56047
@tracker All of 1 nodes getting started
@tracker All nodes finishes job
Trial 413 finished with value: 0.8427017991109041 and parameters: {'objective': 'reg:squarederror', 'tree_method': 'gpu_hist', 'lambda': 0.19991430189494047, 'alpha': 0.005949007344645195, 'colsample_bytree': 0.3146079540052437, 'subsample': 0.7773370830140093, 'learning_rate': 0.04120361930602631, 'max_depth': 5, 'min_child_weight': 176, 'eval_metric': 'rmse'}. Best is trial 300 with value: 0.8424118081699078.
start listen on 192.168.1.101:42939
@tracker All of 1 nodes getting started
@tracker All nodes finishes job
Trial 414 finished with value: 0.8433744977905963 and parameters: {'objective': 'reg:squarederror', 'tree_method': 'gpu_hist', 'lambda': 0.29400649086272607, 'alpha': 0.08230790742716275, 'colsample_bytree': 0.3526043476142563, 'subsample': 0.6829640101988582, 'learning_rate': 0.04821892534248001, 'max_depth': 7, 'min_child_weight': 203, 'eval_metric': 'rmse'}. Best is trial 300 with value: 0.8424118081699078.
start listen on 192.168.1.101:39785
@tracker All of 1 nodes getting started
@tracker All nodes finishes job
Trial 415 finished with value: 0.842816714477155 and parameters: {'objective': 'reg:squarederror', 'tree_method': 'gpu_hist', 'lambda': 0.5284742042734754, 'alpha': 0.0015064497557237455, 'colsample_bytree': 0.33342806002521547, 'subsample': 0.8034505321597332, 'learning_rate': 0.042808415572967135, 'max_depth': 5, 'min_child_weight': 193, 'eval_metric': 'rmse'}. Best is trial 300 with value: 0.8424118081699078.
start listen on 192.168.1.101:60969
@tracker All of 1 nodes getting started
@tracker All nodes finishes job
Trial 416 finished with value: 0.8426859370880608 and parameters: {'objective': 'reg:squarederror', 'tree_method': 'gpu_hist', 'lambda': 0.3774946194211836, 'alpha': 0.003803652082285165, 'colsample_bytree': 0.37243758020922824, 'subsample': 0.7610850720166779, 'learning_rate': 0.03696479505029356, 'max_depth': 5, 'min_child_weight': 180, 'eval_metric': 'rmse'}. Best is trial 300 with value: 0.8424118081699078.
start listen on 192.168.1.101:46773
@tracker All of 1 nodes getting started
@tracker All nodes finishes job
Trial 417 finished with value: 0.8472673362450115 and parameters: {'objective': 'reg:squarederror', 'tree_method': 'gpu_hist', 'lambda': 0.014377203665974253, 'alpha': 0.0010083090319887122, 'colsample_bytree': 0.34273109852496375, 'subsample': 0.8235018383405323, 'learning_rate': 0.05908363758878886, 'max_depth': 9, 'min_child_weight': 188, 'eval_metric': 'rmse'}. Best is trial 300 with value: 0.8424118081699078.
start listen on 192.168.1.101:47921
@tracker All of 1 nodes getting started
@tracker All nodes finishes job
Trial 418 finished with value: 0.8472249546386571 and parameters: {'objective': 'reg:squarederror', 'tree_method': 'gpu_hist', 'lambda': 1.2352991448900073, 'alpha': 0.002410739239079262, 'colsample_bytree': 0.3222308528340536, 'subsample': 0.7915075873301053, 'learning_rate': 0.050267755392314574, 'max_depth': 11, 'min_child_weight': 199, 'eval_metric': 'rmse'}. Best is trial 300 with value: 0.8424118081699078.
start listen on 192.168.1.101:46563
@tracker All of 1 nodes getting started
@tracker All nodes finishes job
