number,value,params_alpha,params_colsample_bytree,params_eval_metric,params_lambda,params_learning_rate,params_max_depth,params_min_child_weight,params_objective,params_subsample,params_tree_method,state
390,0.8425143184063418,0.0013969162121411846,0.31034539282097345,rmse,0.3933572815652292,0.036025716464989546,5,193,reg:squarederror,0.6337711924137244,gpu_hist,COMPLETE
391,0.8426708090250293,0.001364908468447415,0.3117629686470473,rmse,0.4190106649940713,0.03730807714100408,5,206,reg:squarederror,0.5852407948648869,gpu_hist,COMPLETE
392,0.8440854925108904,0.001382809929749634,0.31005254302104684,rmse,0.528795693227142,0.04335365350262754,3,202,reg:squarederror,0.824668580342701,gpu_hist,COMPLETE
393,1.0772195899723684,0.0012192530500261135,0.3212085081731396,rmse,0.37155192053238384,0.0023731981681771324,5,197,reg:squarederror,0.8073781065775297,gpu_hist,COMPLETE
394,0.8429572427166728,0.0015092854758998542,0.3004864194530784,rmse,0.5639141042563299,0.05323923066584822,5,189,reg:squarederror,0.6923425994519652,gpu_hist,COMPLETE
395,0.8508999187572368,0.0017830642015538016,0.32504302965720544,rmse,0.46499489886793854,0.04898877677155935,15,192,reg:squarederror,0.63245870269026,gpu_hist,COMPLETE
396,0.8457410273807017,0.0011289740319212252,0.3152330528056118,rmse,0.6979082115038067,0.03202413292862084,13,200,reg:squarederror,0.5247095835060851,gpu_hist,COMPLETE
397,0.8427234805875518,0.01712011470135554,0.3311257154542168,rmse,0.3745775906623031,0.041261512013500694,5,211,reg:squarederror,0.6181568058102623,gpu_hist,COMPLETE
398,0.8427902464356906,0.0015164198365194893,0.31136674851127866,rmse,0.4721309150985645,0.035559141248373255,5,194,reg:squarederror,0.5964103885877741,gpu_hist,COMPLETE
399,0.8435760694469956,0.0012284658113769003,0.3380678545878314,rmse,0.8511614978107438,0.06537112680280269,5,182,reg:squarederror,0.6431888020824966,gpu_hist,COMPLETE
400,0.8428098010322531,0.0020636860972438973,0.35655420654204584,rmse,0.3308398866492587,0.045876195170533644,5,142,reg:squarederror,0.7965360733624947,gpu_hist,COMPLETE
401,0.8428496440531478,0.001647810709148241,0.3246054082491363,rmse,0.6053163584332799,0.05608081117992249,5,233,reg:squarederror,0.7866302132105163,gpu_hist,COMPLETE
402,0.8501521300362386,0.0012472321074020745,0.3116750308335929,rmse,0.41538608803969257,0.0423497885229242,17,192,reg:squarederror,0.8126402030243561,gpu_hist,COMPLETE
403,0.8431694643827689,0.0019259006365805438,0.3681189008026776,rmse,0.5393375901335277,0.05223669890688593,5,201,reg:squarederror,0.5543930422345196,gpu_hist,COMPLETE
404,0.842780314429503,0.0014053082761596352,0.34329791187263864,rmse,0.33172754519980363,0.03856627149723926,5,184,reg:squarederror,0.8340231247998613,gpu_hist,COMPLETE
405,0.8426221462861954,0.001163218953113888,0.333595648139341,rmse,0.408858706336356,0.047078608878110224,5,177,reg:squarederror,0.7726024997012643,gpu_hist,COMPLETE
406,0.84271390380668,0.008110236290346823,0.32369319170186023,rmse,0.2687949388741869,0.04367554836377319,5,191,reg:squarederror,0.7084963876039847,gpu_hist,COMPLETE
407,0.842665419654534,0.0016142883011905837,0.35610930485433995,rmse,0.0028397779509441103,0.03441695139491634,5,215,reg:squarederror,0.7863637432069609,gpu_hist,COMPLETE
408,0.8426942829413356,0.0014153697738493094,0.3008201720621644,rmse,0.4925734547745706,0.04918856751438297,5,150,reg:squarederror,0.8015270741357106,gpu_hist,COMPLETE
409,0.8426671482952875,0.0010155639656880973,0.3000235648788222,rmse,0.6707349052483781,0.03879393023627069,5,208,reg:squarederror,0.6592196001718157,gpu_hist,COMPLETE
410,0.8598863360143705,0.002145065045230692,0.3420099664777397,rmse,0.01078056357796603,0.057888173646351904,20,183,reg:squarederror,0.7704772741146075,gpu_hist,COMPLETE
411,0.8430477713251844,0.0018403230543093604,0.38476161336387776,rmse,0.3426578018429333,0.0451066436994001,5,197,reg:squarederror,0.8170241249750656,gpu_hist,COMPLETE
412,0.8427552878956767,0.0011848863067699632,0.324198444224295,rmse,0.41691363138412524,0.052776330328127743,5,186,reg:squarederror,0.7889587516442939,gpu_hist,COMPLETE
413,0.8427017991109041,0.005949007344645195,0.3146079540052437,rmse,0.19991430189494047,0.04120361930602631,5,176,reg:squarederror,0.7773370830140093,gpu_hist,COMPLETE
414,0.8433744977905963,0.08230790742716275,0.3526043476142563,rmse,0.29400649086272607,0.04821892534248001,7,203,reg:squarederror,0.6829640101988582,gpu_hist,COMPLETE
415,0.842816714477155,0.0015064497557237455,0.33342806002521547,rmse,0.5284742042734754,0.042808415572967135,5,193,reg:squarederror,0.8034505321597332,gpu_hist,COMPLETE
416,0.8426859370880608,0.003803652082285165,0.37243758020922824,rmse,0.3774946194211836,0.03696479505029356,5,180,reg:squarederror,0.7610850720166779,gpu_hist,COMPLETE
417,0.8472673362450115,0.0010083090319887122,0.34273109852496375,rmse,0.014377203665974253,0.05908363758878886,9,188,reg:squarederror,0.8235018383405323,gpu_hist,COMPLETE
418,0.8472249546386571,0.002410739239079262,0.3222308528340536,rmse,1.2352991448900073,0.050267755392314574,11,199,reg:squarederror,0.7915075873301053,gpu_hist,COMPLETE
419,0.8428119793746833,0.0018082085087076905,0.39976300095020034,rmse,0.15398491561839447,0.04541088460464818,5,153,reg:squarederror,0.7787586544347622,gpu_hist,COMPLETE
420,0.8427532264457618,0.001369218637025172,0.3323959196501682,rmse,0.001761897397065228,0.03891513018296545,5,175,reg:squarederror,0.8087025600034292,gpu_hist,COMPLETE
421,0.8428009737069028,0.0030285087922241145,0.3110654462719072,rmse,0.7670583528757972,0.03198965468054534,5,209,reg:squarederror,0.7428854073193097,gpu_hist,COMPLETE
422,0.8428287071156765,0.0013095107097404798,0.3581919522109249,rmse,0.24999725967688147,0.05417195045913229,5,191,reg:squarederror,0.7663909502610068,gpu_hist,COMPLETE
423,0.8441653810085505,0.025133384303471912,0.34489955342618217,rmse,0.4461374700037708,0.04147276210837691,3,5,reg:squarederror,0.7977349633022532,gpu_hist,COMPLETE
424,0.8427083436793422,0.0016615487164358797,0.31237736397854277,rmse,0.571095004634002,0.04732234229360021,5,185,reg:squarederror,0.7810036184063185,gpu_hist,COMPLETE
425,0.8482769631092009,0.0022522012598907735,0.33133047973913476,rmse,0.31770010966851775,0.03577569388161184,15,143,reg:squarederror,0.7567734970802318,gpu_hist,COMPLETE
426,0.8426636144481365,0.0011892384901775706,0.36814510331061867,rmse,0.3875182530222653,0.04442032299855814,5,196,reg:squarederror,0.8192051583580783,gpu_hist,COMPLETE
427,0.8436172376018647,0.00199239115540645,0.5110678709362027,rmse,0.5002802537215522,0.06280428826510845,5,180,reg:squarederror,0.7931406006023268,gpu_hist,COMPLETE
428,0.849525706498309,0.0010071039970890627,0.3219178289948429,rmse,0.6604956514912337,0.051577458142577505,13,215,reg:squarederror,0.8080435387481093,gpu_hist,COMPLETE
429,0.8427489675198667,0.13836679344044275,0.34843884717122237,rmse,0.27989662901877566,0.04076831377691389,5,171,reg:squarederror,0.8366776837495062,gpu_hist,COMPLETE
430,0.8431268872413453,0.0014673996289017363,0.6041001771310746,rmse,0.9619405083038735,0.04792839621951602,5,201,reg:squarederror,0.7679426530082022,gpu_hist,COMPLETE
431,0.8426789955166882,0.001641378187983705,0.3004781192578605,rmse,0.4603962508379119,0.03776856218150135,5,187,reg:squarederror,0.7815231978651415,gpu_hist,COMPLETE
432,0.8426756458690642,0.002751817779864956,0.32786147480338185,rmse,0.3583463769928963,0.05446216576656912,5,155,reg:squarederror,0.797990007866609,gpu_hist,COMPLETE
433,0.8427869301725244,0.001242592932115248,0.3146006943755268,rmse,0.23617506484228773,0.04357382599980856,5,205,reg:squarederror,0.7715350577861972,gpu_hist,COMPLETE
434,0.8531321378329324,0.011659630757671563,0.3445015269984532,rmse,0.31860074822296375,0.04984706269165011,17,193,reg:squarederror,0.7892448793707926,gpu_hist,COMPLETE
435,0.8428212821625984,0.0018699155815466778,0.3578806755599722,rmse,0.4282988945173358,0.034384012031986516,5,165,reg:squarederror,0.8099022839486644,gpu_hist,COMPLETE
436,0.8426975727520748,0.001458351501328264,0.3352553409729781,rmse,0.6009080035449178,0.040477094043271954,5,178,reg:squarederror,0.6037606338444275,gpu_hist,COMPLETE
437,0.8429156210484795,0.001184157914137883,0.31271729651436697,rmse,0.37658369493349003,0.02833067746904032,5,173,reg:squarederror,0.7507156250057496,gpu_hist,COMPLETE
438,0.8473265656658,0.0021282117090003034,0.32610862072174823,rmse,0.4620430099193643,0.010345031244383046,5,182,reg:squarederror,0.7353675678764706,gpu_hist,COMPLETE
439,0.8429653076860054,0.0016065969917463368,0.3781269848230071,rmse,1.3922909224687154,0.04521190892015582,5,146,reg:squarederror,0.8303925772553354,gpu_hist,COMPLETE
440,0.8577313490706678,0.0010008688381809747,0.33878589521968855,rmse,0.7668588358026165,0.056786326185487575,20,196,reg:squarederror,0.7825744490809085,gpu_hist,COMPLETE
441,0.8426512009436307,0.0013205382473410307,0.35329637327294905,rmse,0.03208413915503831,0.047108474995272535,5,187,reg:squarederror,0.8015593080363919,gpu_hist,COMPLETE
442,0.8427255582153806,0.002516875071220833,0.3158173083414168,rmse,0.3027635567361671,0.03748878298807781,5,204,reg:squarederror,0.7604292703401915,gpu_hist,COMPLETE
443,0.8436415246009764,0.0018729026363423324,0.33132609017436715,rmse,0.18405205798533697,0.021146411064112358,5,159,reg:squarederror,0.8215680472550813,gpu_hist,COMPLETE
444,0.8425993274241923,0.0012001243112777717,0.3114033039773067,rmse,0.5650562166236714,0.04229100341394228,5,210,reg:squarederror,0.7908002216146376,gpu_hist,COMPLETE
445,0.8427536769298408,0.001599931720936574,0.3639339663814426,rmse,0.38440436747812684,0.05189469487499182,5,226,reg:squarederror,0.9938977193955792,gpu_hist,COMPLETE
446,0.8434987787800983,0.0035150522895986353,0.34118776570495063,rmse,0.2346294893595687,0.045461553287166334,7,190,reg:squarederror,0.8508497039562695,gpu_hist,COMPLETE
447,0.8431249752986139,0.001450386117741649,0.3252177859590783,rmse,0.4988981820002384,0.06748737191205824,5,181,reg:squarederror,0.7767295272022724,gpu_hist,COMPLETE
448,0.8587467353114235,0.0020405883634713132,0.31032414826898247,rmse,0.3347442733874601,0.09857238542124877,11,172,reg:squarederror,0.806102029599615,gpu_hist,COMPLETE
449,0.8426140181361826,0.0011755634065845537,0.3001947504584469,rmse,0.43240355844033374,0.04072080269070167,5,299,reg:squarederror,0.7690694854687491,gpu_hist,COMPLETE
450,0.8462644330487112,0.0017522216887397963,0.35013833420488927,rmse,0.12361289845161784,0.06026803899898146,9,257,reg:squarederror,0.7933263474824562,gpu_hist,COMPLETE
451,0.8427725307054815,0.001378170945217623,0.32552466996954127,rmse,0.2729519451399279,0.04947751639032182,5,199,reg:squarederror,0.8160684840735072,gpu_hist,COMPLETE
452,0.8429195272860888,0.002393381965377439,0.46261116630609916,rmse,0.5982642513436996,0.03702565778281563,5,138,reg:squarederror,0.7785395441270997,gpu_hist,COMPLETE
453,0.8444692584653638,0.001130793277077039,0.33713837272024844,rmse,0.3696436459805886,0.0829508660370699,5,164,reg:squarederror,0.5673168554043502,gpu_hist,COMPLETE
454,0.8426574788400607,0.0010065138697687946,0.36498543094347985,rmse,0.9041426312107306,0.04349333753288263,5,150,reg:squarederror,0.7622555833531666,gpu_hist,COMPLETE
455,0.8427417903016589,0.0016156831822400578,0.31928027179936064,rmse,0.5072334522945285,0.03395361929211628,5,193,reg:squarederror,0.7471083737195254,gpu_hist,COMPLETE
456,0.8435844990647556,0.021345760719149186,0.30001647440527074,rmse,0.004784107866154916,0.05178458931640622,3,186,reg:squarederror,0.7971791284809737,gpu_hist,COMPLETE
457,0.8427627036504673,0.0029151500036308244,0.3813983180907242,rmse,0.326740978645869,0.046782326569677915,5,175,reg:squarederror,0.7864889711915489,gpu_hist,COMPLETE
458,0.8425286151585087,0.001352395258376294,0.34774364553820075,rmse,0.6820621229859112,0.04032275258440473,5,181,reg:squarederror,0.7722662880218877,gpu_hist,COMPLETE
459,0.8434835168571903,0.001297740776685025,0.9779088822717023,rmse,0.7796164602917514,0.030792850586534082,5,180,reg:squarederror,0.9562981026259834,gpu_hist,COMPLETE
460,0.847391537368848,0.0013568435370029074,0.3385804050107682,rmse,0.6610890844513615,0.0395521835004033,13,185,reg:squarederror,0.8047164293946371,gpu_hist,COMPLETE
461,0.8432819362936071,0.0011708071441287524,0.32215023934200687,rmse,0.5304693099447116,0.007800523441354548,15,192,reg:squarederror,0.7735805350621864,gpu_hist,COMPLETE
462,0.84278536873822,0.001823553957179738,0.3506453926128942,rmse,0.4348798990893503,0.03677559836422316,5,177,reg:squarederror,0.7847490553596096,gpu_hist,COMPLETE
463,0.8426367364085675,0.001442035345059926,0.33273053722005774,rmse,0.5828670566386479,0.04158597752634765,5,170,reg:squarederror,0.8124870875915501,gpu_hist,COMPLETE
464,0.842764354296217,0.004380348430228412,0.31117161799464693,rmse,0.660765793408679,0.03367492748329637,5,201,reg:squarederror,0.7946158942034034,gpu_hist,COMPLETE
465,0.8427860962450762,0.0010125816465381804,0.35820311832940704,rmse,0.21733961197367613,0.0389733792504107,5,216,reg:squarederror,0.828790374179629,gpu_hist,COMPLETE
466,0.8427876545037105,0.03568195476863324,0.3266196524821344,rmse,0.2911833864882638,0.04331314873646466,5,188,reg:squarederror,0.7710867686755498,gpu_hist,COMPLETE
467,0.8562914011829168,0.0021304480034213262,0.3452247252491609,rmse,0.42111749352448796,0.056028954339465656,17,181,reg:squarederror,0.7858722117034268,gpu_hist,COMPLETE
468,0.842732671456264,0.0013589473516692787,0.3104291864823141,rmse,0.3539803296747826,0.048511495137192384,5,196,reg:squarederror,0.8019318453371342,gpu_hist,COMPLETE
469,0.8427247403720348,0.001659920454415316,0.3397253687178407,rmse,0.49752616570245195,0.04006797571910102,5,210,reg:squarederror,0.8173943748877488,gpu_hist,COMPLETE
470,0.843076321315944,0.002139209081343336,0.49282099201544227,rmse,0.2557348670710844,0.044647579467899295,5,176,reg:squarederror,0.6433818353893764,gpu_hist,COMPLETE
471,0.8427851443130413,0.0010014944076764147,0.36469896197472756,rmse,0.09817088290292295,0.03590727279594558,5,166,reg:squarederror,0.7779548607392107,gpu_hist,COMPLETE
472,0.8558784872414923,0.0013214307996132365,0.3237530766709535,rmse,0.39714236913560963,0.05140426450316826,20,185,reg:squarederror,0.7926609872953877,gpu_hist,COMPLETE
473,0.842679926211284,0.0011910193593964767,0.3342550338577394,rmse,0.7530769399663336,0.042140616519252695,5,205,reg:squarederror,0.7622284991560867,gpu_hist,COMPLETE
474,0.8428656834852214,0.001652057257817834,0.30020421668051456,rmse,0.46945634367404654,0.03187689663046648,5,194,reg:squarederror,0.8107807938053476,gpu_hist,COMPLETE
475,0.8429128287462857,0.0024998040994046694,0.3217889234299546,rmse,0.31326978529884725,0.05525034028964732,5,171,reg:squarederror,0.7822394257635772,gpu_hist,COMPLETE
476,0.8426466041426515,0.00548295906185651,0.3445172253850406,rmse,0.6127749694652745,0.04740187679486657,5,190,reg:squarederror,0.7981208096063895,gpu_hist,COMPLETE
477,0.8440872607529508,0.0015087757730250944,0.3719103806909591,rmse,0.36785331496507523,0.017921692460815684,5,180,reg:squarederror,0.7618978784893263,gpu_hist,COMPLETE
478,0.843371617597102,0.0019056627727440233,0.4252895607960757,rmse,0.5206523218793319,0.03859370420669929,7,197,reg:squarederror,0.7721099256519824,gpu_hist,COMPLETE
479,0.8427795052929544,0.0011565950693127253,0.3954114396028201,rmse,0.2866966265899486,0.04420425389010426,5,184,reg:squarederror,0.8271973863463711,gpu_hist,COMPLETE
480,0.8435179075767424,0.0014676471290970357,0.3131804169555783,rmse,0.4306913189025096,0.024724054464892183,11,204,reg:squarederror,0.7881165482496413,gpu_hist,COMPLETE
481,0.8427324626861872,0.001932652824157106,0.35198403390865385,rmse,0.2152878437745976,0.04830113272567809,5,174,reg:squarederror,0.8053575192539891,gpu_hist,COMPLETE
482,0.8437247096565099,0.003183426622128993,0.3292963445070054,rmse,0.3427206037281958,0.03549581464016115,9,159,reg:squarederror,0.7743842144686025,gpu_hist,COMPLETE
483,0.8426489312083195,0.0011876436389223809,0.3139671159375565,rmse,0.03769257911272044,0.041739310176079035,5,189,reg:squarederror,0.796508049807612,gpu_hist,COMPLETE
484,0.842883806270932,0.00100082841134442,0.3360892494517721,rmse,0.6625306200313619,0.06079721608681925,5,200,reg:squarederror,0.8410991462397526,gpu_hist,COMPLETE
485,0.8426142755813635,0.0016636711716010264,0.3581441131191338,rmse,0.43877432000557653,0.05259610870548282,5,222,reg:squarederror,0.7561250037249774,gpu_hist,COMPLETE
486,0.8426430780714659,0.002347093345639348,0.3212648189774192,rmse,0.2820564448499982,0.044655655936995386,5,165,reg:squarederror,0.8144630546866696,gpu_hist,COMPLETE
487,0.8427428961145504,0.0013486255261406864,0.3422371730391159,rmse,0.3694949811858634,0.03831764998674156,5,180,reg:squarederror,0.41511996073885477,gpu_hist,COMPLETE
488,0.8427881639632875,0.001887023922868084,0.30065692819229173,rmse,0.5268247106165493,0.04844187597968027,5,192,reg:squarederror,0.788502098789749,gpu_hist,COMPLETE
489,0.8429761498625442,0.0012206247481718394,0.32804054603141714,rmse,0.001022103612002147,0.05584114363448242,5,211,reg:squarederror,0.7811459015445456,gpu_hist,COMPLETE
490,0.8494023140202701,0.0026987013271793036,0.37506284534720025,rmse,0.4352871753882529,0.040251507781530166,15,187,reg:squarederror,0.8036161632099387,gpu_hist,COMPLETE
491,0.8438993727313656,0.0015200882113625964,0.31265601829051215,rmse,0.18663526492340832,0.045709369345100524,3,170,reg:squarederror,0.7714021151918423,gpu_hist,COMPLETE
492,0.8505381314427205,0.0564054492941839,0.3550936675872862,rmse,0.24401425039594388,0.05035857508544184,13,177,reg:squarederror,0.745496151893036,gpu_hist,COMPLETE
493,0.8427378225515186,0.0013561378677675743,0.3341449275238412,rmse,0.8049029202820218,0.0348818316393542,5,198,reg:squarederror,0.8234015120711177,gpu_hist,COMPLETE
494,0.8426483879040858,0.002149785001798401,0.3459615162137122,rmse,0.5710524462449582,0.04285932559106291,5,184,reg:squarederror,0.792310965500097,gpu_hist,COMPLETE
495,0.8431096638175165,0.001756627237864727,0.3212835017563666,rmse,0.3367543578296892,0.06273516070768217,5,205,reg:squarederror,0.7626230793417845,gpu_hist,COMPLETE
496,0.8425654069147028,0.0011661469592195634,0.3109673775340037,rmse,0.3969502744840798,0.03922548950604914,5,195,reg:squarederror,0.8075545233977266,gpu_hist,COMPLETE
497,0.8428123502945177,0.001166134247626611,0.3106500648576957,rmse,0.4867570611440884,0.03066282470830378,5,196,reg:squarederror,0.8387492165874737,gpu_hist,COMPLETE
498,0.8489214732488082,0.0010102444694061906,0.31166920481145266,rmse,0.6379910164797696,0.036710399961800325,17,160,reg:squarederror,0.8163545660729612,gpu_hist,COMPLETE
499,0.8428120761334946,0.0011731194166596868,0.3090258607248062,rmse,0.39141611268294746,0.032970860406596844,5,209,reg:squarederror,0.8087680615626578,gpu_hist,COMPLETE
500,0.8426093375559878,0.0014126937217351998,0.3003447782121603,rmse,0.48313912867363984,0.03823178442137399,5,216,reg:squarederror,0.7814281579932515,gpu_hist,COMPLETE
501,0.8426818225095883,0.0011803339834689243,0.3333571457905291,rmse,0.14904070632750868,0.05231611622560258,5,174,reg:squarederror,0.8044415412759786,gpu_hist,COMPLETE
502,0.8428254567057688,0.001015734378151978,0.3628907452909342,rmse,0.2900737825792643,0.04665080301515556,5,190,reg:squarederror,0.8289001999503269,gpu_hist,COMPLETE
503,0.8426928626197981,0.001573155860719169,0.3001892821897129,rmse,0.7188829828155034,0.04071970632829663,5,202,reg:squarederror,0.6796963627814564,gpu_hist,COMPLETE
504,0.8427746173395683,0.0018648454075390864,0.3232390278788167,rmse,0.39195634496274856,0.044149845433316987,5,181,reg:squarederror,0.7308502554175818,gpu_hist,COMPLETE
505,0.8587219839596845,0.0013517567300335436,0.3505379144169121,rmse,0.9099545906028931,0.05699013716563717,20,195,reg:squarederror,0.797368237288112,gpu_hist,COMPLETE
506,0.8428156789920991,0.006965168142848575,0.3884102025411545,rmse,0.530071603818177,0.04926985371498381,5,170,reg:squarederror,0.819592429037873,gpu_hist,COMPLETE
507,0.8425710736085825,0.0028270227448555433,0.33871022616836144,rmse,0.24437905085204872,0.039981549713241145,5,185,reg:squarederror,0.7688521848531823,gpu_hist,COMPLETE
508,0.8428408901379698,0.0034941893888286234,0.3706723202387818,rmse,0.18963093668019107,0.02866916031822662,5,166,reg:squarederror,0.7526992018607523,gpu_hist,COMPLETE
509,0.8426600071859145,0.0029846657624306707,0.3433782113226375,rmse,0.2499939445439252,0.03511396053068089,5,178,reg:squarederror,0.7678695312929807,gpu_hist,COMPLETE
510,0.8431263968589526,0.0025900383296146605,0.3368367357949798,rmse,0.2228189115596122,0.038314988489077245,7,184,reg:squarederror,0.7438285866700906,gpu_hist,COMPLETE
511,0.8427280555082821,0.0023301873430205777,0.3579458810303589,rmse,0.29394896846746643,0.03302322499793282,5,154,reg:squarederror,0.7033512617150335,gpu_hist,COMPLETE
512,0.8528400252568187,0.011265575572769701,0.33400858867678607,rmse,0.17416724347577076,0.005567491424914056,5,176,reg:squarederror,0.7899332469323738,gpu_hist,COMPLETE
513,0.8451247398893095,0.0021791159996892677,0.3464899273862385,rmse,0.07078416287301056,0.015084590258666484,5,188,reg:squarederror,0.8096407470506297,gpu_hist,COMPLETE
514,0.8459381773741697,0.004219530841266089,0.32240176930513703,rmse,0.2465241597410362,0.0415256123732621,11,183,reg:squarederror,0.765420187112589,gpu_hist,COMPLETE
515,0.8428133824435662,0.0029262856499739213,0.3801283479327872,rmse,0.3340859928110647,0.03752076287854402,5,199,reg:squarederror,0.5118859913594931,gpu_hist,COMPLETE
516,0.8426551861084491,0.008640411901858432,0.3558321453406959,rmse,0.282788164253615,0.041367250065497775,5,161,reg:squarederror,0.781377990304857,gpu_hist,COMPLETE
517,0.8451424025874342,0.002066104860129328,0.30000730945380444,rmse,0.21601613620082802,0.0443856360376237,9,171,reg:squarederror,0.7545335074442819,gpu_hist,COMPLETE
518,0.8425932876164742,0.0017931682864656576,0.3175642899900141,rmse,0.33617744481002537,0.0374101746129823,5,207,reg:squarederror,0.7989628984268258,gpu_hist,COMPLETE
