Trial 965 finished with value: 0.8427252407317323 and parameters: {'objective': 'reg:squarederror', 'tree_method': 'gpu_hist', 'lambda': 0.6545202005706794, 'alpha': 0.0022784149288469177, 'colsample_bytree': 0.34800405435292986, 'subsample': 0.8218843852094159, 'learning_rate': 0.045142927790637194, 'max_depth': 5, 'min_child_weight': 204, 'eval_metric': 'rmse'}. Best is trial 731 with value: 0.842384087517236.
start listen on 192.168.1.101:55255
@tracker All of 1 nodes getting started
@tracker All nodes finishes job
Trial 966 finished with value: 0.844112950326277 and parameters: {'objective': 'reg:squarederror', 'tree_method': 'gpu_hist', 'lambda': 0.30093725958312006, 'alpha': 0.0014975945642835067, 'colsample_bytree': 0.7096435959362646, 'subsample': 0.8081768339640103, 'learning_rate': 0.03979739153319469, 'max_depth': 7, 'min_child_weight': 218, 'eval_metric': 'rmse'}. Best is trial 731 with value: 0.842384087517236.
start listen on 192.168.1.101:57549
@tracker All of 1 nodes getting started
@tracker All nodes finishes job
Trial 967 finished with value: 0.8465232368694483 and parameters: {'objective': 'reg:squarederror', 'tree_method': 'gpu_hist', 'lambda': 0.3939534666043116, 'alpha': 0.0018813291699681799, 'colsample_bytree': 0.32401479633438285, 'subsample': 0.8375043230758386, 'learning_rate': 0.04495169428026125, 'max_depth': 11, 'min_child_weight': 202, 'eval_metric': 'rmse'}. Best is trial 731 with value: 0.842384087517236.
start listen on 192.168.1.101:56781
@tracker All of 1 nodes getting started
@tracker All nodes finishes job
Trial 968 finished with value: 0.8429817327009446 and parameters: {'objective': 'reg:squarederror', 'tree_method': 'gpu_hist', 'lambda': 0.21112347872242007, 'alpha': 0.0023614749030457546, 'colsample_bytree': 0.6271336497692749, 'subsample': 0.7953479364875482, 'learning_rate': 0.03722228204021415, 'max_depth': 5, 'min_child_weight': 216, 'eval_metric': 'rmse'}. Best is trial 731 with value: 0.842384087517236.
start listen on 192.168.1.101:37329
@tracker All of 1 nodes getting started
@tracker All nodes finishes job
Trial 969 finished with value: 0.8430045374694701 and parameters: {'objective': 'reg:squarederror', 'tree_method': 'gpu_hist', 'lambda': 0.45943153248330554, 'alpha': 0.0013094066421983181, 'colsample_bytree': 0.3785761885073872, 'subsample': 0.7912589616292613, 'learning_rate': 0.03297017976609676, 'max_depth': 5, 'min_child_weight': 234, 'eval_metric': 'rmse'}. Best is trial 731 with value: 0.842384087517236.
start listen on 192.168.1.101:42029
@tracker All of 1 nodes getting started
@tracker All nodes finishes job
Trial 970 finished with value: 0.8427668330745675 and parameters: {'objective': 'reg:squarederror', 'tree_method': 'gpu_hist', 'lambda': 0.010980964987523474, 'alpha': 0.0018487146271189924, 'colsample_bytree': 0.3360861718568496, 'subsample': 0.8211188786805175, 'learning_rate': 0.04086211111632825, 'max_depth': 5, 'min_child_weight': 212, 'eval_metric': 'rmse'}. Best is trial 731 with value: 0.842384087517236.
start listen on 192.168.1.101:53003
@tracker All of 1 nodes getting started
@tracker All nodes finishes job
Trial 971 finished with value: 0.8429111891997659 and parameters: {'objective': 'reg:squarederror', 'tree_method': 'gpu_hist', 'lambda': 0.5540775266596584, 'alpha': 0.0016049291059445474, 'colsample_bytree': 0.31243091810754203, 'subsample': 0.8013819304648574, 'learning_rate': 0.04740871881573938, 'max_depth': 5, 'min_child_weight': 35, 'eval_metric': 'rmse'}. Best is trial 731 with value: 0.842384087517236.
start listen on 192.168.1.101:60833
@tracker All of 1 nodes getting started
@tracker All nodes finishes job
Trial 972 finished with value: 0.8438057953163164 and parameters: {'objective': 'reg:squarederror', 'tree_method': 'gpu_hist', 'lambda': 0.7607181515226435, 'alpha': 0.0012043445125013885, 'colsample_bytree': 0.34634032201130494, 'subsample': 0.7863338474529676, 'learning_rate': 0.047784583511542404, 'max_depth': 3, 'min_child_weight': 244, 'eval_metric': 'rmse'}. Best is trial 731 with value: 0.842384087517236.
start listen on 192.168.1.101:33433
@tracker All of 1 nodes getting started
@tracker All nodes finishes job
Trial 973 finished with value: 0.8499634526953953 and parameters: {'objective': 'reg:squarederror', 'tree_method': 'gpu_hist', 'lambda': 2.2825032744980094, 'alpha': 0.002256171249359247, 'colsample_bytree': 0.391537561283757, 'subsample': 0.8072190129269666, 'learning_rate': 0.043597345978596797, 'max_depth': 15, 'min_child_weight': 224, 'eval_metric': 'rmse'}. Best is trial 731 with value: 0.842384087517236.
start listen on 192.168.1.101:52519
@tracker All of 1 nodes getting started
@tracker All nodes finishes job
Trial 974 finished with value: 0.8427802662835948 and parameters: {'objective': 'reg:squarederror', 'tree_method': 'gpu_hist', 'lambda': 0.2501551225120366, 'alpha': 0.0011563194397105092, 'colsample_bytree': 0.32492446680859144, 'subsample': 0.7578570889060517, 'learning_rate': 0.03807318421341633, 'max_depth': 5, 'min_child_weight': 202, 'eval_metric': 'rmse'}. Best is trial 731 with value: 0.842384087517236.
start listen on 192.168.1.101:36217
@tracker All of 1 nodes getting started
@tracker All nodes finishes job
Trial 975 finished with value: 0.8428332502673966 and parameters: {'objective': 'reg:squarederror', 'tree_method': 'gpu_hist', 'lambda': 0.33386189142845696, 'alpha': 0.0015565958582421772, 'colsample_bytree': 0.35965045824366954, 'subsample': 0.7460452446319729, 'learning_rate': 0.04191124753262134, 'max_depth': 5, 'min_child_weight': 208, 'eval_metric': 'rmse'}. Best is trial 731 with value: 0.842384087517236.
start listen on 192.168.1.101:57805
@tracker All of 1 nodes getting started
@tracker All nodes finishes job
Trial 976 finished with value: 0.8429905638665585 and parameters: {'objective': 'reg:squarederror', 'tree_method': 'gpu_hist', 'lambda': 0.3994616807953918, 'alpha': 0.0018825985167613133, 'colsample_bytree': 0.3340991455935068, 'subsample': 0.5419994958151477, 'learning_rate': 0.04767110553509892, 'max_depth': 5, 'min_child_weight': 213, 'eval_metric': 'rmse'}. Best is trial 731 with value: 0.842384087517236.
start listen on 192.168.1.101:44533
@tracker All of 1 nodes getting started
@tracker All nodes finishes job
Trial 977 finished with value: 0.8452085302314012 and parameters: {'objective': 'reg:squarederror', 'tree_method': 'gpu_hist', 'lambda': 0.18562881945814058, 'alpha': 0.00274603895677119, 'colsample_bytree': 0.3133406893258616, 'subsample': 0.7904963970094263, 'learning_rate': 0.03519978042364545, 'max_depth': 13, 'min_child_weight': 275, 'eval_metric': 'rmse'}. Best is trial 731 with value: 0.842384087517236.
start listen on 192.168.1.101:45001
@tracker All of 1 nodes getting started
@tracker All nodes finishes job
Trial 978 finished with value: 0.8432553451876726 and parameters: {'objective': 'reg:squarederror', 'tree_method': 'gpu_hist', 'lambda': 0.2839445103393284, 'alpha': 0.0021268892763392088, 'colsample_bytree': 0.3485349458431874, 'subsample': 0.8313350689660599, 'learning_rate': 0.02502122574236773, 'max_depth': 5, 'min_child_weight': 250, 'eval_metric': 'rmse'}. Best is trial 731 with value: 0.842384087517236.
start listen on 192.168.1.101:48017
@tracker All of 1 nodes getting started
@tracker All nodes finishes job
Trial 979 finished with value: 0.8426092557047618 and parameters: {'objective': 'reg:squarederror', 'tree_method': 'gpu_hist', 'lambda': 1.314777403621337, 'alpha': 0.0013680589215950968, 'colsample_bytree': 0.30105116262911963, 'subsample': 0.8852049503476005, 'learning_rate': 0.04117097325159487, 'max_depth': 5, 'min_child_weight': 223, 'eval_metric': 'rmse'}. Best is trial 731 with value: 0.842384087517236.
start listen on 192.168.1.101:36827
@tracker All of 1 nodes getting started
@tracker All nodes finishes job
Trial 980 finished with value: 0.8428387194486013 and parameters: {'objective': 'reg:squarederror', 'tree_method': 'gpu_hist', 'lambda': 0.5037610044365732, 'alpha': 0.001685692717316405, 'colsample_bytree': 0.32499957249187517, 'subsample': 0.7635557522271756, 'learning_rate': 0.04825026456091006, 'max_depth': 5, 'min_child_weight': 205, 'eval_metric': 'rmse'}. Best is trial 731 with value: 0.842384087517236.
start listen on 192.168.1.101:39715
@tracker All of 1 nodes getting started
@tracker All nodes finishes job
Trial 981 finished with value: 0.8425478355738986 and parameters: {'objective': 'reg:squarederror', 'tree_method': 'gpu_hist', 'lambda': 0.33980300900718097, 'alpha': 0.0032640466319146942, 'colsample_bytree': 0.3707724156730438, 'subsample': 0.7820554874008147, 'learning_rate': 0.043865445386619434, 'max_depth': 5, 'min_child_weight': 239, 'eval_metric': 'rmse'}. Best is trial 731 with value: 0.842384087517236.
start listen on 192.168.1.101:58689
@tracker All of 1 nodes getting started
@tracker All nodes finishes job
Trial 982 finished with value: 0.8426319171386434 and parameters: {'objective': 'reg:squarederror', 'tree_method': 'gpu_hist', 'lambda': 0.23392836673795797, 'alpha': 0.0023859542027755924, 'colsample_bytree': 0.336623144167545, 'subsample': 0.8035650020020643, 'learning_rate': 0.03831171648266476, 'max_depth': 5, 'min_child_weight': 198, 'eval_metric': 'rmse'}. Best is trial 731 with value: 0.842384087517236.
start listen on 192.168.1.101:59761
@tracker All of 1 nodes getting started
@tracker All nodes finishes job
Trial 983 finished with value: 0.8427460928567332 and parameters: {'objective': 'reg:squarederror', 'tree_method': 'gpu_hist', 'lambda': 0.6182206311444624, 'alpha': 0.0011686842215719853, 'colsample_bytree': 0.3545590207272147, 'subsample': 0.817390958454168, 'learning_rate': 0.032711966865096156, 'max_depth': 5, 'min_child_weight': 228, 'eval_metric': 'rmse'}. Best is trial 731 with value: 0.842384087517236.
start listen on 192.168.1.101:42815
@tracker All of 1 nodes getting started
@tracker All nodes finishes job
Trial 984 finished with value: 0.8428394398380676 and parameters: {'objective': 'reg:squarederror', 'tree_method': 'gpu_hist', 'lambda': 0.40415251903625615, 'alpha': 0.0013962751240391997, 'colsample_bytree': 0.3126439692046422, 'subsample': 0.7910999119283512, 'learning_rate': 0.04912117278174773, 'max_depth': 5, 'min_child_weight': 214, 'eval_metric': 'rmse'}. Best is trial 731 with value: 0.842384087517236.
start listen on 192.168.1.101:38497
@tracker All of 1 nodes getting started
@tracker All nodes finishes job
Trial 985 finished with value: 0.8510292370390476 and parameters: {'objective': 'reg:squarederror', 'tree_method': 'gpu_hist', 'lambda': 0.28248729659848726, 'alpha': 0.001836044917522759, 'colsample_bytree': 0.32361253711067645, 'subsample': 0.5952676556215887, 'learning_rate': 0.04473765369187057, 'max_depth': 17, 'min_child_weight': 212, 'eval_metric': 'rmse'}. Best is trial 731 with value: 0.842384087517236.
start listen on 192.168.1.101:45317
@tracker All of 1 nodes getting started
@tracker All nodes finishes job
Trial 986 finished with value: 0.8426362998368214 and parameters: {'objective': 'reg:squarederror', 'tree_method': 'gpu_hist', 'lambda': 0.1916046353695197, 'alpha': 0.0028139797458754446, 'colsample_bytree': 0.3001547430201502, 'subsample': 0.7689459912698561, 'learning_rate': 0.03959868925402032, 'max_depth': 5, 'min_child_weight': 204, 'eval_metric': 'rmse'}. Best is trial 731 with value: 0.842384087517236.
start listen on 192.168.1.101:60625
@tracker All of 1 nodes getting started
@tracker All nodes finishes job
Trial 987 finished with value: 0.8427812905202843 and parameters: {'objective': 'reg:squarederror', 'tree_method': 'gpu_hist', 'lambda': 0.4408522216242854, 'alpha': 0.3063880774250931, 'colsample_bytree': 0.3426994761109065, 'subsample': 0.6900930111801294, 'learning_rate': 0.04970090798001982, 'max_depth': 5, 'min_child_weight': 196, 'eval_metric': 'rmse'}. Best is trial 731 with value: 0.842384087517236.
start listen on 192.168.1.101:47469
@tracker All of 1 nodes getting started
@tracker All nodes finishes job
Trial 988 finished with value: 0.8427479572688251 and parameters: {'objective': 'reg:squarederror', 'tree_method': 'gpu_hist', 'lambda': 0.35174688169083645, 'alpha': 0.0010005847954614193, 'colsample_bytree': 0.3332829087867806, 'subsample': 0.8700743070241924, 'learning_rate': 0.0454304221037009, 'max_depth': 5, 'min_child_weight': 219, 'eval_metric': 'rmse'}. Best is trial 731 with value: 0.842384087517236.
start listen on 192.168.1.101:38599
@tracker All of 1 nodes getting started
@tracker All nodes finishes job
Trial 989 finished with value: 0.852391571054167 and parameters: {'objective': 'reg:squarederror', 'tree_method': 'gpu_hist', 'lambda': 0.7453295367572693, 'alpha': 0.0022072688706777847, 'colsample_bytree': 0.36411366987408367, 'subsample': 0.7812963165410614, 'learning_rate': 0.03583574639587753, 'max_depth': 20, 'min_child_weight': 140, 'eval_metric': 'rmse'}. Best is trial 731 with value: 0.842384087517236.
start listen on 192.168.1.101:38571
@tracker All of 1 nodes getting started
@tracker All nodes finishes job
Trial 990 finished with value: 0.8426464555443848 and parameters: {'objective': 'reg:squarederror', 'tree_method': 'gpu_hist', 'lambda': 0.22434136146579492, 'alpha': 0.0014117212571862713, 'colsample_bytree': 0.32094961574466674, 'subsample': 0.7523382254213563, 'learning_rate': 0.04180796296401912, 'max_depth': 5, 'min_child_weight': 200, 'eval_metric': 'rmse'}. Best is trial 731 with value: 0.842384087517236.
start listen on 192.168.1.101:42651
@tracker All of 1 nodes getting started
@tracker All nodes finishes job
Trial 991 finished with value: 0.8429762183636371 and parameters: {'objective': 'reg:squarederror', 'tree_method': 'gpu_hist', 'lambda': 1.0232078734011798, 'alpha': 0.0016022033581266878, 'colsample_bytree': 0.3499088695636661, 'subsample': 0.6313902409651801, 'learning_rate': 0.05101564220662742, 'max_depth': 5, 'min_child_weight': 207, 'eval_metric': 'rmse'}. Best is trial 731 with value: 0.842384087517236.
start listen on 192.168.1.101:39789
@tracker All of 1 nodes getting started
@tracker All nodes finishes job
Trial 992 finished with value: 0.8431106458734333 and parameters: {'objective': 'reg:squarederror', 'tree_method': 'gpu_hist', 'lambda': 0.5655019352836962, 'alpha': 0.002001847412536305, 'colsample_bytree': 0.8207957928302648, 'subsample': 0.796220845619245, 'learning_rate': 0.0290301053107549, 'max_depth': 5, 'min_child_weight': 185, 'eval_metric': 'rmse'}. Best is trial 731 with value: 0.842384087517236.
start listen on 192.168.1.101:42569
@tracker All of 1 nodes getting started
@tracker All nodes finishes job
Trial 993 finished with value: 0.8426696265517148 and parameters: {'objective': 'reg:squarederror', 'tree_method': 'gpu_hist', 'lambda': 0.28699030316582425, 'alpha': 0.5994425443953821, 'colsample_bytree': 0.33587012867667204, 'subsample': 0.8137863233871385, 'learning_rate': 0.04424457058894467, 'max_depth': 5, 'min_child_weight': 147, 'eval_metric': 'rmse'}. Best is trial 731 with value: 0.842384087517236.
start listen on 192.168.1.101:51409
@tracker All of 1 nodes getting started
@tracker All nodes finishes job
Trial 994 finished with value: 0.8431204230715192 and parameters: {'objective': 'reg:squarederror', 'tree_method': 'gpu_hist', 'lambda': 0.45057578389470354, 'alpha': 0.002528462560587667, 'colsample_bytree': 0.3110610804693086, 'subsample': 0.48313404598116017, 'learning_rate': 0.03885622214211628, 'max_depth': 7, 'min_child_weight': 196, 'eval_metric': 'rmse'}. Best is trial 731 with value: 0.842384087517236.
start listen on 192.168.1.101:43735
@tracker All of 1 nodes getting started
@tracker All nodes finishes job
Trial 995 finished with value: 0.8427369872031107 and parameters: {'objective': 'reg:squarederror', 'tree_method': 'gpu_hist', 'lambda': 0.33808023844476787, 'alpha': 0.0011746685414351962, 'colsample_bytree': 0.3244542189451274, 'subsample': 0.7652551276323453, 'learning_rate': 0.04707425777128321, 'max_depth': 5, 'min_child_weight': 222, 'eval_metric': 'rmse'}. Best is trial 731 with value: 0.842384087517236.
start listen on 192.168.1.101:34509
@tracker All of 1 nodes getting started
@tracker All nodes finishes job
Trial 996 finished with value: 0.8481316036424865 and parameters: {'objective': 'reg:squarederror', 'tree_method': 'gpu_hist', 'lambda': 0.177359648532021, 'alpha': 0.0017100258137668588, 'colsample_bytree': 0.3747634410924806, 'subsample': 0.7798475723023109, 'learning_rate': 0.05107118937601919, 'max_depth': 11, 'min_child_weight': 191, 'eval_metric': 'rmse'}. Best is trial 731 with value: 0.842384087517236.
start listen on 192.168.1.101:51679
@tracker All of 1 nodes getting started
@tracker All nodes finishes job
Trial 997 finished with value: 0.842871456333754 and parameters: {'objective': 'reg:squarederror', 'tree_method': 'gpu_hist', 'lambda': 0.24606891651391843, 'alpha': 0.0013719839262269428, 'colsample_bytree': 0.39006612407616587, 'subsample': 0.8060025897849077, 'learning_rate': 0.041635320290109364, 'max_depth': 5, 'min_child_weight': 237, 'eval_metric': 'rmse'}. Best is trial 731 with value: 0.842384087517236.
start listen on 192.168.1.101:35389
@tracker All of 1 nodes getting started
@tracker All nodes finishes job
Trial 998 finished with value: 0.8463677323215631 and parameters: {'objective': 'reg:squarederror', 'tree_method': 'gpu_hist', 'lambda': 0.6480940121164919, 'alpha': 0.0034296453964819677, 'colsample_bytree': 0.35275499008205136, 'subsample': 0.7454376803682448, 'learning_rate': 0.035951674912085, 'max_depth': 9, 'min_child_weight': 7, 'eval_metric': 'rmse'}. Best is trial 731 with value: 0.842384087517236.
start listen on 192.168.1.101:58995
@tracker All of 1 nodes getting started
@tracker All nodes finishes job
Trial 999 finished with value: 0.8426685584223553 and parameters: {'objective': 'reg:squarederror', 'tree_method': 'gpu_hist', 'lambda': 0.49650244422460216, 'alpha': 0.0018761519508139425, 'colsample_bytree': 0.30018315684526936, 'subsample': 0.7908842622335825, 'learning_rate': 0.046082932824326704, 'max_depth': 5, 'min_child_weight': 183, 'eval_metric': 'rmse'}. Best is trial 731 with value: 0.842384087517236.
