Trial 336 finished with value: 0.842607260493366 and parameters: {'objective': 'reg:squarederror', 'tree_method': 'gpu_hist', 'lambda': 0.22596146803045253, 'alpha': 0.0011826615547316753, 'colsample_bytree': 0.35751446789963914, 'subsample': 0.7839972750309497, 'learning_rate': 0.044294783045108845, 'max_depth': 5, 'min_child_weight': 169, 'eval_metric': 'rmse'}. Best is trial 300 with value: 0.8424118081699078.
start listen on 192.168.1.101:37271
@tracker All of 1 nodes getting started
@tracker All nodes finishes job
Trial 337 finished with value: 0.842705063807329 and parameters: {'objective': 'reg:squarederror', 'tree_method': 'gpu_hist', 'lambda': 0.3138433260479048, 'alpha': 0.002098245908397327, 'colsample_bytree': 0.31382528081801164, 'subsample': 0.7571052913153511, 'learning_rate': 0.032986317637720065, 'max_depth': 5, 'min_child_weight': 159, 'eval_metric': 'rmse'}. Best is trial 300 with value: 0.8424118081699078.
start listen on 192.168.1.101:35253
@tracker All of 1 nodes getting started
@tracker All nodes finishes job
Trial 338 finished with value: 2.628460715834184 and parameters: {'objective': 'reg:squarederror', 'tree_method': 'gpu_hist', 'lambda': 0.3877791486990227, 'alpha': 0.005713496281442018, 'colsample_bytree': 0.3309233546104992, 'subsample': 0.7707994289180929, 'learning_rate': 0.001030869422613966, 'max_depth': 5, 'min_child_weight': 180, 'eval_metric': 'rmse'}. Best is trial 300 with value: 0.8424118081699078.
start listen on 192.168.1.101:39807
@tracker All of 1 nodes getting started
@tracker All nodes finishes job
Trial 339 finished with value: 0.842647724319985 and parameters: {'objective': 'reg:squarederror', 'tree_method': 'gpu_hist', 'lambda': 0.27320770670632194, 'alpha': 0.0014734779829850017, 'colsample_bytree': 0.36897045976965415, 'subsample': 0.7379542328319759, 'learning_rate': 0.04120029317472038, 'max_depth': 5, 'min_child_weight': 196, 'eval_metric': 'rmse'}. Best is trial 300 with value: 0.8424118081699078.
start listen on 192.168.1.101:49863
@tracker All of 1 nodes getting started
@tracker All nodes finishes job
Trial 340 finished with value: 0.842569561778118 and parameters: {'objective': 'reg:squarederror', 'tree_method': 'gpu_hist', 'lambda': 0.4479616627770113, 'alpha': 0.0011419848254878703, 'colsample_bytree': 0.31452444052431644, 'subsample': 0.7929714390730592, 'learning_rate': 0.04735249934187994, 'max_depth': 5, 'min_child_weight': 186, 'eval_metric': 'rmse'}. Best is trial 300 with value: 0.8424118081699078.
start listen on 192.168.1.101:52511
@tracker All of 1 nodes getting started
@tracker All nodes finishes job
Trial 341 finished with value: 0.8424935446823807 and parameters: {'objective': 'reg:squarederror', 'tree_method': 'gpu_hist', 'lambda': 0.5321717743308532, 'alpha': 0.0011406134601754652, 'colsample_bytree': 0.3164932937076874, 'subsample': 0.8019500388861575, 'learning_rate': 0.04877801572192166, 'max_depth': 5, 'min_child_weight': 187, 'eval_metric': 'rmse'}. Best is trial 300 with value: 0.8424118081699078.
start listen on 192.168.1.101:48743
@tracker All of 1 nodes getting started
@tracker All nodes finishes job
Trial 342 finished with value: 0.854576957814558 and parameters: {'objective': 'reg:squarederror', 'tree_method': 'gpu_hist', 'lambda': 0.1304637540912399, 'alpha': 0.0011222494407595676, 'colsample_bytree': 0.3120485656303573, 'subsample': 0.7931724931352192, 'learning_rate': 0.0488488613125176, 'max_depth': 20, 'min_child_weight': 188, 'eval_metric': 'rmse'}. Best is trial 300 with value: 0.8424118081699078.
start listen on 192.168.1.101:40431
@tracker All of 1 nodes getting started
@tracker All nodes finishes job
Trial 343 finished with value: 0.8429902374582929 and parameters: {'objective': 'reg:squarederror', 'tree_method': 'gpu_hist', 'lambda': 0.3421889532054324, 'alpha': 0.0010244792151542352, 'colsample_bytree': 0.3090052539419137, 'subsample': 0.8009013846323686, 'learning_rate': 0.05692839002489247, 'max_depth': 5, 'min_child_weight': 194, 'eval_metric': 'rmse'}. Best is trial 300 with value: 0.8424118081699078.
start listen on 192.168.1.101:38937
@tracker All of 1 nodes getting started
@tracker All nodes finishes job
Trial 344 finished with value: 0.8426485246518411 and parameters: {'objective': 'reg:squarederror', 'tree_method': 'gpu_hist', 'lambda': 0.5550798247254315, 'alpha': 0.001241325285182819, 'colsample_bytree': 0.3235761735056514, 'subsample': 0.784847749635111, 'learning_rate': 0.04896953762027168, 'max_depth': 5, 'min_child_weight': 200, 'eval_metric': 'rmse'}. Best is trial 300 with value: 0.8424118081699078.
start listen on 192.168.1.101:57273
@tracker All of 1 nodes getting started
@tracker All nodes finishes job
Trial 345 finished with value: 0.8427303439234649 and parameters: {'objective': 'reg:squarederror', 'tree_method': 'gpu_hist', 'lambda': 0.4344585098278976, 'alpha': 0.0012574304259126857, 'colsample_bytree': 0.3002553955609098, 'subsample': 0.7923829829849955, 'learning_rate': 0.03552143051924237, 'max_depth': 5, 'min_child_weight': 186, 'eval_metric': 'rmse'}. Best is trial 300 with value: 0.8424118081699078.
start listen on 192.168.1.101:36699
@tracker All of 1 nodes getting started
@tracker All nodes finishes job
Trial 346 finished with value: 0.8506022262317182 and parameters: {'objective': 'reg:squarederror', 'tree_method': 'gpu_hist', 'lambda': 0.1942530191824244, 'alpha': 0.0010165600637743227, 'colsample_bytree': 0.3229147863411372, 'subsample': 0.7799502321736292, 'learning_rate': 0.0068558596820173, 'max_depth': 5, 'min_child_weight': 194, 'eval_metric': 'rmse'}. Best is trial 300 with value: 0.8424118081699078.
start listen on 192.168.1.101:41771
@tracker All of 1 nodes getting started
@tracker All nodes finishes job
Trial 347 finished with value: 0.8426291900970365 and parameters: {'objective': 'reg:squarederror', 'tree_method': 'gpu_hist', 'lambda': 0.36534745954035336, 'alpha': 0.0013619050941199124, 'colsample_bytree': 0.31715593046955093, 'subsample': 0.8002638199894841, 'learning_rate': 0.046349650929072894, 'max_depth': 5, 'min_child_weight': 147, 'eval_metric': 'rmse'}. Best is trial 300 with value: 0.8424118081699078.
start listen on 192.168.1.101:33857
@tracker All of 1 nodes getting started
@tracker All nodes finishes job
Trial 348 finished with value: 0.842549091899529 and parameters: {'objective': 'reg:squarederror', 'tree_method': 'gpu_hist', 'lambda': 0.26721572045377523, 'alpha': 0.001173233461553069, 'colsample_bytree': 0.33448742073957377, 'subsample': 0.7769467054320551, 'learning_rate': 0.05220647499071553, 'max_depth': 5, 'min_child_weight': 204, 'eval_metric': 'rmse'}. Best is trial 300 with value: 0.8424118081699078.
start listen on 192.168.1.101:48319
@tracker All of 1 nodes getting started
@tracker All nodes finishes job
Trial 349 finished with value: 0.8445717105222759 and parameters: {'objective': 'reg:squarederror', 'tree_method': 'gpu_hist', 'lambda': 0.7282920101158018, 'alpha': 0.04440594981256661, 'colsample_bytree': 0.3367393762609718, 'subsample': 0.8027798266113881, 'learning_rate': 0.05844007692756175, 'max_depth': 7, 'min_child_weight': 205, 'eval_metric': 'rmse'}. Best is trial 300 with value: 0.8424118081699078.
start listen on 192.168.1.101:49149
@tracker All of 1 nodes getting started
@tracker All nodes finishes job
Trial 350 finished with value: 0.8430830210280617 and parameters: {'objective': 'reg:squarederror', 'tree_method': 'gpu_hist', 'lambda': 0.47184241112770525, 'alpha': 0.0010001770691847513, 'colsample_bytree': 0.31158369370043304, 'subsample': 0.7878409288900484, 'learning_rate': 0.05314663145088392, 'max_depth': 5, 'min_child_weight': 201, 'eval_metric': 'rmse'}. Best is trial 300 with value: 0.8424118081699078.
start listen on 192.168.1.101:49001
@tracker All of 1 nodes getting started
@tracker All nodes finishes job
Trial 351 finished with value: 0.8427011210316885 and parameters: {'objective': 'reg:squarederror', 'tree_method': 'gpu_hist', 'lambda': 0.3061204366577122, 'alpha': 0.0014966022509585529, 'colsample_bytree': 0.32596612845169964, 'subsample': 0.7767817742443974, 'learning_rate': 0.051079993667234154, 'max_depth': 5, 'min_child_weight': 221, 'eval_metric': 'rmse'}. Best is trial 300 with value: 0.8424118081699078.
start listen on 192.168.1.101:42193
@tracker All of 1 nodes getting started
@tracker All nodes finishes job
Trial 352 finished with value: 0.8469021791926298 and parameters: {'objective': 'reg:squarederror', 'tree_method': 'gpu_hist', 'lambda': 0.5905022759672061, 'alpha': 0.009477164929712548, 'colsample_bytree': 0.3396763085266524, 'subsample': 0.8085527653946978, 'learning_rate': 0.060058783878812236, 'max_depth': 9, 'min_child_weight': 212, 'eval_metric': 'rmse'}. Best is trial 300 with value: 0.8424118081699078.
start listen on 192.168.1.101:51559
@tracker All of 1 nodes getting started
@tracker All nodes finishes job
Trial 353 finished with value: 0.8470446813518998 and parameters: {'objective': 'reg:squarederror', 'tree_method': 'gpu_hist', 'lambda': 0.23839272761970048, 'alpha': 0.013323278643347154, 'colsample_bytree': 0.30013781543169077, 'subsample': 0.7916952573030102, 'learning_rate': 0.04819169217365928, 'max_depth': 11, 'min_child_weight': 190, 'eval_metric': 'rmse'}. Best is trial 300 with value: 0.8424118081699078.
start listen on 192.168.1.101:34603
@tracker All of 1 nodes getting started
@tracker All nodes finishes job
Trial 354 finished with value: 0.8427802283132565 and parameters: {'objective': 'reg:squarederror', 'tree_method': 'gpu_hist', 'lambda': 0.3915424092563228, 'alpha': 0.0041301013955557095, 'colsample_bytree': 0.31916829822907417, 'subsample': 0.7747777274403294, 'learning_rate': 0.052648361806284565, 'max_depth': 5, 'min_child_weight': 207, 'eval_metric': 'rmse'}. Best is trial 300 with value: 0.8424118081699078.
start listen on 192.168.1.101:46069
@tracker All of 1 nodes getting started
@tracker All nodes finishes job
Trial 355 finished with value: 0.8425742741234683 and parameters: {'objective': 'reg:squarederror', 'tree_method': 'gpu_hist', 'lambda': 0.0013657233372993205, 'alpha': 0.001798474124206268, 'colsample_bytree': 0.3466337200781146, 'subsample': 0.8070146449545393, 'learning_rate': 0.046164025476196406, 'max_depth': 5, 'min_child_weight': 199, 'eval_metric': 'rmse'}. Best is trial 300 with value: 0.8424118081699078.
start listen on 192.168.1.101:38929
@tracker All of 1 nodes getting started
@tracker All nodes finishes job
Trial 356 finished with value: 0.8428531160383154 and parameters: {'objective': 'reg:squarederror', 'tree_method': 'gpu_hist', 'lambda': 0.058773304271957046, 'alpha': 0.001926629369896782, 'colsample_bytree': 0.34846940202983057, 'subsample': 0.8115989561845067, 'learning_rate': 0.055049454435227706, 'max_depth': 5, 'min_child_weight': 199, 'eval_metric': 'rmse'}. Best is trial 300 with value: 0.8424118081699078.
start listen on 192.168.1.101:36917
@tracker All of 1 nodes getting started
@tracker All nodes finishes job
Trial 357 finished with value: 1.3855326469686327 and parameters: {'objective': 'reg:squarederror', 'tree_method': 'gpu_hist', 'lambda': 0.0024120663181422582, 'alpha': 0.002385479128895514, 'colsample_bytree': 0.3402181684534883, 'subsample': 0.8297186386217354, 'learning_rate': 0.0018579579136973662, 'max_depth': 5, 'min_child_weight': 196, 'eval_metric': 'rmse'}. Best is trial 300 with value: 0.8424118081699078.
start listen on 192.168.1.101:40859
@tracker All of 1 nodes getting started
@tracker All nodes finishes job
Trial 358 finished with value: 0.85503910517734 and parameters: {'objective': 'reg:squarederror', 'tree_method': 'gpu_hist', 'lambda': 0.3245306132172819, 'alpha': 0.003049891608523098, 'colsample_bytree': 0.3122020772320804, 'subsample': 0.8075901934433586, 'learning_rate': 0.06472334695992682, 'max_depth': 15, 'min_child_weight': 213, 'eval_metric': 'rmse'}. Best is trial 300 with value: 0.8424118081699078.
start listen on 192.168.1.101:53809
@tracker All of 1 nodes getting started
@tracker All nodes finishes job
Trial 359 finished with value: 0.843889735551939 and parameters: {'objective': 'reg:squarederror', 'tree_method': 'gpu_hist', 'lambda': 0.25127243127717236, 'alpha': 0.0013395060555357445, 'colsample_bytree': 0.3500020175795711, 'subsample': 0.7979629785284879, 'learning_rate': 0.0471170212407547, 'max_depth': 3, 'min_child_weight': 185, 'eval_metric': 'rmse'}. Best is trial 300 with value: 0.8424118081699078.
start listen on 192.168.1.101:40437
@tracker All of 1 nodes getting started
@tracker All nodes finishes job
Trial 360 finished with value: 0.8426860833971858 and parameters: {'objective': 'reg:squarederror', 'tree_method': 'gpu_hist', 'lambda': 0.16806483022422322, 'alpha': 0.0019002802253657385, 'colsample_bytree': 0.3325435437481405, 'subsample': 0.7900631509502258, 'learning_rate': 0.044914294532188516, 'max_depth': 5, 'min_child_weight': 203, 'eval_metric': 'rmse'}. Best is trial 300 with value: 0.8424118081699078.
start listen on 192.168.1.101:60743
@tracker All of 1 nodes getting started
@tracker All nodes finishes job
Trial 361 finished with value: 0.8425748518589282 and parameters: {'objective': 'reg:squarederror', 'tree_method': 'gpu_hist', 'lambda': 0.4369772921445175, 'alpha': 0.001200801865262096, 'colsample_bytree': 0.32224985032762354, 'subsample': 0.7779711170756332, 'learning_rate': 0.050743770466926776, 'max_depth': 5, 'min_child_weight': 190, 'eval_metric': 'rmse'}. Best is trial 300 with value: 0.8424118081699078.
start listen on 192.168.1.101:53445
@tracker All of 1 nodes getting started
@tracker All nodes finishes job
Trial 362 finished with value: 0.8428038415035822 and parameters: {'objective': 'reg:squarederror', 'tree_method': 'gpu_hist', 'lambda': 0.41601936868040884, 'alpha': 0.0011681037661914434, 'colsample_bytree': 0.31408668120585603, 'subsample': 0.75446550086091, 'learning_rate': 0.04181607805974407, 'max_depth': 5, 'min_child_weight': 193, 'eval_metric': 'rmse'}. Best is trial 300 with value: 0.8424118081699078.
start listen on 192.168.1.101:58089
@tracker All of 1 nodes getting started
@tracker All nodes finishes job
Trial 363 finished with value: 0.8515542273948883 and parameters: {'objective': 'reg:squarederror', 'tree_method': 'gpu_hist', 'lambda': 0.0012893965918777395, 'alpha': 0.001383021523936952, 'colsample_bytree': 0.3250344455124708, 'subsample': 0.7775149695501051, 'learning_rate': 0.05619984110168843, 'max_depth': 13, 'min_child_weight': 190, 'eval_metric': 'rmse'}. Best is trial 300 with value: 0.8424118081699078.
start listen on 192.168.1.101:60003
@tracker All of 1 nodes getting started
@tracker All nodes finishes job
Trial 364 finished with value: 0.8427386742375104 and parameters: {'objective': 'reg:squarederror', 'tree_method': 'gpu_hist', 'lambda': 0.008477628575742727, 'alpha': 0.0011787535216343445, 'colsample_bytree': 0.3103893873007869, 'subsample': 0.7638943967477374, 'learning_rate': 0.04747634749481113, 'max_depth': 5, 'min_child_weight': 199, 'eval_metric': 'rmse'}. Best is trial 300 with value: 0.8424118081699078.
start listen on 192.168.1.101:55057
@tracker All of 1 nodes getting started
@tracker All nodes finishes job
Trial 365 finished with value: 0.8427986244870103 and parameters: {'objective': 'reg:squarederror', 'tree_method': 'gpu_hist', 'lambda': 0.026420308913055555, 'alpha': 0.03302966472417201, 'colsample_bytree': 0.34752791073595146, 'subsample': 0.8134713037609619, 'learning_rate': 0.0499874531466554, 'max_depth': 5, 'min_child_weight': 185, 'eval_metric': 'rmse'}. Best is trial 300 with value: 0.8424118081699078.
start listen on 192.168.1.101:50219
@tracker All of 1 nodes getting started
@tracker All nodes finishes job
Trial 366 finished with value: 0.8931232236163432 and parameters: {'objective': 'reg:squarederror', 'tree_method': 'gpu_hist', 'lambda': 0.35805366394281957, 'alpha': 0.0015091991713540767, 'colsample_bytree': 0.3010899123090234, 'subsample': 0.8026623841681318, 'learning_rate': 0.003326303296497494, 'max_depth': 5, 'min_child_weight': 190, 'eval_metric': 'rmse'}. Best is trial 300 with value: 0.8424118081699078.
start listen on 192.168.1.101:51311
@tracker All of 1 nodes getting started
@tracker All nodes finishes job
Trial 367 finished with value: 0.8426098190330097 and parameters: {'objective': 'reg:squarederror', 'tree_method': 'gpu_hist', 'lambda': 0.4685017970629879, 'alpha': 0.0010193028228526585, 'colsample_bytree': 0.3663162949183908, 'subsample': 0.7739078417932508, 'learning_rate': 0.0434998354381182, 'max_depth': 5, 'min_child_weight': 207, 'eval_metric': 'rmse'}. Best is trial 300 with value: 0.8424118081699078.
start listen on 192.168.1.101:43345
@tracker All of 1 nodes getting started
@tracker All nodes finishes job
Trial 368 finished with value: 0.8428609491300442 and parameters: {'objective': 'reg:squarederror', 'tree_method': 'gpu_hist', 'lambda': 0.27763333718139394, 'alpha': 0.0012153572328202189, 'colsample_bytree': 0.3236725788990203, 'subsample': 0.7242754659506091, 'learning_rate': 0.03911764629072543, 'max_depth': 5, 'min_child_weight': 195, 'eval_metric': 'rmse'}. Best is trial 300 with value: 0.8424118081699078.
start listen on 192.168.1.101:39903
@tracker All of 1 nodes getting started
@tracker All nodes finishes job
Trial 369 finished with value: 0.8428727024615787 and parameters: {'objective': 'reg:squarederror', 'tree_method': 'gpu_hist', 'lambda': 0.22836936104135774, 'alpha': 0.0017286734399765981, 'colsample_bytree': 0.3421841164027177, 'subsample': 0.7952765546067286, 'learning_rate': 0.06073858223254038, 'max_depth': 5, 'min_child_weight': 181, 'eval_metric': 'rmse'}. Best is trial 300 with value: 0.8424118081699078.
start listen on 192.168.1.101:44455
@tracker All of 1 nodes getting started
@tracker All nodes finishes job
Trial 370 finished with value: 0.8526996039596875 and parameters: {'objective': 'reg:squarederror', 'tree_method': 'gpu_hist', 'lambda': 0.35381144728924036, 'alpha': 0.0014253844667774873, 'colsample_bytree': 0.3788867310122678, 'subsample': 0.7500611685529748, 'learning_rate': 0.045309029213351844, 'max_depth': 17, 'min_child_weight': 203, 'eval_metric': 'rmse'}. Best is trial 300 with value: 0.8424118081699078.
start listen on 192.168.1.101:60793
@tracker All of 1 nodes getting started
@tracker All nodes finishes job
Trial 371 finished with value: 0.8429867154660994 and parameters: {'objective': 'reg:squarederror', 'tree_method': 'gpu_hist', 'lambda': 0.08212026431997982, 'alpha': 0.0010097725797770219, 'colsample_bytree': 0.33093447494719735, 'subsample': 0.7816601522579688, 'learning_rate': 0.053901663246126615, 'max_depth': 5, 'min_child_weight': 138, 'eval_metric': 'rmse'}. Best is trial 300 with value: 0.8424118081699078.
start listen on 192.168.1.101:35691
@tracker All of 1 nodes getting started
@tracker All nodes finishes job
Trial 372 finished with value: 0.8426293642381799 and parameters: {'objective': 'reg:squarederror', 'tree_method': 'gpu_hist', 'lambda': 0.42926085707742606, 'alpha': 0.0016851776740855677, 'colsample_bytree': 0.31224264641300575, 'subsample': 0.8244221106170864, 'learning_rate': 0.0362626802481205, 'max_depth': 5, 'min_child_weight': 186, 'eval_metric': 'rmse'}. Best is trial 300 with value: 0.8424118081699078.
start listen on 192.168.1.101:39373
@tracker All of 1 nodes getting started
@tracker All nodes finishes job
Trial 373 finished with value: 0.8428064866955085 and parameters: {'objective': 'reg:squarederror', 'tree_method': 'gpu_hist', 'lambda': 0.30170231520511154, 'alpha': 0.0013084157296920993, 'colsample_bytree': 0.35769141496639395, 'subsample': 0.7645471104639076, 'learning_rate': 0.02978095535747029, 'max_depth': 5, 'min_child_weight': 196, 'eval_metric': 'rmse'}. Best is trial 300 with value: 0.8424118081699078.
start listen on 192.168.1.101:36617
@tracker All of 1 nodes getting started
@tracker All nodes finishes job
Trial 374 finished with value: 0.8425709016717131 and parameters: {'objective': 'reg:squarederror', 'tree_method': 'gpu_hist', 'lambda': 0.5037070472829416, 'alpha': 0.002066732220571162, 'colsample_bytree': 0.3354866665597872, 'subsample': 0.8083762520180555, 'learning_rate': 0.041841845545833437, 'max_depth': 5, 'min_child_weight': 191, 'eval_metric': 'rmse'}. Best is trial 300 with value: 0.8424118081699078.
start listen on 192.168.1.101:48103
@tracker All of 1 nodes getting started
@tracker All nodes finishes job
Trial 375 finished with value: 0.8464029473688236 and parameters: {'objective': 'reg:squarederror', 'tree_method': 'gpu_hist', 'lambda': 0.3949458939412096, 'alpha': 0.002080220912477093, 'colsample_bytree': 0.3003482756128791, 'subsample': 0.8397781407649536, 'learning_rate': 0.0120826685362204, 'max_depth': 5, 'min_child_weight': 189, 'eval_metric': 'rmse'}. Best is trial 300 with value: 0.8424118081699078.
start listen on 192.168.1.101:55753
@tracker All of 1 nodes getting started
@tracker All nodes finishes job
Trial 376 finished with value: 0.8426988792843024 and parameters: {'objective': 'reg:squarederror', 'tree_method': 'gpu_hist', 'lambda': 0.20572218634152306, 'alpha': 0.002250240271142816, 'colsample_bytree': 0.32195349422394287, 'subsample': 0.8165777950815716, 'learning_rate': 0.03959687069249481, 'max_depth': 5, 'min_child_weight': 198, 'eval_metric': 'rmse'}. Best is trial 300 with value: 0.8424118081699078.
start listen on 192.168.1.101:34999
@tracker All of 1 nodes getting started
@tracker All nodes finishes job
