Trial 923 finished with value: 0.8427552363564342 and parameters: {'objective': 'reg:squarederror', 'tree_method': 'gpu_hist', 'lambda': 1.0138439645990218, 'alpha': 0.003884305285085409, 'colsample_bytree': 0.36821624241706025, 'subsample': 0.8202017791923345, 'learning_rate': 0.05497542019896603, 'max_depth': 5, 'min_child_weight': 186, 'eval_metric': 'rmse'}. Best is trial 731 with value: 0.842384087517236.
start listen on 192.168.1.101:46493
@tracker All of 1 nodes getting started
@tracker All nodes finishes job
Trial 924 finished with value: 0.8430080604145527 and parameters: {'objective': 'reg:squarederror', 'tree_method': 'gpu_hist', 'lambda': 0.16672724385969145, 'alpha': 0.002015294511214166, 'colsample_bytree': 0.3433321032300866, 'subsample': 0.7749899759757509, 'learning_rate': 0.009852474912398317, 'max_depth': 20, 'min_child_weight': 157, 'eval_metric': 'rmse'}. Best is trial 731 with value: 0.842384087517236.
start listen on 192.168.1.101:54507
@tracker All of 1 nodes getting started
@tracker All nodes finishes job
Trial 925 finished with value: 0.8425097122600604 and parameters: {'objective': 'reg:squarederror', 'tree_method': 'gpu_hist', 'lambda': 0.28864185128213293, 'alpha': 0.001477512836394798, 'colsample_bytree': 0.3184415390787784, 'subsample': 0.8048491788167331, 'learning_rate': 0.04424958824069944, 'max_depth': 5, 'min_child_weight': 210, 'eval_metric': 'rmse'}. Best is trial 731 with value: 0.842384087517236.
start listen on 192.168.1.101:48771
@tracker All of 1 nodes getting started
@tracker All nodes finishes job
Trial 926 finished with value: 0.8850135681687382 and parameters: {'objective': 'reg:squarederror', 'tree_method': 'gpu_hist', 'lambda': 0.2931241136615279, 'alpha': 0.0019088870916659716, 'colsample_bytree': 0.3343661936584123, 'subsample': 0.825329023678284, 'learning_rate': 0.003447160410335285, 'max_depth': 5, 'min_child_weight': 213, 'eval_metric': 'rmse'}. Best is trial 731 with value: 0.842384087517236.
start listen on 192.168.1.101:50931
@tracker All of 1 nodes getting started
@tracker All nodes finishes job
Trial 927 finished with value: 0.8513933681386128 and parameters: {'objective': 'reg:squarederror', 'tree_method': 'gpu_hist', 'lambda': 0.6511788225558311, 'alpha': 0.002358543466977314, 'colsample_bytree': 0.3561625597076747, 'subsample': 0.8149334993438921, 'learning_rate': 0.006343601910800626, 'max_depth': 5, 'min_child_weight': 209, 'eval_metric': 'rmse'}. Best is trial 731 with value: 0.842384087517236.
start listen on 192.168.1.101:45583
@tracker All of 1 nodes getting started
@tracker All nodes finishes job
Trial 928 finished with value: 0.8426611891558312 and parameters: {'objective': 'reg:squarederror', 'tree_method': 'gpu_hist', 'lambda': 0.2488876416135691, 'alpha': 0.001608928732699205, 'colsample_bytree': 0.38021939777619, 'subsample': 0.8059951596079381, 'learning_rate': 0.03883848187603277, 'max_depth': 5, 'min_child_weight': 214, 'eval_metric': 'rmse'}. Best is trial 731 with value: 0.842384087517236.
start listen on 192.168.1.101:56175
@tracker All of 1 nodes getting started
@tracker All nodes finishes job
Trial 929 finished with value: 0.8447970935806645 and parameters: {'objective': 'reg:squarederror', 'tree_method': 'gpu_hist', 'lambda': 0.3065510535040327, 'alpha': 0.0026458676835399283, 'colsample_bytree': 0.9042139621376983, 'subsample': 0.6571169149646454, 'learning_rate': 0.04157562088124911, 'max_depth': 7, 'min_child_weight': 223, 'eval_metric': 'rmse'}. Best is trial 731 with value: 0.842384087517236.
start listen on 192.168.1.101:59697
@tracker All of 1 nodes getting started
@tracker All nodes finishes job
Trial 930 finished with value: 0.8424793941630982 and parameters: {'objective': 'reg:squarederror', 'tree_method': 'gpu_hist', 'lambda': 0.24766775799524648, 'alpha': 0.0021104961214232112, 'colsample_bytree': 0.32587658869839187, 'subsample': 0.8112114569633797, 'learning_rate': 0.03691101117374691, 'max_depth': 5, 'min_child_weight': 221, 'eval_metric': 'rmse'}. Best is trial 731 with value: 0.842384087517236.
start listen on 192.168.1.101:40007
@tracker All of 1 nodes getting started
@tracker All nodes finishes job
Trial 931 finished with value: 0.842901059994291 and parameters: {'objective': 'reg:squarederror', 'tree_method': 'gpu_hist', 'lambda': 0.23832931715767292, 'alpha': 0.002101783041597448, 'colsample_bytree': 0.349098008091607, 'subsample': 0.8376596871068754, 'learning_rate': 0.030181189825071418, 'max_depth': 5, 'min_child_weight': 231, 'eval_metric': 'rmse'}. Best is trial 731 with value: 0.842384087517236.
start listen on 192.168.1.101:56693
@tracker All of 1 nodes getting started
@tracker All nodes finishes job
Trial 932 finished with value: 0.8427017287655166 and parameters: {'objective': 'reg:squarederror', 'tree_method': 'gpu_hist', 'lambda': 1.7237885720241315, 'alpha': 0.002417011771129689, 'colsample_bytree': 0.3363438667543876, 'subsample': 0.8214547320698261, 'learning_rate': 0.031556776868884716, 'max_depth': 5, 'min_child_weight': 226, 'eval_metric': 'rmse'}. Best is trial 731 with value: 0.842384087517236.
start listen on 192.168.1.101:40677
@tracker All of 1 nodes getting started
@tracker All nodes finishes job
Trial 933 finished with value: 0.8447047920318387 and parameters: {'objective': 'reg:squarederror', 'tree_method': 'gpu_hist', 'lambda': 0.22521449106477753, 'alpha': 0.002107770653779216, 'colsample_bytree': 0.3641908972270107, 'subsample': 0.8291482349063283, 'learning_rate': 0.03372111764537893, 'max_depth': 11, 'min_child_weight': 217, 'eval_metric': 'rmse'}. Best is trial 731 with value: 0.842384087517236.
start listen on 192.168.1.101:52093
@tracker All of 1 nodes getting started
@tracker All nodes finishes job
Trial 934 finished with value: 0.8435432341354073 and parameters: {'objective': 'reg:squarederror', 'tree_method': 'gpu_hist', 'lambda': 0.3234231645402504, 'alpha': 0.0030154402364292003, 'colsample_bytree': 0.3247277280301877, 'subsample': 0.8445423265444227, 'learning_rate': 0.03653328221591843, 'max_depth': 9, 'min_child_weight': 223, 'eval_metric': 'rmse'}. Best is trial 731 with value: 0.842384087517236.
start listen on 192.168.1.101:43395
@tracker All of 1 nodes getting started
@tracker All nodes finishes job
Trial 935 finished with value: 0.8428072566151826 and parameters: {'objective': 'reg:squarederror', 'tree_method': 'gpu_hist', 'lambda': 0.03505337677993619, 'alpha': 0.001656513161584005, 'colsample_bytree': 0.34413810056811284, 'subsample': 0.8142410190711385, 'learning_rate': 0.0339268113262799, 'max_depth': 5, 'min_child_weight': 221, 'eval_metric': 'rmse'}. Best is trial 731 with value: 0.842384087517236.
start listen on 192.168.1.101:40305
@tracker All of 1 nodes getting started
@tracker All nodes finishes job
Trial 936 finished with value: 0.8426714418963922 and parameters: {'objective': 'reg:squarederror', 'tree_method': 'gpu_hist', 'lambda': 0.04424532397958156, 'alpha': 0.0019465697407977005, 'colsample_bytree': 0.3565139914155919, 'subsample': 0.8250513226920759, 'learning_rate': 0.03659698080317592, 'max_depth': 5, 'min_child_weight': 216, 'eval_metric': 'rmse'}. Best is trial 731 with value: 0.842384087517236.
start listen on 192.168.1.101:45609
@tracker All of 1 nodes getting started
@tracker All nodes finishes job
Trial 937 finished with value: 0.8426970567914652 and parameters: {'objective': 'reg:squarederror', 'tree_method': 'gpu_hist', 'lambda': 0.30048006043780695, 'alpha': 0.002690865899343322, 'colsample_bytree': 0.33456447888535573, 'subsample': 0.8079337769304337, 'learning_rate': 0.03383188516502321, 'max_depth': 5, 'min_child_weight': 236, 'eval_metric': 'rmse'}. Best is trial 731 with value: 0.842384087517236.
start listen on 192.168.1.101:57137
@tracker All of 1 nodes getting started
@tracker All nodes finishes job
Trial 938 finished with value: 0.8428341526928017 and parameters: {'objective': 'reg:squarederror', 'tree_method': 'gpu_hist', 'lambda': 0.023164618440741934, 'alpha': 0.0035736616106877674, 'colsample_bytree': 0.4781602471268436, 'subsample': 0.8550498476225731, 'learning_rate': 0.03786616990011765, 'max_depth': 5, 'min_child_weight': 225, 'eval_metric': 'rmse'}. Best is trial 731 with value: 0.842384087517236.
start listen on 192.168.1.101:59479
@tracker All of 1 nodes getting started
@tracker All nodes finishes job
Trial 939 finished with value: 0.8425297458330244 and parameters: {'objective': 'reg:squarederror', 'tree_method': 'gpu_hist', 'lambda': 0.34106066898037096, 'alpha': 0.00154783148238271, 'colsample_bytree': 0.32076156088299773, 'subsample': 0.8173084423292423, 'learning_rate': 0.04011326003673898, 'max_depth': 5, 'min_child_weight': 237, 'eval_metric': 'rmse'}. Best is trial 731 with value: 0.842384087517236.
start listen on 192.168.1.101:36609
@tracker All of 1 nodes getting started
@tracker All nodes finishes job
Trial 940 finished with value: 0.845090686432308 and parameters: {'objective': 'reg:squarederror', 'tree_method': 'gpu_hist', 'lambda': 0.34036971579450026, 'alpha': 0.0014740483248737585, 'colsample_bytree': 0.3156803545048427, 'subsample': 0.8283734792022154, 'learning_rate': 0.034440760184542576, 'max_depth': 3, 'min_child_weight': 257, 'eval_metric': 'rmse'}. Best is trial 731 with value: 0.842384087517236.
start listen on 192.168.1.101:55631
@tracker All of 1 nodes getting started
@tracker All nodes finishes job
Trial 941 finished with value: 0.8426241874134529 and parameters: {'objective': 'reg:squarederror', 'tree_method': 'gpu_hist', 'lambda': 0.28363213345909116, 'alpha': 0.15895850212080279, 'colsample_bytree': 0.3123616969548848, 'subsample': 0.8213503008811097, 'learning_rate': 0.0363102277176377, 'max_depth': 5, 'min_child_weight': 241, 'eval_metric': 'rmse'}. Best is trial 731 with value: 0.842384087517236.
start listen on 192.168.1.101:38463
@tracker All of 1 nodes getting started
@tracker All nodes finishes job
Trial 942 finished with value: 0.8477442800252581 and parameters: {'objective': 'reg:squarederror', 'tree_method': 'gpu_hist', 'lambda': 0.33385722317885913, 'alpha': 0.0014664140293807737, 'colsample_bytree': 0.3222456190772878, 'subsample': 0.8427347192945924, 'learning_rate': 0.038667651100139665, 'max_depth': 15, 'min_child_weight': 239, 'eval_metric': 'rmse'}. Best is trial 731 with value: 0.842384087517236.
start listen on 192.168.1.101:41741
@tracker All of 1 nodes getting started
@tracker All nodes finishes job
Trial 943 finished with value: 0.8427529823788116 and parameters: {'objective': 'reg:squarederror', 'tree_method': 'gpu_hist', 'lambda': 0.3410347327960827, 'alpha': 0.0016139369033550438, 'colsample_bytree': 0.31209216476025614, 'subsample': 0.8331882678674328, 'learning_rate': 0.032111316815459444, 'max_depth': 5, 'min_child_weight': 227, 'eval_metric': 'rmse'}. Best is trial 731 with value: 0.842384087517236.
start listen on 192.168.1.101:54139
@tracker All of 1 nodes getting started
@tracker All nodes finishes job
Trial 944 finished with value: 0.843012552498546 and parameters: {'objective': 'reg:squarederror', 'tree_method': 'gpu_hist', 'lambda': 0.2573288191662295, 'alpha': 0.0018222944412526747, 'colsample_bytree': 0.30021065990887147, 'subsample': 0.8166162463258477, 'learning_rate': 0.027100174999281492, 'max_depth': 5, 'min_child_weight': 233, 'eval_metric': 'rmse'}. Best is trial 731 with value: 0.842384087517236.
start listen on 192.168.1.101:37833
@tracker All of 1 nodes getting started
@tracker All nodes finishes job
Trial 945 finished with value: 0.8467533686938024 and parameters: {'objective': 'reg:squarederror', 'tree_method': 'gpu_hist', 'lambda': 0.35944897882811166, 'alpha': 0.2553503231830642, 'colsample_bytree': 0.3275321798704838, 'subsample': 0.8188885845862611, 'learning_rate': 0.03929207000488125, 'max_depth': 13, 'min_child_weight': 211, 'eval_metric': 'rmse'}. Best is trial 731 with value: 0.842384087517236.
start listen on 192.168.1.101:33665
@tracker All of 1 nodes getting started
@tracker All nodes finishes job
Trial 946 finished with value: 0.8426100041556792 and parameters: {'objective': 'reg:squarederror', 'tree_method': 'gpu_hist', 'lambda': 0.2905698001357094, 'alpha': 0.0013599291734547052, 'colsample_bytree': 0.3226338915478618, 'subsample': 0.8562267829088931, 'learning_rate': 0.040755371978269464, 'max_depth': 5, 'min_child_weight': 220, 'eval_metric': 'rmse'}. Best is trial 731 with value: 0.842384087517236.
start listen on 192.168.1.101:40527
@tracker All of 1 nodes getting started
@tracker All nodes finishes job
Trial 947 finished with value: 0.842730637338769 and parameters: {'objective': 'reg:squarederror', 'tree_method': 'gpu_hist', 'lambda': 0.5280160336717824, 'alpha': 0.001785697657022487, 'colsample_bytree': 0.31350211087990454, 'subsample': 0.8075274436499436, 'learning_rate': 0.035410023420469894, 'max_depth': 5, 'min_child_weight': 233, 'eval_metric': 'rmse'}. Best is trial 731 with value: 0.842384087517236.
start listen on 192.168.1.101:45639
@tracker All of 1 nodes getting started
@tracker All nodes finishes job
Trial 948 finished with value: 0.8431140465759924 and parameters: {'objective': 'reg:squarederror', 'tree_method': 'gpu_hist', 'lambda': 0.22835053471456848, 'alpha': 0.00140439747979484, 'colsample_bytree': 0.8726459590410065, 'subsample': 0.8344156278323629, 'learning_rate': 0.04128506679160562, 'max_depth': 5, 'min_child_weight': 261, 'eval_metric': 'rmse'}. Best is trial 731 with value: 0.842384087517236.
start listen on 192.168.1.101:49625
@tracker All of 1 nodes getting started
@tracker All nodes finishes job
Trial 949 finished with value: 0.8426051723751267 and parameters: {'objective': 'reg:squarederror', 'tree_method': 'gpu_hist', 'lambda': 0.40139917889171856, 'alpha': 0.0016039756964411646, 'colsample_bytree': 0.33096115736598936, 'subsample': 0.8113052517910386, 'learning_rate': 0.0379537235187146, 'max_depth': 5, 'min_child_weight': 265, 'eval_metric': 'rmse'}. Best is trial 731 with value: 0.842384087517236.
start listen on 192.168.1.101:49285
@tracker All of 1 nodes getting started
@tracker All nodes finishes job
Trial 950 finished with value: 0.8429507962054876 and parameters: {'objective': 'reg:squarederror', 'tree_method': 'gpu_hist', 'lambda': 0.2665881350097436, 'alpha': 0.0019364584515451574, 'colsample_bytree': 0.7526430449165797, 'subsample': 0.8261587951684898, 'learning_rate': 0.03181543904512525, 'max_depth': 5, 'min_child_weight': 250, 'eval_metric': 'rmse'}. Best is trial 731 with value: 0.842384087517236.
start listen on 192.168.1.101:42985
@tracker All of 1 nodes getting started
@tracker All nodes finishes job
Trial 951 finished with value: 0.8496391867806835 and parameters: {'objective': 'reg:squarederror', 'tree_method': 'gpu_hist', 'lambda': 0.4509167818712484, 'alpha': 0.0015009343202201254, 'colsample_bytree': 0.3010761760595884, 'subsample': 0.804495507927329, 'learning_rate': 0.04246276307450897, 'max_depth': 17, 'min_child_weight': 231, 'eval_metric': 'rmse'}. Best is trial 731 with value: 0.842384087517236.
start listen on 192.168.1.101:50975
@tracker All of 1 nodes getting started
@tracker All nodes finishes job
Trial 952 finished with value: 0.842610323321642 and parameters: {'objective': 'reg:squarederror', 'tree_method': 'gpu_hist', 'lambda': 0.37009423732817276, 'alpha': 0.0020594533282575337, 'colsample_bytree': 0.30000737595922083, 'subsample': 0.8140053037732028, 'learning_rate': 0.03656292054163687, 'max_depth': 5, 'min_child_weight': 246, 'eval_metric': 'rmse'}. Best is trial 731 with value: 0.842384087517236.
start listen on 192.168.1.101:34499
@tracker All of 1 nodes getting started
@tracker All nodes finishes job
Trial 953 finished with value: 0.8429057378002265 and parameters: {'objective': 'reg:squarederror', 'tree_method': 'gpu_hist', 'lambda': 0.31199462671097616, 'alpha': 0.001403037657406204, 'colsample_bytree': 0.5015586429920263, 'subsample': 0.8018697914711337, 'learning_rate': 0.04289863733143717, 'max_depth': 5, 'min_child_weight': 230, 'eval_metric': 'rmse'}. Best is trial 731 with value: 0.842384087517236.
start listen on 192.168.1.101:36221
@tracker All of 1 nodes getting started
@tracker All nodes finishes job
Trial 954 finished with value: 0.8427543453520983 and parameters: {'objective': 'reg:squarederror', 'tree_method': 'gpu_hist', 'lambda': 0.8284845196653745, 'alpha': 0.0017259473482451125, 'colsample_bytree': 0.3367335674985408, 'subsample': 0.7998538405192519, 'learning_rate': 0.040749987836192804, 'max_depth': 5, 'min_child_weight': 226, 'eval_metric': 'rmse'}. Best is trial 731 with value: 0.842384087517236.
start listen on 192.168.1.101:57117
@tracker All of 1 nodes getting started
@tracker All nodes finishes job
Trial 955 finished with value: 0.8425395590194508 and parameters: {'objective': 'reg:squarederror', 'tree_method': 'gpu_hist', 'lambda': 0.6157915586496404, 'alpha': 0.001194743065516923, 'colsample_bytree': 0.3189359596621832, 'subsample': 0.8168079745579355, 'learning_rate': 0.04365390013928868, 'max_depth': 5, 'min_child_weight': 210, 'eval_metric': 'rmse'}. Best is trial 731 with value: 0.842384087517236.
start listen on 192.168.1.101:48887
@tracker All of 1 nodes getting started
@tracker All nodes finishes job
Trial 956 finished with value: 0.8428540902997622 and parameters: {'objective': 'reg:squarederror', 'tree_method': 'gpu_hist', 'lambda': 0.21169559536523685, 'alpha': 0.0021213712201873488, 'colsample_bytree': 0.4463054214654526, 'subsample': 0.8439606753878313, 'learning_rate': 0.0387492874859696, 'max_depth': 5, 'min_child_weight': 255, 'eval_metric': 'rmse'}. Best is trial 731 with value: 0.842384087517236.
start listen on 192.168.1.101:38545
@tracker All of 1 nodes getting started
@tracker All nodes finishes job
Trial 957 finished with value: 0.848452789787113 and parameters: {'objective': 'reg:squarederror', 'tree_method': 'gpu_hist', 'lambda': 0.43905840606166563, 'alpha': 0.0013365415715732778, 'colsample_bytree': 0.3305384929958872, 'subsample': 0.8012515811460058, 'learning_rate': 0.03457315103144294, 'max_depth': 20, 'min_child_weight': 216, 'eval_metric': 'rmse'}. Best is trial 731 with value: 0.842384087517236.
start listen on 192.168.1.101:35159
@tracker All of 1 nodes getting started
@tracker All nodes finishes job
Trial 958 finished with value: 0.8427036144096614 and parameters: {'objective': 'reg:squarederror', 'tree_method': 'gpu_hist', 'lambda': 0.5252827280360806, 'alpha': 0.0017355550411032187, 'colsample_bytree': 0.3472206716617292, 'subsample': 0.8283576809218706, 'learning_rate': 0.04232742581749049, 'max_depth': 5, 'min_child_weight': 249, 'eval_metric': 'rmse'}. Best is trial 731 with value: 0.842384087517236.
start listen on 192.168.1.101:57261
@tracker All of 1 nodes getting started
@tracker All nodes finishes job
Trial 959 finished with value: 0.8427446982718585 and parameters: {'objective': 'reg:squarederror', 'tree_method': 'gpu_hist', 'lambda': 0.2468496794636487, 'alpha': 0.002259044465249778, 'colsample_bytree': 0.31365280957309605, 'subsample': 0.8118508446569539, 'learning_rate': 0.044232415527574745, 'max_depth': 5, 'min_child_weight': 208, 'eval_metric': 'rmse'}. Best is trial 731 with value: 0.842384087517236.
start listen on 192.168.1.101:59925
@tracker All of 1 nodes getting started
@tracker All nodes finishes job
Trial 960 finished with value: 0.8562874363127781 and parameters: {'objective': 'reg:squarederror', 'tree_method': 'gpu_hist', 'lambda': 0.34087856302801306, 'alpha': 0.0015599894622677396, 'colsample_bytree': 0.3387875991487277, 'subsample': 0.797230583226476, 'learning_rate': 0.004708870649162211, 'max_depth': 5, 'min_child_weight': 209, 'eval_metric': 'rmse'}. Best is trial 731 with value: 0.842384087517236.
start listen on 192.168.1.101:51215
@tracker All of 1 nodes getting started
@tracker All nodes finishes job
Trial 961 finished with value: 0.8426947362610746 and parameters: {'objective': 'reg:squarederror', 'tree_method': 'gpu_hist', 'lambda': 0.2763259492405676, 'alpha': 0.1089604743883816, 'colsample_bytree': 0.3684785553187857, 'subsample': 0.7962471346358361, 'learning_rate': 0.039405681589465516, 'max_depth': 5, 'min_child_weight': 219, 'eval_metric': 'rmse'}. Best is trial 731 with value: 0.842384087517236.
start listen on 192.168.1.101:53127
@tracker All of 1 nodes getting started
@tracker All nodes finishes job
Trial 962 finished with value: 0.842819649108325 and parameters: {'objective': 'reg:squarederror', 'tree_method': 'gpu_hist', 'lambda': 0.20715551917294914, 'alpha': 0.001841273214451894, 'colsample_bytree': 0.3255222154005367, 'subsample': 0.6707353968235226, 'learning_rate': 0.02932611785076665, 'max_depth': 5, 'min_child_weight': 207, 'eval_metric': 'rmse'}. Best is trial 731 with value: 0.842384087517236.
start listen on 192.168.1.101:37949
@tracker All of 1 nodes getting started
@tracker All nodes finishes job
Trial 963 finished with value: 0.8425757240944419 and parameters: {'objective': 'reg:squarederror', 'tree_method': 'gpu_hist', 'lambda': 0.3781273674484395, 'alpha': 0.2219255788688297, 'colsample_bytree': 0.3117339246311986, 'subsample': 0.8088932478343799, 'learning_rate': 0.04452475854672639, 'max_depth': 5, 'min_child_weight': 235, 'eval_metric': 'rmse'}. Best is trial 731 with value: 0.842384087517236.
start listen on 192.168.1.101:49421
@tracker All of 1 nodes getting started
@tracker All nodes finishes job
Trial 964 finished with value: 0.8436444578785284 and parameters: {'objective': 'reg:squarederror', 'tree_method': 'gpu_hist', 'lambda': 0.49642818058718463, 'alpha': 0.0012516216946788208, 'colsample_bytree': 0.3590076714534689, 'subsample': 0.7949156581602693, 'learning_rate': 0.03602221268428736, 'max_depth': 9, 'min_child_weight': 242, 'eval_metric': 'rmse'}. Best is trial 731 with value: 0.842384087517236.
start listen on 192.168.1.101:45997
@tracker All of 1 nodes getting started
@tracker All nodes finishes job
