Trial 461 finished with value: 0.8432819362936071 and parameters: {'objective': 'reg:squarederror', 'tree_method': 'gpu_hist', 'lambda': 0.5304693099447116, 'alpha': 0.0011708071441287524, 'colsample_bytree': 0.32215023934200687, 'subsample': 0.7735805350621864, 'learning_rate': 0.007800523441354548, 'max_depth': 15, 'min_child_weight': 192, 'eval_metric': 'rmse'}. Best is trial 300 with value: 0.8424118081699078.
start listen on 192.168.1.101:53849
@tracker All of 1 nodes getting started
@tracker All nodes finishes job
Trial 462 finished with value: 0.84278536873822 and parameters: {'objective': 'reg:squarederror', 'tree_method': 'gpu_hist', 'lambda': 0.4348798990893503, 'alpha': 0.001823553957179738, 'colsample_bytree': 0.3506453926128942, 'subsample': 0.7847490553596096, 'learning_rate': 0.03677559836422316, 'max_depth': 5, 'min_child_weight': 177, 'eval_metric': 'rmse'}. Best is trial 300 with value: 0.8424118081699078.
start listen on 192.168.1.101:40573
@tracker All of 1 nodes getting started
@tracker All nodes finishes job
Trial 463 finished with value: 0.8426367364085675 and parameters: {'objective': 'reg:squarederror', 'tree_method': 'gpu_hist', 'lambda': 0.5828670566386479, 'alpha': 0.001442035345059926, 'colsample_bytree': 0.33273053722005774, 'subsample': 0.8124870875915501, 'learning_rate': 0.04158597752634765, 'max_depth': 5, 'min_child_weight': 170, 'eval_metric': 'rmse'}. Best is trial 300 with value: 0.8424118081699078.
start listen on 192.168.1.101:55025
@tracker All of 1 nodes getting started
@tracker All nodes finishes job
Trial 464 finished with value: 0.842764354296217 and parameters: {'objective': 'reg:squarederror', 'tree_method': 'gpu_hist', 'lambda': 0.660765793408679, 'alpha': 0.004380348430228412, 'colsample_bytree': 0.31117161799464693, 'subsample': 0.7946158942034034, 'learning_rate': 0.03367492748329637, 'max_depth': 5, 'min_child_weight': 201, 'eval_metric': 'rmse'}. Best is trial 300 with value: 0.8424118081699078.
start listen on 192.168.1.101:60409
@tracker All of 1 nodes getting started
@tracker All nodes finishes job
Trial 465 finished with value: 0.8427860962450762 and parameters: {'objective': 'reg:squarederror', 'tree_method': 'gpu_hist', 'lambda': 0.21733961197367613, 'alpha': 0.0010125816465381804, 'colsample_bytree': 0.35820311832940704, 'subsample': 0.828790374179629, 'learning_rate': 0.0389733792504107, 'max_depth': 5, 'min_child_weight': 216, 'eval_metric': 'rmse'}. Best is trial 300 with value: 0.8424118081699078.
start listen on 192.168.1.101:58857
@tracker All of 1 nodes getting started
@tracker All nodes finishes job
Trial 466 finished with value: 0.8427876545037105 and parameters: {'objective': 'reg:squarederror', 'tree_method': 'gpu_hist', 'lambda': 0.2911833864882638, 'alpha': 0.03568195476863324, 'colsample_bytree': 0.3266196524821344, 'subsample': 0.7710867686755498, 'learning_rate': 0.04331314873646466, 'max_depth': 5, 'min_child_weight': 188, 'eval_metric': 'rmse'}. Best is trial 300 with value: 0.8424118081699078.
start listen on 192.168.1.101:33575
@tracker All of 1 nodes getting started
@tracker All nodes finishes job
Trial 467 finished with value: 0.8562914011829168 and parameters: {'objective': 'reg:squarederror', 'tree_method': 'gpu_hist', 'lambda': 0.42111749352448796, 'alpha': 0.0021304480034213262, 'colsample_bytree': 0.3452247252491609, 'subsample': 0.7858722117034268, 'learning_rate': 0.056028954339465656, 'max_depth': 17, 'min_child_weight': 181, 'eval_metric': 'rmse'}. Best is trial 300 with value: 0.8424118081699078.
start listen on 192.168.1.101:50511
@tracker All of 1 nodes getting started
@tracker All nodes finishes job
Trial 468 finished with value: 0.842732671456264 and parameters: {'objective': 'reg:squarederror', 'tree_method': 'gpu_hist', 'lambda': 0.3539803296747826, 'alpha': 0.0013589473516692787, 'colsample_bytree': 0.3104291864823141, 'subsample': 0.8019318453371342, 'learning_rate': 0.048511495137192384, 'max_depth': 5, 'min_child_weight': 196, 'eval_metric': 'rmse'}. Best is trial 300 with value: 0.8424118081699078.
start listen on 192.168.1.101:54523
@tracker All of 1 nodes getting started
@tracker All nodes finishes job
Trial 469 finished with value: 0.8427247403720348 and parameters: {'objective': 'reg:squarederror', 'tree_method': 'gpu_hist', 'lambda': 0.49752616570245195, 'alpha': 0.001659920454415316, 'colsample_bytree': 0.3397253687178407, 'subsample': 0.8173943748877488, 'learning_rate': 0.04006797571910102, 'max_depth': 5, 'min_child_weight': 210, 'eval_metric': 'rmse'}. Best is trial 300 with value: 0.8424118081699078.
start listen on 192.168.1.101:33243
@tracker All of 1 nodes getting started
@tracker All nodes finishes job
Trial 470 finished with value: 0.843076321315944 and parameters: {'objective': 'reg:squarederror', 'tree_method': 'gpu_hist', 'lambda': 0.2557348670710844, 'alpha': 0.002139209081343336, 'colsample_bytree': 0.49282099201544227, 'subsample': 0.6433818353893764, 'learning_rate': 0.044647579467899295, 'max_depth': 5, 'min_child_weight': 176, 'eval_metric': 'rmse'}. Best is trial 300 with value: 0.8424118081699078.
start listen on 192.168.1.101:36713
@tracker All of 1 nodes getting started
@tracker All nodes finishes job
Trial 471 finished with value: 0.8427851443130413 and parameters: {'objective': 'reg:squarederror', 'tree_method': 'gpu_hist', 'lambda': 0.09817088290292295, 'alpha': 0.0010014944076764147, 'colsample_bytree': 0.36469896197472756, 'subsample': 0.7779548607392107, 'learning_rate': 0.03590727279594558, 'max_depth': 5, 'min_child_weight': 166, 'eval_metric': 'rmse'}. Best is trial 300 with value: 0.8424118081699078.
start listen on 192.168.1.101:59557
@tracker All of 1 nodes getting started
@tracker All nodes finishes job
Trial 472 finished with value: 0.8558784872414923 and parameters: {'objective': 'reg:squarederror', 'tree_method': 'gpu_hist', 'lambda': 0.39714236913560963, 'alpha': 0.0013214307996132365, 'colsample_bytree': 0.3237530766709535, 'subsample': 0.7926609872953877, 'learning_rate': 0.05140426450316826, 'max_depth': 20, 'min_child_weight': 185, 'eval_metric': 'rmse'}. Best is trial 300 with value: 0.8424118081699078.
start listen on 192.168.1.101:44119
@tracker All of 1 nodes getting started
@tracker All nodes finishes job
Trial 473 finished with value: 0.842679926211284 and parameters: {'objective': 'reg:squarederror', 'tree_method': 'gpu_hist', 'lambda': 0.7530769399663336, 'alpha': 0.0011910193593964767, 'colsample_bytree': 0.3342550338577394, 'subsample': 0.7622284991560867, 'learning_rate': 0.042140616519252695, 'max_depth': 5, 'min_child_weight': 205, 'eval_metric': 'rmse'}. Best is trial 300 with value: 0.8424118081699078.
start listen on 192.168.1.101:59893
@tracker All of 1 nodes getting started
@tracker All nodes finishes job
Trial 474 finished with value: 0.8428656834852214 and parameters: {'objective': 'reg:squarederror', 'tree_method': 'gpu_hist', 'lambda': 0.46945634367404654, 'alpha': 0.001652057257817834, 'colsample_bytree': 0.30020421668051456, 'subsample': 0.8107807938053476, 'learning_rate': 0.03187689663046648, 'max_depth': 5, 'min_child_weight': 194, 'eval_metric': 'rmse'}. Best is trial 300 with value: 0.8424118081699078.
start listen on 192.168.1.101:38125
@tracker All of 1 nodes getting started
@tracker All nodes finishes job
Trial 475 finished with value: 0.8429128287462857 and parameters: {'objective': 'reg:squarederror', 'tree_method': 'gpu_hist', 'lambda': 0.31326978529884725, 'alpha': 0.0024998040994046694, 'colsample_bytree': 0.3217889234299546, 'subsample': 0.7822394257635772, 'learning_rate': 0.05525034028964732, 'max_depth': 5, 'min_child_weight': 171, 'eval_metric': 'rmse'}. Best is trial 300 with value: 0.8424118081699078.
start listen on 192.168.1.101:54107
@tracker All of 1 nodes getting started
@tracker All nodes finishes job
Trial 476 finished with value: 0.8426466041426515 and parameters: {'objective': 'reg:squarederror', 'tree_method': 'gpu_hist', 'lambda': 0.6127749694652745, 'alpha': 0.00548295906185651, 'colsample_bytree': 0.3445172253850406, 'subsample': 0.7981208096063895, 'learning_rate': 0.04740187679486657, 'max_depth': 5, 'min_child_weight': 190, 'eval_metric': 'rmse'}. Best is trial 300 with value: 0.8424118081699078.
start listen on 192.168.1.101:35553
@tracker All of 1 nodes getting started
@tracker All nodes finishes job
Trial 477 finished with value: 0.8440872607529508 and parameters: {'objective': 'reg:squarederror', 'tree_method': 'gpu_hist', 'lambda': 0.36785331496507523, 'alpha': 0.0015087757730250944, 'colsample_bytree': 0.3719103806909591, 'subsample': 0.7618978784893263, 'learning_rate': 0.017921692460815684, 'max_depth': 5, 'min_child_weight': 180, 'eval_metric': 'rmse'}. Best is trial 300 with value: 0.8424118081699078.
start listen on 192.168.1.101:37115
@tracker All of 1 nodes getting started
@tracker All nodes finishes job
Trial 478 finished with value: 0.843371617597102 and parameters: {'objective': 'reg:squarederror', 'tree_method': 'gpu_hist', 'lambda': 0.5206523218793319, 'alpha': 0.0019056627727440233, 'colsample_bytree': 0.4252895607960757, 'subsample': 0.7721099256519824, 'learning_rate': 0.03859370420669929, 'max_depth': 7, 'min_child_weight': 197, 'eval_metric': 'rmse'}. Best is trial 300 with value: 0.8424118081699078.
start listen on 192.168.1.101:60607
@tracker All of 1 nodes getting started
@tracker All nodes finishes job
Trial 479 finished with value: 0.8427795052929544 and parameters: {'objective': 'reg:squarederror', 'tree_method': 'gpu_hist', 'lambda': 0.2866966265899486, 'alpha': 0.0011565950693127253, 'colsample_bytree': 0.3954114396028201, 'subsample': 0.8271973863463711, 'learning_rate': 0.04420425389010426, 'max_depth': 5, 'min_child_weight': 184, 'eval_metric': 'rmse'}. Best is trial 300 with value: 0.8424118081699078.
start listen on 192.168.1.101:35229
@tracker All of 1 nodes getting started
@tracker All nodes finishes job
Trial 480 finished with value: 0.8435179075767424 and parameters: {'objective': 'reg:squarederror', 'tree_method': 'gpu_hist', 'lambda': 0.4306913189025096, 'alpha': 0.0014676471290970357, 'colsample_bytree': 0.3131804169555783, 'subsample': 0.7881165482496413, 'learning_rate': 0.024724054464892183, 'max_depth': 11, 'min_child_weight': 204, 'eval_metric': 'rmse'}. Best is trial 300 with value: 0.8424118081699078.
start listen on 192.168.1.101:51995
@tracker All of 1 nodes getting started
@tracker All nodes finishes job
Trial 481 finished with value: 0.8427324626861872 and parameters: {'objective': 'reg:squarederror', 'tree_method': 'gpu_hist', 'lambda': 0.2152878437745976, 'alpha': 0.001932652824157106, 'colsample_bytree': 0.35198403390865385, 'subsample': 0.8053575192539891, 'learning_rate': 0.04830113272567809, 'max_depth': 5, 'min_child_weight': 174, 'eval_metric': 'rmse'}. Best is trial 300 with value: 0.8424118081699078.
start listen on 192.168.1.101:48041
@tracker All of 1 nodes getting started
@tracker All nodes finishes job
Trial 482 finished with value: 0.8437247096565099 and parameters: {'objective': 'reg:squarederror', 'tree_method': 'gpu_hist', 'lambda': 0.3427206037281958, 'alpha': 0.003183426622128993, 'colsample_bytree': 0.3292963445070054, 'subsample': 0.7743842144686025, 'learning_rate': 0.03549581464016115, 'max_depth': 9, 'min_child_weight': 159, 'eval_metric': 'rmse'}. Best is trial 300 with value: 0.8424118081699078.
start listen on 192.168.1.101:54733
@tracker All of 1 nodes getting started
@tracker All nodes finishes job
Trial 483 finished with value: 0.8426489312083195 and parameters: {'objective': 'reg:squarederror', 'tree_method': 'gpu_hist', 'lambda': 0.03769257911272044, 'alpha': 0.0011876436389223809, 'colsample_bytree': 0.3139671159375565, 'subsample': 0.796508049807612, 'learning_rate': 0.041739310176079035, 'max_depth': 5, 'min_child_weight': 189, 'eval_metric': 'rmse'}. Best is trial 300 with value: 0.8424118081699078.
start listen on 192.168.1.101:49219
@tracker All of 1 nodes getting started
@tracker All nodes finishes job
Trial 484 finished with value: 0.842883806270932 and parameters: {'objective': 'reg:squarederror', 'tree_method': 'gpu_hist', 'lambda': 0.6625306200313619, 'alpha': 0.00100082841134442, 'colsample_bytree': 0.3360892494517721, 'subsample': 0.8410991462397526, 'learning_rate': 0.06079721608681925, 'max_depth': 5, 'min_child_weight': 200, 'eval_metric': 'rmse'}. Best is trial 300 with value: 0.8424118081699078.
start listen on 192.168.1.101:52875
@tracker All of 1 nodes getting started
@tracker All nodes finishes job
Trial 485 finished with value: 0.8426142755813635 and parameters: {'objective': 'reg:squarederror', 'tree_method': 'gpu_hist', 'lambda': 0.43877432000557653, 'alpha': 0.0016636711716010264, 'colsample_bytree': 0.3581441131191338, 'subsample': 0.7561250037249774, 'learning_rate': 0.05259610870548282, 'max_depth': 5, 'min_child_weight': 222, 'eval_metric': 'rmse'}. Best is trial 300 with value: 0.8424118081699078.
start listen on 192.168.1.101:34997
@tracker All of 1 nodes getting started
@tracker All nodes finishes job
Trial 486 finished with value: 0.8426430780714659 and parameters: {'objective': 'reg:squarederror', 'tree_method': 'gpu_hist', 'lambda': 0.2820564448499982, 'alpha': 0.002347093345639348, 'colsample_bytree': 0.3212648189774192, 'subsample': 0.8144630546866696, 'learning_rate': 0.044655655936995386, 'max_depth': 5, 'min_child_weight': 165, 'eval_metric': 'rmse'}. Best is trial 300 with value: 0.8424118081699078.
start listen on 192.168.1.101:40287
@tracker All of 1 nodes getting started
@tracker All nodes finishes job
Trial 487 finished with value: 0.8427428961145504 and parameters: {'objective': 'reg:squarederror', 'tree_method': 'gpu_hist', 'lambda': 0.3694949811858634, 'alpha': 0.0013486255261406864, 'colsample_bytree': 0.3422371730391159, 'subsample': 0.41511996073885477, 'learning_rate': 0.03831764998674156, 'max_depth': 5, 'min_child_weight': 180, 'eval_metric': 'rmse'}. Best is trial 300 with value: 0.8424118081699078.
start listen on 192.168.1.101:49555
@tracker All of 1 nodes getting started
@tracker All nodes finishes job
Trial 488 finished with value: 0.8427881639632875 and parameters: {'objective': 'reg:squarederror', 'tree_method': 'gpu_hist', 'lambda': 0.5268247106165493, 'alpha': 0.001887023922868084, 'colsample_bytree': 0.30065692819229173, 'subsample': 0.788502098789749, 'learning_rate': 0.04844187597968027, 'max_depth': 5, 'min_child_weight': 192, 'eval_metric': 'rmse'}. Best is trial 300 with value: 0.8424118081699078.
start listen on 192.168.1.101:41303
@tracker All of 1 nodes getting started
@tracker All nodes finishes job
Trial 489 finished with value: 0.8429761498625442 and parameters: {'objective': 'reg:squarederror', 'tree_method': 'gpu_hist', 'lambda': 0.001022103612002147, 'alpha': 0.0012206247481718394, 'colsample_bytree': 0.32804054603141714, 'subsample': 0.7811459015445456, 'learning_rate': 0.05584114363448242, 'max_depth': 5, 'min_child_weight': 211, 'eval_metric': 'rmse'}. Best is trial 300 with value: 0.8424118081699078.
start listen on 192.168.1.101:45395
@tracker All of 1 nodes getting started
@tracker All nodes finishes job
Trial 490 finished with value: 0.8494023140202701 and parameters: {'objective': 'reg:squarederror', 'tree_method': 'gpu_hist', 'lambda': 0.4352871753882529, 'alpha': 0.0026987013271793036, 'colsample_bytree': 0.37506284534720025, 'subsample': 0.8036161632099387, 'learning_rate': 0.040251507781530166, 'max_depth': 15, 'min_child_weight': 187, 'eval_metric': 'rmse'}. Best is trial 300 with value: 0.8424118081699078.
start listen on 192.168.1.101:40631
@tracker All of 1 nodes getting started
@tracker All nodes finishes job
Trial 491 finished with value: 0.8438993727313656 and parameters: {'objective': 'reg:squarederror', 'tree_method': 'gpu_hist', 'lambda': 0.18663526492340832, 'alpha': 0.0015200882113625964, 'colsample_bytree': 0.31265601829051215, 'subsample': 0.7714021151918423, 'learning_rate': 0.045709369345100524, 'max_depth': 3, 'min_child_weight': 170, 'eval_metric': 'rmse'}. Best is trial 300 with value: 0.8424118081699078.
start listen on 192.168.1.101:52751
@tracker All of 1 nodes getting started
@tracker All nodes finishes job
Trial 492 finished with value: 0.8505381314427205 and parameters: {'objective': 'reg:squarederror', 'tree_method': 'gpu_hist', 'lambda': 0.24401425039594388, 'alpha': 0.0564054492941839, 'colsample_bytree': 0.3550936675872862, 'subsample': 0.745496151893036, 'learning_rate': 0.05035857508544184, 'max_depth': 13, 'min_child_weight': 177, 'eval_metric': 'rmse'}. Best is trial 300 with value: 0.8424118081699078.
start listen on 192.168.1.101:56623
@tracker All of 1 nodes getting started
@tracker All nodes finishes job
Trial 493 finished with value: 0.8427378225515186 and parameters: {'objective': 'reg:squarederror', 'tree_method': 'gpu_hist', 'lambda': 0.8049029202820218, 'alpha': 0.0013561378677675743, 'colsample_bytree': 0.3341449275238412, 'subsample': 0.8234015120711177, 'learning_rate': 0.0348818316393542, 'max_depth': 5, 'min_child_weight': 198, 'eval_metric': 'rmse'}. Best is trial 300 with value: 0.8424118081699078.
start listen on 192.168.1.101:44283
@tracker All of 1 nodes getting started
@tracker All nodes finishes job
Trial 494 finished with value: 0.8426483879040858 and parameters: {'objective': 'reg:squarederror', 'tree_method': 'gpu_hist', 'lambda': 0.5710524462449582, 'alpha': 0.002149785001798401, 'colsample_bytree': 0.3459615162137122, 'subsample': 0.792310965500097, 'learning_rate': 0.04285932559106291, 'max_depth': 5, 'min_child_weight': 184, 'eval_metric': 'rmse'}. Best is trial 300 with value: 0.8424118081699078.
start listen on 192.168.1.101:39015
@tracker All of 1 nodes getting started
@tracker All nodes finishes job
Trial 495 finished with value: 0.8431096638175165 and parameters: {'objective': 'reg:squarederror', 'tree_method': 'gpu_hist', 'lambda': 0.3367543578296892, 'alpha': 0.001756627237864727, 'colsample_bytree': 0.3212835017563666, 'subsample': 0.7626230793417845, 'learning_rate': 0.06273516070768217, 'max_depth': 5, 'min_child_weight': 205, 'eval_metric': 'rmse'}. Best is trial 300 with value: 0.8424118081699078.
start listen on 192.168.1.101:51561
@tracker All of 1 nodes getting started
@tracker All nodes finishes job
Trial 496 finished with value: 0.8425654069147028 and parameters: {'objective': 'reg:squarederror', 'tree_method': 'gpu_hist', 'lambda': 0.3969502744840798, 'alpha': 0.0011661469592195634, 'colsample_bytree': 0.3109673775340037, 'subsample': 0.8075545233977266, 'learning_rate': 0.03922548950604914, 'max_depth': 5, 'min_child_weight': 195, 'eval_metric': 'rmse'}. Best is trial 300 with value: 0.8424118081699078.
start listen on 192.168.1.101:55255
@tracker All of 1 nodes getting started
@tracker All nodes finishes job
Trial 497 finished with value: 0.8428123502945177 and parameters: {'objective': 'reg:squarederror', 'tree_method': 'gpu_hist', 'lambda': 0.4867570611440884, 'alpha': 0.001166134247626611, 'colsample_bytree': 0.3106500648576957, 'subsample': 0.8387492165874737, 'learning_rate': 0.03066282470830378, 'max_depth': 5, 'min_child_weight': 196, 'eval_metric': 'rmse'}. Best is trial 300 with value: 0.8424118081699078.
start listen on 192.168.1.101:57081
@tracker All of 1 nodes getting started
@tracker All nodes finishes job
Trial 498 finished with value: 0.8489214732488082 and parameters: {'objective': 'reg:squarederror', 'tree_method': 'gpu_hist', 'lambda': 0.6379910164797696, 'alpha': 0.0010102444694061906, 'colsample_bytree': 0.31166920481145266, 'subsample': 0.8163545660729612, 'learning_rate': 0.036710399961800325, 'max_depth': 17, 'min_child_weight': 160, 'eval_metric': 'rmse'}. Best is trial 300 with value: 0.8424118081699078.
start listen on 192.168.1.101:58271
@tracker All of 1 nodes getting started
@tracker All nodes finishes job
Trial 499 finished with value: 0.8428120761334946 and parameters: {'objective': 'reg:squarederror', 'tree_method': 'gpu_hist', 'lambda': 0.39141611268294746, 'alpha': 0.0011731194166596868, 'colsample_bytree': 0.3090258607248062, 'subsample': 0.8087680615626578, 'learning_rate': 0.032970860406596844, 'max_depth': 5, 'min_child_weight': 209, 'eval_metric': 'rmse'}. Best is trial 300 with value: 0.8424118081699078.
start listen on 192.168.1.101:41657
@tracker All of 1 nodes getting started
@tracker All nodes finishes job
Trial 500 finished with value: 0.8426093375559878 and parameters: {'objective': 'reg:squarederror', 'tree_method': 'gpu_hist', 'lambda': 0.48313912867363984, 'alpha': 0.0014126937217351998, 'colsample_bytree': 0.3003447782121603, 'subsample': 0.7814281579932515, 'learning_rate': 0.03823178442137399, 'max_depth': 5, 'min_child_weight': 216, 'eval_metric': 'rmse'}. Best is trial 300 with value: 0.8424118081699078.
start listen on 192.168.1.101:59889
@tracker All of 1 nodes getting started
@tracker All nodes finishes job
Trial 501 finished with value: 0.8426818225095883 and parameters: {'objective': 'reg:squarederror', 'tree_method': 'gpu_hist', 'lambda': 0.14904070632750868, 'alpha': 0.0011803339834689243, 'colsample_bytree': 0.3333571457905291, 'subsample': 0.8044415412759786, 'learning_rate': 0.05231611622560258, 'max_depth': 5, 'min_child_weight': 174, 'eval_metric': 'rmse'}. Best is trial 300 with value: 0.8424118081699078.
start listen on 192.168.1.101:46297
@tracker All of 1 nodes getting started
@tracker All nodes finishes job
Trial 502 finished with value: 0.8428254567057688 and parameters: {'objective': 'reg:squarederror', 'tree_method': 'gpu_hist', 'lambda': 0.2900737825792643, 'alpha': 0.001015734378151978, 'colsample_bytree': 0.3628907452909342, 'subsample': 0.8289001999503269, 'learning_rate': 0.04665080301515556, 'max_depth': 5, 'min_child_weight': 190, 'eval_metric': 'rmse'}. Best is trial 300 with value: 0.8424118081699078.
start listen on 192.168.1.101:44011
@tracker All of 1 nodes getting started
@tracker All nodes finishes job
