Trial 881 finished with value: 0.8485200280680929 and parameters: {'objective': 'reg:squarederror', 'tree_method': 'gpu_hist', 'lambda': 0.27897410207825246, 'alpha': 0.0013224039223690477, 'colsample_bytree': 0.33445218541423516, 'subsample': 0.8057841053804982, 'learning_rate': 0.044510449589773286, 'max_depth': 13, 'min_child_weight': 193, 'eval_metric': 'rmse'}. Best is trial 731 with value: 0.842384087517236.
start listen on 192.168.1.101:47219
@tracker All of 1 nodes getting started
@tracker All nodes finishes job
Trial 882 finished with value: 0.8427376447055969 and parameters: {'objective': 'reg:squarederror', 'tree_method': 'gpu_hist', 'lambda': 2.0120172968062064, 'alpha': 0.0019436493910889273, 'colsample_bytree': 0.3504350458799397, 'subsample': 0.7911132758167398, 'learning_rate': 0.048636679409048963, 'max_depth': 5, 'min_child_weight': 198, 'eval_metric': 'rmse'}. Best is trial 731 with value: 0.842384087517236.
start listen on 192.168.1.101:46959
@tracker All of 1 nodes getting started
@tracker All nodes finishes job
Trial 883 finished with value: 0.8428432534681146 and parameters: {'objective': 'reg:squarederror', 'tree_method': 'gpu_hist', 'lambda': 0.26934121343894196, 'alpha': 0.4180178583500823, 'colsample_bytree': 0.3827878770921832, 'subsample': 0.7816867884274904, 'learning_rate': 0.04362806260408392, 'max_depth': 5, 'min_child_weight': 197, 'eval_metric': 'rmse'}. Best is trial 731 with value: 0.842384087517236.
start listen on 192.168.1.101:40673
@tracker All of 1 nodes getting started
@tracker All nodes finishes job
Trial 884 finished with value: 0.8427954154136283 and parameters: {'objective': 'reg:squarederror', 'tree_method': 'gpu_hist', 'lambda': 0.08415120382482091, 'alpha': 0.0015371928082490343, 'colsample_bytree': 0.3003695954032279, 'subsample': 0.7995760421420198, 'learning_rate': 0.03878922343761796, 'max_depth': 5, 'min_child_weight': 192, 'eval_metric': 'rmse'}. Best is trial 731 with value: 0.842384087517236.
start listen on 192.168.1.101:43781
@tracker All of 1 nodes getting started
@tracker All nodes finishes job
Trial 885 finished with value: 0.842646872976865 and parameters: {'objective': 'reg:squarederror', 'tree_method': 'gpu_hist', 'lambda': 0.29859478880003254, 'alpha': 0.0030688499082372326, 'colsample_bytree': 0.32479881946174716, 'subsample': 0.7763653785908856, 'learning_rate': 0.05002463469478846, 'max_depth': 5, 'min_child_weight': 201, 'eval_metric': 'rmse'}. Best is trial 731 with value: 0.842384087517236.
start listen on 192.168.1.101:42075
@tracker All of 1 nodes getting started
@tracker All nodes finishes job
Trial 886 finished with value: 0.8426211933071323 and parameters: {'objective': 'reg:squarederror', 'tree_method': 'gpu_hist', 'lambda': 0.06169144469998757, 'alpha': 0.0022593172825725325, 'colsample_bytree': 0.34004443234681947, 'subsample': 0.7908622176430352, 'learning_rate': 0.04538683985737466, 'max_depth': 5, 'min_child_weight': 188, 'eval_metric': 'rmse'}. Best is trial 731 with value: 0.842384087517236.
start listen on 192.168.1.101:40539
@tracker All of 1 nodes getting started
@tracker All nodes finishes job
Trial 887 finished with value: 0.8505916132833894 and parameters: {'objective': 'reg:squarederror', 'tree_method': 'gpu_hist', 'lambda': 0.2575311772976125, 'alpha': 3.9908531721008056, 'colsample_bytree': 0.35447574449040675, 'subsample': 0.8068016995017618, 'learning_rate': 0.04161410228244025, 'max_depth': 17, 'min_child_weight': 196, 'eval_metric': 'rmse'}. Best is trial 731 with value: 0.842384087517236.
start listen on 192.168.1.101:59027
@tracker All of 1 nodes getting started
@tracker All nodes finishes job
Trial 888 finished with value: 0.842486554173743 and parameters: {'objective': 'reg:squarederror', 'tree_method': 'gpu_hist', 'lambda': 0.12257505898085602, 'alpha': 0.0036531531309634655, 'colsample_bytree': 0.3677270607021379, 'subsample': 0.7801995247386714, 'learning_rate': 0.051312841856768626, 'max_depth': 5, 'min_child_weight': 221, 'eval_metric': 'rmse'}. Best is trial 731 with value: 0.842384087517236.
start listen on 192.168.1.101:60209
@tracker All of 1 nodes getting started
@tracker All nodes finishes job
Trial 889 finished with value: 0.8427098018953161 and parameters: {'objective': 'reg:squarederror', 'tree_method': 'gpu_hist', 'lambda': 0.11919924634440704, 'alpha': 0.0036613125222239896, 'colsample_bytree': 0.3873450686274001, 'subsample': 0.7855081410287117, 'learning_rate': 0.047513043183939695, 'max_depth': 5, 'min_child_weight': 226, 'eval_metric': 'rmse'}. Best is trial 731 with value: 0.842384087517236.
start listen on 192.168.1.101:52103
@tracker All of 1 nodes getting started
@tracker All nodes finishes job
Trial 890 finished with value: 0.8427208872296653 and parameters: {'objective': 'reg:squarederror', 'tree_method': 'gpu_hist', 'lambda': 0.10018561657299781, 'alpha': 0.004073793430214413, 'colsample_bytree': 0.36962804179789394, 'subsample': 0.8013184360000762, 'learning_rate': 0.03853163547831994, 'max_depth': 5, 'min_child_weight': 223, 'eval_metric': 'rmse'}. Best is trial 731 with value: 0.842384087517236.
start listen on 192.168.1.101:51723
@tracker All of 1 nodes getting started
@tracker All nodes finishes job
Trial 891 finished with value: 0.8427692349746652 and parameters: {'objective': 'reg:squarederror', 'tree_method': 'gpu_hist', 'lambda': 0.11147271316181774, 'alpha': 0.002940006345043332, 'colsample_bytree': 0.3754108765076193, 'subsample': 0.7741214773735197, 'learning_rate': 0.05037522862997028, 'max_depth': 5, 'min_child_weight': 217, 'eval_metric': 'rmse'}. Best is trial 731 with value: 0.842384087517236.
start listen on 192.168.1.101:45751
@tracker All of 1 nodes getting started
@tracker All nodes finishes job
Trial 892 finished with value: 0.8528256920916656 and parameters: {'objective': 'reg:squarederror', 'tree_method': 'gpu_hist', 'lambda': 0.1319745988540097, 'alpha': 0.003636514142687795, 'colsample_bytree': 0.38455674052517624, 'subsample': 0.7886864023806341, 'learning_rate': 0.04343552339878284, 'max_depth': 20, 'min_child_weight': 218, 'eval_metric': 'rmse'}. Best is trial 731 with value: 0.842384087517236.
start listen on 192.168.1.101:34197
@tracker All of 1 nodes getting started
@tracker All nodes finishes job
Trial 893 finished with value: 0.8425780326256926 and parameters: {'objective': 'reg:squarederror', 'tree_method': 'gpu_hist', 'lambda': 0.11664342704795959, 'alpha': 0.0027758111324459435, 'colsample_bytree': 0.365088998354551, 'subsample': 0.7688766936595793, 'learning_rate': 0.05338342166752604, 'max_depth': 5, 'min_child_weight': 218, 'eval_metric': 'rmse'}. Best is trial 731 with value: 0.842384087517236.
start listen on 192.168.1.101:34661
@tracker All of 1 nodes getting started
@tracker All nodes finishes job
Trial 894 finished with value: 0.8427999784211848 and parameters: {'objective': 'reg:squarederror', 'tree_method': 'gpu_hist', 'lambda': 0.09281218806151807, 'alpha': 0.0026225498870825533, 'colsample_bytree': 0.4017674674326242, 'subsample': 0.7998999531385581, 'learning_rate': 0.04612378179383598, 'max_depth': 5, 'min_child_weight': 241, 'eval_metric': 'rmse'}. Best is trial 731 with value: 0.842384087517236.
start listen on 192.168.1.101:47171
@tracker All of 1 nodes getting started
@tracker All nodes finishes job
Trial 895 finished with value: 0.8427011561650996 and parameters: {'objective': 'reg:squarederror', 'tree_method': 'gpu_hist', 'lambda': 0.12959166203640837, 'alpha': 0.006275222889228201, 'colsample_bytree': 0.3632525757928381, 'subsample': 0.8113038051830025, 'learning_rate': 0.03712377225011447, 'max_depth': 5, 'min_child_weight': 224, 'eval_metric': 'rmse'}. Best is trial 731 with value: 0.842384087517236.
start listen on 192.168.1.101:60871
@tracker All of 1 nodes getting started
@tracker All nodes finishes job
Trial 896 finished with value: 0.842666969687595 and parameters: {'objective': 'reg:squarederror', 'tree_method': 'gpu_hist', 'lambda': 0.09284498765318132, 'alpha': 0.003443577503476068, 'colsample_bytree': 0.3527076960336497, 'subsample': 0.7834475973362156, 'learning_rate': 0.04151245344007274, 'max_depth': 5, 'min_child_weight': 185, 'eval_metric': 'rmse'}. Best is trial 731 with value: 0.842384087517236.
start listen on 192.168.1.101:58237
@tracker All of 1 nodes getting started
@tracker All nodes finishes job
Trial 897 finished with value: 0.8427640855748156 and parameters: {'objective': 'reg:squarederror', 'tree_method': 'gpu_hist', 'lambda': 0.07493103724071541, 'alpha': 0.002585337429687389, 'colsample_bytree': 0.3433462409642643, 'subsample': 0.7667349932343388, 'learning_rate': 0.04799413607743062, 'max_depth': 5, 'min_child_weight': 148, 'eval_metric': 'rmse'}. Best is trial 731 with value: 0.842384087517236.
start listen on 192.168.1.101:39445
@tracker All of 1 nodes getting started
@tracker All nodes finishes job
Trial 898 finished with value: 0.8426535395535991 and parameters: {'objective': 'reg:squarederror', 'tree_method': 'gpu_hist', 'lambda': 0.15731167734372628, 'alpha': 0.0023715917267281158, 'colsample_bytree': 0.3714971573845069, 'subsample': 0.7768265293993094, 'learning_rate': 0.05151400833216122, 'max_depth': 5, 'min_child_weight': 156, 'eval_metric': 'rmse'}. Best is trial 731 with value: 0.842384087517236.
start listen on 192.168.1.101:49541
@tracker All of 1 nodes getting started
@tracker All nodes finishes job
Trial 899 finished with value: 0.8427688431756276 and parameters: {'objective': 'reg:squarederror', 'tree_method': 'gpu_hist', 'lambda': 0.14660011043527577, 'alpha': 0.0029701866972916867, 'colsample_bytree': 0.355313066970427, 'subsample': 0.7944968244723942, 'learning_rate': 0.041453043649940055, 'max_depth': 5, 'min_child_weight': 229, 'eval_metric': 'rmse'}. Best is trial 731 with value: 0.842384087517236.
start listen on 192.168.1.101:52291
@tracker All of 1 nodes getting started
@tracker All nodes finishes job
Trial 900 finished with value: 0.8448499172142835 and parameters: {'objective': 'reg:squarederror', 'tree_method': 'gpu_hist', 'lambda': 0.11149378366867048, 'alpha': 0.004351026017440323, 'colsample_bytree': 0.324941878002337, 'subsample': 0.551908758663197, 'learning_rate': 0.05577904402823039, 'max_depth': 7, 'min_child_weight': 184, 'eval_metric': 'rmse'}. Best is trial 731 with value: 0.842384087517236.
start listen on 192.168.1.101:37739
@tracker All of 1 nodes getting started
@tracker All nodes finishes job
Trial 901 finished with value: 0.8464325391645336 and parameters: {'objective': 'reg:squarederror', 'tree_method': 'gpu_hist', 'lambda': 0.13279558450941825, 'alpha': 6.674511991231812, 'colsample_bytree': 0.33242531601296377, 'subsample': 0.7617745325882574, 'learning_rate': 0.04683544718305885, 'max_depth': 11, 'min_child_weight': 232, 'eval_metric': 'rmse'}. Best is trial 731 with value: 0.842384087517236.
start listen on 192.168.1.101:35389
@tracker All of 1 nodes getting started
@tracker All nodes finishes job
Trial 902 finished with value: 0.8427167277613484 and parameters: {'objective': 'reg:squarederror', 'tree_method': 'gpu_hist', 'lambda': 0.07070885085440037, 'alpha': 0.00227763784992203, 'colsample_bytree': 0.3119990719404843, 'subsample': 0.7795585538457434, 'learning_rate': 0.03758962894500302, 'max_depth': 5, 'min_child_weight': 220, 'eval_metric': 'rmse'}. Best is trial 731 with value: 0.842384087517236.
start listen on 192.168.1.101:55307
@tracker All of 1 nodes getting started
@tracker All nodes finishes job
Trial 903 finished with value: 0.8444546275533598 and parameters: {'objective': 'reg:squarederror', 'tree_method': 'gpu_hist', 'lambda': 1.2208541980919385, 'alpha': 0.001951437082057687, 'colsample_bytree': 0.34656904350709655, 'subsample': 0.8120418201427454, 'learning_rate': 0.04356500008420002, 'max_depth': 9, 'min_child_weight': 230, 'eval_metric': 'rmse'}. Best is trial 731 with value: 0.842384087517236.
start listen on 192.168.1.101:52249
@tracker All of 1 nodes getting started
@tracker All nodes finishes job
Trial 904 finished with value: 0.8431202426376313 and parameters: {'objective': 'reg:squarederror', 'tree_method': 'gpu_hist', 'lambda': 0.16361799487148082, 'alpha': 0.008099469170762937, 'colsample_bytree': 0.3216542182416007, 'subsample': 0.7926520510098936, 'learning_rate': 0.05979086511948139, 'max_depth': 5, 'min_child_weight': 163, 'eval_metric': 'rmse'}. Best is trial 731 with value: 0.842384087517236.
start listen on 192.168.1.101:37229
@tracker All of 1 nodes getting started
@tracker All nodes finishes job
Trial 905 finished with value: 0.8434796154687608 and parameters: {'objective': 'reg:squarederror', 'tree_method': 'gpu_hist', 'lambda': 0.08950163005303532, 'alpha': 0.0031097687999001524, 'colsample_bytree': 0.8438372103080105, 'subsample': 0.7731051927847, 'learning_rate': 0.052746155946576175, 'max_depth': 5, 'min_child_weight': 247, 'eval_metric': 'rmse'}. Best is trial 731 with value: 0.842384087517236.
start listen on 192.168.1.101:38615
@tracker All of 1 nodes getting started
@tracker All nodes finishes job
Trial 906 finished with value: 0.8426702112797906 and parameters: {'objective': 'reg:squarederror', 'tree_method': 'gpu_hist', 'lambda': 0.1098424539587667, 'alpha': 0.002191150906037391, 'colsample_bytree': 0.3626775964804876, 'subsample': 0.7624169875141485, 'learning_rate': 0.04543719364126286, 'max_depth': 5, 'min_child_weight': 236, 'eval_metric': 'rmse'}. Best is trial 731 with value: 0.842384087517236.
start listen on 192.168.1.101:51405
@tracker All of 1 nodes getting started
@tracker All nodes finishes job
Trial 907 finished with value: 0.8427923607664962 and parameters: {'objective': 'reg:squarederror', 'tree_method': 'gpu_hist', 'lambda': 0.1780734301637692, 'alpha': 0.0019109109407079825, 'colsample_bytree': 0.3005842382968679, 'subsample': 0.7841749592159725, 'learning_rate': 0.04110003977373591, 'max_depth': 5, 'min_child_weight': 189, 'eval_metric': 'rmse'}. Best is trial 731 with value: 0.842384087517236.
start listen on 192.168.1.101:51527
@tracker All of 1 nodes getting started
@tracker All nodes finishes job
Trial 908 finished with value: 0.8438925528848147 and parameters: {'objective': 'reg:squarederror', 'tree_method': 'gpu_hist', 'lambda': 0.08214586299711205, 'alpha': 0.0054059197292226045, 'colsample_bytree': 0.39393893031392563, 'subsample': 0.8044052418457107, 'learning_rate': 0.04860544236313446, 'max_depth': 3, 'min_child_weight': 170, 'eval_metric': 'rmse'}. Best is trial 731 with value: 0.842384087517236.
start listen on 192.168.1.101:46255
@tracker All of 1 nodes getting started
@tracker All nodes finishes job
Trial 909 finished with value: 0.8427532789582955 and parameters: {'objective': 'reg:squarederror', 'tree_method': 'gpu_hist', 'lambda': 0.05289419234570737, 'alpha': 0.0022439812901282733, 'colsample_bytree': 0.3386421535915186, 'subsample': 0.7904277271220214, 'learning_rate': 0.036687473119908116, 'max_depth': 5, 'min_child_weight': 182, 'eval_metric': 'rmse'}. Best is trial 731 with value: 0.842384087517236.
start listen on 192.168.1.101:57171
@tracker All of 1 nodes getting started
@tracker All nodes finishes job
Trial 910 finished with value: 0.8428568513293223 and parameters: {'objective': 'reg:squarederror', 'tree_method': 'gpu_hist', 'lambda': 0.10253616057061986, 'alpha': 0.0026041263208883376, 'colsample_bytree': 0.31980800388631664, 'subsample': 0.7737669221752208, 'learning_rate': 0.055640646292512905, 'max_depth': 5, 'min_child_weight': 134, 'eval_metric': 'rmse'}. Best is trial 731 with value: 0.842384087517236.
start listen on 192.168.1.101:43603
@tracker All of 1 nodes getting started
@tracker All nodes finishes job
Trial 911 finished with value: 0.8535880695686581 and parameters: {'objective': 'reg:squarederror', 'tree_method': 'gpu_hist', 'lambda': 0.9053728313123927, 'alpha': 0.003438885796442667, 'colsample_bytree': 0.35308719632429547, 'subsample': 0.7590502388561243, 'learning_rate': 0.0504258577303986, 'max_depth': 15, 'min_child_weight': 151, 'eval_metric': 'rmse'}. Best is trial 731 with value: 0.842384087517236.
start listen on 192.168.1.101:50399
@tracker All of 1 nodes getting started
@tracker All nodes finishes job
Trial 912 finished with value: 0.843742913216455 and parameters: {'objective': 'reg:squarederror', 'tree_method': 'gpu_hist', 'lambda': 0.1380521944573477, 'alpha': 0.001860615684044171, 'colsample_bytree': 0.3322972187940968, 'subsample': 0.6438661005912365, 'learning_rate': 0.06604147098790743, 'max_depth': 5, 'min_child_weight': 159, 'eval_metric': 'rmse'}. Best is trial 731 with value: 0.842384087517236.
start listen on 192.168.1.101:44633
@tracker All of 1 nodes getting started
@tracker All nodes finishes job
Trial 913 finished with value: 0.8490138414585543 and parameters: {'objective': 'reg:squarederror', 'tree_method': 'gpu_hist', 'lambda': 2.7963242414338456, 'alpha': 0.0017264460312441038, 'colsample_bytree': 0.37697627836827613, 'subsample': 0.7964941410992593, 'learning_rate': 0.044541887611575154, 'max_depth': 13, 'min_child_weight': 168, 'eval_metric': 'rmse'}. Best is trial 731 with value: 0.842384087517236.
start listen on 192.168.1.101:36975
@tracker All of 1 nodes getting started
@tracker All nodes finishes job
Trial 914 finished with value: 0.8427543556859245 and parameters: {'objective': 'reg:squarederror', 'tree_method': 'gpu_hist', 'lambda': 0.1794687037398531, 'alpha': 0.002492491220556921, 'colsample_bytree': 0.3138469798878732, 'subsample': 0.7821841273129501, 'learning_rate': 0.040049608469292466, 'max_depth': 5, 'min_child_weight': 176, 'eval_metric': 'rmse'}. Best is trial 731 with value: 0.842384087517236.
start listen on 192.168.1.101:33987
@tracker All of 1 nodes getting started
@tracker All nodes finishes job
Trial 915 finished with value: 0.8429779878591609 and parameters: {'objective': 'reg:squarederror', 'tree_method': 'gpu_hist', 'lambda': 0.14827668916610467, 'alpha': 0.0029557631663273127, 'colsample_bytree': 0.4176349418865865, 'subsample': 0.8148361070845217, 'learning_rate': 0.046614296016189896, 'max_depth': 5, 'min_child_weight': 214, 'eval_metric': 'rmse'}. Best is trial 731 with value: 0.842384087517236.
start listen on 192.168.1.101:59157
@tracker All of 1 nodes getting started
@tracker All nodes finishes job
Trial 916 finished with value: 0.8427186992523229 and parameters: {'objective': 'reg:squarederror', 'tree_method': 'gpu_hist', 'lambda': 0.20004615202367576, 'alpha': 0.0020311349069790595, 'colsample_bytree': 0.3440076764217411, 'subsample': 0.7683632444321772, 'learning_rate': 0.05230269409238357, 'max_depth': 5, 'min_child_weight': 190, 'eval_metric': 'rmse'}. Best is trial 731 with value: 0.842384087517236.
start listen on 192.168.1.101:54067
@tracker All of 1 nodes getting started
@tracker All nodes finishes job
Trial 917 finished with value: 0.8431334543588116 and parameters: {'objective': 'reg:squarederror', 'tree_method': 'gpu_hist', 'lambda': 0.12071932889104996, 'alpha': 0.0016850133834321677, 'colsample_bytree': 0.3314438806195359, 'subsample': 0.7507600090652209, 'learning_rate': 0.059470978425437616, 'max_depth': 5, 'min_child_weight': 182, 'eval_metric': 'rmse'}. Best is trial 731 with value: 0.842384087517236.
start listen on 192.168.1.101:33093
@tracker All of 1 nodes getting started
@tracker All nodes finishes job
Trial 918 finished with value: 0.8522915879339564 and parameters: {'objective': 'reg:squarederror', 'tree_method': 'gpu_hist', 'lambda': 0.2076861875725145, 'alpha': 0.011859353143377774, 'colsample_bytree': 0.36075645646957893, 'subsample': 0.7834682453812072, 'learning_rate': 0.04229251646732946, 'max_depth': 17, 'min_child_weight': 165, 'eval_metric': 'rmse'}. Best is trial 731 with value: 0.842384087517236.
start listen on 192.168.1.101:37853
@tracker All of 1 nodes getting started
@tracker All nodes finishes job
Trial 919 finished with value: 0.8427963789980392 and parameters: {'objective': 'reg:squarederror', 'tree_method': 'gpu_hist', 'lambda': 0.06918511930332362, 'alpha': 0.004575019907682932, 'colsample_bytree': 0.3138054600923912, 'subsample': 0.8011971066852441, 'learning_rate': 0.049325470479679834, 'max_depth': 5, 'min_child_weight': 176, 'eval_metric': 'rmse'}. Best is trial 731 with value: 0.842384087517236.
start listen on 192.168.1.101:38169
@tracker All of 1 nodes getting started
@tracker All nodes finishes job
Trial 920 finished with value: 0.8427494508374271 and parameters: {'objective': 'reg:squarederror', 'tree_method': 'gpu_hist', 'lambda': 0.0021839998034502693, 'alpha': 0.0023759218570867215, 'colsample_bytree': 0.3003758307427526, 'subsample': 0.7692418049636935, 'learning_rate': 0.03513098903991264, 'max_depth': 5, 'min_child_weight': 171, 'eval_metric': 'rmse'}. Best is trial 731 with value: 0.842384087517236.
start listen on 192.168.1.101:46513
@tracker All of 1 nodes getting started
@tracker All nodes finishes job
Trial 921 finished with value: 0.8427242242484814 and parameters: {'objective': 'reg:squarederror', 'tree_method': 'gpu_hist', 'lambda': 0.3189327302350068, 'alpha': 0.0016718158259048232, 'colsample_bytree': 0.3497313270416865, 'subsample': 0.7549116290571091, 'learning_rate': 0.04581714056990063, 'max_depth': 5, 'min_child_weight': 222, 'eval_metric': 'rmse'}. Best is trial 731 with value: 0.842384087517236.
start listen on 192.168.1.101:60597
@tracker All of 1 nodes getting started
@tracker All nodes finishes job
Trial 922 finished with value: 0.8427350370434799 and parameters: {'objective': 'reg:squarederror', 'tree_method': 'gpu_hist', 'lambda': 0.09424316278704917, 'alpha': 0.002987574638086315, 'colsample_bytree': 0.32874262700742674, 'subsample': 0.7874987687249626, 'learning_rate': 0.03939309564375548, 'max_depth': 5, 'min_child_weight': 193, 'eval_metric': 'rmse'}. Best is trial 731 with value: 0.842384087517236.
start listen on 192.168.1.101:48775
@tracker All of 1 nodes getting started
@tracker All nodes finishes job
