Trial 587 finished with value: 0.8428552224365591 and parameters: {'objective': 'reg:squarederror', 'tree_method': 'gpu_hist', 'lambda': 0.3688072790240675, 'alpha': 0.0013521718090917859, 'colsample_bytree': 0.31194147641850306, 'subsample': 0.8100950097343065, 'learning_rate': 0.02978394385149254, 'max_depth': 5, 'min_child_weight': 276, 'eval_metric': 'rmse'}. Best is trial 300 with value: 0.8424118081699078.
start listen on 192.168.1.101:32951
@tracker All of 1 nodes getting started
@tracker All nodes finishes job
Trial 588 finished with value: 0.8503299808013313 and parameters: {'objective': 'reg:squarederror', 'tree_method': 'gpu_hist', 'lambda': 0.5210954746102588, 'alpha': 0.0017560026543001585, 'colsample_bytree': 0.4432133060482212, 'subsample': 0.7990915345972276, 'learning_rate': 0.05039973042402234, 'max_depth': 13, 'min_child_weight': 213, 'eval_metric': 'rmse'}. Best is trial 300 with value: 0.8424118081699078.
start listen on 192.168.1.101:59779
@tracker All of 1 nodes getting started
@tracker All nodes finishes job
Trial 589 finished with value: 0.8427422437310828 and parameters: {'objective': 'reg:squarederror', 'tree_method': 'gpu_hist', 'lambda': 0.12530984692563707, 'alpha': 0.008259645720269862, 'colsample_bytree': 0.328925742358762, 'subsample': 0.9144952920844815, 'learning_rate': 0.040630571088234146, 'max_depth': 5, 'min_child_weight': 177, 'eval_metric': 'rmse'}. Best is trial 300 with value: 0.8424118081699078.
start listen on 192.168.1.101:46265
@tracker All of 1 nodes getting started
@tracker All nodes finishes job
Trial 590 finished with value: 0.8557110172270164 and parameters: {'objective': 'reg:squarederror', 'tree_method': 'gpu_hist', 'lambda': 0.7790797397634944, 'alpha': 0.001166561816904586, 'colsample_bytree': 0.34400663072740334, 'subsample': 0.7855672762452831, 'learning_rate': 0.00481089026874367, 'max_depth': 5, 'min_child_weight': 169, 'eval_metric': 'rmse'}. Best is trial 300 with value: 0.8424118081699078.
start listen on 192.168.1.101:42547
@tracker All of 1 nodes getting started
@tracker All nodes finishes job
Trial 591 finished with value: 0.842667432629986 and parameters: {'objective': 'reg:squarederror', 'tree_method': 'gpu_hist', 'lambda': 0.45172772971314284, 'alpha': 0.003490830511240979, 'colsample_bytree': 0.3138331425347223, 'subsample': 0.7675589523622507, 'learning_rate': 0.0461549004129028, 'max_depth': 5, 'min_child_weight': 198, 'eval_metric': 'rmse'}. Best is trial 300 with value: 0.8424118081699078.
start listen on 192.168.1.101:53977
@tracker All of 1 nodes getting started
@tracker All nodes finishes job
Trial 592 finished with value: 0.8427208577712254 and parameters: {'objective': 'reg:squarederror', 'tree_method': 'gpu_hist', 'lambda': 0.28838982882714226, 'alpha': 0.00266947933207204, 'colsample_bytree': 0.3006083800684296, 'subsample': 0.6289930170764806, 'learning_rate': 0.035914241928434995, 'max_depth': 5, 'min_child_weight': 192, 'eval_metric': 'rmse'}. Best is trial 300 with value: 0.8424118081699078.
start listen on 192.168.1.101:55615
@tracker All of 1 nodes getting started
@tracker All nodes finishes job
Trial 593 finished with value: 0.8427249570953446 and parameters: {'objective': 'reg:squarederror', 'tree_method': 'gpu_hist', 'lambda': 0.3493915182218538, 'alpha': 0.0014680698998846275, 'colsample_bytree': 0.33236200145013955, 'subsample': 0.8205743036662643, 'learning_rate': 0.04338409486594709, 'max_depth': 5, 'min_child_weight': 183, 'eval_metric': 'rmse'}. Best is trial 300 with value: 0.8424118081699078.
start listen on 192.168.1.101:46075
@tracker All of 1 nodes getting started
@tracker All nodes finishes job
Trial 594 finished with value: 0.8555982538816439 and parameters: {'objective': 'reg:squarederror', 'tree_method': 'gpu_hist', 'lambda': 1.0411450675582121, 'alpha': 0.002268925098453392, 'colsample_bytree': 0.3227916223067909, 'subsample': 0.7764948742376073, 'learning_rate': 0.05295120948999708, 'max_depth': 17, 'min_child_weight': 159, 'eval_metric': 'rmse'}. Best is trial 300 with value: 0.8424118081699078.
start listen on 192.168.1.101:34729
@tracker All of 1 nodes getting started
@tracker All nodes finishes job
Trial 595 finished with value: 0.8425941793986168 and parameters: {'objective': 'reg:squarederror', 'tree_method': 'gpu_hist', 'lambda': 0.25247209966537554, 'alpha': 0.0017103346427937399, 'colsample_bytree': 0.3661112684407903, 'subsample': 0.8020930785643475, 'learning_rate': 0.04727892647976271, 'max_depth': 5, 'min_child_weight': 204, 'eval_metric': 'rmse'}. Best is trial 300 with value: 0.8424118081699078.
start listen on 192.168.1.101:56627
@tracker All of 1 nodes getting started
@tracker All nodes finishes job
Trial 596 finished with value: 0.8426859340668449 and parameters: {'objective': 'reg:squarederror', 'tree_method': 'gpu_hist', 'lambda': 0.5591285465709567, 'alpha': 0.0011975907072638945, 'colsample_bytree': 0.3502227181703623, 'subsample': 0.7901853374790141, 'learning_rate': 0.039492429850062204, 'max_depth': 5, 'min_child_weight': 190, 'eval_metric': 'rmse'}. Best is trial 300 with value: 0.8424118081699078.
start listen on 192.168.1.101:49167
@tracker All of 1 nodes getting started
@tracker All nodes finishes job
Trial 597 finished with value: 0.8434270479103048 and parameters: {'objective': 'reg:squarederror', 'tree_method': 'gpu_hist', 'lambda': 0.6740528852185832, 'alpha': 0.0010010211445239893, 'colsample_bytree': 0.37945757426002696, 'subsample': 0.7574534341380537, 'learning_rate': 0.0678501948810451, 'max_depth': 5, 'min_child_weight': 176, 'eval_metric': 'rmse'}. Best is trial 300 with value: 0.8424118081699078.
start listen on 192.168.1.101:48237
@tracker All of 1 nodes getting started
@tracker All nodes finishes job
Trial 598 finished with value: 0.8425887487688763 and parameters: {'objective': 'reg:squarederror', 'tree_method': 'gpu_hist', 'lambda': 0.40432134070850334, 'alpha': 0.0014574137152917714, 'colsample_bytree': 0.3371513314876748, 'subsample': 0.7378117187198766, 'learning_rate': 0.03314065853124219, 'max_depth': 5, 'min_child_weight': 184, 'eval_metric': 'rmse'}. Best is trial 300 with value: 0.8424118081699078.
start listen on 192.168.1.101:58707
@tracker All of 1 nodes getting started
@tracker All nodes finishes job
Trial 599 finished with value: 0.8425719881753327 and parameters: {'objective': 'reg:squarederror', 'tree_method': 'gpu_hist', 'lambda': 0.4895269827223642, 'alpha': 0.0019427958312247457, 'colsample_bytree': 0.31271587341665374, 'subsample': 0.812832676051981, 'learning_rate': 0.04365692806724261, 'max_depth': 5, 'min_child_weight': 164, 'eval_metric': 'rmse'}. Best is trial 300 with value: 0.8424118081699078.
start listen on 192.168.1.101:51495
@tracker All of 1 nodes getting started
@tracker All nodes finishes job
Trial 600 finished with value: 0.8424085765440747 and parameters: {'objective': 'reg:squarederror', 'tree_method': 'gpu_hist', 'lambda': 0.3187985833667635, 'alpha': 0.24512580694039748, 'colsample_bytree': 0.35408072306598476, 'subsample': 0.7744860337043137, 'learning_rate': 0.04942136623578851, 'max_depth': 5, 'min_child_weight': 207, 'eval_metric': 'rmse'}. Best is trial 600 with value: 0.8424085765440747.
start listen on 192.168.1.101:51693
@tracker All of 1 nodes getting started
@tracker All nodes finishes job
Trial 601 finished with value: 0.8572635986388792 and parameters: {'objective': 'reg:squarederror', 'tree_method': 'gpu_hist', 'lambda': 0.34437357384270767, 'alpha': 0.0012183421033906362, 'colsample_bytree': 0.4184077404088102, 'subsample': 0.7942709490066506, 'learning_rate': 0.056064123205579665, 'max_depth': 20, 'min_child_weight': 230, 'eval_metric': 'rmse'}. Best is trial 600 with value: 0.8424085765440747.
start listen on 192.168.1.101:42935
@tracker All of 1 nodes getting started
@tracker All nodes finishes job
Trial 602 finished with value: 0.8428869959791929 and parameters: {'objective': 'reg:squarederror', 'tree_method': 'gpu_hist', 'lambda': 0.4219940602498763, 'alpha': 0.1914365106795842, 'colsample_bytree': 0.371378602660512, 'subsample': 0.7795989166753717, 'learning_rate': 0.0605148260587857, 'max_depth': 5, 'min_child_weight': 210, 'eval_metric': 'rmse'}. Best is trial 600 with value: 0.8424085765440747.
start listen on 192.168.1.101:43063
@tracker All of 1 nodes getting started
@tracker All nodes finishes job
Trial 603 finished with value: 0.8429713303413445 and parameters: {'objective': 'reg:squarederror', 'tree_method': 'gpu_hist', 'lambda': 0.32971778721097844, 'alpha': 0.14967026055687332, 'colsample_bytree': 0.35590284042734843, 'subsample': 0.8363306552278033, 'learning_rate': 0.05127682439992912, 'max_depth': 5, 'min_child_weight': 218, 'eval_metric': 'rmse'}. Best is trial 600 with value: 0.8424085765440747.
start listen on 192.168.1.101:38661
@tracker All of 1 nodes getting started
@tracker All nodes finishes job
Trial 604 finished with value: 0.8430048904064121 and parameters: {'objective': 'reg:squarederror', 'tree_method': 'gpu_hist', 'lambda': 0.4799524507164776, 'alpha': 0.08009429520593953, 'colsample_bytree': 0.35725658396026566, 'subsample': 0.7123290263974169, 'learning_rate': 0.049497400843666724, 'max_depth': 5, 'min_child_weight': 209, 'eval_metric': 'rmse'}. Best is trial 600 with value: 0.8424085765440747.
start listen on 192.168.1.101:56475
@tracker All of 1 nodes getting started
@tracker All nodes finishes job
Trial 605 finished with value: 0.8429780285970441 and parameters: {'objective': 'reg:squarederror', 'tree_method': 'gpu_hist', 'lambda': 2.2492057218718897, 'alpha': 0.37117323304280875, 'colsample_bytree': 0.3844397577351594, 'subsample': 0.8037111248263061, 'learning_rate': 0.056075330158774014, 'max_depth': 5, 'min_child_weight': 217, 'eval_metric': 'rmse'}. Best is trial 600 with value: 0.8424085765440747.
start listen on 192.168.1.101:35325
@tracker All of 1 nodes getting started
@tracker All nodes finishes job
Trial 606 finished with value: 0.8436684905843589 and parameters: {'objective': 'reg:squarederror', 'tree_method': 'gpu_hist', 'lambda': 0.645603342476393, 'alpha': 0.0012012248071152408, 'colsample_bytree': 0.32426952759370986, 'subsample': 0.7852436712991953, 'learning_rate': 0.04813193588089167, 'max_depth': 7, 'min_child_weight': 205, 'eval_metric': 'rmse'}. Best is trial 600 with value: 0.8424085765440747.
start listen on 192.168.1.101:43515
@tracker All of 1 nodes getting started
@tracker All nodes finishes job
Trial 607 finished with value: 0.8428248627368915 and parameters: {'objective': 'reg:squarederror', 'tree_method': 'gpu_hist', 'lambda': 0.3597355858357098, 'alpha': 0.0014441853470732668, 'colsample_bytree': 0.3005661923108121, 'subsample': 0.7931684681878647, 'learning_rate': 0.05243806756926606, 'max_depth': 5, 'min_child_weight': 200, 'eval_metric': 'rmse'}. Best is trial 600 with value: 0.8424085765440747.
start listen on 192.168.1.101:56933
@tracker All of 1 nodes getting started
@tracker All nodes finishes job
Trial 608 finished with value: 0.8453850561971457 and parameters: {'objective': 'reg:squarederror', 'tree_method': 'gpu_hist', 'lambda': 0.4129402343930141, 'alpha': 0.3178073756516055, 'colsample_bytree': 0.6974262227195706, 'subsample': 0.8129104860852564, 'learning_rate': 0.006171797749244735, 'max_depth': 11, 'min_child_weight': 213, 'eval_metric': 'rmse'}. Best is trial 600 with value: 0.8424085765440747.
start listen on 192.168.1.101:34119
@tracker All of 1 nodes getting started
@tracker All nodes finishes job
Trial 609 finished with value: 0.8426136433499988 and parameters: {'objective': 'reg:squarederror', 'tree_method': 'gpu_hist', 'lambda': 0.5175813092723595, 'alpha': 0.11386533029980482, 'colsample_bytree': 0.34930496927498755, 'subsample': 0.7713747492042816, 'learning_rate': 0.045938244994259275, 'max_depth': 5, 'min_child_weight': 205, 'eval_metric': 'rmse'}. Best is trial 600 with value: 0.8424085765440747.
start listen on 192.168.1.101:57869
@tracker All of 1 nodes getting started
@tracker All nodes finishes job
Trial 610 finished with value: 0.8431052689359463 and parameters: {'objective': 'reg:squarederror', 'tree_method': 'gpu_hist', 'lambda': 0.28161788154316775, 'alpha': 0.209520161225848, 'colsample_bytree': 0.32859697988725084, 'subsample': 0.8227350039666714, 'learning_rate': 0.0637181747730339, 'max_depth': 5, 'min_child_weight': 198, 'eval_metric': 'rmse'}. Best is trial 600 with value: 0.8424085765440747.
start listen on 192.168.1.101:60427
@tracker All of 1 nodes getting started
@tracker All nodes finishes job
Trial 611 finished with value: 0.8457462435776116 and parameters: {'objective': 'reg:squarederror', 'tree_method': 'gpu_hist', 'lambda': 0.30245775494839433, 'alpha': 0.0011307386490317444, 'colsample_bytree': 0.3120638361589925, 'subsample': 0.7797259849100827, 'learning_rate': 0.049081761474353586, 'max_depth': 9, 'min_child_weight': 140, 'eval_metric': 'rmse'}. Best is trial 600 with value: 0.8424085765440747.
start listen on 192.168.1.101:60589
@tracker All of 1 nodes getting started
@tracker All nodes finishes job
Trial 612 finished with value: 0.8426196365621509 and parameters: {'objective': 'reg:squarederror', 'tree_method': 'gpu_hist', 'lambda': 0.6073130482193867, 'alpha': 0.0268327458228254, 'colsample_bytree': 0.3669006101050349, 'subsample': 0.756622016789374, 'learning_rate': 0.04362567301212967, 'max_depth': 5, 'min_child_weight': 153, 'eval_metric': 'rmse'}. Best is trial 600 with value: 0.8424085765440747.
start listen on 192.168.1.101:45847
@tracker All of 1 nodes getting started
@tracker All nodes finishes job
Trial 613 finished with value: 0.8428961320094892 and parameters: {'objective': 'reg:squarederror', 'tree_method': 'gpu_hist', 'lambda': 0.38787491928633827, 'alpha': 0.2615604947263685, 'colsample_bytree': 0.34081980838148057, 'subsample': 0.796949895061231, 'learning_rate': 0.05715853570277996, 'max_depth': 5, 'min_child_weight': 222, 'eval_metric': 'rmse'}. Best is trial 600 with value: 0.8424085765440747.
start listen on 192.168.1.101:38727
@tracker All of 1 nodes getting started
@tracker All nodes finishes job
Trial 614 finished with value: 0.8427926599471075 and parameters: {'objective': 'reg:squarederror', 'tree_method': 'gpu_hist', 'lambda': 0.4680358288209891, 'alpha': 0.0015957936532779622, 'colsample_bytree': 0.32476874000300743, 'subsample': 0.7636970853488149, 'learning_rate': 0.05342455787221655, 'max_depth': 5, 'min_child_weight': 195, 'eval_metric': 'rmse'}. Best is trial 600 with value: 0.8424085765440747.
start listen on 192.168.1.101:39115
@tracker All of 1 nodes getting started
@tracker All nodes finishes job
Trial 615 finished with value: 0.8425726356091939 and parameters: {'objective': 'reg:squarederror', 'tree_method': 'gpu_hist', 'lambda': 0.3485416183328843, 'alpha': 0.0010048287642734138, 'colsample_bytree': 0.3488007868952486, 'subsample': 0.7844354565209408, 'learning_rate': 0.04508337232026336, 'max_depth': 5, 'min_child_weight': 208, 'eval_metric': 'rmse'}. Best is trial 600 with value: 0.8424085765440747.
start listen on 192.168.1.101:38287
@tracker All of 1 nodes getting started
@tracker All nodes finishes job
Trial 616 finished with value: 0.8491409794442382 and parameters: {'objective': 'reg:squarederror', 'tree_method': 'gpu_hist', 'lambda': 0.8497876894092078, 'alpha': 0.2502900990483405, 'colsample_bytree': 0.3162387657807693, 'subsample': 0.8044117283073063, 'learning_rate': 0.04085177757952385, 'max_depth': 15, 'min_child_weight': 170, 'eval_metric': 'rmse'}. Best is trial 600 with value: 0.8424085765440747.
start listen on 192.168.1.101:33685
@tracker All of 1 nodes getting started
@tracker All nodes finishes job
Trial 617 finished with value: 0.8426252695036174 and parameters: {'objective': 'reg:squarederror', 'tree_method': 'gpu_hist', 'lambda': 0.4465773515266388, 'alpha': 0.0013436775740862188, 'colsample_bytree': 0.33430215772911503, 'subsample': 0.7722166211297959, 'learning_rate': 0.04750193521045666, 'max_depth': 5, 'min_child_weight': 203, 'eval_metric': 'rmse'}. Best is trial 600 with value: 0.8424085765440747.
start listen on 192.168.1.101:60631
@tracker All of 1 nodes getting started
@tracker All nodes finishes job
Trial 618 finished with value: 0.844613569242352 and parameters: {'objective': 'reg:squarederror', 'tree_method': 'gpu_hist', 'lambda': 0.5663153010899091, 'alpha': 0.001683032471179523, 'colsample_bytree': 0.3596779552872185, 'subsample': 0.7913193567879536, 'learning_rate': 0.036733491692793906, 'max_depth': 3, 'min_child_weight': 196, 'eval_metric': 'rmse'}. Best is trial 600 with value: 0.8424085765440747.
start listen on 192.168.1.101:45561
@tracker All of 1 nodes getting started
@tracker All nodes finishes job
Trial 619 finished with value: 0.8428353689623186 and parameters: {'objective': 'reg:squarederror', 'tree_method': 'gpu_hist', 'lambda': 0.29865388703948625, 'alpha': 0.020148099986067692, 'colsample_bytree': 0.3117209844392238, 'subsample': 0.7520502907770504, 'learning_rate': 0.04258128186883412, 'max_depth': 5, 'min_child_weight': 157, 'eval_metric': 'rmse'}. Best is trial 600 with value: 0.8424085765440747.
start listen on 192.168.1.101:40263
@tracker All of 1 nodes getting started
@tracker All nodes finishes job
Trial 620 finished with value: 0.8430081751891566 and parameters: {'objective': 'reg:squarederror', 'tree_method': 'gpu_hist', 'lambda': 0.37475171427538323, 'alpha': 0.0013303715591532932, 'colsample_bytree': 0.4078695225393492, 'subsample': 0.814754892698173, 'learning_rate': 0.05089286248392716, 'max_depth': 5, 'min_child_weight': 215, 'eval_metric': 'rmse'}. Best is trial 600 with value: 0.8424085765440747.
start listen on 192.168.1.101:42435
@tracker All of 1 nodes getting started
@tracker All nodes finishes job
Trial 621 finished with value: 0.8467930216037066 and parameters: {'objective': 'reg:squarederror', 'tree_method': 'gpu_hist', 'lambda': 0.6897118788309514, 'alpha': 0.0011560437552056856, 'colsample_bytree': 0.3368589530544913, 'subsample': 0.7798001269931283, 'learning_rate': 0.03912209093441687, 'max_depth': 13, 'min_child_weight': 225, 'eval_metric': 'rmse'}. Best is trial 600 with value: 0.8424085765440747.
start listen on 192.168.1.101:55183
@tracker All of 1 nodes getting started
@tracker All nodes finishes job
Trial 622 finished with value: 0.8427411135949229 and parameters: {'objective': 'reg:squarederror', 'tree_method': 'gpu_hist', 'lambda': 0.44699632180429794, 'alpha': 0.0016047248908075385, 'colsample_bytree': 0.3000827613252467, 'subsample': 0.8029984329349531, 'learning_rate': 0.045255480085966276, 'max_depth': 5, 'min_child_weight': 148, 'eval_metric': 'rmse'}. Best is trial 600 with value: 0.8424085765440747.
start listen on 192.168.1.101:55769
@tracker All of 1 nodes getting started
@tracker All nodes finishes job
Trial 623 finished with value: 0.8429483727074948 and parameters: {'objective': 'reg:squarederror', 'tree_method': 'gpu_hist', 'lambda': 1.1920193991746817, 'alpha': 0.0010046901129130157, 'colsample_bytree': 0.32391108493802945, 'subsample': 0.8288194528015497, 'learning_rate': 0.05923852932177699, 'max_depth': 5, 'min_child_weight': 189, 'eval_metric': 'rmse'}. Best is trial 600 with value: 0.8424085765440747.
start listen on 192.168.1.101:33997
@tracker All of 1 nodes getting started
@tracker All nodes finishes job
Trial 624 finished with value: 0.8445467469868115 and parameters: {'objective': 'reg:squarederror', 'tree_method': 'gpu_hist', 'lambda': 0.32053745612034495, 'alpha': 0.0018896111878527705, 'colsample_bytree': 0.3476055436111503, 'subsample': 0.7704844536532438, 'learning_rate': 0.016435268122806743, 'max_depth': 5, 'min_child_weight': 178, 'eval_metric': 'rmse'}. Best is trial 600 with value: 0.8424085765440747.
start listen on 192.168.1.101:52243
@tracker All of 1 nodes getting started
@tracker All nodes finishes job
Trial 625 finished with value: 0.8433824838632475 and parameters: {'objective': 'reg:squarederror', 'tree_method': 'gpu_hist', 'lambda': 0.5134550657488439, 'alpha': 0.0013634943504313246, 'colsample_bytree': 0.858471288509824, 'subsample': 0.7910792745966644, 'learning_rate': 0.04970348288884039, 'max_depth': 5, 'min_child_weight': 166, 'eval_metric': 'rmse'}. Best is trial 600 with value: 0.8424085765440747.
start listen on 192.168.1.101:59751
@tracker All of 1 nodes getting started
@tracker All nodes finishes job
Trial 626 finished with value: 0.868099602022406 and parameters: {'objective': 'reg:squarederror', 'tree_method': 'gpu_hist', 'lambda': 0.3775695479202152, 'alpha': 0.12860286098842882, 'colsample_bytree': 0.3762349208202458, 'subsample': 0.5319733136373789, 'learning_rate': 0.0038594905694544087, 'max_depth': 5, 'min_child_weight': 194, 'eval_metric': 'rmse'}. Best is trial 600 with value: 0.8424085765440747.
start listen on 192.168.1.101:45965
@tracker All of 1 nodes getting started
@tracker All nodes finishes job
Trial 627 finished with value: 0.8536209689718353 and parameters: {'objective': 'reg:squarederror', 'tree_method': 'gpu_hist', 'lambda': 0.24172107360846698, 'alpha': 0.050845987694748476, 'colsample_bytree': 0.6169869067018553, 'subsample': 0.7632760951633344, 'learning_rate': 0.04224947724536766, 'max_depth': 17, 'min_child_weight': 204, 'eval_metric': 'rmse'}. Best is trial 600 with value: 0.8424085765440747.
start listen on 192.168.1.101:53159
@tracker All of 1 nodes getting started
@tracker All nodes finishes job
Trial 628 finished with value: 0.8429484377837434 and parameters: {'objective': 'reg:squarederror', 'tree_method': 'gpu_hist', 'lambda': 0.6028312836572186, 'alpha': 0.0411391502260961, 'colsample_bytree': 0.5198804466990923, 'subsample': 0.7480104946526961, 'learning_rate': 0.03608709242460089, 'max_depth': 5, 'min_child_weight': 174, 'eval_metric': 'rmse'}. Best is trial 600 with value: 0.8424085765440747.
start listen on 192.168.1.101:42781
@tracker All of 1 nodes getting started
@tracker All nodes finishes job
