Trial 545 finished with value: 0.8431993977318801 and parameters: {'objective': 'reg:squarederror', 'tree_method': 'gpu_hist', 'lambda': 0.26378973499615344, 'alpha': 0.011031593929069767, 'colsample_bytree': 0.35271275690446113, 'subsample': 0.6182388711829035, 'learning_rate': 0.05551907401501646, 'max_depth': 5, 'min_child_weight': 179, 'eval_metric': 'rmse'}. Best is trial 300 with value: 0.8424118081699078.
start listen on 192.168.1.101:46143
@tracker All of 1 nodes getting started
@tracker All nodes finishes job
Trial 546 finished with value: 0.8477326178418694 and parameters: {'objective': 'reg:squarederror', 'tree_method': 'gpu_hist', 'lambda': 0.3208768717887934, 'alpha': 0.0022212844609951227, 'colsample_bytree': 0.3354792693026899, 'subsample': 0.7696020406189495, 'learning_rate': 0.04924288696451353, 'max_depth': 11, 'min_child_weight': 194, 'eval_metric': 'rmse'}. Best is trial 300 with value: 0.8424118081699078.
start listen on 192.168.1.101:43907
@tracker All of 1 nodes getting started
@tracker All nodes finishes job
Trial 547 finished with value: 0.8428885421477895 and parameters: {'objective': 'reg:squarederror', 'tree_method': 'gpu_hist', 'lambda': 0.6558237545284687, 'alpha': 0.001694253029251948, 'colsample_bytree': 0.3012280489375264, 'subsample': 0.7530444796077213, 'learning_rate': 0.0449851989870729, 'max_depth': 5, 'min_child_weight': 202, 'eval_metric': 'rmse'}. Best is trial 300 with value: 0.8424118081699078.
start listen on 192.168.1.101:33213
@tracker All of 1 nodes getting started
@tracker All nodes finishes job
Trial 548 finished with value: 0.8428234917670233 and parameters: {'objective': 'reg:squarederror', 'tree_method': 'gpu_hist', 'lambda': 0.4085961511989014, 'alpha': 0.0012307072419665776, 'colsample_bytree': 0.32199172626394196, 'subsample': 0.7871794547729489, 'learning_rate': 0.04017885065139865, 'max_depth': 5, 'min_child_weight': 225, 'eval_metric': 'rmse'}. Best is trial 300 with value: 0.8424118081699078.
start listen on 192.168.1.101:48439
@tracker All of 1 nodes getting started
@tracker All nodes finishes job
Trial 549 finished with value: 0.8429045537642249 and parameters: {'objective': 'reg:squarederror', 'tree_method': 'gpu_hist', 'lambda': 0.14867120455660404, 'alpha': 0.0014986394295813242, 'colsample_bytree': 0.3409198085528313, 'subsample': 0.80145581691703, 'learning_rate': 0.033065511354011326, 'max_depth': 5, 'min_child_weight': 217, 'eval_metric': 'rmse'}. Best is trial 300 with value: 0.8424118081699078.
start listen on 192.168.1.101:39537
@tracker All of 1 nodes getting started
@tracker All nodes finishes job
Trial 550 finished with value: 0.8447939573358813 and parameters: {'objective': 'reg:squarederror', 'tree_method': 'gpu_hist', 'lambda': 0.22488712748730394, 'alpha': 0.0020334145476888664, 'colsample_bytree': 0.3122369407081627, 'subsample': 0.7745021553920445, 'learning_rate': 0.0434584715534498, 'max_depth': 9, 'min_child_weight': 166, 'eval_metric': 'rmse'}. Best is trial 300 with value: 0.8424118081699078.
start listen on 192.168.1.101:57709
@tracker All of 1 nodes getting started
@tracker All nodes finishes job
Trial 551 finished with value: 0.8436460373244882 and parameters: {'objective': 'reg:squarederror', 'tree_method': 'gpu_hist', 'lambda': 0.5085568579048408, 'alpha': 0.004784455269925489, 'colsample_bytree': 0.8305234269718965, 'subsample': 0.6645026566653759, 'learning_rate': 0.0501201807927334, 'max_depth': 5, 'min_child_weight': 151, 'eval_metric': 'rmse'}. Best is trial 300 with value: 0.8424118081699078.
start listen on 192.168.1.101:47705
@tracker All of 1 nodes getting started
@tracker All nodes finishes job
Trial 552 finished with value: 0.8447115471483988 and parameters: {'objective': 'reg:squarederror', 'tree_method': 'gpu_hist', 'lambda': 0.3275834992258276, 'alpha': 0.001000617373348991, 'colsample_bytree': 0.3615430812398342, 'subsample': 0.8209314700703351, 'learning_rate': 0.03652066704467407, 'max_depth': 3, 'min_child_weight': 175, 'eval_metric': 'rmse'}. Best is trial 300 with value: 0.8424118081699078.
start listen on 192.168.1.101:43611
@tracker All of 1 nodes getting started
@tracker All nodes finishes job
Trial 553 finished with value: 0.8457716937140133 and parameters: {'objective': 'reg:squarederror', 'tree_method': 'gpu_hist', 'lambda': 0.8641690324319499, 'alpha': 0.0011991053425730294, 'colsample_bytree': 0.3286565365751969, 'subsample': 0.7651968237043718, 'learning_rate': 0.013326121275639279, 'max_depth': 5, 'min_child_weight': 189, 'eval_metric': 'rmse'}. Best is trial 300 with value: 0.8424118081699078.
start listen on 192.168.1.101:47249
@tracker All of 1 nodes getting started
@tracker All nodes finishes job
Trial 554 finished with value: 0.8427057977297439 and parameters: {'objective': 'reg:squarederror', 'tree_method': 'gpu_hist', 'lambda': 0.3817462391865589, 'alpha': 0.0017418334726164333, 'colsample_bytree': 0.34925354212234994, 'subsample': 0.7825784032801725, 'learning_rate': 0.057266404646740036, 'max_depth': 5, 'min_child_weight': 199, 'eval_metric': 'rmse'}. Best is trial 300 with value: 0.8424118081699078.
start listen on 192.168.1.101:39215
@tracker All of 1 nodes getting started
@tracker All nodes finishes job
Trial 555 finished with value: 0.842983186530748 and parameters: {'objective': 'reg:squarederror', 'tree_method': 'gpu_hist', 'lambda': 0.2671369789756329, 'alpha': 0.0013951913553424896, 'colsample_bytree': 0.4000933775117972, 'subsample': 0.7303592531459139, 'learning_rate': 0.04644724046823176, 'max_depth': 5, 'min_child_weight': 183, 'eval_metric': 'rmse'}. Best is trial 300 with value: 0.8424118081699078.
start listen on 192.168.1.101:50033
@tracker All of 1 nodes getting started
@tracker All nodes finishes job
Trial 556 finished with value: 0.8517447616548873 and parameters: {'objective': 'reg:squarederror', 'tree_method': 'gpu_hist', 'lambda': 0.5728023372096148, 'alpha': 0.017970136640081045, 'colsample_bytree': 0.3002091274159751, 'subsample': 0.8116575193017384, 'learning_rate': 0.039612056626193964, 'max_depth': 13, 'min_child_weight': 29, 'eval_metric': 'rmse'}. Best is trial 300 with value: 0.8424118081699078.
start listen on 192.168.1.101:40697
@tracker All of 1 nodes getting started
@tracker All nodes finishes job
Trial 557 finished with value: 0.8480651928233681 and parameters: {'objective': 'reg:squarederror', 'tree_method': 'gpu_hist', 'lambda': 0.43812591503604253, 'alpha': 0.0025921254341677914, 'colsample_bytree': 0.32248875981394975, 'subsample': 0.7930174311880289, 'learning_rate': 0.04298596091614874, 'max_depth': 15, 'min_child_weight': 243, 'eval_metric': 'rmse'}. Best is trial 300 with value: 0.8424118081699078.
start listen on 192.168.1.101:48823
@tracker All of 1 nodes getting started
@tracker All nodes finishes job
Trial 558 finished with value: 0.8426110891137653 and parameters: {'objective': 'reg:squarederror', 'tree_method': 'gpu_hist', 'lambda': 0.3238334542921811, 'alpha': 0.0038949648784201425, 'colsample_bytree': 0.33603180787169695, 'subsample': 0.7772083462732735, 'learning_rate': 0.05298955479788778, 'max_depth': 5, 'min_child_weight': 211, 'eval_metric': 'rmse'}. Best is trial 300 with value: 0.8424118081699078.
start listen on 192.168.1.101:54427
@tracker All of 1 nodes getting started
@tracker All nodes finishes job
Trial 559 finished with value: 0.8427789565171057 and parameters: {'objective': 'reg:squarederror', 'tree_method': 'gpu_hist', 'lambda': 0.21223675172739065, 'alpha': 0.0020090162140344032, 'colsample_bytree': 0.37148964431540316, 'subsample': 0.8018379135976695, 'learning_rate': 0.03691388418583137, 'max_depth': 5, 'min_child_weight': 194, 'eval_metric': 'rmse'}. Best is trial 300 with value: 0.8424118081699078.
start listen on 192.168.1.101:43433
@tracker All of 1 nodes getting started
@tracker All nodes finishes job
Trial 560 finished with value: 0.843052446398376 and parameters: {'objective': 'reg:squarederror', 'tree_method': 'gpu_hist', 'lambda': 0.7020816033782623, 'alpha': 0.001211596263324958, 'colsample_bytree': 0.3151086825241711, 'subsample': 0.7521545902681332, 'learning_rate': 0.06409386092836333, 'max_depth': 5, 'min_child_weight': 170, 'eval_metric': 'rmse'}. Best is trial 300 with value: 0.8424118081699078.
start listen on 192.168.1.101:35975
@tracker All of 1 nodes getting started
@tracker All nodes finishes job
Trial 561 finished with value: 0.842690452922844 and parameters: {'objective': 'reg:squarederror', 'tree_method': 'gpu_hist', 'lambda': 0.46861669842251186, 'alpha': 0.0015648863328457461, 'colsample_bytree': 0.35176716375984934, 'subsample': 0.7651148469533904, 'learning_rate': 0.047274251667239094, 'max_depth': 5, 'min_child_weight': 178, 'eval_metric': 'rmse'}. Best is trial 300 with value: 0.8424118081699078.
start listen on 192.168.1.101:60011
@tracker All of 1 nodes getting started
@tracker All nodes finishes job
Trial 562 finished with value: 0.85166297581628 and parameters: {'objective': 'reg:squarederror', 'tree_method': 'gpu_hist', 'lambda': 0.3692448490699639, 'alpha': 0.0023775451270092373, 'colsample_bytree': 0.33358497954158894, 'subsample': 0.7939625627614413, 'learning_rate': 0.041753771857837844, 'max_depth': 17, 'min_child_weight': 162, 'eval_metric': 'rmse'}. Best is trial 300 with value: 0.8424118081699078.
start listen on 192.168.1.101:59889
@tracker All of 1 nodes getting started
@tracker All nodes finishes job
Trial 563 finished with value: 0.8426171113349099 and parameters: {'objective': 'reg:squarederror', 'tree_method': 'gpu_hist', 'lambda': 0.27856398526612475, 'alpha': 0.0013951393278484403, 'colsample_bytree': 0.324864657377145, 'subsample': 0.8122366683817253, 'learning_rate': 0.051580513290689294, 'max_depth': 5, 'min_child_weight': 187, 'eval_metric': 'rmse'}. Best is trial 300 with value: 0.8424118081699078.
start listen on 192.168.1.101:57423
@tracker All of 1 nodes getting started
@tracker All nodes finishes job
Trial 564 finished with value: 0.8426764470598661 and parameters: {'objective': 'reg:squarederror', 'tree_method': 'gpu_hist', 'lambda': 0.5440631293826628, 'alpha': 0.0017771172408945115, 'colsample_bytree': 0.31109966619202817, 'subsample': 0.8269898125498476, 'learning_rate': 0.045449573570028, 'max_depth': 5, 'min_child_weight': 206, 'eval_metric': 'rmse'}. Best is trial 300 with value: 0.8424118081699078.
start listen on 192.168.1.101:60323
@tracker All of 1 nodes getting started
@tracker All nodes finishes job
Trial 565 finished with value: 0.8429743222196772 and parameters: {'objective': 'reg:squarederror', 'tree_method': 'gpu_hist', 'lambda': 0.4415962324670873, 'alpha': 0.09513859890463437, 'colsample_bytree': 0.34351332127563783, 'subsample': 0.4919097822336945, 'learning_rate': 0.03442829363601491, 'max_depth': 5, 'min_child_weight': 200, 'eval_metric': 'rmse'}. Best is trial 300 with value: 0.8424118081699078.
start listen on 192.168.1.101:43917
@tracker All of 1 nodes getting started
@tracker All nodes finishes job
Trial 566 finished with value: 0.8427132461576617 and parameters: {'objective': 'reg:squarederror', 'tree_method': 'gpu_hist', 'lambda': 0.327501613219634, 'alpha': 0.04743483964181355, 'colsample_bytree': 0.35846388272538304, 'subsample': 0.7800589284291217, 'learning_rate': 0.03968822017908426, 'max_depth': 5, 'min_child_weight': 192, 'eval_metric': 'rmse'}. Best is trial 300 with value: 0.8424118081699078.
start listen on 192.168.1.101:38337
@tracker All of 1 nodes getting started
@tracker All nodes finishes job
Trial 567 finished with value: 0.8428969132524321 and parameters: {'objective': 'reg:squarederror', 'tree_method': 'gpu_hist', 'lambda': 0.6453699163773766, 'alpha': 0.0012070055399782452, 'colsample_bytree': 0.31559225448619493, 'subsample': 0.7463678572224075, 'learning_rate': 0.046835971916485336, 'max_depth': 5, 'min_child_weight': 181, 'eval_metric': 'rmse'}. Best is trial 300 with value: 0.8424118081699078.
start listen on 192.168.1.101:58243
@tracker All of 1 nodes getting started
@tracker All nodes finishes job
Trial 568 finished with value: 0.842718810781264 and parameters: {'objective': 'reg:squarederror', 'tree_method': 'gpu_hist', 'lambda': 0.39012132669595256, 'alpha': 0.0011647048828366967, 'colsample_bytree': 0.33450084149997067, 'subsample': 0.7892206304642451, 'learning_rate': 0.03741448399419577, 'max_depth': 5, 'min_child_weight': 174, 'eval_metric': 'rmse'}. Best is trial 300 with value: 0.8424118081699078.
start listen on 192.168.1.101:36369
@tracker All of 1 nodes getting started
@tracker All nodes finishes job
Trial 569 finished with value: 0.860007367933658 and parameters: {'objective': 'reg:squarederror', 'tree_method': 'gpu_hist', 'lambda': 0.17378158667837415, 'alpha': 0.0032003981998908783, 'colsample_bytree': 0.37676922983024524, 'subsample': 0.7688428651670745, 'learning_rate': 0.05469309656243201, 'max_depth': 20, 'min_child_weight': 157, 'eval_metric': 'rmse'}. Best is trial 300 with value: 0.8424118081699078.
start listen on 192.168.1.101:53843
@tracker All of 1 nodes getting started
@tracker All nodes finishes job
Trial 570 finished with value: 0.842637226969367 and parameters: {'objective': 'reg:squarederror', 'tree_method': 'gpu_hist', 'lambda': 0.49933893183237466, 'alpha': 0.0015220043461369793, 'colsample_bytree': 0.3001548821929091, 'subsample': 0.804812972111618, 'learning_rate': 0.04341596666253183, 'max_depth': 5, 'min_child_weight': 169, 'eval_metric': 'rmse'}. Best is trial 300 with value: 0.8424118081699078.
start listen on 192.168.1.101:34141
@tracker All of 1 nodes getting started
@tracker All nodes finishes job
Trial 571 finished with value: 0.8427384418875667 and parameters: {'objective': 'reg:squarederror', 'tree_method': 'gpu_hist', 'lambda': 0.24444174631364554, 'alpha': 0.0019220138881078756, 'colsample_bytree': 0.34729587833773473, 'subsample': 0.7597863882071311, 'learning_rate': 0.04920738375587608, 'max_depth': 5, 'min_child_weight': 187, 'eval_metric': 'rmse'}. Best is trial 300 with value: 0.8424118081699078.
start listen on 192.168.1.101:52069
@tracker All of 1 nodes getting started
@tracker All nodes finishes job
Trial 572 finished with value: 0.8430796646207174 and parameters: {'objective': 'reg:squarederror', 'tree_method': 'gpu_hist', 'lambda': 0.32101352872671085, 'alpha': 0.01034510722621798, 'colsample_bytree': 0.32717066314549165, 'subsample': 0.779201335615922, 'learning_rate': 0.059082602510482723, 'max_depth': 5, 'min_child_weight': 195, 'eval_metric': 'rmse'}. Best is trial 300 with value: 0.8424118081699078.
start listen on 192.168.1.101:39781
@tracker All of 1 nodes getting started
@tracker All nodes finishes job
Trial 573 finished with value: 0.8431371874087726 and parameters: {'objective': 'reg:squarederror', 'tree_method': 'gpu_hist', 'lambda': 0.584848343213135, 'alpha': 0.0010087922273995845, 'colsample_bytree': 0.5775409791924775, 'subsample': 0.5943916023875349, 'learning_rate': 0.03206120283002507, 'max_depth': 5, 'min_child_weight': 220, 'eval_metric': 'rmse'}. Best is trial 300 with value: 0.8424118081699078.
start listen on 192.168.1.101:51389
@tracker All of 1 nodes getting started
@tracker All nodes finishes job
Trial 574 finished with value: 0.843087072884976 and parameters: {'objective': 'reg:squarederror', 'tree_method': 'gpu_hist', 'lambda': 0.39742502868766827, 'alpha': 0.014120743389739693, 'colsample_bytree': 0.3604147338228111, 'subsample': 0.8488683523799427, 'learning_rate': 0.04133527237035594, 'max_depth': 7, 'min_child_weight': 211, 'eval_metric': 'rmse'}. Best is trial 300 with value: 0.8424118081699078.
start listen on 192.168.1.101:34147
@tracker All of 1 nodes getting started
@tracker All nodes finishes job
Trial 575 finished with value: 0.8427779230811969 and parameters: {'objective': 'reg:squarederror', 'tree_method': 'gpu_hist', 'lambda': 0.9101611879195707, 'alpha': 0.0023162829804108127, 'colsample_bytree': 0.3135908061376939, 'subsample': 0.7959254594243563, 'learning_rate': 0.03766503923802583, 'max_depth': 5, 'min_child_weight': 146, 'eval_metric': 'rmse'}. Best is trial 300 with value: 0.8424118081699078.
start listen on 192.168.1.101:38269
@tracker All of 1 nodes getting started
@tracker All nodes finishes job
Trial 576 finished with value: 0.8426583729555448 and parameters: {'objective': 'reg:squarederror', 'tree_method': 'gpu_hist', 'lambda': 0.28488083454622326, 'alpha': 0.0014498844923897809, 'colsample_bytree': 0.33904032780024657, 'subsample': 0.8176720232970808, 'learning_rate': 0.049920294136473566, 'max_depth': 5, 'min_child_weight': 178, 'eval_metric': 'rmse'}. Best is trial 300 with value: 0.8424118081699078.
start listen on 192.168.1.101:39649
@tracker All of 1 nodes getting started
@tracker All nodes finishes job
Trial 577 finished with value: 0.8462512707353232 and parameters: {'objective': 'reg:squarederror', 'tree_method': 'gpu_hist', 'lambda': 0.501999648001, 'alpha': 0.0016952287927702214, 'colsample_bytree': 0.32383763070658095, 'subsample': 0.7849764653926233, 'learning_rate': 0.0439192185874621, 'max_depth': 11, 'min_child_weight': 185, 'eval_metric': 'rmse'}. Best is trial 300 with value: 0.8424118081699078.
start listen on 192.168.1.101:44425
@tracker All of 1 nodes getting started
@tracker All nodes finishes job
Trial 578 finished with value: 0.8470610939387758 and parameters: {'objective': 'reg:squarederror', 'tree_method': 'gpu_hist', 'lambda': 0.3715446954670511, 'alpha': 0.006401237312419108, 'colsample_bytree': 0.34814188468765567, 'subsample': 0.7697296289928245, 'learning_rate': 0.040782717263009395, 'max_depth': 9, 'min_child_weight': 14, 'eval_metric': 'rmse'}. Best is trial 300 with value: 0.8424118081699078.
start listen on 192.168.1.101:38949
@tracker All of 1 nodes getting started
@tracker All nodes finishes job
Trial 579 finished with value: 0.8427151334779706 and parameters: {'objective': 'reg:squarederror', 'tree_method': 'gpu_hist', 'lambda': 0.4402220114306272, 'alpha': 0.001311185092910058, 'colsample_bytree': 0.3149280715304409, 'subsample': 0.8034437630333098, 'learning_rate': 0.034681557656493577, 'max_depth': 5, 'min_child_weight': 204, 'eval_metric': 'rmse'}. Best is trial 300 with value: 0.8424118081699078.
start listen on 192.168.1.101:53873
@tracker All of 1 nodes getting started
@tracker All nodes finishes job
Trial 580 finished with value: 0.8427110817257839 and parameters: {'objective': 'reg:squarederror', 'tree_method': 'gpu_hist', 'lambda': 0.730779056460068, 'alpha': 0.0026457520968022744, 'colsample_bytree': 0.3006089070505122, 'subsample': 0.8299132473181485, 'learning_rate': 0.04721403998573858, 'max_depth': 5, 'min_child_weight': 164, 'eval_metric': 'rmse'}. Best is trial 300 with value: 0.8424118081699078.
start listen on 192.168.1.101:44297
@tracker All of 1 nodes getting started
@tracker All nodes finishes job
Trial 581 finished with value: 0.8480220177764967 and parameters: {'objective': 'reg:squarederror', 'tree_method': 'gpu_hist', 'lambda': 0.22985822009854562, 'alpha': 0.0011592714693953103, 'colsample_bytree': 0.3335142125212479, 'subsample': 0.7910724647527735, 'learning_rate': 0.009507272863694943, 'max_depth': 5, 'min_child_weight': 192, 'eval_metric': 'rmse'}. Best is trial 300 with value: 0.8424118081699078.
start listen on 192.168.1.101:50081
@tracker All of 1 nodes getting started
@tracker All nodes finishes job
Trial 582 finished with value: 1.4563749241556163 and parameters: {'objective': 'reg:squarederror', 'tree_method': 'gpu_hist', 'lambda': 0.32362341660299115, 'alpha': 0.002014596162968602, 'colsample_bytree': 0.3572552090374677, 'subsample': 0.6491529212477587, 'learning_rate': 0.0017793133550499333, 'max_depth': 5, 'min_child_weight': 199, 'eval_metric': 'rmse'}. Best is trial 300 with value: 0.8424118081699078.
start listen on 192.168.1.101:44131
@tracker All of 1 nodes getting started
@tracker All nodes finishes job
Trial 583 finished with value: 0.8433381692363459 and parameters: {'objective': 'reg:squarederror', 'tree_method': 'gpu_hist', 'lambda': 0.5798135036581545, 'alpha': 0.001614615034890228, 'colsample_bytree': 0.3233327103950546, 'subsample': 0.47008139651623293, 'learning_rate': 0.05415680513333091, 'max_depth': 5, 'min_child_weight': 173, 'eval_metric': 'rmse'}. Best is trial 300 with value: 0.8424118081699078.
start listen on 192.168.1.101:40075
@tracker All of 1 nodes getting started
@tracker All nodes finishes job
Trial 584 finished with value: 0.8439642087539374 and parameters: {'objective': 'reg:squarederror', 'tree_method': 'gpu_hist', 'lambda': 0.4287874182737824, 'alpha': 0.0013470463311848334, 'colsample_bytree': 0.3661151626503612, 'subsample': 0.7587641976173616, 'learning_rate': 0.04385444959708102, 'max_depth': 3, 'min_child_weight': 181, 'eval_metric': 'rmse'}. Best is trial 300 with value: 0.8424118081699078.
start listen on 192.168.1.101:50393
@tracker All of 1 nodes getting started
@tracker All nodes finishes job
Trial 585 finished with value: 0.8501329312659339 and parameters: {'objective': 'reg:squarederror', 'tree_method': 'gpu_hist', 'lambda': 0.28229710897269816, 'alpha': 0.002053951025203424, 'colsample_bytree': 0.38941942607300223, 'subsample': 0.744665468239557, 'learning_rate': 0.038076434353817364, 'max_depth': 15, 'min_child_weight': 151, 'eval_metric': 'rmse'}. Best is trial 300 with value: 0.8424118081699078.
start listen on 192.168.1.101:45121
@tracker All of 1 nodes getting started
@tracker All nodes finishes job
Trial 586 finished with value: 0.8429494413357644 and parameters: {'objective': 'reg:squarederror', 'tree_method': 'gpu_hist', 'lambda': 0.20419133944680662, 'alpha': 0.0010114067562964713, 'colsample_bytree': 0.342436066564528, 'subsample': 0.7767602563977805, 'learning_rate': 0.06041855736199485, 'max_depth': 5, 'min_child_weight': 187, 'eval_metric': 'rmse'}. Best is trial 300 with value: 0.8424118081699078.
start listen on 192.168.1.101:49737
@tracker All of 1 nodes getting started
@tracker All nodes finishes job
