Trial 294 finished with value: 0.8426734033839569 and parameters: {'objective': 'reg:squarederror', 'tree_method': 'gpu_hist', 'lambda': 0.45874219959349793, 'alpha': 0.0013277363624114827, 'colsample_bytree': 0.34722551889639586, 'subsample': 0.8006185415783127, 'learning_rate': 0.04166827491227501, 'max_depth': 5, 'min_child_weight': 194, 'eval_metric': 'rmse'}. Best is trial 167 with value: 0.8424823479958407.
start listen on 192.168.1.101:54555
@tracker All of 1 nodes getting started
@tracker All nodes finishes job
Trial 295 finished with value: 0.8447499332751588 and parameters: {'objective': 'reg:squarederror', 'tree_method': 'gpu_hist', 'lambda': 0.25447040814946426, 'alpha': 0.0016885437086702284, 'colsample_bytree': 0.3373148778434292, 'subsample': 0.766586908029865, 'learning_rate': 0.03547845676640374, 'max_depth': 3, 'min_child_weight': 183, 'eval_metric': 'rmse'}. Best is trial 167 with value: 0.8424823479958407.
start listen on 192.168.1.101:53689
@tracker All of 1 nodes getting started
@tracker All nodes finishes job
Trial 296 finished with value: 0.8431496156125105 and parameters: {'objective': 'reg:squarederror', 'tree_method': 'gpu_hist', 'lambda': 0.32327054011291023, 'alpha': 0.0022363173673013324, 'colsample_bytree': 0.37106495442880527, 'subsample': 0.6959935416813425, 'learning_rate': 0.05189169140875538, 'max_depth': 5, 'min_child_weight': 177, 'eval_metric': 'rmse'}. Best is trial 167 with value: 0.8424823479958407.
start listen on 192.168.1.101:55271
@tracker All of 1 nodes getting started
@tracker All nodes finishes job
Trial 297 finished with value: 0.8427171133452013 and parameters: {'objective': 'reg:squarederror', 'tree_method': 'gpu_hist', 'lambda': 0.37970774801454693, 'alpha': 0.0014125027517370963, 'colsample_bytree': 0.3535206730663689, 'subsample': 0.7370271093175156, 'learning_rate': 0.038008002419726815, 'max_depth': 5, 'min_child_weight': 219, 'eval_metric': 'rmse'}. Best is trial 167 with value: 0.8424823479958407.
start listen on 192.168.1.101:43879
@tracker All of 1 nodes getting started
@tracker All nodes finishes job
Trial 298 finished with value: 0.8492390821995047 and parameters: {'objective': 'reg:squarederror', 'tree_method': 'gpu_hist', 'lambda': 0.5094273839506097, 'alpha': 0.001592350339393268, 'colsample_bytree': 0.32833421952092967, 'subsample': 0.7997947063143788, 'learning_rate': 0.0482258196405626, 'max_depth': 13, 'min_child_weight': 189, 'eval_metric': 'rmse'}. Best is trial 167 with value: 0.8424823479958407.
start listen on 192.168.1.101:38419
@tracker All of 1 nodes getting started
@tracker All nodes finishes job
Trial 299 finished with value: 0.84266607569941 and parameters: {'objective': 'reg:squarederror', 'tree_method': 'gpu_hist', 'lambda': 0.42338785725312883, 'alpha': 0.0013130343678559107, 'colsample_bytree': 0.31664660748609524, 'subsample': 0.7778253662140665, 'learning_rate': 0.056385394478205876, 'max_depth': 5, 'min_child_weight': 200, 'eval_metric': 'rmse'}. Best is trial 167 with value: 0.8424823479958407.
start listen on 192.168.1.101:41789
@tracker All of 1 nodes getting started
@tracker All nodes finishes job
Trial 300 finished with value: 0.8424118081699078 and parameters: {'objective': 'reg:squarederror', 'tree_method': 'gpu_hist', 'lambda': 0.29529868911561874, 'alpha': 0.0020366266655226705, 'colsample_bytree': 0.34212984699333177, 'subsample': 0.7546749874886128, 'learning_rate': 0.044565518857069074, 'max_depth': 5, 'min_child_weight': 173, 'eval_metric': 'rmse'}. Best is trial 300 with value: 0.8424118081699078.
start listen on 192.168.1.101:35659
@tracker All of 1 nodes getting started
@tracker All nodes finishes job
Trial 301 finished with value: 0.843257846659718 and parameters: {'objective': 'reg:squarederror', 'tree_method': 'gpu_hist', 'lambda': 0.2653483439541895, 'alpha': 0.0028023789110310214, 'colsample_bytree': 0.34720377253698037, 'subsample': 0.7276155061639068, 'learning_rate': 0.06274507983397001, 'max_depth': 5, 'min_child_weight': 181, 'eval_metric': 'rmse'}. Best is trial 300 with value: 0.8424118081699078.
start listen on 192.168.1.101:57319
@tracker All of 1 nodes getting started
@tracker All nodes finishes job
Trial 302 finished with value: 0.8426365373267606 and parameters: {'objective': 'reg:squarederror', 'tree_method': 'gpu_hist', 'lambda': 0.15713664103154174, 'alpha': 0.0022152474922367805, 'colsample_bytree': 0.36551628026646926, 'subsample': 0.7538505550636768, 'learning_rate': 0.044839339537692466, 'max_depth': 5, 'min_child_weight': 171, 'eval_metric': 'rmse'}. Best is trial 300 with value: 0.8424118081699078.
start listen on 192.168.1.101:44085
@tracker All of 1 nodes getting started
@tracker All nodes finishes job
Trial 303 finished with value: 0.8542122089824437 and parameters: {'objective': 'reg:squarederror', 'tree_method': 'gpu_hist', 'lambda': 0.22194411961463986, 'alpha': 0.001981366265776772, 'colsample_bytree': 0.33919865360327145, 'subsample': 0.7443667646551534, 'learning_rate': 0.05024051822166647, 'max_depth': 17, 'min_child_weight': 192, 'eval_metric': 'rmse'}. Best is trial 300 with value: 0.8424118081699078.
start listen on 192.168.1.101:45139
@tracker All of 1 nodes getting started
@tracker All nodes finishes job
Trial 304 finished with value: 0.8426619704313224 and parameters: {'objective': 'reg:squarederror', 'tree_method': 'gpu_hist', 'lambda': 0.3068497033806252, 'alpha': 0.0010024333357504772, 'colsample_bytree': 0.35019113381852474, 'subsample': 0.7594672143648481, 'learning_rate': 0.04407831116820707, 'max_depth': 5, 'min_child_weight': 174, 'eval_metric': 'rmse'}. Best is trial 300 with value: 0.8424118081699078.
start listen on 192.168.1.101:47621
@tracker All of 1 nodes getting started
@tracker All nodes finishes job
Trial 305 finished with value: 0.8429051202855641 and parameters: {'objective': 'reg:squarederror', 'tree_method': 'gpu_hist', 'lambda': 0.3538925926637877, 'alpha': 0.0012844224347009008, 'colsample_bytree': 0.32953116631539286, 'subsample': 0.8267048440400072, 'learning_rate': 0.053832946460845875, 'max_depth': 5, 'min_child_weight': 184, 'eval_metric': 'rmse'}. Best is trial 300 with value: 0.8424118081699078.
start listen on 192.168.1.101:55723
@tracker All of 1 nodes getting started
@tracker All nodes finishes job
Trial 306 finished with value: 0.8427091858569353 and parameters: {'objective': 'reg:squarederror', 'tree_method': 'gpu_hist', 'lambda': 0.5664660158585179, 'alpha': 0.0015455385299053548, 'colsample_bytree': 0.3642714953328382, 'subsample': 0.8122640068816144, 'learning_rate': 0.03985161735120564, 'max_depth': 5, 'min_child_weight': 161, 'eval_metric': 'rmse'}. Best is trial 300 with value: 0.8424118081699078.
start listen on 192.168.1.101:46559
@tracker All of 1 nodes getting started
@tracker All nodes finishes job
Trial 307 finished with value: 0.8427414352139433 and parameters: {'objective': 'reg:squarederror', 'tree_method': 'gpu_hist', 'lambda': 0.4628520029769236, 'alpha': 0.0033767277875390066, 'colsample_bytree': 0.3405178593380786, 'subsample': 0.7695392697824605, 'learning_rate': 0.046790184827639164, 'max_depth': 5, 'min_child_weight': 179, 'eval_metric': 'rmse'}. Best is trial 300 with value: 0.8424118081699078.
start listen on 192.168.1.101:60871
@tracker All of 1 nodes getting started
@tracker All nodes finishes job
Trial 308 finished with value: 0.8428435816962528 and parameters: {'objective': 'reg:squarederror', 'tree_method': 'gpu_hist', 'lambda': 0.3942756060092505, 'alpha': 0.0024644279605211625, 'colsample_bytree': 0.31977069574801525, 'subsample': 0.7919374966152953, 'learning_rate': 0.032420737491901094, 'max_depth': 5, 'min_child_weight': 197, 'eval_metric': 'rmse'}. Best is trial 300 with value: 0.8424118081699078.
start listen on 192.168.1.101:41043
@tracker All of 1 nodes getting started
@tracker All nodes finishes job
Trial 309 finished with value: 0.8425318327426525 and parameters: {'objective': 'reg:squarederror', 'tree_method': 'gpu_hist', 'lambda': 0.20236554901179565, 'alpha': 0.010003973997591205, 'colsample_bytree': 0.3563128138606233, 'subsample': 0.7741444500564214, 'learning_rate': 0.042362705131066006, 'max_depth': 5, 'min_child_weight': 153, 'eval_metric': 'rmse'}. Best is trial 300 with value: 0.8424118081699078.
start listen on 192.168.1.101:34959
@tracker All of 1 nodes getting started
@tracker All nodes finishes job
Trial 310 finished with value: 0.8589792946548089 and parameters: {'objective': 'reg:squarederror', 'tree_method': 'gpu_hist', 'lambda': 0.186746260518467, 'alpha': 0.009755506828862297, 'colsample_bytree': 0.3770396701657221, 'subsample': 0.7556699174343418, 'learning_rate': 0.04959156267467824, 'max_depth': 20, 'min_child_weight': 145, 'eval_metric': 'rmse'}. Best is trial 300 with value: 0.8424118081699078.
start listen on 192.168.1.101:55785
@tracker All of 1 nodes getting started
@tracker All nodes finishes job
Trial 311 finished with value: 0.8431191011377507 and parameters: {'objective': 'reg:squarederror', 'tree_method': 'gpu_hist', 'lambda': 0.2670648898961818, 'alpha': 0.020898841802486873, 'colsample_bytree': 0.3566836904933172, 'subsample': 0.7999842853969508, 'learning_rate': 0.0564548929461161, 'max_depth': 5, 'min_child_weight': 151, 'eval_metric': 'rmse'}. Best is trial 300 with value: 0.8424118081699078.
start listen on 192.168.1.101:57493
@tracker All of 1 nodes getting started
@tracker All nodes finishes job
Trial 312 finished with value: 0.8486896859857264 and parameters: {'objective': 'reg:squarederror', 'tree_method': 'gpu_hist', 'lambda': 0.633358986909216, 'alpha': 0.006965238623131867, 'colsample_bytree': 0.3505642531948068, 'subsample': 0.8154760322849559, 'learning_rate': 0.008704021250112007, 'max_depth': 5, 'min_child_weight': 158, 'eval_metric': 'rmse'}. Best is trial 300 with value: 0.8424118081699078.
start listen on 192.168.1.101:37693
@tracker All of 1 nodes getting started
@tracker All nodes finishes job
Trial 313 finished with value: 0.8427976722658269 and parameters: {'objective': 'reg:squarederror', 'tree_method': 'gpu_hist', 'lambda': 0.49435011599133144, 'alpha': 0.10691447926010447, 'colsample_bytree': 0.36719250477629073, 'subsample': 0.7842944910897585, 'learning_rate': 0.03568088448833646, 'max_depth': 5, 'min_child_weight': 154, 'eval_metric': 'rmse'}. Best is trial 300 with value: 0.8424118081699078.
start listen on 192.168.1.101:34927
@tracker All of 1 nodes getting started
@tracker All nodes finishes job
Trial 314 finished with value: 0.8441415545292339 and parameters: {'objective': 'reg:squarederror', 'tree_method': 'gpu_hist', 'lambda': 0.22083350111130878, 'alpha': 0.03482918588888653, 'colsample_bytree': 0.39211813001664825, 'subsample': 0.7668165151688863, 'learning_rate': 0.08434899698781667, 'max_depth': 5, 'min_child_weight': 165, 'eval_metric': 'rmse'}. Best is trial 300 with value: 0.8424118081699078.
start listen on 192.168.1.101:56807
@tracker All of 1 nodes getting started
@tracker All nodes finishes job
Trial 315 finished with value: 0.8427064376900398 and parameters: {'objective': 'reg:squarederror', 'tree_method': 'gpu_hist', 'lambda': 0.04495761596082319, 'alpha': 0.012818404800351697, 'colsample_bytree': 0.3362671510046825, 'subsample': 0.7916605426606186, 'learning_rate': 0.04407348747334074, 'max_depth': 5, 'min_child_weight': 142, 'eval_metric': 'rmse'}. Best is trial 300 with value: 0.8424118081699078.
start listen on 192.168.1.101:47071
@tracker All of 1 nodes getting started
@tracker All nodes finishes job
Trial 316 finished with value: 0.8427670904701522 and parameters: {'objective': 'reg:squarederror', 'tree_method': 'gpu_hist', 'lambda': 0.35182790444781886, 'alpha': 0.0018925699881272, 'colsample_bytree': 0.3546199489546619, 'subsample': 0.7451050767424376, 'learning_rate': 0.03873728243914092, 'max_depth': 5, 'min_child_weight': 173, 'eval_metric': 'rmse'}. Best is trial 300 with value: 0.8424118081699078.
start listen on 192.168.1.101:35177
@tracker All of 1 nodes getting started
@tracker All nodes finishes job
Trial 317 finished with value: 0.8438348097858765 and parameters: {'objective': 'reg:squarederror', 'tree_method': 'gpu_hist', 'lambda': 0.43933355278630837, 'alpha': 0.0027553499780913447, 'colsample_bytree': 0.32971365504598626, 'subsample': 0.7708322264889853, 'learning_rate': 0.049470769837641114, 'max_depth': 7, 'min_child_weight': 170, 'eval_metric': 'rmse'}. Best is trial 300 with value: 0.8424118081699078.
start listen on 192.168.1.101:48731
@tracker All of 1 nodes getting started
@tracker All nodes finishes job
Trial 318 finished with value: 0.8472444991142547 and parameters: {'objective': 'reg:squarederror', 'tree_method': 'gpu_hist', 'lambda': 0.30790522581154567, 'alpha': 0.06880417076788212, 'colsample_bytree': 0.3425206604278919, 'subsample': 0.8077954443367725, 'learning_rate': 0.042604523427583064, 'max_depth': 11, 'min_child_weight': 164, 'eval_metric': 'rmse'}. Best is trial 300 with value: 0.8424118081699078.
start listen on 192.168.1.101:39853
@tracker All of 1 nodes getting started
@tracker All nodes finishes job
Trial 319 finished with value: 0.8429317066212889 and parameters: {'objective': 'reg:squarederror', 'tree_method': 'gpu_hist', 'lambda': 0.7340587137772843, 'alpha': 0.004630685277797666, 'colsample_bytree': 0.37666976146960723, 'subsample': 0.8282714421704326, 'learning_rate': 0.046356809814195266, 'max_depth': 5, 'min_child_weight': 208, 'eval_metric': 'rmse'}. Best is trial 300 with value: 0.8424118081699078.
start listen on 192.168.1.101:36285
@tracker All of 1 nodes getting started
@tracker All nodes finishes job
Trial 320 finished with value: 0.8427926768605445 and parameters: {'objective': 'reg:squarederror', 'tree_method': 'gpu_hist', 'lambda': 0.5668290027500301, 'alpha': 0.0017544770240400076, 'colsample_bytree': 0.32517036854945985, 'subsample': 0.7850259618252733, 'learning_rate': 0.03763583780317059, 'max_depth': 5, 'min_child_weight': 177, 'eval_metric': 'rmse'}. Best is trial 300 with value: 0.8424118081699078.
start listen on 192.168.1.101:57649
@tracker All of 1 nodes getting started
@tracker All nodes finishes job
Trial 321 finished with value: 0.8445750649833772 and parameters: {'objective': 'reg:squarederror', 'tree_method': 'gpu_hist', 'lambda': 0.3770015083332753, 'alpha': 0.0021995997872269477, 'colsample_bytree': 0.3613007757617815, 'subsample': 0.7593568170404312, 'learning_rate': 0.041392432778066944, 'max_depth': 9, 'min_child_weight': 183, 'eval_metric': 'rmse'}. Best is trial 300 with value: 0.8424118081699078.
start listen on 192.168.1.101:45817
@tracker All of 1 nodes getting started
@tracker All nodes finishes job
Trial 322 finished with value: 0.8428501639567277 and parameters: {'objective': 'reg:squarederror', 'tree_method': 'gpu_hist', 'lambda': 0.26784699587937677, 'alpha': 0.0014881633003867635, 'colsample_bytree': 0.3433079990120757, 'subsample': 0.8011776520538841, 'learning_rate': 0.05420049565955185, 'max_depth': 5, 'min_child_weight': 147, 'eval_metric': 'rmse'}. Best is trial 300 with value: 0.8424118081699078.
start listen on 192.168.1.101:41089
@tracker All of 1 nodes getting started
@tracker All nodes finishes job
Trial 323 finished with value: 0.8428672414000086 and parameters: {'objective': 'reg:squarederror', 'tree_method': 'gpu_hist', 'lambda': 0.10673594671610387, 'alpha': 0.0011964288210326542, 'colsample_bytree': 0.31703321801823053, 'subsample': 0.7738453963871996, 'learning_rate': 0.04704377820070269, 'max_depth': 5, 'min_child_weight': 156, 'eval_metric': 'rmse'}. Best is trial 300 with value: 0.8424118081699078.
start listen on 192.168.1.101:35611
@tracker All of 1 nodes getting started
@tracker All nodes finishes job
Trial 324 finished with value: 0.8430212677204183 and parameters: {'objective': 'reg:squarederror', 'tree_method': 'gpu_hist', 'lambda': 0.48685440939726965, 'alpha': 0.0014354748422260918, 'colsample_bytree': 0.33611396244938474, 'subsample': 0.7881429050338784, 'learning_rate': 0.06211248633000272, 'max_depth': 5, 'min_child_weight': 186, 'eval_metric': 'rmse'}. Best is trial 300 with value: 0.8424118081699078.
start listen on 192.168.1.101:49167
@tracker All of 1 nodes getting started
@tracker All nodes finishes job
Trial 325 finished with value: 0.8515983805018766 and parameters: {'objective': 'reg:squarederror', 'tree_method': 'gpu_hist', 'lambda': 0.4024435299484253, 'alpha': 0.0019778649202219865, 'colsample_bytree': 0.3550081875287506, 'subsample': 0.7165117394077338, 'learning_rate': 0.05153947033356638, 'max_depth': 15, 'min_child_weight': 235, 'eval_metric': 'rmse'}. Best is trial 300 with value: 0.8424118081699078.
start listen on 192.168.1.101:52393
@tracker All of 1 nodes getting started
@tracker All nodes finishes job
Trial 326 finished with value: 0.8451078587125759 and parameters: {'objective': 'reg:squarederror', 'tree_method': 'gpu_hist', 'lambda': 0.6360518970887411, 'alpha': 0.0034824164762186065, 'colsample_bytree': 0.3230302264735092, 'subsample': 0.7349499093563312, 'learning_rate': 0.033315893687723315, 'max_depth': 3, 'min_child_weight': 281, 'eval_metric': 'rmse'}. Best is trial 300 with value: 0.8424118081699078.
start listen on 192.168.1.101:38859
@tracker All of 1 nodes getting started
@tracker All nodes finishes job
Trial 327 finished with value: 0.842778612733314 and parameters: {'objective': 'reg:squarederror', 'tree_method': 'gpu_hist', 'lambda': 0.3274907595970623, 'alpha': 0.0023675905552537793, 'colsample_bytree': 0.38818253191816243, 'subsample': 0.7781376543034496, 'learning_rate': 0.04242910970339561, 'max_depth': 5, 'min_child_weight': 172, 'eval_metric': 'rmse'}. Best is trial 300 with value: 0.8424118081699078.
start listen on 192.168.1.101:50199
@tracker All of 1 nodes getting started
@tracker All nodes finishes job
Trial 328 finished with value: 0.8427914307756371 and parameters: {'objective': 'reg:squarederror', 'tree_method': 'gpu_hist', 'lambda': 0.209930123083, 'alpha': 0.001687458761405884, 'colsample_bytree': 0.3437874456456765, 'subsample': 0.7522189653810327, 'learning_rate': 0.03703625505472672, 'max_depth': 5, 'min_child_weight': 163, 'eval_metric': 'rmse'}. Best is trial 300 with value: 0.8424118081699078.
start listen on 192.168.1.101:48223
@tracker All of 1 nodes getting started
@tracker All nodes finishes job
Trial 329 finished with value: 0.8433616637673085 and parameters: {'objective': 'reg:squarederror', 'tree_method': 'gpu_hist', 'lambda': 0.5063167318392143, 'alpha': 0.0012893488167728315, 'colsample_bytree': 0.3139298253493576, 'subsample': 0.8182656504371925, 'learning_rate': 0.06869617309987787, 'max_depth': 5, 'min_child_weight': 180, 'eval_metric': 'rmse'}. Best is trial 300 with value: 0.8424118081699078.
start listen on 192.168.1.101:46977
@tracker All of 1 nodes getting started
@tracker All nodes finishes job
Trial 330 finished with value: 0.8483604572028761 and parameters: {'objective': 'reg:squarederror', 'tree_method': 'gpu_hist', 'lambda': 0.41638504354756295, 'alpha': 0.0027775422469215353, 'colsample_bytree': 0.36961715817432295, 'subsample': 0.7977129681189628, 'learning_rate': 0.04499441651574039, 'max_depth': 13, 'min_child_weight': 204, 'eval_metric': 'rmse'}. Best is trial 300 with value: 0.8424118081699078.
start listen on 192.168.1.101:59655
@tracker All of 1 nodes getting started
@tracker All nodes finishes job
Trial 331 finished with value: 0.8425911981455684 and parameters: {'objective': 'reg:squarederror', 'tree_method': 'gpu_hist', 'lambda': 0.2808663577541786, 'alpha': 0.001187757173064428, 'colsample_bytree': 0.3308325357004828, 'subsample': 0.7654449253232363, 'learning_rate': 0.0394160716402458, 'max_depth': 5, 'min_child_weight': 168, 'eval_metric': 'rmse'}. Best is trial 300 with value: 0.8424118081699078.
start listen on 192.168.1.101:32971
@tracker All of 1 nodes getting started
@tracker All nodes finishes job
Trial 332 finished with value: 0.8427655585445955 and parameters: {'objective': 'reg:squarederror', 'tree_method': 'gpu_hist', 'lambda': 0.2492845653988863, 'alpha': 0.001003851605258209, 'colsample_bytree': 0.32936693510295245, 'subsample': 0.7627027915126928, 'learning_rate': 0.034860231277074674, 'max_depth': 5, 'min_child_weight': 152, 'eval_metric': 'rmse'}. Best is trial 300 with value: 0.8424118081699078.
start listen on 192.168.1.101:46639
@tracker All of 1 nodes getting started
@tracker All nodes finishes job
Trial 333 finished with value: 0.8428481775850747 and parameters: {'objective': 'reg:squarederror', 'tree_method': 'gpu_hist', 'lambda': 0.17234916554572083, 'alpha': 0.001202437419967806, 'colsample_bytree': 0.3132670048815218, 'subsample': 0.7472044004509081, 'learning_rate': 0.03926834979900501, 'max_depth': 5, 'min_child_weight': 175, 'eval_metric': 'rmse'}. Best is trial 300 with value: 0.8424118081699078.
start listen on 192.168.1.101:38767
@tracker All of 1 nodes getting started
@tracker All nodes finishes job
Trial 334 finished with value: 0.8427281660717472 and parameters: {'objective': 'reg:squarederror', 'tree_method': 'gpu_hist', 'lambda': 0.2910443212408908, 'alpha': 0.0013776524214688599, 'colsample_bytree': 0.32884708564042514, 'subsample': 0.7652486024632024, 'learning_rate': 0.0406624257562413, 'max_depth': 5, 'min_child_weight': 212, 'eval_metric': 'rmse'}. Best is trial 300 with value: 0.8424118081699078.
start listen on 192.168.1.101:60695
@tracker All of 1 nodes getting started
@tracker All nodes finishes job
Trial 335 finished with value: 0.8494815291822783 and parameters: {'objective': 'reg:squarederror', 'tree_method': 'gpu_hist', 'lambda': 0.3496001701032716, 'alpha': 0.001759541770073262, 'colsample_bytree': 0.34501535278418044, 'subsample': 0.7763303295670003, 'learning_rate': 0.03795779432854903, 'max_depth': 17, 'min_child_weight': 189, 'eval_metric': 'rmse'}. Best is trial 300 with value: 0.8424118081699078.
start listen on 192.168.1.101:42297
@tracker All of 1 nodes getting started
@tracker All nodes finishes job
