A new study created in RDB with name: feb_2021_test_1000
Start optimization.
start listen on 192.168.1.101:43719
@tracker All of 1 nodes getting started
@tracker All nodes finishes job
Trial 0 finished with value: 1.7945756608196233 and parameters: {'objective': 'reg:squarederror', 'tree_method': 'gpu_hist', 'lambda': 0.047432160925521126, 'alpha': 0.7732623891889455, 'colsample_bytree': 0.530876310029788, 'subsample': 0.5082055683806704, 'learning_rate': 0.0014840792910390727, 'max_depth': 20, 'min_child_weight': 101, 'eval_metric': 'rmse'}. Best is trial 0 with value: 1.7945756608196233.
start listen on 192.168.1.101:45515
@tracker All of 1 nodes getting started
@tracker All nodes finishes job
Trial 1 finished with value: 0.8652326642787499 and parameters: {'objective': 'reg:squarederror', 'tree_method': 'gpu_hist', 'lambda': 0.21378922493578767, 'alpha': 0.7643182939003731, 'colsample_bytree': 0.31496414323726735, 'subsample': 0.655973950924007, 'learning_rate': 0.05350471699072771, 'max_depth': 20, 'min_child_weight': 14, 'eval_metric': 'rmse'}. Best is trial 1 with value: 0.8652326642787499.
start listen on 192.168.1.101:46365
@tracker All of 1 nodes getting started
@tracker All nodes finishes job
Trial 2 finished with value: 0.8530295885492731 and parameters: {'objective': 'reg:squarederror', 'tree_method': 'gpu_hist', 'lambda': 0.6634121128636431, 'alpha': 0.21874011510725394, 'colsample_bytree': 0.36574397325032615, 'subsample': 0.9483403945085312, 'learning_rate': 0.010619599474038273, 'max_depth': 3, 'min_child_weight': 122, 'eval_metric': 'rmse'}. Best is trial 2 with value: 0.8530295885492731.
start listen on 192.168.1.101:57273
@tracker All of 1 nodes getting started
@tracker All nodes finishes job
Trial 3 finished with value: 0.8530278522506106 and parameters: {'objective': 'reg:squarederror', 'tree_method': 'gpu_hist', 'lambda': 0.4013221511813971, 'alpha': 0.2713653409822488, 'colsample_bytree': 0.47929806957829446, 'subsample': 0.40727613692347797, 'learning_rate': 0.03270672503153136, 'max_depth': 15, 'min_child_weight': 72, 'eval_metric': 'rmse'}. Best is trial 3 with value: 0.8530278522506106.
start listen on 192.168.1.101:56519
@tracker All of 1 nodes getting started
@tracker All nodes finishes job
Trial 4 finished with value: 0.9892287909180401 and parameters: {'objective': 'reg:squarederror', 'tree_method': 'gpu_hist', 'lambda': 0.00152886772275505, 'alpha': 8.008516286816718, 'colsample_bytree': 0.8747885770836108, 'subsample': 0.8031371763024512, 'learning_rate': 0.0026435054580183585, 'max_depth': 13, 'min_child_weight': 19, 'eval_metric': 'rmse'}. Best is trial 3 with value: 0.8530278522506106.
start listen on 192.168.1.101:60897
@tracker All of 1 nodes getting started
@tracker All nodes finishes job
Trial 5 finished with value: 0.8549678007243998 and parameters: {'objective': 'reg:squarederror', 'tree_method': 'gpu_hist', 'lambda': 0.06274956706316823, 'alpha': 0.07645696575868804, 'colsample_bytree': 0.44835073690510274, 'subsample': 0.4300744809692136, 'learning_rate': 0.029246049340231443, 'max_depth': 20, 'min_child_weight': 74, 'eval_metric': 'rmse'}. Best is trial 3 with value: 0.8530278522506106.
start listen on 192.168.1.101:53725
@tracker All of 1 nodes getting started
@tracker All nodes finishes job
Trial 6 finished with value: 0.8444253725955864 and parameters: {'objective': 'reg:squarederror', 'tree_method': 'gpu_hist', 'lambda': 0.1830362742210471, 'alpha': 0.1328492191275211, 'colsample_bytree': 0.8887584996366573, 'subsample': 0.5043309842611847, 'learning_rate': 0.06903410749616319, 'max_depth': 5, 'min_child_weight': 286, 'eval_metric': 'rmse'}. Best is trial 6 with value: 0.8444253725955864.
start listen on 192.168.1.101:47549
@tracker All of 1 nodes getting started
@tracker All nodes finishes job
Trial 7 finished with value: 1.384696065851597 and parameters: {'objective': 'reg:squarederror', 'tree_method': 'gpu_hist', 'lambda': 0.002661055740433567, 'alpha': 0.5926283181548768, 'colsample_bytree': 0.3361776043928002, 'subsample': 0.5441030599165337, 'learning_rate': 0.0018553335655023197, 'max_depth': 9, 'min_child_weight': 216, 'eval_metric': 'rmse'}. Best is trial 6 with value: 0.8444253725955864.
start listen on 192.168.1.101:57201
@tracker All of 1 nodes getting started
@tracker All nodes finishes job
Trial 8 finished with value: 0.8446852204287567 and parameters: {'objective': 'reg:squarederror', 'tree_method': 'gpu_hist', 'lambda': 0.10716499491549382, 'alpha': 1.7850286743855552, 'colsample_bytree': 0.9905213621184636, 'subsample': 0.967280127353034, 'learning_rate': 0.03423982483735926, 'max_depth': 7, 'min_child_weight': 35, 'eval_metric': 'rmse'}. Best is trial 6 with value: 0.8444253725955864.
start listen on 192.168.1.101:55335
@tracker All of 1 nodes getting started
@tracker All nodes finishes job
Trial 9 finished with value: 0.8432564684807332 and parameters: {'objective': 'reg:squarederror', 'tree_method': 'gpu_hist', 'lambda': 0.6800996275197497, 'alpha': 2.98489252188166, 'colsample_bytree': 0.7335971286000322, 'subsample': 0.4565543686123925, 'learning_rate': 0.03158594700178194, 'max_depth': 5, 'min_child_weight': 75, 'eval_metric': 'rmse'}. Best is trial 9 with value: 0.8432564684807332.
start listen on 192.168.1.101:45623
@tracker All of 1 nodes getting started
@tracker All nodes finishes job
Trial 10 finished with value: 0.848925961919107 and parameters: {'objective': 'reg:squarederror', 'tree_method': 'gpu_hist', 'lambda': 6.147707635972153, 'alpha': 0.0062772373824119205, 'colsample_bytree': 0.7080882985162075, 'subsample': 0.6813470075593651, 'learning_rate': 0.008826733628390055, 'max_depth': 5, 'min_child_weight': 177, 'eval_metric': 'rmse'}. Best is trial 9 with value: 0.8432564684807332.
start listen on 192.168.1.101:60701
@tracker All of 1 nodes getting started
@tracker All nodes finishes job
Trial 11 finished with value: 0.84640945459586 and parameters: {'objective': 'reg:squarederror', 'tree_method': 'gpu_hist', 'lambda': 1.7765707880048118, 'alpha': 0.025616637683129606, 'colsample_bytree': 0.7225600034786546, 'subsample': 0.5569049892528538, 'learning_rate': 0.09610459238914182, 'max_depth': 5, 'min_child_weight': 291, 'eval_metric': 'rmse'}. Best is trial 9 with value: 0.8432564684807332.
start listen on 192.168.1.101:56719
@tracker All of 1 nodes getting started
@tracker All nodes finishes job
Trial 12 finished with value: 0.8434432129672789 and parameters: {'objective': 'reg:squarederror', 'tree_method': 'gpu_hist', 'lambda': 0.009101120169092675, 'alpha': 8.717507508001976, 'colsample_bytree': 0.8230365037896294, 'subsample': 0.5994656627325091, 'learning_rate': 0.01377960182420826, 'max_depth': 11, 'min_child_weight': 266, 'eval_metric': 'rmse'}. Best is trial 9 with value: 0.8432564684807332.
start listen on 192.168.1.101:37871
@tracker All of 1 nodes getting started
@tracker All nodes finishes job
Trial 13 finished with value: 0.8435694094684392 and parameters: {'objective': 'reg:squarederror', 'tree_method': 'gpu_hist', 'lambda': 0.009139735816764869, 'alpha': 9.355551262802123, 'colsample_bytree': 0.7877968945838705, 'subsample': 0.6207548811692314, 'learning_rate': 0.012060804172657438, 'max_depth': 11, 'min_child_weight': 214, 'eval_metric': 'rmse'}. Best is trial 9 with value: 0.8432564684807332.
start listen on 192.168.1.101:52587
@tracker All of 1 nodes getting started
@tracker All nodes finishes job
Trial 14 finished with value: 0.8466686569385707 and parameters: {'objective': 'reg:squarederror', 'tree_method': 'gpu_hist', 'lambda': 0.016608637934750335, 'alpha': 4.14793528886141, 'colsample_bytree': 0.6184001662275228, 'subsample': 0.7849897240050093, 'learning_rate': 0.005749979840818045, 'max_depth': 11, 'min_child_weight': 160, 'eval_metric': 'rmse'}. Best is trial 9 with value: 0.8432564684807332.
start listen on 192.168.1.101:42833
@tracker All of 1 nodes getting started
@tracker All nodes finishes job
Trial 15 finished with value: 0.845275780434081 and parameters: {'objective': 'reg:squarederror', 'tree_method': 'gpu_hist', 'lambda': 0.00845918306077578, 'alpha': 2.7312832751187046, 'colsample_bytree': 0.8401601029501172, 'subsample': 0.7826787519427083, 'learning_rate': 0.0165979504669529, 'max_depth': 17, 'min_child_weight': 244, 'eval_metric': 'rmse'}. Best is trial 9 with value: 0.8432564684807332.
start listen on 192.168.1.101:46043
@tracker All of 1 nodes getting started
@tracker All nodes finishes job
Trial 16 finished with value: 0.865682221154105 and parameters: {'objective': 'reg:squarederror', 'tree_method': 'gpu_hist', 'lambda': 1.5052936435374034, 'alpha': 0.0028946394079589965, 'colsample_bytree': 0.6125181661149085, 'subsample': 0.6063211757571881, 'learning_rate': 0.003715774238040158, 'max_depth': 11, 'min_child_weight': 130, 'eval_metric': 'rmse'}. Best is trial 9 with value: 0.8432564684807332.
start listen on 192.168.1.101:53523
@tracker All of 1 nodes getting started
@tracker All nodes finishes job
Trial 17 finished with value: 0.85367814259983 and parameters: {'objective': 'reg:squarederror', 'tree_method': 'gpu_hist', 'lambda': 0.032764128059710636, 'alpha': 1.7356142605919072, 'colsample_bytree': 0.9790460845716289, 'subsample': 0.4624275455466859, 'learning_rate': 0.02269082997801786, 'max_depth': 17, 'min_child_weight': 60, 'eval_metric': 'rmse'}. Best is trial 9 with value: 0.8432564684807332.
start listen on 192.168.1.101:59887
@tracker All of 1 nodes getting started
@tracker All nodes finishes job
Trial 18 finished with value: 0.8483165294944246 and parameters: {'objective': 'reg:squarederror', 'tree_method': 'gpu_hist', 'lambda': 6.175719418541247, 'alpha': 0.04352407932010174, 'colsample_bytree': 0.7647238157952817, 'subsample': 0.746895897114329, 'learning_rate': 0.005574867077760154, 'max_depth': 9, 'min_child_weight': 253, 'eval_metric': 'rmse'}. Best is trial 9 with value: 0.8432564684807332.
start listen on 192.168.1.101:51379
@tracker All of 1 nodes getting started
@tracker All nodes finishes job
Trial 19 finished with value: 0.8449176590014018 and parameters: {'objective': 'reg:squarederror', 'tree_method': 'gpu_hist', 'lambda': 0.005181989724735287, 'alpha': 4.392147984847678, 'colsample_bytree': 0.6756252129367029, 'subsample': 0.8552958856715953, 'learning_rate': 0.01717834812982034, 'max_depth': 15, 'min_child_weight': 185, 'eval_metric': 'rmse'}. Best is trial 9 with value: 0.8432564684807332.
start listen on 192.168.1.101:58159
@tracker All of 1 nodes getting started
@tracker All nodes finishes job
Trial 20 finished with value: 0.8563732879518399 and parameters: {'objective': 'reg:squarederror', 'tree_method': 'gpu_hist', 'lambda': 1.1567460867546293, 'alpha': 9.847668455093364, 'colsample_bytree': 0.926410499042883, 'subsample': 0.5835064234902104, 'learning_rate': 0.007010906527010067, 'max_depth': 3, 'min_child_weight': 142, 'eval_metric': 'rmse'}. Best is trial 9 with value: 0.8432564684807332.
start listen on 192.168.1.101:52531
@tracker All of 1 nodes getting started
@tracker All nodes finishes job
Trial 21 finished with value: 0.8435185102130333 and parameters: {'objective': 'reg:squarederror', 'tree_method': 'gpu_hist', 'lambda': 0.019381649683892582, 'alpha': 9.53605561983399, 'colsample_bytree': 0.7959320609671812, 'subsample': 0.6281011307384964, 'learning_rate': 0.015890633704736614, 'max_depth': 11, 'min_child_weight': 216, 'eval_metric': 'rmse'}. Best is trial 9 with value: 0.8432564684807332.
start listen on 192.168.1.101:57661
@tracker All of 1 nodes getting started
@tracker All nodes finishes job
Trial 22 finished with value: 0.8503630882898779 and parameters: {'objective': 'reg:squarederror', 'tree_method': 'gpu_hist', 'lambda': 0.02209869809780125, 'alpha': 1.3965154555649775, 'colsample_bytree': 0.8044526764161742, 'subsample': 0.7166384276989956, 'learning_rate': 0.05019480896910983, 'max_depth': 11, 'min_child_weight': 246, 'eval_metric': 'rmse'}. Best is trial 9 with value: 0.8432564684807332.
start listen on 192.168.1.101:57329
@tracker All of 1 nodes getting started
@tracker All nodes finishes job
Trial 23 finished with value: 0.8433532545972162 and parameters: {'objective': 'reg:squarederror', 'tree_method': 'gpu_hist', 'lambda': 0.0039391009694540275, 'alpha': 5.012686703106491, 'colsample_bytree': 0.7427362099278756, 'subsample': 0.4784031027151574, 'learning_rate': 0.015642908785773034, 'max_depth': 11, 'min_child_weight': 206, 'eval_metric': 'rmse'}. Best is trial 9 with value: 0.8432564684807332.
start listen on 192.168.1.101:37513
@tracker All of 1 nodes getting started
@tracker All nodes finishes job
Trial 24 finished with value: 0.8446285629621126 and parameters: {'objective': 'reg:squarederror', 'tree_method': 'gpu_hist', 'lambda': 0.0028969811691246065, 'alpha': 3.7921970411467014, 'colsample_bytree': 0.5849239096947237, 'subsample': 0.46885634861614894, 'learning_rate': 0.02391386293647469, 'max_depth': 13, 'min_child_weight': 268, 'eval_metric': 'rmse'}. Best is trial 9 with value: 0.8432564684807332.
start listen on 192.168.1.101:44859
@tracker All of 1 nodes getting started
@tracker All nodes finishes job
Trial 25 finished with value: 0.8442583763818585 and parameters: {'objective': 'reg:squarederror', 'tree_method': 'gpu_hist', 'lambda': 0.0010002921921240613, 'alpha': 1.1631407689225863, 'colsample_bytree': 0.7314229393585637, 'subsample': 0.5033995384232458, 'learning_rate': 0.038657680411413486, 'max_depth': 7, 'min_child_weight': 196, 'eval_metric': 'rmse'}. Best is trial 9 with value: 0.8432564684807332.
start listen on 192.168.1.101:51407
@tracker All of 1 nodes getting started
@tracker All nodes finishes job
Trial 26 finished with value: 0.8457510625438701 and parameters: {'objective': 'reg:squarederror', 'tree_method': 'gpu_hist', 'lambda': 0.0044981617576088555, 'alpha': 4.093796087937014, 'colsample_bytree': 0.6711003241992552, 'subsample': 0.5476379527340731, 'learning_rate': 0.013422772736348357, 'max_depth': 5, 'min_child_weight': 107, 'eval_metric': 'rmse'}. Best is trial 9 with value: 0.8432564684807332.
start listen on 192.168.1.101:42323
@tracker All of 1 nodes getting started
@tracker All nodes finishes job
Trial 27 finished with value: 0.84561659224513 and parameters: {'objective': 'reg:squarederror', 'tree_method': 'gpu_hist', 'lambda': 0.010398389676361926, 'alpha': 0.014109692168862958, 'colsample_bytree': 0.844667879535655, 'subsample': 0.4481291368507511, 'learning_rate': 0.022765927076809384, 'max_depth': 11, 'min_child_weight': 161, 'eval_metric': 'rmse'}. Best is trial 9 with value: 0.8432564684807332.
start listen on 192.168.1.101:46987
@tracker All of 1 nodes getting started
@tracker All nodes finishes job
Trial 28 finished with value: 0.8445348662482342 and parameters: {'objective': 'reg:squarederror', 'tree_method': 'gpu_hist', 'lambda': 2.526733122804913, 'alpha': 0.3954553963486126, 'colsample_bytree': 0.7378891354793635, 'subsample': 0.4114866673752618, 'learning_rate': 0.00772078358496344, 'max_depth': 11, 'min_child_weight': 269, 'eval_metric': 'rmse'}. Best is trial 9 with value: 0.8432564684807332.
start listen on 192.168.1.101:33903
@tracker All of 1 nodes getting started
@tracker All nodes finishes job
Trial 29 finished with value: 2.5229618157563554 and parameters: {'objective': 'reg:squarederror', 'tree_method': 'gpu_hist', 'lambda': 0.05490883125498941, 'alpha': 0.0011152394301922176, 'colsample_bytree': 0.5207441001010074, 'subsample': 0.4999632640427275, 'learning_rate': 0.0010766285882443025, 'max_depth': 5, 'min_child_weight': 227, 'eval_metric': 'rmse'}. Best is trial 9 with value: 0.8432564684807332.
start listen on 192.168.1.101:51511
@tracker All of 1 nodes getting started
@tracker All nodes finishes job
Trial 30 finished with value: 0.8591371103327209 and parameters: {'objective': 'reg:squarederror', 'tree_method': 'gpu_hist', 'lambda': 0.5750709685579817, 'alpha': 2.505015381943543, 'colsample_bytree': 0.9207343377705746, 'subsample': 0.571038316823155, 'learning_rate': 0.00397848292272651, 'max_depth': 11, 'min_child_weight': 95, 'eval_metric': 'rmse'}. Best is trial 9 with value: 0.8432564684807332.
start listen on 192.168.1.101:60453
@tracker All of 1 nodes getting started
@tracker All nodes finishes job
Trial 31 finished with value: 0.8434495344815971 and parameters: {'objective': 'reg:squarederror', 'tree_method': 'gpu_hist', 'lambda': 0.016020326578570603, 'alpha': 8.015702981381281, 'colsample_bytree': 0.8061835155641242, 'subsample': 0.611691091225986, 'learning_rate': 0.015540213439180262, 'max_depth': 11, 'min_child_weight': 197, 'eval_metric': 'rmse'}. Best is trial 9 with value: 0.8432564684807332.
start listen on 192.168.1.101:51449
@tracker All of 1 nodes getting started
@tracker All nodes finishes job
Trial 32 finished with value: 0.8442258431598294 and parameters: {'objective': 'reg:squarederror', 'tree_method': 'gpu_hist', 'lambda': 0.0042703769447270355, 'alpha': 0.7448225104704826, 'colsample_bytree': 0.8294420563932475, 'subsample': 0.659167636875342, 'learning_rate': 0.019886485836229366, 'max_depth': 11, 'min_child_weight': 197, 'eval_metric': 'rmse'}. Best is trial 9 with value: 0.8432564684807332.
start listen on 192.168.1.101:40931
@tracker All of 1 nodes getting started
@tracker All nodes finishes job
Trial 33 finished with value: 0.8435417988505461 and parameters: {'objective': 'reg:squarederror', 'tree_method': 'gpu_hist', 'lambda': 0.10029390116242816, 'alpha': 5.533837412033058, 'colsample_bytree': 0.7611640457550142, 'subsample': 0.5368586881239495, 'learning_rate': 0.011761328207979663, 'max_depth': 11, 'min_child_weight': 172, 'eval_metric': 'rmse'}. Best is trial 9 with value: 0.8432564684807332.
start listen on 192.168.1.101:44705
@tracker All of 1 nodes getting started
@tracker All nodes finishes job
Trial 34 finished with value: 0.8616482435902718 and parameters: {'objective': 'reg:squarederror', 'tree_method': 'gpu_hist', 'lambda': 0.2973065257708111, 'alpha': 2.577071500858605, 'colsample_bytree': 0.6844179446616921, 'subsample': 0.4812503152937015, 'learning_rate': 0.05288054777550407, 'max_depth': 20, 'min_child_weight': 231, 'eval_metric': 'rmse'}. Best is trial 9 with value: 0.8432564684807332.
start listen on 192.168.1.101:57113
@tracker All of 1 nodes getting started
@tracker All nodes finishes job
Trial 35 finished with value: 0.8533464993613752 and parameters: {'objective': 'reg:squarederror', 'tree_method': 'gpu_hist', 'lambda': 0.001764548519693122, 'alpha': 1.1534213314917734, 'colsample_bytree': 0.6432801904801154, 'subsample': 0.6014659402351097, 'learning_rate': 0.009645673872212563, 'max_depth': 3, 'min_child_weight': 201, 'eval_metric': 'rmse'}. Best is trial 9 with value: 0.8432564684807332.
start listen on 192.168.1.101:60591
@tracker All of 1 nodes getting started
@tracker All nodes finishes job
Trial 36 finished with value: 0.8604287482284931 and parameters: {'objective': 'reg:squarederror', 'tree_method': 'gpu_hist', 'lambda': 0.041740150744332016, 'alpha': 6.091567650217854, 'colsample_bytree': 0.8787319011415451, 'subsample': 0.6516719245573118, 'learning_rate': 0.04165995994328624, 'max_depth': 15, 'min_child_weight': 47, 'eval_metric': 'rmse'}. Best is trial 9 with value: 0.8432564684807332.
start listen on 192.168.1.101:36859
@tracker All of 1 nodes getting started
@tracker All nodes finishes job
Trial 37 finished with value: 0.8467633550992026 and parameters: {'objective': 'reg:squarederror', 'tree_method': 'gpu_hist', 'lambda': 0.013240541768612077, 'alpha': 0.2081023756784589, 'colsample_bytree': 0.9243432033971634, 'subsample': 0.5195427911904449, 'learning_rate': 0.027750760824279096, 'max_depth': 13, 'min_child_weight': 300, 'eval_metric': 'rmse'}. Best is trial 9 with value: 0.8432564684807332.
start listen on 192.168.1.101:42773
@tracker All of 1 nodes getting started
@tracker All nodes finishes job
Trial 38 finished with value: 0.8433591589951019 and parameters: {'objective': 'reg:squarederror', 'tree_method': 'gpu_hist', 'lambda': 0.16629280161812346, 'alpha': 5.823759382766477, 'colsample_bytree': 0.8089454526086343, 'subsample': 0.436809028953236, 'learning_rate': 0.014784683143766403, 'max_depth': 9, 'min_child_weight': 101, 'eval_metric': 'rmse'}. Best is trial 9 with value: 0.8432564684807332.
start listen on 192.168.1.101:35767
@tracker All of 1 nodes getting started
@tracker All nodes finishes job
Trial 39 finished with value: 0.8579497185539626 and parameters: {'objective': 'reg:squarederror', 'tree_method': 'gpu_hist', 'lambda': 0.24746914584713522, 'alpha': 2.6410188298500685, 'colsample_bytree': 0.5776384400775902, 'subsample': 0.4110537974192055, 'learning_rate': 0.0728142690580218, 'max_depth': 9, 'min_child_weight': 84, 'eval_metric': 'rmse'}. Best is trial 9 with value: 0.8432564684807332.
start listen on 192.168.1.101:35025
@tracker All of 1 nodes getting started
@tracker All nodes finishes job
Trial 40 finished with value: 0.8489678169880955 and parameters: {'objective': 'reg:squarederror', 'tree_method': 'gpu_hist', 'lambda': 0.14041668766191012, 'alpha': 0.7261363960832588, 'colsample_bytree': 0.7657216030817965, 'subsample': 0.4240320727704018, 'learning_rate': 0.030338696259816268, 'max_depth': 9, 'min_child_weight': 5, 'eval_metric': 'rmse'}. Best is trial 9 with value: 0.8432564684807332.
start listen on 192.168.1.101:56627
@tracker All of 1 nodes getting started
@tracker All nodes finishes job
Trial 41 finished with value: 0.8433853420450376 and parameters: {'objective': 'reg:squarederror', 'tree_method': 'gpu_hist', 'lambda': 0.603392927531717, 'alpha': 6.166465694333788, 'colsample_bytree': 0.814532309673125, 'subsample': 0.44622072556099623, 'learning_rate': 0.014604486453206467, 'max_depth': 9, 'min_child_weight': 103, 'eval_metric': 'rmse'}. Best is trial 9 with value: 0.8432564684807332.
start listen on 192.168.1.101:52309
@tracker All of 1 nodes getting started
@tracker All nodes finishes job
