Trial 629 finished with value: 0.8429933732880404 and parameters: {'objective': 'reg:squarederror', 'tree_method': 'gpu_hist', 'lambda': 0.2864933681211679, 'alpha': 0.17823081597866877, 'colsample_bytree': 0.3224825537420487, 'subsample': 0.5633830269957476, 'learning_rate': 0.05379077544956818, 'max_depth': 5, 'min_child_weight': 213, 'eval_metric': 'rmse'}. Best is trial 600 with value: 0.8424085765440747.
start listen on 192.168.1.101:57973
@tracker All of 1 nodes getting started
@tracker All nodes finishes job
Trial 630 finished with value: 0.8427054007051868 and parameters: {'objective': 'reg:squarederror', 'tree_method': 'gpu_hist', 'lambda': 0.4192867764597687, 'alpha': 0.007264027470268235, 'colsample_bytree': 0.3362545091526834, 'subsample': 0.8037514826074663, 'learning_rate': 0.04687116230109669, 'max_depth': 5, 'min_child_weight': 201, 'eval_metric': 'rmse'}. Best is trial 600 with value: 0.8424085765440747.
start listen on 192.168.1.101:37143
@tracker All of 1 nodes getting started
@tracker All nodes finishes job
Trial 631 finished with value: 0.8427526990371281 and parameters: {'objective': 'reg:squarederror', 'tree_method': 'gpu_hist', 'lambda': 0.7769869254330579, 'alpha': 0.0021786184749732593, 'colsample_bytree': 0.36266125939071525, 'subsample': 0.8451216182510188, 'learning_rate': 0.039591140333799284, 'max_depth': 5, 'min_child_weight': 163, 'eval_metric': 'rmse'}. Best is trial 600 with value: 0.8424085765440747.
start listen on 192.168.1.101:48861
@tracker All of 1 nodes getting started
@tracker All nodes finishes job
Trial 632 finished with value: 0.8523445660700348 and parameters: {'objective': 'reg:squarederror', 'tree_method': 'gpu_hist', 'lambda': 0.5042630415066104, 'alpha': 0.0015800470877009496, 'colsample_bytree': 0.300062114547858, 'subsample': 0.784472075063567, 'learning_rate': 0.0425202344860931, 'max_depth': 20, 'min_child_weight': 189, 'eval_metric': 'rmse'}. Best is trial 600 with value: 0.8424085765440747.
start listen on 192.168.1.101:35283
@tracker All of 1 nodes getting started
@tracker All nodes finishes job
Trial 633 finished with value: 0.8437801332838083 and parameters: {'objective': 'reg:squarederror', 'tree_method': 'gpu_hist', 'lambda': 0.20003116138011792, 'alpha': 0.004985346936948416, 'colsample_bytree': 0.31721659501428207, 'subsample': 0.8150895940532106, 'learning_rate': 0.07730124481420421, 'max_depth': 5, 'min_child_weight': 180, 'eval_metric': 'rmse'}. Best is trial 600 with value: 0.8424085765440747.
start listen on 192.168.1.101:40797
@tracker All of 1 nodes getting started
@tracker All nodes finishes job
Trial 634 finished with value: 0.8428074336294518 and parameters: {'objective': 'reg:squarederror', 'tree_method': 'gpu_hist', 'lambda': 0.34406720403700136, 'alpha': 0.0012465602133974274, 'colsample_bytree': 0.34813871168467314, 'subsample': 0.7330417371721756, 'learning_rate': 0.04799855201516805, 'max_depth': 5, 'min_child_weight': 171, 'eval_metric': 'rmse'}. Best is trial 600 with value: 0.8424085765440747.
start listen on 192.168.1.101:48289
@tracker All of 1 nodes getting started
@tracker All nodes finishes job
Trial 635 finished with value: 0.8426518812670988 and parameters: {'objective': 'reg:squarederror', 'tree_method': 'gpu_hist', 'lambda': 0.3991319952977214, 'alpha': 0.0018919980164183667, 'colsample_bytree': 0.33447150446029683, 'subsample': 0.7758578802035696, 'learning_rate': 0.03411923554810409, 'max_depth': 5, 'min_child_weight': 208, 'eval_metric': 'rmse'}. Best is trial 600 with value: 0.8424085765440747.
start listen on 192.168.1.101:47799
@tracker All of 1 nodes getting started
@tracker All nodes finishes job
Trial 636 finished with value: 0.8426890239354383 and parameters: {'objective': 'reg:squarederror', 'tree_method': 'gpu_hist', 'lambda': 0.26203333831622694, 'alpha': 0.0013726065755884954, 'colsample_bytree': 0.3234661758675688, 'subsample': 0.6902772711078788, 'learning_rate': 0.05383425555136631, 'max_depth': 5, 'min_child_weight': 197, 'eval_metric': 'rmse'}. Best is trial 600 with value: 0.8424085765440747.
start listen on 192.168.1.101:56803
@tracker All of 1 nodes getting started
@tracker All nodes finishes job
Trial 637 finished with value: 0.8427156310844707 and parameters: {'objective': 'reg:squarederror', 'tree_method': 'gpu_hist', 'lambda': 0.5889104182182987, 'alpha': 0.0011249348526339866, 'colsample_bytree': 0.35441259368650524, 'subsample': 0.7961029478130007, 'learning_rate': 0.03806871157354749, 'max_depth': 5, 'min_child_weight': 184, 'eval_metric': 'rmse'}. Best is trial 600 with value: 0.8424085765440747.
start listen on 192.168.1.101:60093
@tracker All of 1 nodes getting started
@tracker All nodes finishes job
Trial 638 finished with value: 0.8436895486093207 and parameters: {'objective': 'reg:squarederror', 'tree_method': 'gpu_hist', 'lambda': 0.47183518923156853, 'alpha': 0.001626084828804255, 'colsample_bytree': 0.39382488120769144, 'subsample': 0.7869605068332015, 'learning_rate': 0.044383588097376615, 'max_depth': 7, 'min_child_weight': 191, 'eval_metric': 'rmse'}. Best is trial 600 with value: 0.8424085765440747.
start listen on 192.168.1.101:42315
@tracker All of 1 nodes getting started
@tracker All nodes finishes job
Trial 639 finished with value: 0.8434901724306871 and parameters: {'objective': 'reg:squarederror', 'tree_method': 'gpu_hist', 'lambda': 0.31625142729583405, 'alpha': 0.43965453521180065, 'colsample_bytree': 0.6772426766202746, 'subsample': 0.7592280272547687, 'learning_rate': 0.05080395862734048, 'max_depth': 5, 'min_child_weight': 158, 'eval_metric': 'rmse'}. Best is trial 600 with value: 0.8424085765440747.
start listen on 192.168.1.101:60229
@tracker All of 1 nodes getting started
@tracker All nodes finishes job
Trial 640 finished with value: 0.8425932455774966 and parameters: {'objective': 'reg:squarederror', 'tree_method': 'gpu_hist', 'lambda': 0.37803293743961974, 'alpha': 0.0659114595373249, 'colsample_bytree': 0.3110995952805388, 'subsample': 0.8223006658449508, 'learning_rate': 0.04055531194928669, 'max_depth': 5, 'min_child_weight': 180, 'eval_metric': 'rmse'}. Best is trial 600 with value: 0.8424085765440747.
start listen on 192.168.1.101:48561
@tracker All of 1 nodes getting started
@tracker All nodes finishes job
Trial 641 finished with value: 0.8426953473493062 and parameters: {'objective': 'reg:squarederror', 'tree_method': 'gpu_hist', 'lambda': 0.0509992661171791, 'alpha': 0.014661675424479787, 'colsample_bytree': 0.37296538488946074, 'subsample': 0.8098042813960359, 'learning_rate': 0.057597000754051046, 'max_depth': 5, 'min_child_weight': 144, 'eval_metric': 'rmse'}. Best is trial 600 with value: 0.8424085765440747.
start listen on 192.168.1.101:33541
@tracker All of 1 nodes getting started
@tracker All nodes finishes job
Trial 642 finished with value: 0.8506400619845363 and parameters: {'objective': 'reg:squarederror', 'tree_method': 'gpu_hist', 'lambda': 0.7032172648343167, 'alpha': 0.001182074242453294, 'colsample_bytree': 0.3396382822586074, 'subsample': 0.777685861181782, 'learning_rate': 0.06561160191872197, 'max_depth': 11, 'min_child_weight': 202, 'eval_metric': 'rmse'}. Best is trial 600 with value: 0.8424085765440747.
start listen on 192.168.1.101:38399
@tracker All of 1 nodes getting started
@tracker All nodes finishes job
Trial 643 finished with value: 0.8426698303215004 and parameters: {'objective': 'reg:squarederror', 'tree_method': 'gpu_hist', 'lambda': 0.5079751667225807, 'alpha': 0.002262487408273056, 'colsample_bytree': 0.32816892339526776, 'subsample': 0.7998205414822646, 'learning_rate': 0.044607531840191256, 'max_depth': 5, 'min_child_weight': 174, 'eval_metric': 'rmse'}. Best is trial 600 with value: 0.8424085765440747.
start listen on 192.168.1.101:37883
@tracker All of 1 nodes getting started
@tracker All nodes finishes job
Trial 644 finished with value: 0.8432701433605628 and parameters: {'objective': 'reg:squarederror', 'tree_method': 'gpu_hist', 'lambda': 0.09608211020540441, 'alpha': 0.001436517121664453, 'colsample_bytree': 0.3105592326344942, 'subsample': 0.763962021554802, 'learning_rate': 0.03119047809460093, 'max_depth': 9, 'min_child_weight': 187, 'eval_metric': 'rmse'}. Best is trial 600 with value: 0.8424085765440747.
start listen on 192.168.1.101:52943
@tracker All of 1 nodes getting started
@tracker All nodes finishes job
Trial 645 finished with value: 0.8427347930833483 and parameters: {'objective': 'reg:squarederror', 'tree_method': 'gpu_hist', 'lambda': 0.28956624005931303, 'alpha': 0.001746101611875588, 'colsample_bytree': 0.34548417368880857, 'subsample': 0.7893026878939668, 'learning_rate': 0.048593059062190795, 'max_depth': 5, 'min_child_weight': 219, 'eval_metric': 'rmse'}. Best is trial 600 with value: 0.8424085765440747.
start listen on 192.168.1.101:38453
@tracker All of 1 nodes getting started
@tracker All nodes finishes job
Trial 646 finished with value: 0.8426735465390546 and parameters: {'objective': 'reg:squarederror', 'tree_method': 'gpu_hist', 'lambda': 0.428644152312283, 'alpha': 0.0013395328270301102, 'colsample_bytree': 0.32519471476312867, 'subsample': 0.7446429467210504, 'learning_rate': 0.03607096235875924, 'max_depth': 5, 'min_child_weight': 167, 'eval_metric': 'rmse'}. Best is trial 600 with value: 0.8424085765440747.
start listen on 192.168.1.101:60577
@tracker All of 1 nodes getting started
@tracker All nodes finishes job
Trial 647 finished with value: 0.8431696645112321 and parameters: {'objective': 'reg:squarederror', 'tree_method': 'gpu_hist', 'lambda': 0.2208294116084812, 'alpha': 0.0010043904459233507, 'colsample_bytree': 0.9997083848769366, 'subsample': 0.7748914465343358, 'learning_rate': 0.04112037611248542, 'max_depth': 5, 'min_child_weight': 195, 'eval_metric': 'rmse'}. Best is trial 600 with value: 0.8424085765440747.
start listen on 192.168.1.101:43117
@tracker All of 1 nodes getting started
@tracker All nodes finishes job
Trial 648 finished with value: 0.9009847902323497 and parameters: {'objective': 'reg:squarederror', 'tree_method': 'gpu_hist', 'lambda': 0.9448596625808268, 'alpha': 0.0019019130013697841, 'colsample_bytree': 0.3598591917613919, 'subsample': 0.8301047456365164, 'learning_rate': 0.003300006761836332, 'max_depth': 3, 'min_child_weight': 210, 'eval_metric': 'rmse'}. Best is trial 600 with value: 0.8424085765440747.
start listen on 192.168.1.101:49329
@tracker All of 1 nodes getting started
@tracker All nodes finishes job
Trial 649 finished with value: 0.8426052080529088 and parameters: {'objective': 'reg:squarederror', 'tree_method': 'gpu_hist', 'lambda': 0.3347067152258148, 'alpha': 0.0016005827940420436, 'colsample_bytree': 0.3131138576278424, 'subsample': 0.809942165357006, 'learning_rate': 0.045952814905971036, 'max_depth': 5, 'min_child_weight': 180, 'eval_metric': 'rmse'}. Best is trial 600 with value: 0.8424085765440747.
start listen on 192.168.1.101:37139
@tracker All of 1 nodes getting started
@tracker All nodes finishes job
Trial 650 finished with value: 0.8530743021728846 and parameters: {'objective': 'reg:squarederror', 'tree_method': 'gpu_hist', 'lambda': 0.6180460903022722, 'alpha': 0.0011622178316572013, 'colsample_bytree': 0.33334827322541155, 'subsample': 0.795606703497235, 'learning_rate': 0.05285355614441678, 'max_depth': 15, 'min_child_weight': 190, 'eval_metric': 'rmse'}. Best is trial 600 with value: 0.8424085765440747.
start listen on 192.168.1.101:40295
@tracker All of 1 nodes getting started
@tracker All nodes finishes job
Trial 651 finished with value: 0.8438088603612449 and parameters: {'objective': 'reg:squarederror', 'tree_method': 'gpu_hist', 'lambda': 0.39805722485167, 'alpha': 0.002368796998550349, 'colsample_bytree': 0.8906669922237456, 'subsample': 0.7690084056894757, 'learning_rate': 0.022878398359932967, 'max_depth': 5, 'min_child_weight': 154, 'eval_metric': 'rmse'}. Best is trial 600 with value: 0.8424085765440747.
start listen on 192.168.1.101:55401
@tracker All of 1 nodes getting started
@tracker All nodes finishes job
Trial 652 finished with value: 0.8469279139351072 and parameters: {'objective': 'reg:squarederror', 'tree_method': 'gpu_hist', 'lambda': 0.5296602284055052, 'alpha': 0.0012952826617016165, 'colsample_bytree': 0.3453625564716908, 'subsample': 0.7836577746628368, 'learning_rate': 0.03843492073951633, 'max_depth': 13, 'min_child_weight': 199, 'eval_metric': 'rmse'}. Best is trial 600 with value: 0.8424085765440747.
start listen on 192.168.1.101:42801
@tracker All of 1 nodes getting started
@tracker All nodes finishes job
Trial 653 finished with value: 0.8427745979500665 and parameters: {'objective': 'reg:squarederror', 'tree_method': 'gpu_hist', 'lambda': 0.25821876856396697, 'alpha': 0.0010018868471988194, 'colsample_bytree': 0.3125912919243513, 'subsample': 0.7536346002275331, 'learning_rate': 0.04287998349629763, 'max_depth': 5, 'min_child_weight': 184, 'eval_metric': 'rmse'}. Best is trial 600 with value: 0.8424085765440747.
start listen on 192.168.1.101:44991
@tracker All of 1 nodes getting started
@tracker All nodes finishes job
Trial 654 finished with value: 0.8426182204528626 and parameters: {'objective': 'reg:squarederror', 'tree_method': 'gpu_hist', 'lambda': 0.3422940677751157, 'alpha': 0.0014994926588426222, 'colsample_bytree': 0.32828484698784316, 'subsample': 0.7999037643177599, 'learning_rate': 0.047725332696411334, 'max_depth': 5, 'min_child_weight': 162, 'eval_metric': 'rmse'}. Best is trial 600 with value: 0.8424085765440747.
start listen on 192.168.1.101:34379
@tracker All of 1 nodes getting started
@tracker All nodes finishes job
Trial 655 finished with value: 0.8430162731695023 and parameters: {'objective': 'reg:squarederror', 'tree_method': 'gpu_hist', 'lambda': 0.48133038507428355, 'alpha': 0.0017483636381318657, 'colsample_bytree': 0.3009570954114798, 'subsample': 0.7260504130520108, 'learning_rate': 0.05981383952329729, 'max_depth': 5, 'min_child_weight': 173, 'eval_metric': 'rmse'}. Best is trial 600 with value: 0.8424085765440747.
start listen on 192.168.1.101:40269
@tracker All of 1 nodes getting started
@tracker All nodes finishes job
Trial 656 finished with value: 0.8429968256505753 and parameters: {'objective': 'reg:squarederror', 'tree_method': 'gpu_hist', 'lambda': 0.1607860496282126, 'alpha': 0.002137600508021069, 'colsample_bytree': 0.365813114118079, 'subsample': 0.7842295696624006, 'learning_rate': 0.02788243241834025, 'max_depth': 5, 'min_child_weight': 193, 'eval_metric': 'rmse'}. Best is trial 600 with value: 0.8424085765440747.
start listen on 192.168.1.101:34519
@tracker All of 1 nodes getting started
@tracker All nodes finishes job
Trial 657 finished with value: 0.8475880165477937 and parameters: {'objective': 'reg:squarederror', 'tree_method': 'gpu_hist', 'lambda': 0.43373573226982925, 'alpha': 0.0010051102998920576, 'colsample_bytree': 0.35160987697307544, 'subsample': 0.8680789842024078, 'learning_rate': 0.03422515439216238, 'max_depth': 17, 'min_child_weight': 208, 'eval_metric': 'rmse'}. Best is trial 600 with value: 0.8424085765440747.
start listen on 192.168.1.101:57007
@tracker All of 1 nodes getting started
@tracker All nodes finishes job
Trial 658 finished with value: 0.8428659426124533 and parameters: {'objective': 'reg:squarederror', 'tree_method': 'gpu_hist', 'lambda': 0.3148906977735269, 'alpha': 0.09807302983820212, 'colsample_bytree': 0.3830062241804326, 'subsample': 0.8203769061231491, 'learning_rate': 0.042364124495918434, 'max_depth': 5, 'min_child_weight': 178, 'eval_metric': 'rmse'}. Best is trial 600 with value: 0.8424085765440747.
start listen on 192.168.1.101:36629
@tracker All of 1 nodes getting started
@tracker All nodes finishes job
Trial 659 finished with value: 0.8426659675043412 and parameters: {'objective': 'reg:squarederror', 'tree_method': 'gpu_hist', 'lambda': 0.38414315845341424, 'alpha': 0.001358016389938485, 'colsample_bytree': 0.33666971461670564, 'subsample': 0.7687522005531062, 'learning_rate': 0.05300644624522746, 'max_depth': 5, 'min_child_weight': 202, 'eval_metric': 'rmse'}. Best is trial 600 with value: 0.8424085765440747.
start listen on 192.168.1.101:33507
@tracker All of 1 nodes getting started
@tracker All nodes finishes job
Trial 660 finished with value: 0.8425850642546474 and parameters: {'objective': 'reg:squarederror', 'tree_method': 'gpu_hist', 'lambda': 0.7853399084585572, 'alpha': 0.003160425162637659, 'colsample_bytree': 0.3214804500003705, 'subsample': 0.8086091592301251, 'learning_rate': 0.038332630957297414, 'max_depth': 5, 'min_child_weight': 186, 'eval_metric': 'rmse'}. Best is trial 600 with value: 0.8424085765440747.
start listen on 192.168.1.101:60561
@tracker All of 1 nodes getting started
@tracker All nodes finishes job
Trial 661 finished with value: 0.8427751992063125 and parameters: {'objective': 'reg:squarederror', 'tree_method': 'gpu_hist', 'lambda': 0.573947460867438, 'alpha': 0.009520879046869298, 'colsample_bytree': 0.34191333779994537, 'subsample': 0.7920590848237072, 'learning_rate': 0.04623743474195986, 'max_depth': 5, 'min_child_weight': 171, 'eval_metric': 'rmse'}. Best is trial 600 with value: 0.8424085765440747.
start listen on 192.168.1.101:33631
@tracker All of 1 nodes getting started
@tracker All nodes finishes job
Trial 662 finished with value: 0.8427135443177636 and parameters: {'objective': 'reg:squarederror', 'tree_method': 'gpu_hist', 'lambda': 0.2553934623023334, 'alpha': 0.0019444223463917275, 'colsample_bytree': 0.3192779977221255, 'subsample': 0.7793037910880231, 'learning_rate': 0.05026764851859645, 'max_depth': 5, 'min_child_weight': 217, 'eval_metric': 'rmse'}. Best is trial 600 with value: 0.8424085765440747.
start listen on 192.168.1.101:41867
@tracker All of 1 nodes getting started
@tracker All nodes finishes job
Trial 663 finished with value: 0.8426347960276798 and parameters: {'objective': 'reg:squarederror', 'tree_method': 'gpu_hist', 'lambda': 0.4584728341571291, 'alpha': 0.0011810193762197886, 'colsample_bytree': 0.3000018051446463, 'subsample': 0.7975011921001417, 'learning_rate': 0.04173605833821895, 'max_depth': 5, 'min_child_weight': 194, 'eval_metric': 'rmse'}. Best is trial 600 with value: 0.8424085765440747.
start listen on 192.168.1.101:54085
@tracker All of 1 nodes getting started
@tracker All nodes finishes job
Trial 664 finished with value: 0.8428242121581053 and parameters: {'objective': 'reg:squarederror', 'tree_method': 'gpu_hist', 'lambda': 0.30171544630102454, 'alpha': 0.0015027191626383763, 'colsample_bytree': 0.35852278928611375, 'subsample': 0.7591387465438894, 'learning_rate': 0.036943339108491534, 'max_depth': 5, 'min_child_weight': 150, 'eval_metric': 'rmse'}. Best is trial 600 with value: 0.8424085765440747.
start listen on 192.168.1.101:49163
@tracker All of 1 nodes getting started
@tracker All nodes finishes job
Trial 665 finished with value: 0.8426497852827108 and parameters: {'objective': 'reg:squarederror', 'tree_method': 'gpu_hist', 'lambda': 0.3678195419973467, 'alpha': 0.0026452999150433504, 'colsample_bytree': 0.3314994319077599, 'subsample': 0.6733358063354313, 'learning_rate': 0.045167793419232265, 'max_depth': 5, 'min_child_weight': 182, 'eval_metric': 'rmse'}. Best is trial 600 with value: 0.8424085765440747.
start listen on 192.168.1.101:53059
@tracker All of 1 nodes getting started
@tracker All nodes finishes job
Trial 666 finished with value: 0.8428610593256214 and parameters: {'objective': 'reg:squarederror', 'tree_method': 'gpu_hist', 'lambda': 0.4482095380957625, 'alpha': 0.001219568078056296, 'colsample_bytree': 0.3144057002197422, 'subsample': 0.8327440434490156, 'learning_rate': 0.05622800917256978, 'max_depth': 5, 'min_child_weight': 163, 'eval_metric': 'rmse'}. Best is trial 600 with value: 0.8424085765440747.
start listen on 192.168.1.101:55071
@tracker All of 1 nodes getting started
@tracker All nodes finishes job
Trial 667 finished with value: 0.8556700537050411 and parameters: {'objective': 'reg:squarederror', 'tree_method': 'gpu_hist', 'lambda': 0.1985489432317561, 'alpha': 0.001662132610645164, 'colsample_bytree': 0.3720170113378249, 'subsample': 0.7713972788151969, 'learning_rate': 0.04949999633297505, 'max_depth': 20, 'min_child_weight': 190, 'eval_metric': 'rmse'}. Best is trial 600 with value: 0.8424085765440747.
start listen on 192.168.1.101:58869
@tracker All of 1 nodes getting started
@tracker All nodes finishes job
Trial 668 finished with value: 0.8428480048756493 and parameters: {'objective': 'reg:squarederror', 'tree_method': 'gpu_hist', 'lambda': 0.6802681194261022, 'alpha': 0.004191849751598875, 'colsample_bytree': 0.34668187970904496, 'subsample': 0.8952294474677609, 'learning_rate': 0.03981252780085331, 'max_depth': 5, 'min_child_weight': 201, 'eval_metric': 'rmse'}. Best is trial 600 with value: 0.8424085765440747.
start listen on 192.168.1.101:38535
@tracker All of 1 nodes getting started
@tracker All nodes finishes job
Trial 669 finished with value: 0.8432683312728233 and parameters: {'objective': 'reg:squarederror', 'tree_method': 'gpu_hist', 'lambda': 0.5479537513487981, 'alpha': 0.0021537801440484673, 'colsample_bytree': 0.326219049693452, 'subsample': 0.8088860691788138, 'learning_rate': 0.04534030947285309, 'max_depth': 7, 'min_child_weight': 177, 'eval_metric': 'rmse'}. Best is trial 600 with value: 0.8424085765440747.
start listen on 192.168.1.101:34273
@tracker All of 1 nodes getting started
@tracker All nodes finishes job
Trial 670 finished with value: 0.8428746848331642 and parameters: {'objective': 'reg:squarederror', 'tree_method': 'gpu_hist', 'lambda': 0.3618787977310613, 'alpha': 0.001432613197113243, 'colsample_bytree': 0.33837338314201426, 'subsample': 0.6097740504278777, 'learning_rate': 0.03460454715675599, 'max_depth': 5, 'min_child_weight': 168, 'eval_metric': 'rmse'}. Best is trial 600 with value: 0.8424085765440747.
start listen on 192.168.1.101:37423
@tracker All of 1 nodes getting started
@tracker All nodes finishes job
