number,value,params_alpha,params_colsample_bytree,params_eval_metric,params_lambda,params_learning_rate,params_max_depth,params_min_child_weight,params_objective,params_subsample,params_tree_method,state
261,0.8532727610422974,0.0012554241058821021,0.3003431534343631,rmse,0.2672725609542121,0.05687123317215308,15,218,reg:squarederror,0.779157371462998,gpu_hist,COMPLETE
262,0.842952490616277,0.002975525697735346,0.34403175344771525,rmse,0.38954501934558117,0.06625863565789243,5,186,reg:squarederror,0.8094134430400373,gpu_hist,COMPLETE
263,0.8425590337600586,0.0016192260605606293,0.3305395024745027,rmse,0.7241535982648273,0.038822688556287954,5,159,reg:squarederror,0.76854548524164,gpu_hist,COMPLETE
264,0.8462030046774873,0.0010029849397456092,0.32842857437546324,rmse,0.6967136881723607,0.03385781690869117,13,156,reg:squarederror,0.7384465054213032,gpu_hist,COMPLETE
265,0.8426168952760227,0.0015585158280638982,0.31464883815295674,rmse,0.5271624735254554,0.03656830381367312,5,164,reg:squarederror,0.7698992574109093,gpu_hist,COMPLETE
266,0.8428450270136879,0.0013504466693080679,0.3137643084849999,rmse,0.49460073586836234,0.03736629534589363,5,162,reg:squarederror,0.763588028810208,gpu_hist,COMPLETE
267,0.8427493713422098,0.0017103948968850641,0.3128824480305796,rmse,0.08406592890681074,0.038059686710680926,5,149,reg:squarederror,0.7506273511061791,gpu_hist,COMPLETE
268,0.8427723034867307,0.0011518736849068043,0.3293777011977063,rmse,0.8621576537771756,0.040731140665864723,5,160,reg:squarederror,0.7732683828351141,gpu_hist,COMPLETE
269,0.842828119945724,0.002122042999645612,0.315488552109674,rmse,0.7279415884521031,0.03437960443405369,5,174,reg:squarederror,0.7642503831624032,gpu_hist,COMPLETE
270,0.8426496163655498,0.0014784373283827157,0.3400145460966118,rmse,0.4537832386612476,0.03975185950201313,5,209,reg:squarederror,0.7840450751294105,gpu_hist,COMPLETE
271,0.8507413129677432,0.0012356201871827743,0.32666500857466557,rmse,0.6401863973986526,0.04271909428559523,17,195,reg:squarederror,0.7719782676751754,gpu_hist,COMPLETE
272,0.8428440010313898,0.0017910172396109634,0.30619118699251746,rmse,0.3743246539187744,0.04649439716082056,5,167,reg:squarederror,0.757794613073235,gpu_hist,COMPLETE
273,0.8427279453962504,0.001420458359508107,0.33659416906492123,rmse,0.5410849528555775,0.03581565334581433,5,156,reg:squarederror,0.7893295675430688,gpu_hist,COMPLETE
274,0.8428508472343615,0.001009964738242365,0.3225832677494159,rmse,0.32050065550559653,0.03979127834036561,5,202,reg:squarederror,0.7438625202595477,gpu_hist,COMPLETE
275,0.8425194628014944,0.0022982597182035903,0.30013213247266146,rmse,0.4549691442539676,0.04482209229278966,5,179,reg:squarederror,0.777318277618587,gpu_hist,COMPLETE
276,0.8426518536647133,0.0021297770619405324,0.30019575943101084,rmse,0.44608836332581286,0.04689790785714176,5,179,reg:squarederror,0.7812044283466726,gpu_hist,COMPLETE
277,0.8532159034095308,0.0025904448582476937,0.34432310273932504,rmse,0.41601297228384376,0.04304535491518536,20,174,reg:squarederror,0.7945412905817932,gpu_hist,COMPLETE
278,0.8427761057130106,0.0038326338217608297,0.3495854169733469,rmse,0.290326361981122,0.046014160892064254,5,187,reg:squarederror,0.7808400169164794,gpu_hist,COMPLETE
279,0.8427404001156727,0.001210880091319962,0.32750520876842937,rmse,0.3711315149236738,0.05370552731335545,5,180,reg:squarederror,0.7984598545181945,gpu_hist,COMPLETE
280,0.8427761969456573,0.0018221827701024238,0.31057410675445185,rmse,0.6972715311777848,0.04219566433162096,5,191,reg:squarederror,0.7604939252130648,gpu_hist,COMPLETE
281,0.8425882765304282,0.0024698036151967603,0.33548565656836443,rmse,0.590942099606547,0.05044613615644152,5,172,reg:squarederror,0.7870815170757502,gpu_hist,COMPLETE
282,0.842611721555,0.0025176483590072817,0.30015757053413394,rmse,1.045234926344586,0.04738203528043539,5,168,reg:squarederror,0.7891548705733167,gpu_hist,COMPLETE
283,0.8429320193252431,0.0024355876011593414,0.30160338832269373,rmse,1.0694970473402525,0.04846721072464783,5,154,reg:squarederror,0.7859369548936598,gpu_hist,COMPLETE
284,0.8453371884511979,0.0023833944059100756,0.30049037406513374,rmse,0.9252718633199132,0.03892463474440735,11,196,reg:squarederror,0.7777402625967387,gpu_hist,COMPLETE
285,0.8428173163222868,0.00282479152387367,0.33412695129286824,rmse,0.7906945220724954,0.03314156424982031,5,186,reg:squarederror,0.8042124892873576,gpu_hist,COMPLETE
286,0.843160021737842,0.004890934932119536,0.316104558744155,rmse,1.0198165003183646,0.042222120701404985,7,168,reg:squarederror,0.7918846280800371,gpu_hist,COMPLETE
287,0.8469898353915618,0.002005136118667287,0.3401929481975624,rmse,0.5838358286965104,0.06078760422149716,9,203,reg:squarederror,0.7856365361516453,gpu_hist,COMPLETE
288,0.8427447807845845,0.00332716994740248,0.3190176600053585,rmse,0.8264416441843213,0.04696971495740183,5,160,reg:squarederror,0.7746871319944194,gpu_hist,COMPLETE
289,0.8428957522804172,0.0017314501970859381,0.3304373169096915,rmse,0.6299779050382491,0.05646447859252544,5,149,reg:squarederror,0.7515628445502733,gpu_hist,COMPLETE
290,0.8425655361729474,0.0022078139134795046,0.3735408843424333,rmse,0.3109857489718119,0.05050565076798564,5,182,reg:squarederror,0.807548532335189,gpu_hist,COMPLETE
291,0.8428670919009862,0.002050825149349309,0.3802284783930987,rmse,0.25192020081790567,0.051480479570596684,5,182,reg:squarederror,0.8086329948562985,gpu_hist,COMPLETE
292,0.8491317173476252,0.001524500799536012,0.3541456328508187,rmse,0.3071130303349215,0.03935129108104478,15,189,reg:squarederror,0.8251357674372296,gpu_hist,COMPLETE
293,0.8426374704535787,0.001869085805466913,0.3732802821477638,rmse,0.3548808907442949,0.044300786433270394,5,175,reg:squarederror,0.8127692976441521,gpu_hist,COMPLETE
294,0.8426734033839569,0.0013277363624114827,0.34722551889639586,rmse,0.45874219959349793,0.04166827491227501,5,194,reg:squarederror,0.8006185415783127,gpu_hist,COMPLETE
295,0.8447499332751588,0.0016885437086702284,0.3373148778434292,rmse,0.25447040814946426,0.03547845676640374,3,183,reg:squarederror,0.766586908029865,gpu_hist,COMPLETE
296,0.8431496156125105,0.0022363173673013324,0.37106495442880527,rmse,0.32327054011291023,0.05189169140875538,5,177,reg:squarederror,0.6959935416813425,gpu_hist,COMPLETE
297,0.8427171133452013,0.0014125027517370963,0.3535206730663689,rmse,0.37970774801454693,0.038008002419726815,5,219,reg:squarederror,0.7370271093175156,gpu_hist,COMPLETE
298,0.8492390821995047,0.001592350339393268,0.32833421952092967,rmse,0.5094273839506097,0.0482258196405626,13,189,reg:squarederror,0.7997947063143788,gpu_hist,COMPLETE
299,0.84266607569941,0.0013130343678559107,0.31664660748609524,rmse,0.42338785725312883,0.056385394478205876,5,200,reg:squarederror,0.7778253662140665,gpu_hist,COMPLETE
300,0.8424118081699078,0.0020366266655226705,0.34212984699333177,rmse,0.29529868911561874,0.044565518857069074,5,173,reg:squarederror,0.7546749874886128,gpu_hist,COMPLETE
301,0.843257846659718,0.0028023789110310214,0.34720377253698037,rmse,0.2653483439541895,0.06274507983397001,5,181,reg:squarederror,0.7276155061639068,gpu_hist,COMPLETE
302,0.8426365373267606,0.0022152474922367805,0.36551628026646926,rmse,0.15713664103154174,0.044839339537692466,5,171,reg:squarederror,0.7538505550636768,gpu_hist,COMPLETE
303,0.8542122089824437,0.001981366265776772,0.33919865360327145,rmse,0.22194411961463986,0.05024051822166647,17,192,reg:squarederror,0.7443667646551534,gpu_hist,COMPLETE
304,0.8426619704313224,0.0010024333357504772,0.35019113381852474,rmse,0.3068497033806252,0.04407831116820707,5,174,reg:squarederror,0.7594672143648481,gpu_hist,COMPLETE
305,0.8429051202855641,0.0012844224347009008,0.32953116631539286,rmse,0.3538925926637877,0.053832946460845875,5,184,reg:squarederror,0.8267048440400072,gpu_hist,COMPLETE
306,0.8427091858569353,0.0015455385299053548,0.3642714953328382,rmse,0.5664660158585179,0.03985161735120564,5,161,reg:squarederror,0.8122640068816144,gpu_hist,COMPLETE
307,0.8427414352139433,0.0033767277875390066,0.3405178593380786,rmse,0.4628520029769236,0.046790184827639164,5,179,reg:squarederror,0.7695392697824605,gpu_hist,COMPLETE
308,0.8428435816962528,0.0024644279605211625,0.31977069574801525,rmse,0.3942756060092505,0.032420737491901094,5,197,reg:squarederror,0.7919374966152953,gpu_hist,COMPLETE
309,0.8425318327426525,0.010003973997591205,0.3563128138606233,rmse,0.20236554901179565,0.042362705131066006,5,153,reg:squarederror,0.7741444500564214,gpu_hist,COMPLETE
310,0.8589792946548089,0.009755506828862297,0.3770396701657221,rmse,0.186746260518467,0.04959156267467824,20,145,reg:squarederror,0.7556699174343418,gpu_hist,COMPLETE
311,0.8431191011377507,0.020898841802486873,0.3566836904933172,rmse,0.2670648898961818,0.0564548929461161,5,151,reg:squarederror,0.7999842853969508,gpu_hist,COMPLETE
312,0.8486896859857264,0.006965238623131867,0.3505642531948068,rmse,0.633358986909216,0.008704021250112007,5,158,reg:squarederror,0.8154760322849559,gpu_hist,COMPLETE
313,0.8427976722658269,0.10691447926010447,0.36719250477629073,rmse,0.49435011599133144,0.03568088448833646,5,154,reg:squarederror,0.7842944910897585,gpu_hist,COMPLETE
314,0.8441415545292339,0.03482918588888653,0.39211813001664825,rmse,0.22083350111130878,0.08434899698781667,5,165,reg:squarederror,0.7668165151688863,gpu_hist,COMPLETE
315,0.8427064376900398,0.012818404800351697,0.3362671510046825,rmse,0.04495761596082319,0.04407348747334074,5,142,reg:squarederror,0.7916605426606186,gpu_hist,COMPLETE
316,0.8427670904701522,0.0018925699881272,0.3546199489546619,rmse,0.35182790444781886,0.03873728243914092,5,173,reg:squarederror,0.7451050767424376,gpu_hist,COMPLETE
317,0.8438348097858765,0.0027553499780913447,0.32971365504598626,rmse,0.43933355278630837,0.049470769837641114,7,170,reg:squarederror,0.7708322264889853,gpu_hist,COMPLETE
318,0.8472444991142547,0.06880417076788212,0.3425206604278919,rmse,0.30790522581154567,0.042604523427583064,11,164,reg:squarederror,0.8077954443367725,gpu_hist,COMPLETE
319,0.8429317066212889,0.004630685277797666,0.37666976146960723,rmse,0.7340587137772843,0.046356809814195266,5,208,reg:squarederror,0.8282714421704326,gpu_hist,COMPLETE
320,0.8427926768605445,0.0017544770240400076,0.32517036854945985,rmse,0.5668290027500301,0.03763583780317059,5,177,reg:squarederror,0.7850259618252733,gpu_hist,COMPLETE
321,0.8445750649833772,0.0021995997872269477,0.3613007757617815,rmse,0.3770015083332753,0.041392432778066944,9,183,reg:squarederror,0.7593568170404312,gpu_hist,COMPLETE
322,0.8428501639567277,0.0014881633003867635,0.3433079990120757,rmse,0.26784699587937677,0.05420049565955185,5,147,reg:squarederror,0.8011776520538841,gpu_hist,COMPLETE
323,0.8428672414000086,0.0011964288210326542,0.31703321801823053,rmse,0.10673594671610387,0.04704377820070269,5,156,reg:squarederror,0.7738453963871996,gpu_hist,COMPLETE
324,0.8430212677204183,0.0014354748422260918,0.33611396244938474,rmse,0.48685440939726965,0.06211248633000272,5,186,reg:squarederror,0.7881429050338784,gpu_hist,COMPLETE
325,0.8515983805018766,0.0019778649202219865,0.3550081875287506,rmse,0.4024435299484253,0.05153947033356638,15,235,reg:squarederror,0.7165117394077338,gpu_hist,COMPLETE
326,0.8451078587125759,0.0034824164762186065,0.3230302264735092,rmse,0.6360518970887411,0.033315893687723315,3,281,reg:squarederror,0.7349499093563312,gpu_hist,COMPLETE
327,0.842778612733314,0.0023675905552537793,0.38818253191816243,rmse,0.3274907595970623,0.04242910970339561,5,172,reg:squarederror,0.7781376543034496,gpu_hist,COMPLETE
328,0.8427914307756371,0.001687458761405884,0.3437874456456765,rmse,0.209930123083,0.03703625505472672,5,163,reg:squarederror,0.7522189653810327,gpu_hist,COMPLETE
329,0.8433616637673085,0.0012893488167728315,0.3139298253493576,rmse,0.5063167318392143,0.06869617309987787,5,180,reg:squarederror,0.8182656504371925,gpu_hist,COMPLETE
330,0.8483604572028761,0.0027775422469215353,0.36961715817432295,rmse,0.41638504354756295,0.04499441651574039,13,204,reg:squarederror,0.7977129681189628,gpu_hist,COMPLETE
331,0.8425911981455684,0.001187757173064428,0.3308325357004828,rmse,0.2808663577541786,0.0394160716402458,5,168,reg:squarederror,0.7654449253232363,gpu_hist,COMPLETE
332,0.8427655585445955,0.001003851605258209,0.32936693510295245,rmse,0.2492845653988863,0.034860231277074674,5,152,reg:squarederror,0.7627027915126928,gpu_hist,COMPLETE
333,0.8428481775850747,0.001202437419967806,0.3132670048815218,rmse,0.17234916554572083,0.03926834979900501,5,175,reg:squarederror,0.7472044004509081,gpu_hist,COMPLETE
334,0.8427281660717472,0.0013776524214688599,0.32884708564042514,rmse,0.2910443212408908,0.0406624257562413,5,212,reg:squarederror,0.7652486024632024,gpu_hist,COMPLETE
335,0.8494815291822783,0.001759541770073262,0.34501535278418044,rmse,0.3496001701032716,0.03795779432854903,17,189,reg:squarederror,0.7763303295670003,gpu_hist,COMPLETE
336,0.842607260493366,0.0011826615547316753,0.35751446789963914,rmse,0.22596146803045253,0.044294783045108845,5,169,reg:squarederror,0.7839972750309497,gpu_hist,COMPLETE
337,0.842705063807329,0.002098245908397327,0.31382528081801164,rmse,0.3138433260479048,0.032986317637720065,5,159,reg:squarederror,0.7571052913153511,gpu_hist,COMPLETE
338,2.628460715834184,0.005713496281442018,0.3309233546104992,rmse,0.3877791486990227,0.001030869422613966,5,180,reg:squarederror,0.7707994289180929,gpu_hist,COMPLETE
339,0.842647724319985,0.0014734779829850017,0.36897045976965415,rmse,0.27320770670632194,0.04120029317472038,5,196,reg:squarederror,0.7379542328319759,gpu_hist,COMPLETE
340,0.842569561778118,0.0011419848254878703,0.31452444052431644,rmse,0.4479616627770113,0.04735249934187994,5,186,reg:squarederror,0.7929714390730592,gpu_hist,COMPLETE
341,0.8424935446823807,0.0011406134601754652,0.3164932937076874,rmse,0.5321717743308532,0.04877801572192166,5,187,reg:squarederror,0.8019500388861575,gpu_hist,COMPLETE
342,0.854576957814558,0.0011222494407595676,0.3120485656303573,rmse,0.1304637540912399,0.0488488613125176,20,188,reg:squarederror,0.7931724931352192,gpu_hist,COMPLETE
343,0.8429902374582929,0.0010244792151542352,0.3090052539419137,rmse,0.3421889532054324,0.05692839002489247,5,194,reg:squarederror,0.8009013846323686,gpu_hist,COMPLETE
344,0.8426485246518411,0.001241325285182819,0.3235761735056514,rmse,0.5550798247254315,0.04896953762027168,5,200,reg:squarederror,0.784847749635111,gpu_hist,COMPLETE
345,0.8427303439234649,0.0012574304259126857,0.3002553955609098,rmse,0.4344585098278976,0.03552143051924237,5,186,reg:squarederror,0.7923829829849955,gpu_hist,COMPLETE
346,0.8506022262317182,0.0010165600637743227,0.3229147863411372,rmse,0.1942530191824244,0.0068558596820173,5,194,reg:squarederror,0.7799502321736292,gpu_hist,COMPLETE
347,0.8426291900970365,0.0013619050941199124,0.31715593046955093,rmse,0.36534745954035336,0.046349650929072894,5,147,reg:squarederror,0.8002638199894841,gpu_hist,COMPLETE
348,0.842549091899529,0.001173233461553069,0.33448742073957377,rmse,0.26721572045377523,0.05220647499071553,5,204,reg:squarederror,0.7769467054320551,gpu_hist,COMPLETE
349,0.8445717105222759,0.04440594981256661,0.3367393762609718,rmse,0.7282920101158018,0.05844007692756175,7,205,reg:squarederror,0.8027798266113881,gpu_hist,COMPLETE
350,0.8430830210280617,0.0010001770691847513,0.31158369370043304,rmse,0.47184241112770525,0.05314663145088392,5,201,reg:squarederror,0.7878409288900484,gpu_hist,COMPLETE
351,0.8427011210316885,0.0014966022509585529,0.32596612845169964,rmse,0.3061204366577122,0.051079993667234154,5,221,reg:squarederror,0.7767817742443974,gpu_hist,COMPLETE
352,0.8469021791926298,0.009477164929712548,0.3396763085266524,rmse,0.5905022759672061,0.060058783878812236,9,212,reg:squarederror,0.8085527653946978,gpu_hist,COMPLETE
353,0.8470446813518998,0.013323278643347154,0.30013781543169077,rmse,0.23839272761970048,0.04819169217365928,11,190,reg:squarederror,0.7916952573030102,gpu_hist,COMPLETE
354,0.8427802283132565,0.0041301013955557095,0.31916829822907417,rmse,0.3915424092563228,0.052648361806284565,5,207,reg:squarederror,0.7747777274403294,gpu_hist,COMPLETE
355,0.8425742741234683,0.001798474124206268,0.3466337200781146,rmse,0.0013657233372993205,0.046164025476196406,5,199,reg:squarederror,0.8070146449545393,gpu_hist,COMPLETE
356,0.8428531160383154,0.001926629369896782,0.34846940202983057,rmse,0.058773304271957046,0.055049454435227706,5,199,reg:squarederror,0.8115989561845067,gpu_hist,COMPLETE
357,1.3855326469686327,0.002385479128895514,0.3402181684534883,rmse,0.0024120663181422582,0.0018579579136973662,5,196,reg:squarederror,0.8297186386217354,gpu_hist,COMPLETE
358,0.85503910517734,0.003049891608523098,0.3122020772320804,rmse,0.3245306132172819,0.06472334695992682,15,213,reg:squarederror,0.8075901934433586,gpu_hist,COMPLETE
359,0.843889735551939,0.0013395060555357445,0.3500020175795711,rmse,0.25127243127717236,0.0471170212407547,3,185,reg:squarederror,0.7979629785284879,gpu_hist,COMPLETE
360,0.8426860833971858,0.0019002802253657385,0.3325435437481405,rmse,0.16806483022422322,0.044914294532188516,5,203,reg:squarederror,0.7900631509502258,gpu_hist,COMPLETE
361,0.8425748518589282,0.001200801865262096,0.32224985032762354,rmse,0.4369772921445175,0.050743770466926776,5,190,reg:squarederror,0.7779711170756332,gpu_hist,COMPLETE
362,0.8428038415035822,0.0011681037661914434,0.31408668120585603,rmse,0.41601936868040884,0.04181607805974407,5,193,reg:squarederror,0.75446550086091,gpu_hist,COMPLETE
363,0.8515542273948883,0.001383021523936952,0.3250344455124708,rmse,0.0012893965918777395,0.05619984110168843,13,190,reg:squarederror,0.7775149695501051,gpu_hist,COMPLETE
364,0.8427386742375104,0.0011787535216343445,0.3103893873007869,rmse,0.008477628575742727,0.04747634749481113,5,199,reg:squarederror,0.7638943967477374,gpu_hist,COMPLETE
365,0.8427986244870103,0.03302966472417201,0.34752791073595146,rmse,0.026420308913055555,0.0499874531466554,5,185,reg:squarederror,0.8134713037609619,gpu_hist,COMPLETE
366,0.8931232236163432,0.0015091991713540767,0.3010899123090234,rmse,0.35805366394281957,0.003326303296497494,5,190,reg:squarederror,0.8026623841681318,gpu_hist,COMPLETE
367,0.8426098190330097,0.0010193028228526585,0.3663162949183908,rmse,0.4685017970629879,0.0434998354381182,5,207,reg:squarederror,0.7739078417932508,gpu_hist,COMPLETE
368,0.8428609491300442,0.0012153572328202189,0.3236725788990203,rmse,0.27763333718139394,0.03911764629072543,5,195,reg:squarederror,0.7242754659506091,gpu_hist,COMPLETE
369,0.8428727024615787,0.0017286734399765981,0.3421841164027177,rmse,0.22836936104135774,0.06073858223254038,5,181,reg:squarederror,0.7952765546067286,gpu_hist,COMPLETE
370,0.8526996039596875,0.0014253844667774873,0.3788867310122678,rmse,0.35381144728924036,0.045309029213351844,17,203,reg:squarederror,0.7500611685529748,gpu_hist,COMPLETE
371,0.8429867154660994,0.0010097725797770219,0.33093447494719735,rmse,0.08212026431997982,0.053901663246126615,5,138,reg:squarederror,0.7816601522579688,gpu_hist,COMPLETE
372,0.8426293642381799,0.0016851776740855677,0.31224264641300575,rmse,0.42926085707742606,0.0362626802481205,5,186,reg:squarederror,0.8244221106170864,gpu_hist,COMPLETE
373,0.8428064866955085,0.0013084157296920993,0.35769141496639395,rmse,0.30170231520511154,0.02978095535747029,5,196,reg:squarederror,0.7645471104639076,gpu_hist,COMPLETE
374,0.8425709016717131,0.002066732220571162,0.3354866665597872,rmse,0.5037070472829416,0.041841845545833437,5,191,reg:squarederror,0.8083762520180555,gpu_hist,COMPLETE
375,0.8464029473688236,0.002080220912477093,0.3003482756128791,rmse,0.3949458939412096,0.0120826685362204,5,189,reg:squarederror,0.8397781407649536,gpu_hist,COMPLETE
376,0.8426988792843024,0.002250240271142816,0.32195349422394287,rmse,0.20572218634152306,0.03959687069249481,5,198,reg:squarederror,0.8165777950815716,gpu_hist,COMPLETE
377,0.8555373723749152,0.0018798935512411357,0.33287217011777176,rmse,0.4631208021890183,0.04994458206194099,20,184,reg:squarederror,0.6669001254878224,gpu_hist,COMPLETE
378,0.8425109930600969,0.0015682521964779002,0.3177124018610599,rmse,0.3461268838094453,0.04622246657640729,5,207,reg:squarederror,0.8077094192450825,gpu_hist,COMPLETE
379,0.8427461657994217,0.0026247515091144774,0.3403403098027068,rmse,0.5066499725831138,0.055520514109829944,5,219,reg:squarederror,0.8306868455925706,gpu_hist,COMPLETE
380,0.8426115029992252,0.0016373905844919146,0.3240000182585091,rmse,0.003721198187979303,0.0462258573047584,5,208,reg:squarederror,0.8096091178878704,gpu_hist,COMPLETE
381,0.8427319722118487,0.001997674577032667,0.34843139865997,rmse,0.3659261414734717,0.051415813678117886,5,212,reg:squarederror,0.8208256344891521,gpu_hist,COMPLETE
382,0.8426313646113579,0.0030758248923145465,0.3362883152295766,rmse,0.27826998013711357,0.04700334624910242,5,207,reg:squarederror,0.8049284816989601,gpu_hist,COMPLETE
383,0.8517873695158907,0.0015690712930383883,0.36205373023971527,rmse,0.4177652971662439,0.004380872250087378,11,203,reg:squarederror,0.789172964941121,gpu_hist,COMPLETE
384,2.1764619799531513,0.0022334937481386877,0.3185270659438921,rmse,0.336861171260214,0.0012474820239828167,7,216,reg:squarederror,0.799408387591098,gpu_hist,COMPLETE
385,0.8429846914535736,0.0018493234369952513,0.47651869483459364,rmse,0.018819935213147714,0.04165783096463477,5,179,reg:squarederror,0.5785338684725341,gpu_hist,COMPLETE
386,0.8434607649603337,0.058834323686540506,0.33132845863907473,rmse,0.005734335565330303,0.07253631343487478,5,197,reg:squarederror,0.8126991777073215,gpu_hist,COMPLETE
387,0.8429190397591276,0.0014539671549257795,0.3508227095279606,rmse,0.49479111686190647,0.059181001003948776,5,189,reg:squarederror,0.8451573366374575,gpu_hist,COMPLETE
388,0.8456172014671073,0.0026164433876104385,0.31898911022431514,rmse,0.2399094261272949,0.049590654137521444,9,223,reg:squarederror,0.7826543792323074,gpu_hist,COMPLETE
389,0.8426889498208009,0.0017266341546861282,0.33830930724867275,rmse,0.302726395693879,0.04511965543660542,5,184,reg:squarederror,0.7964807935487069,gpu_hist,COMPLETE
